[2021-12-22 17:04:44] - ========== fold: 0 training ==========
[2021-12-22 17:18:08] - Epoch 1 - avg_train_loss: 0.6582  avg_val_loss: 0.6447  time: 764s, lr: 0.00002
[2021-12-22 17:18:08] - Epoch 1 - Score: 18.3302
[2021-12-22 17:18:08] - Epoch 1 - Save Best Score: 18.3302 Model
[2021-12-22 17:23:01] - Epoch 2 - avg_train_loss: 0.6490  avg_val_loss: 0.6414  time: 291s, lr: 0.00002
[2021-12-22 17:23:01] - Epoch 2 - Score: 17.9098
[2021-12-22 17:23:01] - Epoch 2 - Save Best Score: 17.9098 Model
[2021-12-22 17:23:04] - Loss decreased 18.33025 -> 17.90978
[2021-12-22 17:27:52] - Epoch 3 - avg_train_loss: 0.6470  avg_val_loss: 0.6401  time: 287s, lr: 0.00002
[2021-12-22 17:27:52] - Epoch 3 - Score: 17.7206
[2021-12-22 17:27:52] - Epoch 3 - Save Best Score: 17.7206 Model
[2021-12-22 17:27:54] - Loss decreased 17.90978 -> 17.72063
[2021-12-22 17:32:42] - Epoch 4 - avg_train_loss: 0.6448  avg_val_loss: 0.6402  time: 287s, lr: 0.00002
[2021-12-22 17:32:42] - Epoch 4 - Score: 17.7310
[2021-12-22 17:37:29] - Epoch 5 - avg_train_loss: 0.6416  avg_val_loss: 0.6432  time: 287s, lr: 0.00002
[2021-12-22 17:37:29] - Epoch 5 - Score: 18.1299
[2021-12-22 17:42:16] - Epoch 6 - avg_train_loss: 0.6391  avg_val_loss: 0.6470  time: 288s, lr: 0.00002
[2021-12-22 17:42:16] - Epoch 6 - Score: 18.6522
[2021-12-22 17:47:05] - Epoch 7 - avg_train_loss: 0.6380  avg_val_loss: 0.6397  time: 289s, lr: 0.00002
[2021-12-22 17:47:05] - Epoch 7 - Score: 17.7002
[2021-12-22 17:47:05] - Epoch 7 - Save Best Score: 17.7002 Model
[2021-12-22 17:47:07] - Loss decreased 17.72063 -> 17.70017
[2021-12-22 17:51:55] - Epoch 8 - avg_train_loss: 0.6344  avg_val_loss: 0.6462  time: 287s, lr: 0.00002
[2021-12-22 17:51:55] - Epoch 8 - Score: 18.4388
[2021-12-22 17:56:41] - Epoch 9 - avg_train_loss: 0.6348  avg_val_loss: 0.6459  time: 286s, lr: 0.00001
[2021-12-22 17:56:41] - Epoch 9 - Score: 18.4477
[2021-12-22 18:01:29] - Epoch 10 - avg_train_loss: 0.6313  avg_val_loss: 0.6421  time: 288s, lr: 0.00001
[2021-12-22 18:01:29] - Epoch 10 - Score: 17.9788
[2021-12-22 18:06:18] - Epoch 11 - avg_train_loss: 0.6277  avg_val_loss: 0.6456  time: 289s, lr: 0.00001
[2021-12-22 18:06:18] - Epoch 11 - Score: 18.4245
[2021-12-22 18:06:18] - Early stop!!
[2021-12-22 18:06:18] - ========== fold: 0 result ==========
[2021-12-22 18:06:18] - Score: 17.7002
[2021-12-22 18:06:18] - ========== fold: 1 training ==========
[2021-12-22 18:11:10] - Epoch 1 - avg_train_loss: 0.6558  avg_val_loss: 0.6458  time: 288s, lr: 0.00002
[2021-12-22 18:11:10] - Epoch 1 - Score: 18.2002
[2021-12-22 18:11:10] - Epoch 1 - Save Best Score: 18.2002 Model
[2021-12-22 18:16:02] - Epoch 2 - avg_train_loss: 0.6485  avg_val_loss: 0.6456  time: 288s, lr: 0.00002
[2021-12-22 18:16:02] - Epoch 2 - Score: 18.1868
[2021-12-22 18:16:02] - Epoch 2 - Save Best Score: 18.1868 Model
[2021-12-22 18:16:04] - Loss decreased 18.20024 -> 18.18679
[2021-12-22 18:20:55] - Epoch 3 - avg_train_loss: 0.6445  avg_val_loss: 0.6465  time: 289s, lr: 0.00002
[2021-12-22 18:20:55] - Epoch 3 - Score: 18.2950
[2021-12-22 18:25:42] - Epoch 4 - avg_train_loss: 0.6425  avg_val_loss: 0.6423  time: 287s, lr: 0.00002
[2021-12-22 18:25:42] - Epoch 4 - Score: 17.7371
[2021-12-22 18:25:42] - Epoch 4 - Save Best Score: 17.7371 Model
[2021-12-22 18:25:44] - Loss decreased 18.18679 -> 17.73712
[2021-12-22 18:30:32] - Epoch 5 - avg_train_loss: 0.6415  avg_val_loss: 0.6454  time: 287s, lr: 0.00002
[2021-12-22 18:30:32] - Epoch 5 - Score: 18.1129
[2021-12-22 18:35:17] - Epoch 6 - avg_train_loss: 0.6394  avg_val_loss: 0.6411  time: 285s, lr: 0.00002
[2021-12-22 18:35:17] - Epoch 6 - Score: 17.5608
[2021-12-22 18:35:17] - Epoch 6 - Save Best Score: 17.5608 Model
[2021-12-22 18:35:19] - Loss decreased 17.73712 -> 17.56081
[2021-12-22 18:40:07] - Epoch 7 - avg_train_loss: 0.6356  avg_val_loss: 0.6465  time: 287s, lr: 0.00002
[2021-12-22 18:40:07] - Epoch 7 - Score: 18.1620
[2021-12-22 18:44:53] - Epoch 8 - avg_train_loss: 0.6313  avg_val_loss: 0.6455  time: 286s, lr: 0.00002
[2021-12-22 18:44:53] - Epoch 8 - Score: 18.1211
[2021-12-22 18:49:40] - Epoch 9 - avg_train_loss: 0.6300  avg_val_loss: 0.6450  time: 286s, lr: 0.00001
[2021-12-22 18:49:40] - Epoch 9 - Score: 18.0284
[2021-12-22 18:54:26] - Epoch 10 - avg_train_loss: 0.6255  avg_val_loss: 0.6501  time: 286s, lr: 0.00001
[2021-12-22 18:54:26] - Epoch 10 - Score: 18.5102
[2021-12-22 18:54:26] - Early stop!!
[2021-12-22 18:54:27] - ========== fold: 1 result ==========
[2021-12-22 18:54:27] - Score: 17.5608
[2021-12-22 18:54:27] - ========== fold: 2 training ==========
[2021-12-22 18:59:16] - Epoch 1 - avg_train_loss: 0.6582  avg_val_loss: 0.6444  time: 287s, lr: 0.00002
[2021-12-22 18:59:16] - Epoch 1 - Score: 18.0014
[2021-12-22 18:59:16] - Epoch 1 - Save Best Score: 18.0014 Model
[2021-12-22 19:04:07] - Epoch 2 - avg_train_loss: 0.6498  avg_val_loss: 0.6409  time: 288s, lr: 0.00002
[2021-12-22 19:04:07] - Epoch 2 - Score: 17.5272
[2021-12-22 19:04:07] - Epoch 2 - Save Best Score: 17.5272 Model
[2021-12-22 19:04:08] - Loss decreased 18.00139 -> 17.52723
[2021-12-22 19:08:57] - Epoch 3 - avg_train_loss: 0.6466  avg_val_loss: 0.6426  time: 287s, lr: 0.00002
[2021-12-22 19:08:57] - Epoch 3 - Score: 17.7552
[2021-12-22 19:13:43] - Epoch 4 - avg_train_loss: 0.6447  avg_val_loss: 0.6436  time: 286s, lr: 0.00002
[2021-12-22 19:13:43] - Epoch 4 - Score: 17.8903
[2021-12-22 19:18:33] - Epoch 5 - avg_train_loss: 0.6412  avg_val_loss: 0.6433  time: 290s, lr: 0.00002
[2021-12-22 19:18:33] - Epoch 5 - Score: 17.8225
[2021-12-22 19:23:22] - Epoch 6 - avg_train_loss: 0.6378  avg_val_loss: 0.6437  time: 289s, lr: 0.00002
[2021-12-22 19:23:22] - Epoch 6 - Score: 17.8774
[2021-12-22 19:23:22] - Early stop!!
[2021-12-22 19:23:23] - ========== fold: 2 result ==========
[2021-12-22 19:23:23] - Score: 17.5272
[2021-12-22 19:23:23] - ========== fold: 3 training ==========
[2021-12-22 19:28:13] - Epoch 1 - avg_train_loss: 0.6560  avg_val_loss: 0.6485  time: 288s, lr: 0.00002
[2021-12-22 19:28:13] - Epoch 1 - Score: 18.5685
[2021-12-22 19:28:13] - Epoch 1 - Save Best Score: 18.5685 Model
[2021-12-22 19:33:05] - Epoch 2 - avg_train_loss: 0.6481  avg_val_loss: 0.6487  time: 288s, lr: 0.00002
[2021-12-22 19:33:05] - Epoch 2 - Score: 18.5531
[2021-12-22 19:33:05] - Epoch 2 - Save Best Score: 18.5531 Model
[2021-12-22 19:33:07] - Loss decreased 18.56847 -> 18.55312
[2021-12-22 19:37:56] - Epoch 3 - avg_train_loss: 0.6451  avg_val_loss: 0.6471  time: 287s, lr: 0.00002
[2021-12-22 19:37:56] - Epoch 3 - Score: 18.3938
[2021-12-22 19:37:56] - Epoch 3 - Save Best Score: 18.3938 Model
[2021-12-22 19:37:58] - Loss decreased 18.55312 -> 18.39376
[2021-12-22 19:42:47] - Epoch 4 - avg_train_loss: 0.6436  avg_val_loss: 0.6564  time: 288s, lr: 0.00002
[2021-12-22 19:42:47] - Epoch 4 - Score: 19.4121
[2021-12-22 19:47:33] - Epoch 5 - avg_train_loss: 0.6413  avg_val_loss: 0.6558  time: 286s, lr: 0.00002
[2021-12-22 19:47:33] - Epoch 5 - Score: 19.2752
[2021-12-22 19:52:21] - Epoch 6 - avg_train_loss: 0.6385  avg_val_loss: 0.6517  time: 288s, lr: 0.00002
[2021-12-22 19:52:21] - Epoch 6 - Score: 18.8610
[2021-12-22 19:57:08] - Epoch 7 - avg_train_loss: 0.6351  avg_val_loss: 0.6571  time: 288s, lr: 0.00002
[2021-12-22 19:57:08] - Epoch 7 - Score: 19.4893
[2021-12-22 19:57:08] - Early stop!!
[2021-12-22 19:57:09] - ========== fold: 3 result ==========
[2021-12-22 19:57:09] - Score: 18.3938
[2021-12-22 19:57:09] - ========== fold: 4 training ==========
[2021-12-22 20:02:04] - Epoch 1 - avg_train_loss: 0.6575  avg_val_loss: 0.6455  time: 293s, lr: 0.00002
[2021-12-22 20:02:04] - Epoch 1 - Score: 18.2743
[2021-12-22 20:02:04] - Epoch 1 - Save Best Score: 18.2743 Model
[2021-12-22 20:07:01] - Epoch 2 - avg_train_loss: 0.6496  avg_val_loss: 0.6457  time: 293s, lr: 0.00002
[2021-12-22 20:07:01] - Epoch 2 - Score: 18.3230
[2021-12-22 20:11:54] - Epoch 3 - avg_train_loss: 0.6460  avg_val_loss: 0.6399  time: 293s, lr: 0.00002
[2021-12-22 20:11:54] - Epoch 3 - Score: 17.5601
[2021-12-22 20:11:54] - Epoch 3 - Save Best Score: 17.5601 Model
[2021-12-22 20:11:55] - Loss decreased 18.27427 -> 17.56011
[2021-12-22 20:16:44] - Epoch 4 - avg_train_loss: 0.6439  avg_val_loss: 0.6406  time: 287s, lr: 0.00002
[2021-12-22 20:16:44] - Epoch 4 - Score: 17.6577
[2021-12-22 20:21:29] - Epoch 5 - avg_train_loss: 0.6412  avg_val_loss: 0.6418  time: 286s, lr: 0.00002
[2021-12-22 20:21:29] - Epoch 5 - Score: 17.7865
[2021-12-22 20:26:16] - Epoch 6 - avg_train_loss: 0.6381  avg_val_loss: 0.6420  time: 287s, lr: 0.00002
[2021-12-22 20:26:16] - Epoch 6 - Score: 17.8265
[2021-12-22 20:31:07] - Epoch 7 - avg_train_loss: 0.6378  avg_val_loss: 0.6429  time: 291s, lr: 0.00002
[2021-12-22 20:31:07] - Epoch 7 - Score: 17.9349
[2021-12-22 20:31:07] - Early stop!!
[2021-12-22 20:31:07] - ========== fold: 4 result ==========
[2021-12-22 20:31:07] - Score: 17.5601
[2021-12-22 20:31:07] - ========== fold: 5 training ==========
[2021-12-22 20:35:59] - Epoch 1 - avg_train_loss: 0.6557  avg_val_loss: 0.6440  time: 289s, lr: 0.00002
[2021-12-22 20:35:59] - Epoch 1 - Score: 17.9441
[2021-12-22 20:35:59] - Epoch 1 - Save Best Score: 17.9441 Model
[2021-12-22 20:40:52] - Epoch 2 - avg_train_loss: 0.6477  avg_val_loss: 0.6414  time: 290s, lr: 0.00002
[2021-12-22 20:40:52] - Epoch 2 - Score: 17.6159
[2021-12-22 20:40:52] - Epoch 2 - Save Best Score: 17.6159 Model
[2021-12-22 20:40:54] - Loss decreased 17.94406 -> 17.61585
[2021-12-22 20:45:44] - Epoch 3 - avg_train_loss: 0.6457  avg_val_loss: 0.6401  time: 289s, lr: 0.00002
[2021-12-22 20:45:44] - Epoch 3 - Score: 17.4274
[2021-12-22 20:45:44] - Epoch 3 - Save Best Score: 17.4274 Model
[2021-12-22 20:45:46] - Loss decreased 17.61585 -> 17.42740
[2021-12-22 20:50:36] - Epoch 4 - avg_train_loss: 0.6426  avg_val_loss: 0.6417  time: 288s, lr: 0.00002
[2021-12-22 20:50:36] - Epoch 4 - Score: 17.6601
[2021-12-22 20:55:24] - Epoch 5 - avg_train_loss: 0.6416  avg_val_loss: 0.6399  time: 289s, lr: 0.00002
[2021-12-22 20:55:24] - Epoch 5 - Score: 17.4100
[2021-12-22 20:55:24] - Epoch 5 - Save Best Score: 17.4100 Model
[2021-12-22 20:55:26] - Loss decreased 17.42740 -> 17.41004
[2021-12-22 21:00:17] - Epoch 6 - avg_train_loss: 0.6383  avg_val_loss: 0.6417  time: 290s, lr: 0.00002
[2021-12-22 21:00:17] - Epoch 6 - Score: 17.6517
[2021-12-22 21:05:07] - Epoch 7 - avg_train_loss: 0.6368  avg_val_loss: 0.6461  time: 289s, lr: 0.00002
[2021-12-22 21:05:07] - Epoch 7 - Score: 18.1733
[2021-12-22 21:09:55] - Epoch 8 - avg_train_loss: 0.6334  avg_val_loss: 0.6442  time: 288s, lr: 0.00002
[2021-12-22 21:09:55] - Epoch 8 - Score: 17.9600
[2021-12-22 21:14:41] - Epoch 9 - avg_train_loss: 0.6318  avg_val_loss: 0.6499  time: 287s, lr: 0.00001
[2021-12-22 21:14:41] - Epoch 9 - Score: 18.6255
[2021-12-22 21:14:41] - Early stop!!
[2021-12-22 21:14:42] - ========== fold: 5 result ==========
[2021-12-22 21:14:42] - Score: 17.4100
[2021-12-22 21:14:42] - ========== fold: 6 training ==========
[2021-12-22 21:19:31] - Epoch 1 - avg_train_loss: 0.6556  avg_val_loss: 0.6458  time: 287s, lr: 0.00002
[2021-12-22 21:19:31] - Epoch 1 - Score: 18.3331
[2021-12-22 21:19:31] - Epoch 1 - Save Best Score: 18.3331 Model
[2021-12-22 21:24:22] - Epoch 2 - avg_train_loss: 0.6485  avg_val_loss: 0.6442  time: 287s, lr: 0.00002
[2021-12-22 21:24:22] - Epoch 2 - Score: 18.1240
[2021-12-22 21:24:22] - Epoch 2 - Save Best Score: 18.1240 Model
[2021-12-22 21:24:24] - Loss decreased 18.33312 -> 18.12403
[2021-12-22 21:29:15] - Epoch 3 - avg_train_loss: 0.6459  avg_val_loss: 0.6442  time: 289s, lr: 0.00002
[2021-12-22 21:29:15] - Epoch 3 - Score: 18.1222
[2021-12-22 21:29:15] - Epoch 3 - Save Best Score: 18.1222 Model
[2021-12-22 21:29:16] - Loss decreased 18.12403 -> 18.12219
[2021-12-22 21:34:06] - Epoch 4 - avg_train_loss: 0.6438  avg_val_loss: 0.6438  time: 288s, lr: 0.00002
[2021-12-22 21:34:06] - Epoch 4 - Score: 18.0698
[2021-12-22 21:34:06] - Epoch 4 - Save Best Score: 18.0698 Model
[2021-12-22 21:34:08] - Loss decreased 18.12219 -> 18.06977
[2021-12-22 21:39:01] - Epoch 5 - avg_train_loss: 0.6409  avg_val_loss: 0.6430  time: 291s, lr: 0.00002
[2021-12-22 21:39:01] - Epoch 5 - Score: 17.9405
[2021-12-22 21:39:01] - Epoch 5 - Save Best Score: 17.9405 Model
[2021-12-22 21:39:03] - Loss decreased 18.06977 -> 17.94054
[2021-12-22 21:43:55] - Epoch 6 - avg_train_loss: 0.6390  avg_val_loss: 0.6461  time: 290s, lr: 0.00002
[2021-12-22 21:43:55] - Epoch 6 - Score: 18.3077
[2021-12-22 21:48:52] - Epoch 7 - avg_train_loss: 0.6366  avg_val_loss: 0.6437  time: 297s, lr: 0.00002
[2021-12-22 21:48:52] - Epoch 7 - Score: 17.9963
[2021-12-22 21:53:54] - Epoch 8 - avg_train_loss: 0.6345  avg_val_loss: 0.6450  time: 302s, lr: 0.00002
[2021-12-22 21:53:54] - Epoch 8 - Score: 18.2080
[2021-12-22 21:58:57] - Epoch 9 - avg_train_loss: 0.6340  avg_val_loss: 0.6437  time: 303s, lr: 0.00001
[2021-12-22 21:58:57] - Epoch 9 - Score: 17.9875
[2021-12-22 21:58:57] - Early stop!!
[2021-12-22 21:58:57] - ========== fold: 6 result ==========
[2021-12-22 21:58:57] - Score: 17.9405
[2021-12-22 21:58:57] - ========== fold: 7 training ==========
[2021-12-22 22:04:02] - Epoch 1 - avg_train_loss: 0.6568  avg_val_loss: 0.6422  time: 302s, lr: 0.00002
[2021-12-22 22:04:02] - Epoch 1 - Score: 17.6881
[2021-12-22 22:04:02] - Epoch 1 - Save Best Score: 17.6881 Model
[2021-12-22 22:09:09] - Epoch 2 - avg_train_loss: 0.6482  avg_val_loss: 0.6453  time: 303s, lr: 0.00002
[2021-12-22 22:09:09] - Epoch 2 - Score: 18.1023
[2021-12-22 22:14:11] - Epoch 3 - avg_train_loss: 0.6468  avg_val_loss: 0.6401  time: 302s, lr: 0.00002
[2021-12-22 22:14:11] - Epoch 3 - Score: 17.4056
[2021-12-22 22:14:11] - Epoch 3 - Save Best Score: 17.4056 Model
[2021-12-22 22:14:13] - Loss decreased 17.68807 -> 17.40563
[2021-12-22 22:19:18] - Epoch 4 - avg_train_loss: 0.6437  avg_val_loss: 0.6463  time: 304s, lr: 0.00002
[2021-12-22 22:19:18] - Epoch 4 - Score: 18.1870
[2021-12-22 22:24:20] - Epoch 5 - avg_train_loss: 0.6400  avg_val_loss: 0.6378  time: 302s, lr: 0.00002
[2021-12-22 22:24:20] - Epoch 5 - Score: 17.1045
[2021-12-22 22:24:20] - Epoch 5 - Save Best Score: 17.1045 Model
[2021-12-22 22:24:22] - Loss decreased 17.40563 -> 17.10450
[2021-12-22 22:29:28] - Epoch 6 - avg_train_loss: 0.6384  avg_val_loss: 0.6381  time: 304s, lr: 0.00002
[2021-12-22 22:29:28] - Epoch 6 - Score: 17.1459
[2021-12-22 22:34:31] - Epoch 7 - avg_train_loss: 0.6382  avg_val_loss: 0.6392  time: 303s, lr: 0.00002
[2021-12-22 22:34:31] - Epoch 7 - Score: 17.2755
[2021-12-22 22:39:34] - Epoch 8 - avg_train_loss: 0.6339  avg_val_loss: 0.6423  time: 302s, lr: 0.00002
[2021-12-22 22:39:34] - Epoch 8 - Score: 17.7132
[2021-12-22 22:44:23] - Epoch 9 - avg_train_loss: 0.6328  avg_val_loss: 0.6408  time: 289s, lr: 0.00001
[2021-12-22 22:44:23] - Epoch 9 - Score: 17.4783
[2021-12-22 22:44:23] - Early stop!!
[2021-12-22 22:44:24] - ========== fold: 7 result ==========
[2021-12-22 22:44:24] - Score: 17.1045
[2021-12-22 22:44:24] - ========== fold: 8 training ==========
[2021-12-22 22:49:15] - Epoch 1 - avg_train_loss: 0.6570  avg_val_loss: 0.6426  time: 289s, lr: 0.00002
[2021-12-22 22:49:15] - Epoch 1 - Score: 17.9796
[2021-12-22 22:49:15] - Epoch 1 - Save Best Score: 17.9796 Model
[2021-12-22 22:54:06] - Epoch 2 - avg_train_loss: 0.6484  avg_val_loss: 0.6390  time: 287s, lr: 0.00002
[2021-12-22 22:54:06] - Epoch 2 - Score: 17.5159
[2021-12-22 22:54:06] - Epoch 2 - Save Best Score: 17.5159 Model
[2021-12-22 22:54:07] - Loss decreased 17.97957 -> 17.51591
[2021-12-22 22:59:04] - Epoch 3 - avg_train_loss: 0.6455  avg_val_loss: 0.6386  time: 294s, lr: 0.00002
[2021-12-22 22:59:04] - Epoch 3 - Score: 17.4627
[2021-12-22 22:59:04] - Epoch 3 - Save Best Score: 17.4627 Model
[2021-12-22 22:59:06] - Loss decreased 17.51591 -> 17.46274
[2021-12-22 23:03:56] - Epoch 4 - avg_train_loss: 0.6430  avg_val_loss: 0.6398  time: 289s, lr: 0.00002
[2021-12-22 23:03:56] - Epoch 4 - Score: 17.6038
[2021-12-22 23:08:44] - Epoch 5 - avg_train_loss: 0.6417  avg_val_loss: 0.6405  time: 288s, lr: 0.00002
[2021-12-22 23:08:44] - Epoch 5 - Score: 17.7050
[2021-12-22 23:13:33] - Epoch 6 - avg_train_loss: 0.6403  avg_val_loss: 0.6399  time: 288s, lr: 0.00002
[2021-12-22 23:13:33] - Epoch 6 - Score: 17.6433
[2021-12-22 23:18:21] - Epoch 7 - avg_train_loss: 0.6379  avg_val_loss: 0.6420  time: 289s, lr: 0.00002
[2021-12-22 23:18:21] - Epoch 7 - Score: 17.8595
[2021-12-22 23:18:21] - Early stop!!
[2021-12-22 23:18:22] - ========== fold: 8 result ==========
[2021-12-22 23:18:22] - Score: 17.4627
[2021-12-22 23:18:22] - ========== fold: 9 training ==========
[2021-12-22 23:23:14] - Epoch 1 - avg_train_loss: 0.6565  avg_val_loss: 0.6416  time: 290s, lr: 0.00002
[2021-12-22 23:23:14] - Epoch 1 - Score: 17.7392
[2021-12-22 23:23:14] - Epoch 1 - Save Best Score: 17.7392 Model
[2021-12-22 23:28:11] - Epoch 2 - avg_train_loss: 0.6497  avg_val_loss: 0.6393  time: 293s, lr: 0.00002
[2021-12-22 23:28:11] - Epoch 2 - Score: 17.4411
[2021-12-22 23:28:11] - Epoch 2 - Save Best Score: 17.4411 Model
[2021-12-22 23:28:12] - Loss decreased 17.73925 -> 17.44115
[2021-12-22 23:33:05] - Epoch 3 - avg_train_loss: 0.6450  avg_val_loss: 0.6404  time: 291s, lr: 0.00002
[2021-12-22 23:33:05] - Epoch 3 - Score: 17.5691
[2021-12-22 23:37:54] - Epoch 4 - avg_train_loss: 0.6439  avg_val_loss: 0.6383  time: 290s, lr: 0.00002
[2021-12-22 23:37:54] - Epoch 4 - Score: 17.3284
[2021-12-22 23:37:54] - Epoch 4 - Save Best Score: 17.3284 Model
[2021-12-22 23:37:56] - Loss decreased 17.44115 -> 17.32843
[2021-12-22 23:42:47] - Epoch 5 - avg_train_loss: 0.6407  avg_val_loss: 0.6372  time: 289s, lr: 0.00002
[2021-12-22 23:42:47] - Epoch 5 - Score: 17.1737
[2021-12-22 23:42:47] - Epoch 5 - Save Best Score: 17.1737 Model
[2021-12-22 23:42:48] - Loss decreased 17.32843 -> 17.17365
[2021-12-22 23:47:38] - Epoch 6 - avg_train_loss: 0.6380  avg_val_loss: 0.6389  time: 288s, lr: 0.00002
[2021-12-22 23:47:38] - Epoch 6 - Score: 17.3657
[2021-12-22 23:52:27] - Epoch 7 - avg_train_loss: 0.6364  avg_val_loss: 0.6391  time: 289s, lr: 0.00002
[2021-12-22 23:52:27] - Epoch 7 - Score: 17.4709
[2021-12-22 23:57:17] - Epoch 8 - avg_train_loss: 0.6347  avg_val_loss: 0.6405  time: 290s, lr: 0.00002
[2021-12-22 23:57:17] - Epoch 8 - Score: 17.4579
[2021-12-23 00:02:05] - Epoch 9 - avg_train_loss: 0.6302  avg_val_loss: 0.6418  time: 288s, lr: 0.00001
[2021-12-23 00:02:05] - Epoch 9 - Score: 17.7148
[2021-12-23 00:02:05] - Early stop!!
[2021-12-23 00:02:06] - ========== fold: 9 result ==========
[2021-12-23 00:02:06] - Score: 17.1737
[2021-12-23 00:02:06] - ========== CV ==========
[2021-12-23 00:02:06] - Score: 17.5869
