[2021-12-22 17:06:40] - ========== fold: 0 training ==========
[2021-12-22 17:15:49] - Epoch 1 - avg_train_loss: 0.6622  avg_val_loss: 0.6456  time: 496s, lr: 0.00002
[2021-12-22 17:15:49] - Epoch 1 - Score: 18.4403
[2021-12-22 17:15:49] - Epoch 1 - Save Best Score: 18.4403 Model
[2021-12-22 17:20:17] - Epoch 2 - avg_train_loss: 0.6513  avg_val_loss: 0.6427  time: 266s, lr: 0.00002
[2021-12-22 17:20:17] - Epoch 2 - Score: 18.0581
[2021-12-22 17:20:17] - Epoch 2 - Save Best Score: 18.0581 Model
[2021-12-22 17:20:18] - Loss decreased 18.44031 -> 18.05811
[2021-12-22 17:24:44] - Epoch 3 - avg_train_loss: 0.6488  avg_val_loss: 0.6409  time: 265s, lr: 0.00002
[2021-12-22 17:24:44] - Epoch 3 - Score: 17.8225
[2021-12-22 17:24:44] - Epoch 3 - Save Best Score: 17.8225 Model
[2021-12-22 17:24:46] - Loss decreased 18.05811 -> 17.82249
[2021-12-22 17:29:12] - Epoch 4 - avg_train_loss: 0.6468  avg_val_loss: 0.6404  time: 264s, lr: 0.00002
[2021-12-22 17:29:12] - Epoch 4 - Score: 17.7604
[2021-12-22 17:29:12] - Epoch 4 - Save Best Score: 17.7604 Model
[2021-12-22 17:29:13] - Loss decreased 17.82249 -> 17.76040
[2021-12-22 17:33:38] - Epoch 5 - avg_train_loss: 0.6440  avg_val_loss: 0.6417  time: 264s, lr: 0.00002
[2021-12-22 17:33:38] - Epoch 5 - Score: 17.9469
[2021-12-22 17:38:02] - Epoch 6 - avg_train_loss: 0.6419  avg_val_loss: 0.6435  time: 264s, lr: 0.00002
[2021-12-22 17:38:02] - Epoch 6 - Score: 18.1927
[2021-12-22 17:42:26] - Epoch 7 - avg_train_loss: 0.6408  avg_val_loss: 0.6404  time: 264s, lr: 0.00002
[2021-12-22 17:42:26] - Epoch 7 - Score: 17.7764
[2021-12-22 17:46:50] - Epoch 8 - avg_train_loss: 0.6371  avg_val_loss: 0.6428  time: 264s, lr: 0.00001
[2021-12-22 17:46:50] - Epoch 8 - Score: 18.0557
[2021-12-22 17:46:50] - Early stop!!
[2021-12-22 17:46:50] - ========== fold: 0 result ==========
[2021-12-22 17:46:50] - Score: 17.7604
[2021-12-22 17:46:50] - ========== fold: 1 training ==========
[2021-12-22 17:51:18] - Epoch 1 - avg_train_loss: 0.6594  avg_val_loss: 0.6477  time: 264s, lr: 0.00002
[2021-12-22 17:51:18] - Epoch 1 - Score: 18.4438
[2021-12-22 17:51:18] - Epoch 1 - Save Best Score: 18.4438 Model
[2021-12-22 17:55:46] - Epoch 2 - avg_train_loss: 0.6504  avg_val_loss: 0.6455  time: 265s, lr: 0.00002
[2021-12-22 17:55:46] - Epoch 2 - Score: 18.1573
[2021-12-22 17:55:46] - Epoch 2 - Save Best Score: 18.1573 Model
[2021-12-22 17:55:48] - Loss decreased 18.44381 -> 18.15734
[2021-12-22 18:00:14] - Epoch 3 - avg_train_loss: 0.6477  avg_val_loss: 0.6465  time: 265s, lr: 0.00002
[2021-12-22 18:00:14] - Epoch 3 - Score: 18.2699
[2021-12-22 18:04:39] - Epoch 4 - avg_train_loss: 0.6454  avg_val_loss: 0.6440  time: 265s, lr: 0.00002
[2021-12-22 18:04:39] - Epoch 4 - Score: 17.9503
[2021-12-22 18:04:39] - Epoch 4 - Save Best Score: 17.9503 Model
[2021-12-22 18:04:41] - Loss decreased 18.15734 -> 17.95025
[2021-12-22 18:09:08] - Epoch 5 - avg_train_loss: 0.6440  avg_val_loss: 0.6447  time: 265s, lr: 0.00002
[2021-12-22 18:09:08] - Epoch 5 - Score: 18.0580
[2021-12-22 18:13:32] - Epoch 6 - avg_train_loss: 0.6411  avg_val_loss: 0.6463  time: 265s, lr: 0.00002
[2021-12-22 18:13:32] - Epoch 6 - Score: 18.2207
[2021-12-22 18:17:57] - Epoch 7 - avg_train_loss: 0.6393  avg_val_loss: 0.6452  time: 265s, lr: 0.00002
[2021-12-22 18:17:57] - Epoch 7 - Score: 18.0934
[2021-12-22 18:22:22] - Epoch 8 - avg_train_loss: 0.6373  avg_val_loss: 0.6433  time: 265s, lr: 0.00001
[2021-12-22 18:22:22] - Epoch 8 - Score: 17.8646
[2021-12-22 18:22:22] - Epoch 8 - Save Best Score: 17.8646 Model
[2021-12-22 18:22:23] - Loss decreased 17.95025 -> 17.86456
[2021-12-22 18:26:49] - Epoch 9 - avg_train_loss: 0.6353  avg_val_loss: 0.6423  time: 265s, lr: 0.00001
[2021-12-22 18:26:49] - Epoch 9 - Score: 17.7072
[2021-12-22 18:26:49] - Epoch 9 - Save Best Score: 17.7072 Model
[2021-12-22 18:26:51] - Loss decreased 17.86456 -> 17.70720
[2021-12-22 18:31:18] - Epoch 10 - avg_train_loss: 0.6332  avg_val_loss: 0.6477  time: 265s, lr: 0.00001
[2021-12-22 18:31:18] - Epoch 10 - Score: 18.3125
[2021-12-22 18:35:42] - Epoch 11 - avg_train_loss: 0.6296  avg_val_loss: 0.6462  time: 264s, lr: 0.00001
[2021-12-22 18:35:42] - Epoch 11 - Score: 18.1610
[2021-12-22 18:40:07] - Epoch 12 - avg_train_loss: 0.6302  avg_val_loss: 0.6444  time: 265s, lr: 0.00001
[2021-12-22 18:40:07] - Epoch 12 - Score: 17.9245
[2021-12-22 18:44:32] - Epoch 13 - avg_train_loss: 0.6251  avg_val_loss: 0.6510  time: 265s, lr: 0.00001
[2021-12-22 18:44:32] - Epoch 13 - Score: 18.5875
[2021-12-22 18:44:32] - Early stop!!
[2021-12-22 18:44:32] - ========== fold: 1 result ==========
[2021-12-22 18:44:32] - Score: 17.7072
[2021-12-22 18:44:32] - ========== fold: 2 training ==========
[2021-12-22 18:48:58] - Epoch 1 - avg_train_loss: 0.6612  avg_val_loss: 0.6439  time: 264s, lr: 0.00002
[2021-12-22 18:48:58] - Epoch 1 - Score: 17.9414
[2021-12-22 18:48:58] - Epoch 1 - Save Best Score: 17.9414 Model
[2021-12-22 18:53:25] - Epoch 2 - avg_train_loss: 0.6509  avg_val_loss: 0.6424  time: 264s, lr: 0.00002
[2021-12-22 18:53:25] - Epoch 2 - Score: 17.7468
[2021-12-22 18:53:25] - Epoch 2 - Save Best Score: 17.7468 Model
[2021-12-22 18:53:27] - Loss decreased 17.94138 -> 17.74679
[2021-12-22 18:57:53] - Epoch 3 - avg_train_loss: 0.6484  avg_val_loss: 0.6427  time: 265s, lr: 0.00002
[2021-12-22 18:57:53] - Epoch 3 - Score: 17.7753
[2021-12-22 19:02:17] - Epoch 4 - avg_train_loss: 0.6466  avg_val_loss: 0.6433  time: 264s, lr: 0.00002
[2021-12-22 19:02:17] - Epoch 4 - Score: 17.8644
[2021-12-22 19:06:42] - Epoch 5 - avg_train_loss: 0.6436  avg_val_loss: 0.6429  time: 265s, lr: 0.00002
[2021-12-22 19:06:42] - Epoch 5 - Score: 17.7939
[2021-12-22 19:11:09] - Epoch 6 - avg_train_loss: 0.6389  avg_val_loss: 0.6422  time: 267s, lr: 0.00001
[2021-12-22 19:11:09] - Epoch 6 - Score: 17.6889
[2021-12-22 19:11:09] - Epoch 6 - Save Best Score: 17.6889 Model
[2021-12-22 19:11:10] - Loss decreased 17.74679 -> 17.68892
[2021-12-22 19:15:39] - Epoch 7 - avg_train_loss: 0.6380  avg_val_loss: 0.6447  time: 268s, lr: 0.00001
[2021-12-22 19:15:39] - Epoch 7 - Score: 17.9911
[2021-12-22 19:20:06] - Epoch 8 - avg_train_loss: 0.6385  avg_val_loss: 0.6447  time: 267s, lr: 0.00001
[2021-12-22 19:20:06] - Epoch 8 - Score: 18.0078
[2021-12-22 19:24:33] - Epoch 9 - avg_train_loss: 0.6359  avg_val_loss: 0.6485  time: 267s, lr: 0.00001
[2021-12-22 19:24:33] - Epoch 9 - Score: 18.3854
[2021-12-22 19:28:59] - Epoch 10 - avg_train_loss: 0.6334  avg_val_loss: 0.6445  time: 266s, lr: 0.00001
[2021-12-22 19:28:59] - Epoch 10 - Score: 17.9436
[2021-12-22 19:28:59] - Early stop!!
[2021-12-22 19:28:59] - ========== fold: 2 result ==========
[2021-12-22 19:28:59] - Score: 17.6889
[2021-12-22 19:28:59] - ========== fold: 3 training ==========
[2021-12-22 19:33:27] - Epoch 1 - avg_train_loss: 0.6590  avg_val_loss: 0.6484  time: 266s, lr: 0.00002
[2021-12-22 19:33:27] - Epoch 1 - Score: 18.5594
[2021-12-22 19:33:27] - Epoch 1 - Save Best Score: 18.5594 Model
[2021-12-22 19:37:58] - Epoch 2 - avg_train_loss: 0.6499  avg_val_loss: 0.6492  time: 268s, lr: 0.00002
[2021-12-22 19:37:58] - Epoch 2 - Score: 18.6640
[2021-12-22 19:42:26] - Epoch 3 - avg_train_loss: 0.6467  avg_val_loss: 0.6501  time: 267s, lr: 0.00002
[2021-12-22 19:42:26] - Epoch 3 - Score: 18.7729
[2021-12-22 19:46:53] - Epoch 4 - avg_train_loss: 0.6454  avg_val_loss: 0.6461  time: 267s, lr: 0.00002
[2021-12-22 19:46:53] - Epoch 4 - Score: 18.2565
[2021-12-22 19:46:53] - Epoch 4 - Save Best Score: 18.2565 Model
[2021-12-22 19:46:54] - Loss decreased 18.55939 -> 18.25652
[2021-12-22 19:51:23] - Epoch 5 - avg_train_loss: 0.6434  avg_val_loss: 0.6529  time: 268s, lr: 0.00002
[2021-12-22 19:51:23] - Epoch 5 - Score: 19.0817
[2021-12-22 19:55:51] - Epoch 6 - avg_train_loss: 0.6405  avg_val_loss: 0.6462  time: 267s, lr: 0.00002
[2021-12-22 19:55:51] - Epoch 6 - Score: 18.2803
[2021-12-22 20:00:18] - Epoch 7 - avg_train_loss: 0.6391  avg_val_loss: 0.6484  time: 267s, lr: 0.00002
[2021-12-22 20:00:18] - Epoch 7 - Score: 18.5509
[2021-12-22 20:04:45] - Epoch 8 - avg_train_loss: 0.6350  avg_val_loss: 0.6505  time: 267s, lr: 0.00001
[2021-12-22 20:04:45] - Epoch 8 - Score: 18.5928
[2021-12-22 20:04:45] - Early stop!!
[2021-12-22 20:04:46] - ========== fold: 3 result ==========
[2021-12-22 20:04:46] - Score: 18.2565
[2021-12-22 20:04:46] - ========== fold: 4 training ==========
[2021-12-22 20:09:15] - Epoch 1 - avg_train_loss: 0.6597  avg_val_loss: 0.6451  time: 267s, lr: 0.00002
[2021-12-22 20:09:15] - Epoch 1 - Score: 18.2360
[2021-12-22 20:09:15] - Epoch 1 - Save Best Score: 18.2360 Model
[2021-12-22 20:13:45] - Epoch 2 - avg_train_loss: 0.6517  avg_val_loss: 0.6435  time: 267s, lr: 0.00002
[2021-12-22 20:13:45] - Epoch 2 - Score: 18.0283
[2021-12-22 20:13:45] - Epoch 2 - Save Best Score: 18.0283 Model
[2021-12-22 20:13:46] - Loss decreased 18.23602 -> 18.02831
[2021-12-22 20:18:18] - Epoch 3 - avg_train_loss: 0.6477  avg_val_loss: 0.6434  time: 270s, lr: 0.00002
[2021-12-22 20:18:18] - Epoch 3 - Score: 17.9929
[2021-12-22 20:18:18] - Epoch 3 - Save Best Score: 17.9929 Model
[2021-12-22 20:18:19] - Loss decreased 18.02831 -> 17.99290
[2021-12-22 20:22:54] - Epoch 4 - avg_train_loss: 0.6462  avg_val_loss: 0.6435  time: 273s, lr: 0.00002
[2021-12-22 20:22:54] - Epoch 4 - Score: 18.0078
[2021-12-22 20:27:26] - Epoch 5 - avg_train_loss: 0.6447  avg_val_loss: 0.6438  time: 272s, lr: 0.00002
[2021-12-22 20:27:26] - Epoch 5 - Score: 18.0620
[2021-12-22 20:31:59] - Epoch 6 - avg_train_loss: 0.6432  avg_val_loss: 0.6422  time: 273s, lr: 0.00002
[2021-12-22 20:31:59] - Epoch 6 - Score: 17.8706
[2021-12-22 20:31:59] - Epoch 6 - Save Best Score: 17.8706 Model
[2021-12-22 20:32:00] - Loss decreased 17.99290 -> 17.87062
[2021-12-22 20:36:36] - Epoch 7 - avg_train_loss: 0.6418  avg_val_loss: 0.6430  time: 273s, lr: 0.00002
[2021-12-22 20:36:36] - Epoch 7 - Score: 17.9715
[2021-12-22 20:41:08] - Epoch 8 - avg_train_loss: 0.6395  avg_val_loss: 0.6445  time: 273s, lr: 0.00002
[2021-12-22 20:41:08] - Epoch 8 - Score: 18.1600
[2021-12-22 20:45:41] - Epoch 9 - avg_train_loss: 0.6374  avg_val_loss: 0.6468  time: 273s, lr: 0.00002
[2021-12-22 20:45:41] - Epoch 9 - Score: 18.2881
[2021-12-22 20:50:15] - Epoch 10 - avg_train_loss: 0.6328  avg_val_loss: 0.6417  time: 274s, lr: 0.00001
[2021-12-22 20:50:15] - Epoch 10 - Score: 17.7603
[2021-12-22 20:50:15] - Epoch 10 - Save Best Score: 17.7603 Model
[2021-12-22 20:50:16] - Loss decreased 17.87062 -> 17.76031
[2021-12-22 20:54:51] - Epoch 11 - avg_train_loss: 0.6326  avg_val_loss: 0.6421  time: 273s, lr: 0.00001
[2021-12-22 20:54:51] - Epoch 11 - Score: 17.8608
[2021-12-22 20:59:25] - Epoch 12 - avg_train_loss: 0.6303  avg_val_loss: 0.6431  time: 274s, lr: 0.00001
[2021-12-22 20:59:25] - Epoch 12 - Score: 17.9102
[2021-12-22 21:03:59] - Epoch 13 - avg_train_loss: 0.6288  avg_val_loss: 0.6449  time: 274s, lr: 0.00001
[2021-12-22 21:03:59] - Epoch 13 - Score: 18.0954
[2021-12-22 21:08:33] - Epoch 14 - avg_train_loss: 0.6276  avg_val_loss: 0.6470  time: 274s, lr: 0.00001
[2021-12-22 21:08:33] - Epoch 14 - Score: 18.2524
[2021-12-22 21:08:33] - Early stop!!
[2021-12-22 21:08:33] - ========== fold: 4 result ==========
[2021-12-22 21:08:33] - Score: 17.7603
[2021-12-22 21:08:33] - ========== fold: 5 training ==========
[2021-12-22 21:13:08] - Epoch 1 - avg_train_loss: 0.6607  avg_val_loss: 0.6451  time: 273s, lr: 0.00002
[2021-12-22 21:13:08] - Epoch 1 - Score: 18.0869
[2021-12-22 21:13:08] - Epoch 1 - Save Best Score: 18.0869 Model
[2021-12-22 21:17:42] - Epoch 2 - avg_train_loss: 0.6506  avg_val_loss: 0.6415  time: 271s, lr: 0.00002
[2021-12-22 21:17:42] - Epoch 2 - Score: 17.6143
[2021-12-22 21:17:42] - Epoch 2 - Save Best Score: 17.6143 Model
[2021-12-22 21:17:44] - Loss decreased 18.08686 -> 17.61432
[2021-12-22 21:22:20] - Epoch 3 - avg_train_loss: 0.6478  avg_val_loss: 0.6436  time: 274s, lr: 0.00002
[2021-12-22 21:22:20] - Epoch 3 - Score: 17.8926
[2021-12-22 21:26:53] - Epoch 4 - avg_train_loss: 0.6456  avg_val_loss: 0.6412  time: 273s, lr: 0.00002
[2021-12-22 21:26:53] - Epoch 4 - Score: 17.5594
[2021-12-22 21:26:53] - Epoch 4 - Save Best Score: 17.5594 Model
[2021-12-22 21:26:54] - Loss decreased 17.61432 -> 17.55943
[2021-12-22 21:31:28] - Epoch 5 - avg_train_loss: 0.6436  avg_val_loss: 0.6430  time: 272s, lr: 0.00002
[2021-12-22 21:31:28] - Epoch 5 - Score: 17.8090
[2021-12-22 21:36:00] - Epoch 6 - avg_train_loss: 0.6424  avg_val_loss: 0.6416  time: 272s, lr: 0.00002
[2021-12-22 21:36:00] - Epoch 6 - Score: 17.6364
[2021-12-22 21:40:33] - Epoch 7 - avg_train_loss: 0.6403  avg_val_loss: 0.6452  time: 273s, lr: 0.00002
[2021-12-22 21:40:33] - Epoch 7 - Score: 18.1199
[2021-12-22 21:45:06] - Epoch 8 - avg_train_loss: 0.6355  avg_val_loss: 0.6441  time: 273s, lr: 0.00001
[2021-12-22 21:45:06] - Epoch 8 - Score: 17.8654
[2021-12-22 21:45:06] - Early stop!!
[2021-12-22 21:45:07] - ========== fold: 5 result ==========
[2021-12-22 21:45:07] - Score: 17.5594
[2021-12-22 21:45:07] - ========== fold: 6 training ==========
[2021-12-22 21:49:40] - Epoch 1 - avg_train_loss: 0.6599  avg_val_loss: 0.6464  time: 271s, lr: 0.00002
[2021-12-22 21:49:40] - Epoch 1 - Score: 18.4045
[2021-12-22 21:49:40] - Epoch 1 - Save Best Score: 18.4045 Model
[2021-12-22 21:54:09] - Epoch 2 - avg_train_loss: 0.6506  avg_val_loss: 0.6458  time: 267s, lr: 0.00002
[2021-12-22 21:54:09] - Epoch 2 - Score: 18.3262
[2021-12-22 21:54:09] - Epoch 2 - Save Best Score: 18.3262 Model
[2021-12-22 21:54:11] - Loss decreased 18.40445 -> 18.32615
[2021-12-22 21:58:38] - Epoch 3 - avg_train_loss: 0.6494  avg_val_loss: 0.6430  time: 266s, lr: 0.00002
[2021-12-22 21:58:38] - Epoch 3 - Score: 17.9587
[2021-12-22 21:58:38] - Epoch 3 - Save Best Score: 17.9587 Model
[2021-12-22 21:58:40] - Loss decreased 18.32615 -> 17.95873
[2021-12-22 22:03:08] - Epoch 4 - avg_train_loss: 0.6470  avg_val_loss: 0.6435  time: 266s, lr: 0.00002
[2021-12-22 22:03:08] - Epoch 4 - Score: 18.0197
[2021-12-22 22:07:34] - Epoch 5 - avg_train_loss: 0.6444  avg_val_loss: 0.6442  time: 266s, lr: 0.00002
[2021-12-22 22:07:34] - Epoch 5 - Score: 18.1226
[2021-12-22 22:12:00] - Epoch 6 - avg_train_loss: 0.6425  avg_val_loss: 0.6450  time: 266s, lr: 0.00002
[2021-12-22 22:12:00] - Epoch 6 - Score: 18.2025
[2021-12-22 22:16:27] - Epoch 7 - avg_train_loss: 0.6386  avg_val_loss: 0.6447  time: 266s, lr: 0.00001
[2021-12-22 22:16:27] - Epoch 7 - Score: 18.1564
[2021-12-22 22:16:27] - Early stop!!
[2021-12-22 22:16:27] - ========== fold: 6 result ==========
[2021-12-22 22:16:27] - Score: 17.9587
[2021-12-22 22:16:27] - ========== fold: 7 training ==========
[2021-12-22 22:20:56] - Epoch 1 - avg_train_loss: 0.6614  avg_val_loss: 0.6450  time: 267s, lr: 0.00002
[2021-12-22 22:20:56] - Epoch 1 - Score: 18.0525
[2021-12-22 22:20:56] - Epoch 1 - Save Best Score: 18.0525 Model
[2021-12-22 22:25:25] - Epoch 2 - avg_train_loss: 0.6511  avg_val_loss: 0.6438  time: 266s, lr: 0.00002
[2021-12-22 22:25:25] - Epoch 2 - Score: 17.9118
[2021-12-22 22:25:25] - Epoch 2 - Save Best Score: 17.9118 Model
[2021-12-22 22:25:26] - Loss decreased 18.05249 -> 17.91178
[2021-12-22 22:29:54] - Epoch 3 - avg_train_loss: 0.6490  avg_val_loss: 0.6407  time: 267s, lr: 0.00002
[2021-12-22 22:29:54] - Epoch 3 - Score: 17.5021
[2021-12-22 22:29:54] - Epoch 3 - Save Best Score: 17.5021 Model
[2021-12-22 22:29:56] - Loss decreased 17.91178 -> 17.50211
[2021-12-22 22:34:25] - Epoch 4 - avg_train_loss: 0.6465  avg_val_loss: 0.6412  time: 267s, lr: 0.00002
[2021-12-22 22:34:25] - Epoch 4 - Score: 17.5372
[2021-12-22 22:38:51] - Epoch 5 - avg_train_loss: 0.6439  avg_val_loss: 0.6391  time: 267s, lr: 0.00002
[2021-12-22 22:38:51] - Epoch 5 - Score: 17.2532
[2021-12-22 22:38:51] - Epoch 5 - Save Best Score: 17.2532 Model
[2021-12-22 22:38:53] - Loss decreased 17.50211 -> 17.25318
[2021-12-22 22:43:21] - Epoch 6 - avg_train_loss: 0.6427  avg_val_loss: 0.6405  time: 267s, lr: 0.00002
[2021-12-22 22:43:21] - Epoch 6 - Score: 17.4800
[2021-12-22 22:47:47] - Epoch 7 - avg_train_loss: 0.6415  avg_val_loss: 0.6404  time: 266s, lr: 0.00002
[2021-12-22 22:47:47] - Epoch 7 - Score: 17.4528
[2021-12-22 22:52:14] - Epoch 8 - avg_train_loss: 0.6372  avg_val_loss: 0.6399  time: 266s, lr: 0.00002
[2021-12-22 22:52:14] - Epoch 8 - Score: 17.3802
[2021-12-22 22:56:40] - Epoch 9 - avg_train_loss: 0.6355  avg_val_loss: 0.6382  time: 267s, lr: 0.00001
[2021-12-22 22:56:40] - Epoch 9 - Score: 17.1349
[2021-12-22 22:56:40] - Epoch 9 - Save Best Score: 17.1349 Model
[2021-12-22 22:56:42] - Loss decreased 17.25318 -> 17.13490
[2021-12-22 23:01:11] - Epoch 10 - avg_train_loss: 0.6325  avg_val_loss: 0.6385  time: 267s, lr: 0.00001
[2021-12-22 23:01:11] - Epoch 10 - Score: 17.1567
[2021-12-22 23:05:37] - Epoch 11 - avg_train_loss: 0.6299  avg_val_loss: 0.6406  time: 267s, lr: 0.00001
[2021-12-22 23:05:37] - Epoch 11 - Score: 17.4430
[2021-12-22 23:10:04] - Epoch 12 - avg_train_loss: 0.6288  avg_val_loss: 0.6398  time: 267s, lr: 0.00001
[2021-12-22 23:10:04] - Epoch 12 - Score: 17.3436
[2021-12-22 23:14:32] - Epoch 13 - avg_train_loss: 0.6281  avg_val_loss: 0.6404  time: 267s, lr: 0.00001
[2021-12-22 23:14:32] - Epoch 13 - Score: 17.3643
[2021-12-22 23:14:32] - Early stop!!
[2021-12-22 23:14:32] - ========== fold: 7 result ==========
[2021-12-22 23:14:32] - Score: 17.1349
[2021-12-22 23:14:32] - ========== fold: 8 training ==========
[2021-12-22 23:19:01] - Epoch 1 - avg_train_loss: 0.6596  avg_val_loss: 0.6417  time: 267s, lr: 0.00002
[2021-12-22 23:19:01] - Epoch 1 - Score: 17.8478
[2021-12-22 23:19:01] - Epoch 1 - Save Best Score: 17.8478 Model
[2021-12-22 23:23:32] - Epoch 2 - avg_train_loss: 0.6497  avg_val_loss: 0.6397  time: 267s, lr: 0.00002
[2021-12-22 23:23:32] - Epoch 2 - Score: 17.5896
[2021-12-22 23:23:32] - Epoch 2 - Save Best Score: 17.5896 Model
[2021-12-22 23:23:33] - Loss decreased 17.84782 -> 17.58964
[2021-12-22 23:28:02] - Epoch 3 - avg_train_loss: 0.6480  avg_val_loss: 0.6426  time: 267s, lr: 0.00002
[2021-12-22 23:28:02] - Epoch 3 - Score: 17.9794
[2021-12-22 23:32:28] - Epoch 4 - avg_train_loss: 0.6456  avg_val_loss: 0.6406  time: 267s, lr: 0.00002
[2021-12-22 23:32:28] - Epoch 4 - Score: 17.7358
[2021-12-22 23:36:55] - Epoch 5 - avg_train_loss: 0.6455  avg_val_loss: 0.6427  time: 267s, lr: 0.00002
[2021-12-22 23:36:55] - Epoch 5 - Score: 17.9882
[2021-12-22 23:41:22] - Epoch 6 - avg_train_loss: 0.6400  avg_val_loss: 0.6377  time: 267s, lr: 0.00001
[2021-12-22 23:41:22] - Epoch 6 - Score: 17.3337
[2021-12-22 23:41:22] - Epoch 6 - Save Best Score: 17.3337 Model
[2021-12-22 23:41:24] - Loss decreased 17.58964 -> 17.33365
[2021-12-22 23:45:53] - Epoch 7 - avg_train_loss: 0.6393  avg_val_loss: 0.6376  time: 267s, lr: 0.00001
[2021-12-22 23:45:53] - Epoch 7 - Score: 17.3419
[2021-12-22 23:50:20] - Epoch 8 - avg_train_loss: 0.6379  avg_val_loss: 0.6372  time: 267s, lr: 0.00001
[2021-12-22 23:50:20] - Epoch 8 - Score: 17.2856
[2021-12-22 23:50:20] - Epoch 8 - Save Best Score: 17.2856 Model
[2021-12-22 23:50:21] - Loss decreased 17.33365 -> 17.28556
[2021-12-22 23:54:51] - Epoch 9 - avg_train_loss: 0.6369  avg_val_loss: 0.6405  time: 268s, lr: 0.00001
[2021-12-22 23:54:51] - Epoch 9 - Score: 17.7256
[2021-12-22 23:59:18] - Epoch 10 - avg_train_loss: 0.6344  avg_val_loss: 0.6419  time: 267s, lr: 0.00001
[2021-12-22 23:59:18] - Epoch 10 - Score: 17.8478
[2021-12-23 00:03:45] - Epoch 11 - avg_train_loss: 0.6325  avg_val_loss: 0.6390  time: 267s, lr: 0.00001
[2021-12-23 00:03:45] - Epoch 11 - Score: 17.4707
[2021-12-23 00:08:12] - Epoch 12 - avg_train_loss: 0.6293  avg_val_loss: 0.6437  time: 268s, lr: 0.00001
[2021-12-23 00:08:12] - Epoch 12 - Score: 18.0138
[2021-12-23 00:08:12] - Early stop!!
[2021-12-23 00:08:13] - ========== fold: 8 result ==========
[2021-12-23 00:08:13] - Score: 17.2856
[2021-12-23 00:08:13] - ========== fold: 9 training ==========
[2021-12-23 00:12:42] - Epoch 1 - avg_train_loss: 0.6610  avg_val_loss: 0.6432  time: 267s, lr: 0.00002
[2021-12-23 00:12:42] - Epoch 1 - Score: 17.9767
[2021-12-23 00:12:42] - Epoch 1 - Save Best Score: 17.9767 Model
[2021-12-23 00:17:12] - Epoch 2 - avg_train_loss: 0.6511  avg_val_loss: 0.6410  time: 267s, lr: 0.00002
[2021-12-23 00:17:12] - Epoch 2 - Score: 17.6667
[2021-12-23 00:17:12] - Epoch 2 - Save Best Score: 17.6667 Model
[2021-12-23 00:17:14] - Loss decreased 17.97674 -> 17.66667
[2021-12-23 00:21:43] - Epoch 3 - avg_train_loss: 0.6471  avg_val_loss: 0.6388  time: 267s, lr: 0.00002
[2021-12-23 00:21:43] - Epoch 3 - Score: 17.3875
[2021-12-23 00:21:43] - Epoch 3 - Save Best Score: 17.3875 Model
[2021-12-23 00:21:44] - Loss decreased 17.66667 -> 17.38754
[2021-12-23 00:26:13] - Epoch 4 - avg_train_loss: 0.6468  avg_val_loss: 0.6384  time: 267s, lr: 0.00002
[2021-12-23 00:26:13] - Epoch 4 - Score: 17.3155
[2021-12-23 00:26:13] - Epoch 4 - Save Best Score: 17.3155 Model
[2021-12-23 00:26:15] - Loss decreased 17.38754 -> 17.31549
[2021-12-23 00:30:44] - Epoch 5 - avg_train_loss: 0.6457  avg_val_loss: 0.6398  time: 268s, lr: 0.00002
[2021-12-23 00:30:44] - Epoch 5 - Score: 17.5296
[2021-12-23 00:35:12] - Epoch 6 - avg_train_loss: 0.6426  avg_val_loss: 0.6406  time: 268s, lr: 0.00002
[2021-12-23 00:35:12] - Epoch 6 - Score: 17.6217
[2021-12-23 00:39:39] - Epoch 7 - avg_train_loss: 0.6410  avg_val_loss: 0.6379  time: 267s, lr: 0.00002
[2021-12-23 00:39:39] - Epoch 7 - Score: 17.2419
[2021-12-23 00:39:39] - Epoch 7 - Save Best Score: 17.2419 Model
[2021-12-23 00:39:41] - Loss decreased 17.31549 -> 17.24195
[2021-12-23 00:44:10] - Epoch 8 - avg_train_loss: 0.6371  avg_val_loss: 0.6389  time: 268s, lr: 0.00002
[2021-12-23 00:44:10] - Epoch 8 - Score: 17.3555
[2021-12-23 00:48:38] - Epoch 9 - avg_train_loss: 0.6353  avg_val_loss: 0.6404  time: 267s, lr: 0.00002
[2021-12-23 00:48:38] - Epoch 9 - Score: 17.5538
[2021-12-23 00:53:05] - Epoch 10 - avg_train_loss: 0.6334  avg_val_loss: 0.6449  time: 268s, lr: 0.00002
[2021-12-23 00:53:05] - Epoch 10 - Score: 17.9497
[2021-12-23 00:57:33] - Epoch 11 - avg_train_loss: 0.6292  avg_val_loss: 0.6455  time: 268s, lr: 0.00001
[2021-12-23 00:57:33] - Epoch 11 - Score: 18.1974
[2021-12-23 00:57:33] - Early stop!!
[2021-12-23 00:57:34] - ========== fold: 9 result ==========
[2021-12-23 00:57:34] - Score: 17.2419
[2021-12-23 00:57:34] - ========== CV ==========
[2021-12-23 00:57:34] - Score: 17.6384
