[2021-12-22 00:47:39] - ========== fold: 0 training ==========
[2021-12-22 01:10:27] - Epoch 1 - avg_train_loss: 0.6618  avg_val_loss: 0.6468  time: 1317s, lr: 0.00002
[2021-12-22 01:10:27] - Epoch 1 - Score: 18.5924
[2021-12-22 01:10:27] - Epoch 1 - Save Best Score: 18.5924 Model
[2021-12-22 01:14:58] - Epoch 2 - avg_train_loss: 0.6516  avg_val_loss: 0.6427  time: 268s, lr: 0.00002
[2021-12-22 01:14:58] - Epoch 2 - Score: 18.0613
[2021-12-22 01:14:58] - Epoch 2 - Save Best Score: 18.0613 Model
[2021-12-22 01:14:59] - Loss decreased 18.59237 -> 18.06130
[2021-12-22 01:19:29] - Epoch 3 - avg_train_loss: 0.6488  avg_val_loss: 0.6408  time: 268s, lr: 0.00002
[2021-12-22 01:19:29] - Epoch 3 - Score: 17.8105
[2021-12-22 01:19:29] - Epoch 3 - Save Best Score: 17.8105 Model
[2021-12-22 01:19:30] - Loss decreased 18.06130 -> 17.81054
[2021-12-22 01:23:59] - Epoch 4 - avg_train_loss: 0.6480  avg_val_loss: 0.6424  time: 267s, lr: 0.00002
[2021-12-22 01:23:59] - Epoch 4 - Score: 18.0336
[2021-12-22 01:28:26] - Epoch 5 - avg_train_loss: 0.6460  avg_val_loss: 0.6419  time: 267s, lr: 0.00002
[2021-12-22 01:28:26] - Epoch 5 - Score: 17.9911
[2021-12-22 01:32:53] - Epoch 6 - avg_train_loss: 0.6427  avg_val_loss: 0.6455  time: 267s, lr: 0.00002
[2021-12-22 01:32:53] - Epoch 6 - Score: 18.4390
[2021-12-22 01:37:20] - Epoch 7 - avg_train_loss: 0.6428  avg_val_loss: 0.6386  time: 267s, lr: 0.00002
[2021-12-22 01:37:20] - Epoch 7 - Score: 17.5425
[2021-12-22 01:37:20] - Epoch 7 - Save Best Score: 17.5425 Model
[2021-12-22 01:37:21] - Loss decreased 17.81054 -> 17.54250
[2021-12-22 01:41:50] - Epoch 8 - avg_train_loss: 0.6401  avg_val_loss: 0.6386  time: 267s, lr: 0.00002
[2021-12-22 01:41:50] - Epoch 8 - Score: 17.5345
[2021-12-22 01:41:50] - Epoch 8 - Save Best Score: 17.5345 Model
[2021-12-22 01:41:51] - Loss decreased 17.54250 -> 17.53450
[2021-12-22 01:46:21] - Epoch 9 - avg_train_loss: 0.6390  avg_val_loss: 0.6413  time: 268s, lr: 0.00001
[2021-12-22 01:46:21] - Epoch 9 - Score: 17.8957
[2021-12-22 01:50:47] - Epoch 10 - avg_train_loss: 0.6359  avg_val_loss: 0.6410  time: 266s, lr: 0.00001
[2021-12-22 01:50:47] - Epoch 10 - Score: 17.8375
[2021-12-22 01:55:14] - Epoch 11 - avg_train_loss: 0.6344  avg_val_loss: 0.6401  time: 267s, lr: 0.00001
[2021-12-22 01:55:14] - Epoch 11 - Score: 17.7598
[2021-12-22 01:59:41] - Epoch 12 - avg_train_loss: 0.6332  avg_val_loss: 0.6403  time: 267s, lr: 0.00001
[2021-12-22 01:59:41] - Epoch 12 - Score: 17.7720
[2021-12-22 01:59:41] - Early stop!!
[2021-12-22 01:59:42] - ========== fold: 0 result ==========
[2021-12-22 01:59:42] - Score: 17.5345
[2021-12-22 01:59:42] - ========== fold: 1 training ==========
[2021-12-22 02:04:13] - Epoch 1 - avg_train_loss: 0.6596  avg_val_loss: 0.6468  time: 268s, lr: 0.00002
[2021-12-22 02:04:13] - Epoch 1 - Score: 18.3358
[2021-12-22 02:04:13] - Epoch 1 - Save Best Score: 18.3358 Model
[2021-12-22 02:08:43] - Epoch 2 - avg_train_loss: 0.6498  avg_val_loss: 0.6475  time: 267s, lr: 0.00002
[2021-12-22 02:08:43] - Epoch 2 - Score: 18.4352
[2021-12-22 02:13:10] - Epoch 3 - avg_train_loss: 0.6473  avg_val_loss: 0.6440  time: 267s, lr: 0.00002
[2021-12-22 02:13:10] - Epoch 3 - Score: 17.9778
[2021-12-22 02:13:10] - Epoch 3 - Save Best Score: 17.9778 Model
[2021-12-22 02:13:11] - Loss decreased 18.33577 -> 17.97784
[2021-12-22 02:17:40] - Epoch 4 - avg_train_loss: 0.6470  avg_val_loss: 0.6441  time: 267s, lr: 0.00002
[2021-12-22 02:17:40] - Epoch 4 - Score: 17.9824
[2021-12-22 02:22:07] - Epoch 5 - avg_train_loss: 0.6450  avg_val_loss: 0.6422  time: 267s, lr: 0.00002
[2021-12-22 02:22:07] - Epoch 5 - Score: 17.7271
[2021-12-22 02:22:07] - Epoch 5 - Save Best Score: 17.7271 Model
[2021-12-22 02:22:09] - Loss decreased 17.97784 -> 17.72705
[2021-12-22 02:26:38] - Epoch 6 - avg_train_loss: 0.6422  avg_val_loss: 0.6466  time: 268s, lr: 0.00002
[2021-12-22 02:26:38] - Epoch 6 - Score: 18.2447
[2021-12-22 02:31:05] - Epoch 7 - avg_train_loss: 0.6398  avg_val_loss: 0.6449  time: 267s, lr: 0.00002
[2021-12-22 02:31:05] - Epoch 7 - Score: 18.0763
[2021-12-22 02:35:33] - Epoch 8 - avg_train_loss: 0.6384  avg_val_loss: 0.6457  time: 267s, lr: 0.00002
[2021-12-22 02:35:33] - Epoch 8 - Score: 18.1682
[2021-12-22 02:40:01] - Epoch 9 - avg_train_loss: 0.6351  avg_val_loss: 0.6472  time: 268s, lr: 0.00001
[2021-12-22 02:40:01] - Epoch 9 - Score: 18.3207
[2021-12-22 02:40:01] - Early stop!!
[2021-12-22 02:40:02] - ========== fold: 1 result ==========
[2021-12-22 02:40:02] - Score: 17.7271
[2021-12-22 02:40:02] - ========== fold: 2 training ==========
[2021-12-22 02:44:31] - Epoch 1 - avg_train_loss: 0.6608  avg_val_loss: 0.6453  time: 268s, lr: 0.00002
[2021-12-22 02:44:31] - Epoch 1 - Score: 18.1199
[2021-12-22 02:44:32] - Epoch 1 - Save Best Score: 18.1199 Model
[2021-12-22 02:49:03] - Epoch 2 - avg_train_loss: 0.6512  avg_val_loss: 0.6419  time: 268s, lr: 0.00002
[2021-12-22 02:49:03] - Epoch 2 - Score: 17.6748
[2021-12-22 02:49:03] - Epoch 2 - Save Best Score: 17.6748 Model
[2021-12-22 02:49:04] - Loss decreased 18.11987 -> 17.67480
[2021-12-22 02:53:34] - Epoch 3 - avg_train_loss: 0.6488  avg_val_loss: 0.6423  time: 268s, lr: 0.00002
[2021-12-22 02:53:34] - Epoch 3 - Score: 17.7289
[2021-12-22 02:58:01] - Epoch 4 - avg_train_loss: 0.6464  avg_val_loss: 0.6409  time: 267s, lr: 0.00002
[2021-12-22 02:58:01] - Epoch 4 - Score: 17.5253
[2021-12-22 02:58:01] - Epoch 4 - Save Best Score: 17.5253 Model
[2021-12-22 02:58:03] - Loss decreased 17.67480 -> 17.52534
[2021-12-22 03:02:34] - Epoch 5 - avg_train_loss: 0.6432  avg_val_loss: 0.6415  time: 269s, lr: 0.00002
[2021-12-22 03:02:34] - Epoch 5 - Score: 17.6206
[2021-12-22 03:07:02] - Epoch 6 - avg_train_loss: 0.6400  avg_val_loss: 0.6418  time: 269s, lr: 0.00002
[2021-12-22 03:07:02] - Epoch 6 - Score: 17.6341
[2021-12-22 03:11:30] - Epoch 7 - avg_train_loss: 0.6389  avg_val_loss: 0.6435  time: 268s, lr: 0.00002
[2021-12-22 03:11:30] - Epoch 7 - Score: 17.8563
[2021-12-22 03:15:59] - Epoch 8 - avg_train_loss: 0.6383  avg_val_loss: 0.6428  time: 269s, lr: 0.00002
[2021-12-22 03:15:59] - Epoch 8 - Score: 17.8013
[2021-12-22 03:15:59] - Early stop!!
[2021-12-22 03:16:00] - ========== fold: 2 result ==========
[2021-12-22 03:16:00] - Score: 17.5253
[2021-12-22 03:16:00] - ========== fold: 3 training ==========
[2021-12-22 03:20:30] - Epoch 1 - avg_train_loss: 0.6595  avg_val_loss: 0.6494  time: 268s, lr: 0.00002
[2021-12-22 03:20:30] - Epoch 1 - Score: 18.6892
[2021-12-22 03:20:30] - Epoch 1 - Save Best Score: 18.6892 Model
[2021-12-22 03:25:03] - Epoch 2 - avg_train_loss: 0.6512  avg_val_loss: 0.6503  time: 270s, lr: 0.00002
[2021-12-22 03:25:03] - Epoch 2 - Score: 18.7990
[2021-12-22 03:29:32] - Epoch 3 - avg_train_loss: 0.6482  avg_val_loss: 0.6522  time: 269s, lr: 0.00002
[2021-12-22 03:29:32] - Epoch 3 - Score: 18.9960
[2021-12-22 03:34:01] - Epoch 4 - avg_train_loss: 0.6455  avg_val_loss: 0.6503  time: 269s, lr: 0.00002
[2021-12-22 03:34:01] - Epoch 4 - Score: 18.7661
[2021-12-22 03:38:30] - Epoch 5 - avg_train_loss: 0.6430  avg_val_loss: 0.6496  time: 269s, lr: 0.00002
[2021-12-22 03:38:30] - Epoch 5 - Score: 18.7039
[2021-12-22 03:38:30] - Early stop!!
[2021-12-22 03:38:31] - ========== fold: 3 result ==========
[2021-12-22 03:38:31] - Score: 18.6892
[2021-12-22 03:38:31] - ========== fold: 4 training ==========
[2021-12-22 03:43:01] - Epoch 1 - avg_train_loss: 0.6619  avg_val_loss: 0.6454  time: 269s, lr: 0.00002
[2021-12-22 03:43:01] - Epoch 1 - Score: 18.2669
[2021-12-22 03:43:01] - Epoch 1 - Save Best Score: 18.2669 Model
[2021-12-22 03:47:34] - Epoch 2 - avg_train_loss: 0.6528  avg_val_loss: 0.6438  time: 270s, lr: 0.00002
[2021-12-22 03:47:34] - Epoch 2 - Score: 18.0709
[2021-12-22 03:47:34] - Epoch 2 - Save Best Score: 18.0709 Model
[2021-12-22 03:47:36] - Loss decreased 18.26687 -> 18.07092
[2021-12-22 03:52:05] - Epoch 3 - avg_train_loss: 0.6480  avg_val_loss: 0.6433  time: 268s, lr: 0.00002
[2021-12-22 03:52:05] - Epoch 3 - Score: 18.0030
[2021-12-22 03:52:05] - Epoch 3 - Save Best Score: 18.0030 Model
[2021-12-22 03:52:07] - Loss decreased 18.07092 -> 18.00299
[2021-12-22 03:56:37] - Epoch 4 - avg_train_loss: 0.6466  avg_val_loss: 0.6409  time: 269s, lr: 0.00002
[2021-12-22 03:56:37] - Epoch 4 - Score: 17.7000
[2021-12-22 03:56:37] - Epoch 4 - Save Best Score: 17.7000 Model
[2021-12-22 03:56:38] - Loss decreased 18.00299 -> 17.69997
[2021-12-22 04:01:08] - Epoch 5 - avg_train_loss: 0.6444  avg_val_loss: 0.6422  time: 268s, lr: 0.00002
[2021-12-22 04:01:08] - Epoch 5 - Score: 17.8589
[2021-12-22 04:05:36] - Epoch 6 - avg_train_loss: 0.6412  avg_val_loss: 0.6446  time: 268s, lr: 0.00002
[2021-12-22 04:05:36] - Epoch 6 - Score: 18.1675
[2021-12-22 04:10:04] - Epoch 7 - avg_train_loss: 0.6411  avg_val_loss: 0.6407  time: 268s, lr: 0.00002
[2021-12-22 04:10:04] - Epoch 7 - Score: 17.6944
[2021-12-22 04:10:04] - Epoch 7 - Save Best Score: 17.6944 Model
[2021-12-22 04:10:06] - Loss decreased 17.69997 -> 17.69443
[2021-12-22 04:14:37] - Epoch 8 - avg_train_loss: 0.6377  avg_val_loss: 0.6447  time: 270s, lr: 0.00002
[2021-12-22 04:14:37] - Epoch 8 - Score: 18.1302
[2021-12-22 04:19:06] - Epoch 9 - avg_train_loss: 0.6357  avg_val_loss: 0.6430  time: 269s, lr: 0.00001
[2021-12-22 04:19:06] - Epoch 9 - Score: 17.9571
[2021-12-22 04:23:35] - Epoch 10 - avg_train_loss: 0.6336  avg_val_loss: 0.6435  time: 269s, lr: 0.00001
[2021-12-22 04:23:35] - Epoch 10 - Score: 18.0259
[2021-12-22 04:28:04] - Epoch 11 - avg_train_loss: 0.6317  avg_val_loss: 0.6469  time: 269s, lr: 0.00001
[2021-12-22 04:28:04] - Epoch 11 - Score: 18.4699
[2021-12-22 04:28:04] - Early stop!!
[2021-12-22 04:28:04] - ========== fold: 4 result ==========
[2021-12-22 04:28:04] - Score: 17.6944
[2021-12-22 04:28:04] - ========== fold: 5 training ==========
[2021-12-22 04:32:36] - Epoch 1 - avg_train_loss: 0.6598  avg_val_loss: 0.6428  time: 270s, lr: 0.00002
[2021-12-22 04:32:36] - Epoch 1 - Score: 17.7900
[2021-12-22 04:32:36] - Epoch 1 - Save Best Score: 17.7900 Model
[2021-12-22 04:37:10] - Epoch 2 - avg_train_loss: 0.6502  avg_val_loss: 0.6409  time: 271s, lr: 0.00002
[2021-12-22 04:37:10] - Epoch 2 - Score: 17.5589
[2021-12-22 04:37:10] - Epoch 2 - Save Best Score: 17.5589 Model
[2021-12-22 04:37:11] - Loss decreased 17.78995 -> 17.55890
[2021-12-22 04:41:43] - Epoch 3 - avg_train_loss: 0.6500  avg_val_loss: 0.6432  time: 270s, lr: 0.00002
[2021-12-22 04:41:43] - Epoch 3 - Score: 17.8370
[2021-12-22 04:46:12] - Epoch 4 - avg_train_loss: 0.6448  avg_val_loss: 0.6423  time: 270s, lr: 0.00002
[2021-12-22 04:46:12] - Epoch 4 - Score: 17.7338
[2021-12-22 04:50:43] - Epoch 5 - avg_train_loss: 0.6441  avg_val_loss: 0.6437  time: 270s, lr: 0.00002
[2021-12-22 04:50:43] - Epoch 5 - Score: 17.9133
[2021-12-22 04:55:13] - Epoch 6 - avg_train_loss: 0.6397  avg_val_loss: 0.6438  time: 270s, lr: 0.00002
[2021-12-22 04:55:13] - Epoch 6 - Score: 17.9089
[2021-12-22 04:55:13] - Early stop!!
[2021-12-22 04:55:14] - ========== fold: 5 result ==========
[2021-12-22 04:55:14] - Score: 17.5589
[2021-12-22 04:55:14] - ========== fold: 6 training ==========
[2021-12-22 04:59:46] - Epoch 1 - avg_train_loss: 0.6593  avg_val_loss: 0.6478  time: 271s, lr: 0.00002
[2021-12-22 04:59:46] - Epoch 1 - Score: 18.5788
[2021-12-22 04:59:46] - Epoch 1 - Save Best Score: 18.5788 Model
[2021-12-22 05:04:19] - Epoch 2 - avg_train_loss: 0.6515  avg_val_loss: 0.6445  time: 270s, lr: 0.00002
[2021-12-22 05:04:19] - Epoch 2 - Score: 18.1603
[2021-12-22 05:04:19] - Epoch 2 - Save Best Score: 18.1603 Model
[2021-12-22 05:04:21] - Loss decreased 18.57876 -> 18.16031
[2021-12-22 05:08:52] - Epoch 3 - avg_train_loss: 0.6494  avg_val_loss: 0.6465  time: 270s, lr: 0.00002
[2021-12-22 05:08:52] - Epoch 3 - Score: 18.4252
[2021-12-22 05:13:22] - Epoch 4 - avg_train_loss: 0.6461  avg_val_loss: 0.6453  time: 269s, lr: 0.00002
[2021-12-22 05:13:22] - Epoch 4 - Score: 18.2554
[2021-12-22 05:17:52] - Epoch 5 - avg_train_loss: 0.6445  avg_val_loss: 0.6489  time: 270s, lr: 0.00002
[2021-12-22 05:17:52] - Epoch 5 - Score: 18.6502
[2021-12-22 05:22:20] - Epoch 6 - avg_train_loss: 0.6428  avg_val_loss: 0.6446  time: 268s, lr: 0.00002
[2021-12-22 05:22:20] - Epoch 6 - Score: 18.1367
[2021-12-22 05:22:20] - Epoch 6 - Save Best Score: 18.1367 Model
[2021-12-22 05:22:22] - Loss decreased 18.16031 -> 18.13673
[2021-12-22 05:26:52] - Epoch 7 - avg_train_loss: 0.6410  avg_val_loss: 0.6439  time: 269s, lr: 0.00002
[2021-12-22 05:26:52] - Epoch 7 - Score: 18.0411
[2021-12-22 05:26:52] - Epoch 7 - Save Best Score: 18.0411 Model
[2021-12-22 05:26:54] - Loss decreased 18.13673 -> 18.04112
[2021-12-22 05:31:24] - Epoch 8 - avg_train_loss: 0.6397  avg_val_loss: 0.6451  time: 269s, lr: 0.00002
[2021-12-22 05:31:24] - Epoch 8 - Score: 18.2121
[2021-12-22 05:35:53] - Epoch 9 - avg_train_loss: 0.6375  avg_val_loss: 0.6463  time: 268s, lr: 0.00001
[2021-12-22 05:35:53] - Epoch 9 - Score: 18.2803
[2021-12-22 05:40:21] - Epoch 10 - avg_train_loss: 0.6357  avg_val_loss: 0.6446  time: 268s, lr: 0.00001
[2021-12-22 05:40:21] - Epoch 10 - Score: 18.0567
[2021-12-22 05:44:50] - Epoch 11 - avg_train_loss: 0.6322  avg_val_loss: 0.6436  time: 269s, lr: 0.00001
[2021-12-22 05:44:50] - Epoch 11 - Score: 17.9410
[2021-12-22 05:44:50] - Epoch 11 - Save Best Score: 17.9410 Model
[2021-12-22 05:44:52] - Loss decreased 18.04112 -> 17.94095
[2021-12-22 05:49:21] - Epoch 12 - avg_train_loss: 0.6306  avg_val_loss: 0.6465  time: 269s, lr: 0.00001
[2021-12-22 05:49:21] - Epoch 12 - Score: 18.3230
[2021-12-22 05:53:54] - Epoch 13 - avg_train_loss: 0.6282  avg_val_loss: 0.6490  time: 273s, lr: 0.00001
[2021-12-22 05:53:54] - Epoch 13 - Score: 18.5275
[2021-12-22 05:58:25] - Epoch 14 - avg_train_loss: 0.6288  avg_val_loss: 0.6469  time: 271s, lr: 0.00001
[2021-12-22 05:58:25] - Epoch 14 - Score: 18.3727
[2021-12-22 06:02:56] - Epoch 15 - avg_train_loss: 0.6272  avg_val_loss: 0.6497  time: 271s, lr: 0.00001
[2021-12-22 06:02:56] - Epoch 15 - Score: 18.6319
[2021-12-22 06:02:56] - Early stop!!
[2021-12-22 06:02:57] - ========== fold: 6 result ==========
[2021-12-22 06:02:57] - Score: 17.9410
[2021-12-22 06:02:57] - ========== fold: 7 training ==========
[2021-12-22 06:07:30] - Epoch 1 - avg_train_loss: 0.6606  avg_val_loss: 0.6445  time: 272s, lr: 0.00002
[2021-12-22 06:07:30] - Epoch 1 - Score: 17.9917
[2021-12-22 06:07:30] - Epoch 1 - Save Best Score: 17.9917 Model
[2021-12-22 06:12:03] - Epoch 2 - avg_train_loss: 0.6515  avg_val_loss: 0.6455  time: 270s, lr: 0.00002
[2021-12-22 06:12:03] - Epoch 2 - Score: 18.0814
[2021-12-22 06:16:34] - Epoch 3 - avg_train_loss: 0.6472  avg_val_loss: 0.6397  time: 271s, lr: 0.00002
[2021-12-22 06:16:34] - Epoch 3 - Score: 17.3551
[2021-12-22 06:16:34] - Epoch 3 - Save Best Score: 17.3551 Model
[2021-12-22 06:16:36] - Loss decreased 17.99166 -> 17.35515
[2021-12-22 06:21:10] - Epoch 4 - avg_train_loss: 0.6461  avg_val_loss: 0.6425  time: 272s, lr: 0.00002
[2021-12-22 06:21:10] - Epoch 4 - Score: 17.7281
[2021-12-22 06:25:41] - Epoch 5 - avg_train_loss: 0.6449  avg_val_loss: 0.6384  time: 272s, lr: 0.00002
[2021-12-22 06:25:41] - Epoch 5 - Score: 17.1764
[2021-12-22 06:25:41] - Epoch 5 - Save Best Score: 17.1764 Model
[2021-12-22 06:25:43] - Loss decreased 17.35515 -> 17.17642
[2021-12-22 06:30:16] - Epoch 6 - avg_train_loss: 0.6439  avg_val_loss: 0.6384  time: 272s, lr: 0.00002
[2021-12-22 06:30:16] - Epoch 6 - Score: 17.1772
[2021-12-22 06:34:48] - Epoch 7 - avg_train_loss: 0.6400  avg_val_loss: 0.6427  time: 272s, lr: 0.00002
[2021-12-22 06:34:48] - Epoch 7 - Score: 17.6386
[2021-12-22 06:39:20] - Epoch 8 - avg_train_loss: 0.6387  avg_val_loss: 0.6378  time: 272s, lr: 0.00002
[2021-12-22 06:39:20] - Epoch 8 - Score: 17.0932
[2021-12-22 06:39:20] - Epoch 8 - Save Best Score: 17.0932 Model
[2021-12-22 06:39:21] - Loss decreased 17.17642 -> 17.09316
[2021-12-22 06:43:56] - Epoch 9 - avg_train_loss: 0.6372  avg_val_loss: 0.6429  time: 273s, lr: 0.00001
[2021-12-22 06:43:56] - Epoch 9 - Score: 17.7391
[2021-12-22 06:48:29] - Epoch 10 - avg_train_loss: 0.6339  avg_val_loss: 0.6396  time: 273s, lr: 0.00001
[2021-12-22 06:48:29] - Epoch 10 - Score: 17.3009
[2021-12-22 06:53:02] - Epoch 11 - avg_train_loss: 0.6336  avg_val_loss: 0.6432  time: 273s, lr: 0.00001
[2021-12-22 06:53:02] - Epoch 11 - Score: 17.7198
[2021-12-22 06:57:35] - Epoch 12 - avg_train_loss: 0.6311  avg_val_loss: 0.6406  time: 273s, lr: 0.00001
[2021-12-22 06:57:35] - Epoch 12 - Score: 17.4403
[2021-12-22 06:57:35] - Early stop!!
[2021-12-22 06:57:36] - ========== fold: 7 result ==========
[2021-12-22 06:57:36] - Score: 17.0932
[2021-12-22 06:57:36] - ========== fold: 8 training ==========
[2021-12-22 07:02:10] - Epoch 1 - avg_train_loss: 0.6593  avg_val_loss: 0.6434  time: 272s, lr: 0.00002
[2021-12-22 07:02:10] - Epoch 1 - Score: 18.0787
[2021-12-22 07:02:10] - Epoch 1 - Save Best Score: 18.0787 Model
[2021-12-22 07:06:47] - Epoch 2 - avg_train_loss: 0.6513  avg_val_loss: 0.6419  time: 274s, lr: 0.00002
[2021-12-22 07:06:47] - Epoch 2 - Score: 17.8732
[2021-12-22 07:06:47] - Epoch 2 - Save Best Score: 17.8732 Model
[2021-12-22 07:06:48] - Loss decreased 18.07868 -> 17.87322
[2021-12-22 07:11:20] - Epoch 3 - avg_train_loss: 0.6489  avg_val_loss: 0.6396  time: 271s, lr: 0.00002
[2021-12-22 07:11:20] - Epoch 3 - Score: 17.5922
[2021-12-22 07:11:20] - Epoch 3 - Save Best Score: 17.5922 Model
[2021-12-22 07:11:22] - Loss decreased 17.87322 -> 17.59216
[2021-12-22 07:15:54] - Epoch 4 - avg_train_loss: 0.6466  avg_val_loss: 0.6396  time: 270s, lr: 0.00002
[2021-12-22 07:15:54] - Epoch 4 - Score: 17.6058
[2021-12-22 07:20:23] - Epoch 5 - avg_train_loss: 0.6431  avg_val_loss: 0.6386  time: 270s, lr: 0.00002
[2021-12-22 07:20:23] - Epoch 5 - Score: 17.4573
[2021-12-22 07:20:23] - Epoch 5 - Save Best Score: 17.4573 Model
[2021-12-22 07:20:25] - Loss decreased 17.59216 -> 17.45732
[2021-12-22 07:25:00] - Epoch 6 - avg_train_loss: 0.6425  avg_val_loss: 0.6431  time: 273s, lr: 0.00002
[2021-12-22 07:25:00] - Epoch 6 - Score: 18.0388
[2021-12-22 07:29:32] - Epoch 7 - avg_train_loss: 0.6402  avg_val_loss: 0.6382  time: 273s, lr: 0.00002
[2021-12-22 07:29:32] - Epoch 7 - Score: 17.4116
[2021-12-22 07:29:32] - Epoch 7 - Save Best Score: 17.4116 Model
[2021-12-22 07:29:34] - Loss decreased 17.45732 -> 17.41158
[2021-12-22 07:34:10] - Epoch 8 - avg_train_loss: 0.6398  avg_val_loss: 0.6458  time: 274s, lr: 0.00002
[2021-12-22 07:34:10] - Epoch 8 - Score: 18.3786
[2021-12-22 07:38:42] - Epoch 9 - avg_train_loss: 0.6366  avg_val_loss: 0.6409  time: 273s, lr: 0.00001
[2021-12-22 07:38:42] - Epoch 9 - Score: 17.7349
[2021-12-22 07:43:15] - Epoch 10 - avg_train_loss: 0.6359  avg_val_loss: 0.6411  time: 273s, lr: 0.00001
[2021-12-22 07:43:15] - Epoch 10 - Score: 17.7798
[2021-12-22 07:47:49] - Epoch 11 - avg_train_loss: 0.6334  avg_val_loss: 0.6408  time: 274s, lr: 0.00001
[2021-12-22 07:47:49] - Epoch 11 - Score: 17.7615
[2021-12-22 07:47:49] - Early stop!!
[2021-12-22 07:47:50] - ========== fold: 8 result ==========
[2021-12-22 07:47:50] - Score: 17.4116
[2021-12-22 07:47:50] - ========== fold: 9 training ==========
[2021-12-22 07:52:24] - Epoch 1 - avg_train_loss: 0.6618  avg_val_loss: 0.6438  time: 273s, lr: 0.00002
[2021-12-22 07:52:24] - Epoch 1 - Score: 18.0626
[2021-12-22 07:52:24] - Epoch 1 - Save Best Score: 18.0626 Model
[2021-12-22 07:57:00] - Epoch 2 - avg_train_loss: 0.6522  avg_val_loss: 0.6404  time: 273s, lr: 0.00002
[2021-12-22 07:57:00] - Epoch 2 - Score: 17.6014
[2021-12-22 07:57:00] - Epoch 2 - Save Best Score: 17.6014 Model
[2021-12-22 07:57:02] - Loss decreased 18.06261 -> 17.60142
[2021-12-22 08:01:35] - Epoch 3 - avg_train_loss: 0.6485  avg_val_loss: 0.6392  time: 272s, lr: 0.00002
[2021-12-22 08:01:35] - Epoch 3 - Score: 17.4352
[2021-12-22 08:01:35] - Epoch 3 - Save Best Score: 17.4352 Model
[2021-12-22 08:01:37] - Loss decreased 17.60142 -> 17.43519
[2021-12-22 08:06:11] - Epoch 4 - avg_train_loss: 0.6471  avg_val_loss: 0.6382  time: 272s, lr: 0.00002
[2021-12-22 08:06:11] - Epoch 4 - Score: 17.3028
[2021-12-22 08:06:11] - Epoch 4 - Save Best Score: 17.3028 Model
[2021-12-22 08:06:13] - Loss decreased 17.43519 -> 17.30285
[2021-12-22 08:10:47] - Epoch 5 - avg_train_loss: 0.6461  avg_val_loss: 0.6384  time: 273s, lr: 0.00002
[2021-12-22 08:10:47] - Epoch 5 - Score: 17.3262
[2021-12-22 08:15:19] - Epoch 6 - avg_train_loss: 0.6430  avg_val_loss: 0.6385  time: 272s, lr: 0.00002
[2021-12-22 08:15:19] - Epoch 6 - Score: 17.3155
[2021-12-22 08:19:52] - Epoch 7 - avg_train_loss: 0.6409  avg_val_loss: 0.6359  time: 273s, lr: 0.00002
[2021-12-22 08:19:52] - Epoch 7 - Score: 17.0181
[2021-12-22 08:19:52] - Epoch 7 - Save Best Score: 17.0181 Model
[2021-12-22 08:19:53] - Loss decreased 17.30285 -> 17.01812
[2021-12-22 08:24:28] - Epoch 8 - avg_train_loss: 0.6391  avg_val_loss: 0.6397  time: 273s, lr: 0.00002
[2021-12-22 08:24:28] - Epoch 8 - Score: 17.5102
[2021-12-22 08:29:01] - Epoch 9 - avg_train_loss: 0.6386  avg_val_loss: 0.6387  time: 273s, lr: 0.00001
[2021-12-22 08:29:01] - Epoch 9 - Score: 17.4179
[2021-12-22 08:33:33] - Epoch 10 - avg_train_loss: 0.6363  avg_val_loss: 0.6369  time: 272s, lr: 0.00001
[2021-12-22 08:33:33] - Epoch 10 - Score: 17.1613
[2021-12-22 08:38:07] - Epoch 11 - avg_train_loss: 0.6352  avg_val_loss: 0.6381  time: 273s, lr: 0.00001
[2021-12-22 08:38:07] - Epoch 11 - Score: 17.2771
[2021-12-22 08:38:07] - Early stop!!
[2021-12-22 08:38:07] - ========== fold: 9 result ==========
[2021-12-22 08:38:07] - Score: 17.0181
[2021-12-22 08:38:07] - ========== CV ==========
[2021-12-22 08:38:07] - Score: 17.6249
