[2021-12-08 02:08:53] - ========== fold: 0 training ==========
[2021-12-08 02:22:50] - Epoch 1 - avg_train_loss: 0.6571  avg_val_loss: 0.6443  time: 824s, lr: 0.00010
[2021-12-08 02:22:50] - Epoch 1 - Score: 18.2611
[2021-12-08 02:22:50] - Epoch 1 - Save Best Score: 18.2611 Model
[2021-12-08 02:27:23] - Epoch 2 - avg_train_loss: 0.6471  avg_val_loss: 0.6423  time: 272s, lr: 0.00010
[2021-12-08 02:27:23] - Epoch 2 - Score: 18.0197
[2021-12-08 02:27:23] - Epoch 2 - Save Best Score: 18.0197 Model
[2021-12-08 02:27:23] - Loss decreased 18.26105 -> 18.01968
[2021-12-08 02:31:59] - Epoch 3 - avg_train_loss: 0.6403  avg_val_loss: 0.6422  time: 276s, lr: 0.00010
[2021-12-08 02:31:59] - Epoch 3 - Score: 17.9958
[2021-12-08 02:31:59] - Epoch 3 - Save Best Score: 17.9958 Model
[2021-12-08 02:32:00] - Loss decreased 18.01968 -> 17.99577
[2021-12-08 02:36:38] - Epoch 4 - avg_train_loss: 0.6350  avg_val_loss: 0.6467  time: 278s, lr: 0.00009
[2021-12-08 02:36:38] - Epoch 4 - Score: 18.5191
[2021-12-08 02:41:15] - Epoch 5 - avg_train_loss: 0.6293  avg_val_loss: 0.6475  time: 277s, lr: 0.00009
[2021-12-08 02:41:15] - Epoch 5 - Score: 18.6173
[2021-12-08 02:45:53] - Epoch 6 - avg_train_loss: 0.6222  avg_val_loss: 0.6484  time: 277s, lr: 0.00009
[2021-12-08 02:45:53] - Epoch 6 - Score: 18.7355
[2021-12-08 02:50:29] - Epoch 7 - avg_train_loss: 0.6195  avg_val_loss: 0.6530  time: 277s, lr: 0.00008
[2021-12-08 02:50:29] - Epoch 7 - Score: 19.3263
[2021-12-08 02:50:29] - Early stop!!
[2021-12-08 02:50:29] - ========== fold: 0 result ==========
[2021-12-08 02:50:29] - Score: 17.9958
[2021-12-08 02:50:29] - ========== fold: 1 training ==========
[2021-12-08 02:55:08] - Epoch 1 - avg_train_loss: 0.6556  avg_val_loss: 0.6487  time: 278s, lr: 0.00010
[2021-12-08 02:55:08] - Epoch 1 - Score: 18.5578
[2021-12-08 02:55:08] - Epoch 1 - Save Best Score: 18.5578 Model
[2021-12-08 02:59:46] - Epoch 2 - avg_train_loss: 0.6464  avg_val_loss: 0.6501  time: 278s, lr: 0.00010
[2021-12-08 02:59:46] - Epoch 2 - Score: 18.7299
[2021-12-08 03:04:23] - Epoch 3 - avg_train_loss: 0.6411  avg_val_loss: 0.6502  time: 278s, lr: 0.00010
[2021-12-08 03:04:23] - Epoch 3 - Score: 18.7276
[2021-12-08 03:09:01] - Epoch 4 - avg_train_loss: 0.6356  avg_val_loss: 0.6556  time: 278s, lr: 0.00009
[2021-12-08 03:09:01] - Epoch 4 - Score: 19.3659
[2021-12-08 03:13:39] - Epoch 5 - avg_train_loss: 0.6297  avg_val_loss: 0.6553  time: 277s, lr: 0.00009
[2021-12-08 03:13:39] - Epoch 5 - Score: 19.1555
[2021-12-08 03:13:39] - Early stop!!
[2021-12-08 03:13:39] - ========== fold: 1 result ==========
[2021-12-08 03:13:39] - Score: 18.5578
[2021-12-08 03:13:39] - ========== fold: 2 training ==========
[2021-12-08 03:18:16] - Epoch 1 - avg_train_loss: 0.6559  avg_val_loss: 0.6465  time: 277s, lr: 0.00010
[2021-12-08 03:18:16] - Epoch 1 - Score: 18.2790
[2021-12-08 03:18:16] - Epoch 1 - Save Best Score: 18.2790 Model
[2021-12-08 03:22:54] - Epoch 2 - avg_train_loss: 0.6466  avg_val_loss: 0.6437  time: 277s, lr: 0.00010
[2021-12-08 03:22:54] - Epoch 2 - Score: 17.9101
[2021-12-08 03:22:54] - Epoch 2 - Save Best Score: 17.9101 Model
[2021-12-08 03:22:54] - Loss decreased 18.27896 -> 17.91008
[2021-12-08 03:27:32] - Epoch 3 - avg_train_loss: 0.6411  avg_val_loss: 0.6441  time: 278s, lr: 0.00010
[2021-12-08 03:27:32] - Epoch 3 - Score: 17.9585
[2021-12-08 03:32:10] - Epoch 4 - avg_train_loss: 0.6341  avg_val_loss: 0.6462  time: 277s, lr: 0.00009
[2021-12-08 03:32:10] - Epoch 4 - Score: 18.2236
[2021-12-08 03:36:47] - Epoch 5 - avg_train_loss: 0.6293  avg_val_loss: 0.6487  time: 278s, lr: 0.00009
[2021-12-08 03:36:47] - Epoch 5 - Score: 18.4777
[2021-12-08 03:41:25] - Epoch 6 - avg_train_loss: 0.6232  avg_val_loss: 0.6506  time: 278s, lr: 0.00009
[2021-12-08 03:41:25] - Epoch 6 - Score: 18.6671
[2021-12-08 03:41:25] - Early stop!!
[2021-12-08 03:41:25] - ========== fold: 2 result ==========
[2021-12-08 03:41:25] - Score: 17.9101
[2021-12-08 03:41:25] - ========== fold: 3 training ==========
[2021-12-08 03:46:03] - Epoch 1 - avg_train_loss: 0.6558  avg_val_loss: 0.6495  time: 277s, lr: 0.00010
[2021-12-08 03:46:03] - Epoch 1 - Score: 18.7088
[2021-12-08 03:46:03] - Epoch 1 - Save Best Score: 18.7088 Model
[2021-12-08 03:50:41] - Epoch 2 - avg_train_loss: 0.6453  avg_val_loss: 0.6562  time: 278s, lr: 0.00010
[2021-12-08 03:50:41] - Epoch 2 - Score: 19.4834
[2021-12-08 03:55:19] - Epoch 3 - avg_train_loss: 0.6388  avg_val_loss: 0.6532  time: 278s, lr: 0.00010
[2021-12-08 03:55:19] - Epoch 3 - Score: 19.1408
[2021-12-08 03:59:56] - Epoch 4 - avg_train_loss: 0.6327  avg_val_loss: 0.6535  time: 277s, lr: 0.00009
[2021-12-08 03:59:56] - Epoch 4 - Score: 19.1296
[2021-12-08 04:04:34] - Epoch 5 - avg_train_loss: 0.6282  avg_val_loss: 0.6539  time: 278s, lr: 0.00009
[2021-12-08 04:04:34] - Epoch 5 - Score: 19.1482
[2021-12-08 04:04:34] - Early stop!!
[2021-12-08 04:04:34] - ========== fold: 3 result ==========
[2021-12-08 04:04:34] - Score: 18.7088
[2021-12-08 04:04:34] - ========== fold: 4 training ==========
[2021-12-08 04:09:13] - Epoch 1 - avg_train_loss: 0.6570  avg_val_loss: 0.6472  time: 278s, lr: 0.00010
[2021-12-08 04:09:13] - Epoch 1 - Score: 18.4802
[2021-12-08 04:09:13] - Epoch 1 - Save Best Score: 18.4802 Model
[2021-12-08 04:13:51] - Epoch 2 - avg_train_loss: 0.6460  avg_val_loss: 0.6467  time: 278s, lr: 0.00010
[2021-12-08 04:13:51] - Epoch 2 - Score: 18.4378
[2021-12-08 04:13:51] - Epoch 2 - Save Best Score: 18.4378 Model
[2021-12-08 04:13:52] - Loss decreased 18.48019 -> 18.43784
[2021-12-08 04:18:29] - Epoch 3 - avg_train_loss: 0.6390  avg_val_loss: 0.6476  time: 277s, lr: 0.00010
[2021-12-08 04:18:29] - Epoch 3 - Score: 18.5615
[2021-12-08 04:23:07] - Epoch 4 - avg_train_loss: 0.6331  avg_val_loss: 0.6474  time: 278s, lr: 0.00009
[2021-12-08 04:23:07] - Epoch 4 - Score: 18.5521
[2021-12-08 04:27:44] - Epoch 5 - avg_train_loss: 0.6271  avg_val_loss: 0.6488  time: 277s, lr: 0.00009
[2021-12-08 04:27:44] - Epoch 5 - Score: 18.7110
[2021-12-08 04:32:22] - Epoch 6 - avg_train_loss: 0.6233  avg_val_loss: 0.6545  time: 278s, lr: 0.00009
[2021-12-08 04:32:22] - Epoch 6 - Score: 19.3089
[2021-12-08 04:32:22] - Early stop!!
[2021-12-08 04:32:22] - ========== fold: 4 result ==========
[2021-12-08 04:32:22] - Score: 18.4378
[2021-12-08 04:32:22] - ========== fold: 5 training ==========
[2021-12-08 04:37:01] - Epoch 1 - avg_train_loss: 0.6566  avg_val_loss: 0.6465  time: 278s, lr: 0.00010
[2021-12-08 04:37:01] - Epoch 1 - Score: 18.2723
[2021-12-08 04:37:01] - Epoch 1 - Save Best Score: 18.2723 Model
[2021-12-08 04:41:39] - Epoch 2 - avg_train_loss: 0.6469  avg_val_loss: 0.6436  time: 278s, lr: 0.00010
[2021-12-08 04:41:39] - Epoch 2 - Score: 17.8836
[2021-12-08 04:41:39] - Epoch 2 - Save Best Score: 17.8836 Model
[2021-12-08 04:41:40] - Loss decreased 18.27228 -> 17.88359
[2021-12-08 04:46:18] - Epoch 3 - avg_train_loss: 0.6424  avg_val_loss: 0.6441  time: 278s, lr: 0.00010
[2021-12-08 04:46:18] - Epoch 3 - Score: 17.9599
[2021-12-08 04:50:56] - Epoch 4 - avg_train_loss: 0.6350  avg_val_loss: 0.6440  time: 278s, lr: 0.00009
[2021-12-08 04:50:56] - Epoch 4 - Score: 17.9669
[2021-12-08 04:55:34] - Epoch 5 - avg_train_loss: 0.6287  avg_val_loss: 0.6461  time: 278s, lr: 0.00009
[2021-12-08 04:55:34] - Epoch 5 - Score: 18.0977
[2021-12-08 05:00:11] - Epoch 6 - avg_train_loss: 0.6250  avg_val_loss: 0.6515  time: 277s, lr: 0.00009
[2021-12-08 05:00:11] - Epoch 6 - Score: 18.8929
[2021-12-08 05:00:11] - Early stop!!
[2021-12-08 05:00:12] - ========== fold: 5 result ==========
[2021-12-08 05:00:12] - Score: 17.8836
[2021-12-08 05:00:12] - ========== fold: 6 training ==========
[2021-12-08 05:04:50] - Epoch 1 - avg_train_loss: 0.6568  avg_val_loss: 0.6490  time: 278s, lr: 0.00010
[2021-12-08 05:04:50] - Epoch 1 - Score: 18.7264
[2021-12-08 05:04:50] - Epoch 1 - Save Best Score: 18.7264 Model
[2021-12-08 05:09:28] - Epoch 2 - avg_train_loss: 0.6466  avg_val_loss: 0.6440  time: 278s, lr: 0.00010
[2021-12-08 05:09:28] - Epoch 2 - Score: 18.0973
[2021-12-08 05:09:28] - Epoch 2 - Save Best Score: 18.0973 Model
[2021-12-08 05:09:28] - Loss decreased 18.72637 -> 18.09728
[2021-12-08 05:14:06] - Epoch 3 - avg_train_loss: 0.6415  avg_val_loss: 0.6471  time: 277s, lr: 0.00010
[2021-12-08 05:14:06] - Epoch 3 - Score: 18.4944
[2021-12-08 05:18:44] - Epoch 4 - avg_train_loss: 0.6348  avg_val_loss: 0.6513  time: 278s, lr: 0.00009
[2021-12-08 05:18:44] - Epoch 4 - Score: 18.9615
[2021-12-08 05:23:21] - Epoch 5 - avg_train_loss: 0.6274  avg_val_loss: 0.6494  time: 277s, lr: 0.00009
[2021-12-08 05:23:21] - Epoch 5 - Score: 18.7448
[2021-12-08 05:27:59] - Epoch 6 - avg_train_loss: 0.6246  avg_val_loss: 0.6497  time: 278s, lr: 0.00009
[2021-12-08 05:27:59] - Epoch 6 - Score: 18.5496
[2021-12-08 05:27:59] - Early stop!!
[2021-12-08 05:27:59] - ========== fold: 6 result ==========
[2021-12-08 05:27:59] - Score: 18.0973
[2021-12-08 05:27:59] - ========== fold: 7 training ==========
[2021-12-08 05:32:38] - Epoch 1 - avg_train_loss: 0.6571  avg_val_loss: 0.6459  time: 278s, lr: 0.00010
[2021-12-08 05:32:38] - Epoch 1 - Score: 18.1766
[2021-12-08 05:32:38] - Epoch 1 - Save Best Score: 18.1766 Model
[2021-12-08 05:37:16] - Epoch 2 - avg_train_loss: 0.6465  avg_val_loss: 0.6460  time: 278s, lr: 0.00010
[2021-12-08 05:37:16] - Epoch 2 - Score: 18.1847
[2021-12-08 05:41:54] - Epoch 3 - avg_train_loss: 0.6398  avg_val_loss: 0.6440  time: 278s, lr: 0.00010
[2021-12-08 05:41:54] - Epoch 3 - Score: 17.9405
[2021-12-08 05:41:54] - Epoch 3 - Save Best Score: 17.9405 Model
[2021-12-08 05:41:55] - Loss decreased 18.17658 -> 17.94055
[2021-12-08 05:46:33] - Epoch 4 - avg_train_loss: 0.6341  avg_val_loss: 0.6435  time: 278s, lr: 0.00009
[2021-12-08 05:46:33] - Epoch 4 - Score: 17.8686
[2021-12-08 05:46:33] - Epoch 4 - Save Best Score: 17.8686 Model
[2021-12-08 05:46:33] - Loss decreased 17.94055 -> 17.86855
[2021-12-08 05:51:11] - Epoch 5 - avg_train_loss: 0.6298  avg_val_loss: 0.6490  time: 278s, lr: 0.00009
[2021-12-08 05:51:11] - Epoch 5 - Score: 18.5349
[2021-12-08 05:55:48] - Epoch 6 - avg_train_loss: 0.6224  avg_val_loss: 0.6508  time: 277s, lr: 0.00009
[2021-12-08 05:55:48] - Epoch 6 - Score: 18.8421
[2021-12-08 06:00:26] - Epoch 7 - avg_train_loss: 0.6192  avg_val_loss: 0.6498  time: 278s, lr: 0.00008
[2021-12-08 06:00:26] - Epoch 7 - Score: 18.6324
[2021-12-08 06:05:04] - Epoch 8 - avg_train_loss: 0.6152  avg_val_loss: 0.6460  time: 278s, lr: 0.00007
[2021-12-08 06:05:04] - Epoch 8 - Score: 18.1497
[2021-12-08 06:05:04] - Early stop!!
[2021-12-08 06:05:04] - ========== fold: 7 result ==========
[2021-12-08 06:05:04] - Score: 17.8686
[2021-12-08 06:05:04] - ========== fold: 8 training ==========
[2021-12-08 06:09:42] - Epoch 1 - avg_train_loss: 0.6562  avg_val_loss: 0.6472  time: 278s, lr: 0.00010
[2021-12-08 06:09:42] - Epoch 1 - Score: 18.5574
[2021-12-08 06:09:42] - Epoch 1 - Save Best Score: 18.5574 Model
[2021-12-08 06:14:21] - Epoch 2 - avg_train_loss: 0.6465  avg_val_loss: 0.6424  time: 278s, lr: 0.00010
[2021-12-08 06:14:21] - Epoch 2 - Score: 17.9460
[2021-12-08 06:14:21] - Epoch 2 - Save Best Score: 17.9460 Model
[2021-12-08 06:14:21] - Loss decreased 18.55745 -> 17.94601
[2021-12-08 06:18:59] - Epoch 3 - avg_train_loss: 0.6409  avg_val_loss: 0.6471  time: 278s, lr: 0.00010
[2021-12-08 06:18:59] - Epoch 3 - Score: 18.5504
[2021-12-08 06:23:37] - Epoch 4 - avg_train_loss: 0.6352  avg_val_loss: 0.6465  time: 278s, lr: 0.00009
[2021-12-08 06:23:37] - Epoch 4 - Score: 18.4692
[2021-12-08 06:28:15] - Epoch 5 - avg_train_loss: 0.6273  avg_val_loss: 0.6500  time: 278s, lr: 0.00009
[2021-12-08 06:28:15] - Epoch 5 - Score: 18.8791
[2021-12-08 06:32:54] - Epoch 6 - avg_train_loss: 0.6215  avg_val_loss: 0.6533  time: 279s, lr: 0.00009
[2021-12-08 06:32:54] - Epoch 6 - Score: 19.2212
[2021-12-08 06:32:54] - Early stop!!
[2021-12-08 06:32:54] - ========== fold: 8 result ==========
[2021-12-08 06:32:54] - Score: 17.9460
[2021-12-08 06:32:54] - ========== fold: 9 training ==========
[2021-12-08 06:37:32] - Epoch 1 - avg_train_loss: 0.6567  avg_val_loss: 0.6461  time: 278s, lr: 0.00010
[2021-12-08 06:37:32] - Epoch 1 - Score: 18.3441
[2021-12-08 06:37:33] - Epoch 1 - Save Best Score: 18.3441 Model
[2021-12-08 06:42:12] - Epoch 2 - avg_train_loss: 0.6474  avg_val_loss: 0.6417  time: 279s, lr: 0.00010
[2021-12-08 06:42:12] - Epoch 2 - Score: 17.7813
[2021-12-08 06:42:12] - Epoch 2 - Save Best Score: 17.7813 Model
[2021-12-08 06:42:12] - Loss decreased 18.34414 -> 17.78127
[2021-12-08 06:46:51] - Epoch 3 - avg_train_loss: 0.6417  avg_val_loss: 0.6425  time: 278s, lr: 0.00010
[2021-12-08 06:46:51] - Epoch 3 - Score: 17.8780
[2021-12-08 06:51:29] - Epoch 4 - avg_train_loss: 0.6370  avg_val_loss: 0.6452  time: 278s, lr: 0.00009
[2021-12-08 06:51:29] - Epoch 4 - Score: 18.2415
[2021-12-08 06:56:06] - Epoch 5 - avg_train_loss: 0.6288  avg_val_loss: 0.6487  time: 278s, lr: 0.00009
[2021-12-08 06:56:06] - Epoch 5 - Score: 18.5783
[2021-12-08 07:00:44] - Epoch 6 - avg_train_loss: 0.6228  avg_val_loss: 0.6455  time: 278s, lr: 0.00009
[2021-12-08 07:00:44] - Epoch 6 - Score: 18.2608
[2021-12-08 07:00:44] - Early stop!!
[2021-12-08 07:00:44] - ========== fold: 9 result ==========
[2021-12-08 07:00:44] - Score: 17.7813
[2021-12-08 07:00:44] - ========== CV ==========
[2021-12-08 07:00:44] - Score: 18.1214
