[2021-12-17 08:04:38] - ========== fold: 0 training ==========
[2021-12-17 08:09:37] - ========== fold: 0 training ==========
[2021-12-17 08:10:25] - ========== fold: 0 training ==========
[2021-12-17 08:25:26] - ========== fold: 0 training ==========
[2021-12-17 08:26:49] - ========== fold: 0 training ==========
[2021-12-17 08:27:43] - ========== fold: 0 training ==========
[2021-12-17 08:31:29] - ========== fold: 0 training ==========
[2021-12-17 08:32:40] - ========== fold: 0 training ==========
[2021-12-17 10:31:27] - ========== fold: 0 training ==========
[2021-12-17 10:35:13] - ========== fold: 0 training ==========
[2021-12-17 10:36:27] - ========== fold: 0 training ==========
[2021-12-17 10:37:04] - Epoch 1 - avg_train_loss: 0.6801  avg_val_loss: 0.6665  time: 35s, lr: 0.00002
[2021-12-17 10:37:04] - Epoch 1 - Score: 21.1578
[2021-12-17 10:37:04] - Epoch 1 - Save Best Score: 21.1578 Model
[2021-12-17 10:37:49] - Epoch 2 - avg_train_loss: 0.6752  avg_val_loss: 0.6588  time: 41s, lr: 0.00002
[2021-12-17 10:37:49] - Epoch 2 - Score: 20.2407
[2021-12-17 10:37:49] - Epoch 2 - Save Best Score: 20.2407 Model
[2021-12-17 10:38:00] - Loss decreased 21.15784 -> 20.24070
[2021-12-17 10:38:06] - ========== fold: 0 result ==========
[2021-12-17 10:38:06] - Score: 20.2407
[2021-12-17 10:38:06] - ========== fold: 1 training ==========
[2021-12-17 10:38:51] - Epoch 1 - avg_train_loss: 0.6927  avg_val_loss: 0.6633  time: 42s, lr: 0.00002
[2021-12-17 10:38:51] - Epoch 1 - Score: 20.5606
[2021-12-17 10:38:51] - Epoch 1 - Save Best Score: 20.5606 Model
[2021-12-17 10:39:36] - Epoch 2 - avg_train_loss: 0.6604  avg_val_loss: 0.6615  time: 41s, lr: 0.00002
[2021-12-17 10:39:36] - Epoch 2 - Score: 20.4028
[2021-12-17 10:39:37] - Epoch 2 - Save Best Score: 20.4028 Model
[2021-12-17 10:39:39] - Loss decreased 20.56056 -> 20.40277
[2021-12-17 10:39:43] - ========== fold: 1 result ==========
[2021-12-17 10:39:43] - Score: 20.4028
[2021-12-17 10:39:43] - ========== CV ==========
[2021-12-17 10:39:43] - Score: 20.3218
[2021-12-17 10:43:32] - ========== fold: 0 training ==========
[2021-12-17 10:51:23] - Epoch 1 - avg_train_loss: 0.6635  avg_val_loss: 0.6451  time: 458s, lr: 0.00002
[2021-12-17 10:51:23] - Epoch 1 - Score: 18.3645
[2021-12-17 10:51:23] - Epoch 1 - Save Best Score: 18.3645 Model
[2021-12-17 10:58:19] - Epoch 2 - avg_train_loss: 0.6508  avg_val_loss: 0.6406  time: 401s, lr: 0.00002
[2021-12-17 10:58:19] - Epoch 2 - Score: 17.7860
[2021-12-17 10:58:19] - Epoch 2 - Save Best Score: 17.7860 Model
[2021-12-17 10:58:21] - Loss decreased 18.36446 -> 17.78605
[2021-12-17 11:05:01] - Epoch 3 - avg_train_loss: 0.6456  avg_val_loss: 0.6396  time: 399s, lr: 0.00002
[2021-12-17 11:05:02] - Epoch 3 - Score: 17.6655
[2021-12-17 11:05:02] - Epoch 3 - Save Best Score: 17.6655 Model
[2021-12-17 11:05:03] - Loss decreased 17.78605 -> 17.66547
[2021-12-17 11:11:44] - Epoch 4 - avg_train_loss: 0.6429  avg_val_loss: 0.6410  time: 400s, lr: 0.00002
[2021-12-17 11:11:44] - Epoch 4 - Score: 17.8478
[2021-12-17 11:18:23] - Epoch 5 - avg_train_loss: 0.6424  avg_val_loss: 0.6424  time: 399s, lr: 0.00002
[2021-12-17 11:18:23] - Epoch 5 - Score: 18.0443
[2021-12-17 11:25:01] - Epoch 6 - avg_train_loss: 0.6406  avg_val_loss: 0.6405  time: 398s, lr: 0.00002
[2021-12-17 11:25:01] - Epoch 6 - Score: 17.7944
[2021-12-17 11:31:39] - Epoch 7 - avg_train_loss: 0.6379  avg_val_loss: 0.6386  time: 398s, lr: 0.00002
[2021-12-17 11:31:39] - Epoch 7 - Score: 17.5539
[2021-12-17 11:31:39] - Epoch 7 - Save Best Score: 17.5539 Model
[2021-12-17 11:31:40] - Loss decreased 17.66547 -> 17.55391
[2021-12-17 11:38:20] - Epoch 8 - avg_train_loss: 0.6359  avg_val_loss: 0.6384  time: 398s, lr: 0.00002
[2021-12-17 11:38:20] - Epoch 8 - Score: 17.5303
[2021-12-17 11:38:20] - Epoch 8 - Save Best Score: 17.5303 Model
[2021-12-17 11:38:22] - Loss decreased 17.55391 -> 17.53032
[2021-12-17 11:45:00] - Epoch 9 - avg_train_loss: 0.6329  avg_val_loss: 0.6398  time: 397s, lr: 0.00001
[2021-12-17 11:45:00] - Epoch 9 - Score: 17.6944
[2021-12-17 11:51:38] - Epoch 10 - avg_train_loss: 0.6306  avg_val_loss: 0.6434  time: 398s, lr: 0.00001
[2021-12-17 11:51:38] - Epoch 10 - Score: 18.1115
[2021-12-17 11:58:15] - Epoch 11 - avg_train_loss: 0.6283  avg_val_loss: 0.6418  time: 397s, lr: 0.00001
[2021-12-17 11:58:15] - Epoch 11 - Score: 17.9217
[2021-12-17 12:04:53] - Epoch 12 - avg_train_loss: 0.6254  avg_val_loss: 0.6392  time: 398s, lr: 0.00001
[2021-12-17 12:04:53] - Epoch 12 - Score: 17.6064
[2021-12-17 12:04:53] - Early stop!!
[2021-12-17 12:04:54] - ========== fold: 0 result ==========
[2021-12-17 12:04:54] - Score: 17.5303
[2021-12-17 12:04:54] - ========== fold: 1 training ==========
[2021-12-17 12:11:36] - Epoch 1 - avg_train_loss: 0.6601  avg_val_loss: 0.6480  time: 399s, lr: 0.00002
[2021-12-17 12:11:36] - Epoch 1 - Score: 18.4817
[2021-12-17 12:11:36] - Epoch 1 - Save Best Score: 18.4817 Model
[2021-12-17 12:18:18] - Epoch 2 - avg_train_loss: 0.6494  avg_val_loss: 0.6454  time: 399s, lr: 0.00002
[2021-12-17 12:18:18] - Epoch 2 - Score: 18.1367
[2021-12-17 12:18:18] - Epoch 2 - Save Best Score: 18.1367 Model
[2021-12-17 12:18:19] - Loss decreased 18.48172 -> 18.13666
[2021-12-17 12:24:59] - Epoch 3 - avg_train_loss: 0.6463  avg_val_loss: 0.6440  time: 398s, lr: 0.00002
[2021-12-17 12:24:59] - Epoch 3 - Score: 17.9718
[2021-12-17 12:24:59] - Epoch 3 - Save Best Score: 17.9718 Model
[2021-12-17 12:25:01] - Loss decreased 18.13666 -> 17.97178
[2021-12-17 12:31:41] - Epoch 4 - avg_train_loss: 0.6433  avg_val_loss: 0.6453  time: 399s, lr: 0.00002
[2021-12-17 12:31:41] - Epoch 4 - Score: 18.1209
[2021-12-17 12:38:20] - Epoch 5 - avg_train_loss: 0.6405  avg_val_loss: 0.6425  time: 398s, lr: 0.00002
[2021-12-17 12:38:20] - Epoch 5 - Score: 17.7671
[2021-12-17 12:38:20] - Epoch 5 - Save Best Score: 17.7671 Model
[2021-12-17 12:38:21] - Loss decreased 17.97178 -> 17.76712
[2021-12-17 12:45:01] - Epoch 6 - avg_train_loss: 0.6387  avg_val_loss: 0.6441  time: 398s, lr: 0.00002
[2021-12-17 12:45:01] - Epoch 6 - Score: 17.9929
[2021-12-17 12:51:40] - Epoch 7 - avg_train_loss: 0.6367  avg_val_loss: 0.6426  time: 399s, lr: 0.00002
[2021-12-17 12:51:40] - Epoch 7 - Score: 17.7852
[2021-12-17 12:58:19] - Epoch 8 - avg_train_loss: 0.6341  avg_val_loss: 0.6440  time: 399s, lr: 0.00002
[2021-12-17 12:58:19] - Epoch 8 - Score: 17.9278
[2021-12-17 13:04:58] - Epoch 9 - avg_train_loss: 0.6315  avg_val_loss: 0.6493  time: 399s, lr: 0.00001
[2021-12-17 13:04:58] - Epoch 9 - Score: 18.5766
[2021-12-17 13:04:58] - Early stop!!
[2021-12-17 13:04:59] - ========== fold: 1 result ==========
[2021-12-17 13:04:59] - Score: 17.7671
[2021-12-17 13:04:59] - ========== fold: 2 training ==========
[2021-12-17 13:11:41] - Epoch 1 - avg_train_loss: 0.6609  avg_val_loss: 0.6449  time: 399s, lr: 0.00002
[2021-12-17 13:11:41] - Epoch 1 - Score: 18.0680
[2021-12-17 13:11:41] - Epoch 1 - Save Best Score: 18.0680 Model
[2021-12-17 13:18:24] - Epoch 2 - avg_train_loss: 0.6495  avg_val_loss: 0.6439  time: 400s, lr: 0.00002
[2021-12-17 13:18:24] - Epoch 2 - Score: 17.9415
[2021-12-17 13:18:24] - Epoch 2 - Save Best Score: 17.9415 Model
[2021-12-17 13:18:26] - Loss decreased 18.06796 -> 17.94155
[2021-12-17 13:25:06] - Epoch 3 - avg_train_loss: 0.6450  avg_val_loss: 0.6431  time: 399s, lr: 0.00002
[2021-12-17 13:25:06] - Epoch 3 - Score: 17.8310
[2021-12-17 13:25:06] - Epoch 3 - Save Best Score: 17.8310 Model
[2021-12-17 13:25:08] - Loss decreased 17.94155 -> 17.83098
[2021-12-17 13:31:49] - Epoch 4 - avg_train_loss: 0.6424  avg_val_loss: 0.6428  time: 400s, lr: 0.00002
[2021-12-17 13:31:49] - Epoch 4 - Score: 17.7871
[2021-12-17 13:31:49] - Epoch 4 - Save Best Score: 17.7871 Model
[2021-12-17 13:31:51] - Loss decreased 17.83098 -> 17.78713
[2021-12-17 13:38:33] - Epoch 5 - avg_train_loss: 0.6413  avg_val_loss: 0.6463  time: 400s, lr: 0.00002
[2021-12-17 13:38:33] - Epoch 5 - Score: 18.1548
[2021-12-17 13:45:12] - Epoch 6 - avg_train_loss: 0.6379  avg_val_loss: 0.6427  time: 399s, lr: 0.00002
[2021-12-17 13:45:12] - Epoch 6 - Score: 17.7497
[2021-12-17 13:45:12] - Epoch 6 - Save Best Score: 17.7497 Model
[2021-12-17 13:45:14] - Loss decreased 17.78713 -> 17.74974
[2021-12-17 13:51:55] - Epoch 7 - avg_train_loss: 0.6361  avg_val_loss: 0.6442  time: 400s, lr: 0.00002
[2021-12-17 13:51:55] - Epoch 7 - Score: 17.9358
[2021-12-17 13:58:34] - Epoch 8 - avg_train_loss: 0.6344  avg_val_loss: 0.6435  time: 400s, lr: 0.00002
[2021-12-17 13:58:34] - Epoch 8 - Score: 17.8247
[2021-12-17 14:05:15] - Epoch 9 - avg_train_loss: 0.6320  avg_val_loss: 0.6512  time: 400s, lr: 0.00001
[2021-12-17 14:05:15] - Epoch 9 - Score: 18.6190
[2021-12-17 14:11:55] - Epoch 10 - avg_train_loss: 0.6291  avg_val_loss: 0.6460  time: 400s, lr: 0.00001
[2021-12-17 14:11:55] - Epoch 10 - Score: 18.0799
[2021-12-17 14:11:55] - Early stop!!
[2021-12-17 14:11:56] - ========== fold: 2 result ==========
[2021-12-17 14:11:56] - Score: 17.7497
[2021-12-17 14:11:56] - ========== fold: 3 training ==========
[2021-12-17 14:18:38] - Epoch 1 - avg_train_loss: 0.6608  avg_val_loss: 0.6489  time: 401s, lr: 0.00002
[2021-12-17 14:18:38] - Epoch 1 - Score: 18.6144
[2021-12-17 14:18:38] - Epoch 1 - Save Best Score: 18.6144 Model
[2021-12-17 14:25:21] - Epoch 2 - avg_train_loss: 0.6490  avg_val_loss: 0.6494  time: 400s, lr: 0.00002
[2021-12-17 14:25:21] - Epoch 2 - Score: 18.6756
[2021-12-17 14:32:01] - Epoch 3 - avg_train_loss: 0.6456  avg_val_loss: 0.6465  time: 400s, lr: 0.00002
[2021-12-17 14:32:01] - Epoch 3 - Score: 18.2859
[2021-12-17 14:32:01] - Epoch 3 - Save Best Score: 18.2859 Model
[2021-12-17 14:32:03] - Loss decreased 18.61438 -> 18.28589
[2021-12-17 14:38:45] - Epoch 4 - avg_train_loss: 0.6433  avg_val_loss: 0.6529  time: 400s, lr: 0.00002
[2021-12-17 14:38:45] - Epoch 4 - Score: 19.0114
[2021-12-17 14:45:24] - Epoch 5 - avg_train_loss: 0.6398  avg_val_loss: 0.6501  time: 399s, lr: 0.00002
[2021-12-17 14:45:24] - Epoch 5 - Score: 18.7281
[2021-12-17 14:52:04] - Epoch 6 - avg_train_loss: 0.6381  avg_val_loss: 0.6510  time: 400s, lr: 0.00002
[2021-12-17 14:52:04] - Epoch 6 - Score: 18.7772
[2021-12-17 14:58:43] - Epoch 7 - avg_train_loss: 0.6354  avg_val_loss: 0.6540  time: 400s, lr: 0.00002
[2021-12-17 14:58:43] - Epoch 7 - Score: 19.1080
[2021-12-17 14:58:43] - Early stop!!
[2021-12-17 14:58:44] - ========== fold: 3 result ==========
[2021-12-17 14:58:44] - Score: 18.2859
[2021-12-17 14:58:44] - ========== fold: 4 training ==========
[2021-12-17 15:05:26] - Epoch 1 - avg_train_loss: 0.6597  avg_val_loss: 0.6448  time: 400s, lr: 0.00002
[2021-12-17 15:05:26] - Epoch 1 - Score: 18.1959
[2021-12-17 15:05:26] - Epoch 1 - Save Best Score: 18.1959 Model
[2021-12-17 15:12:08] - Epoch 2 - avg_train_loss: 0.6498  avg_val_loss: 0.6465  time: 399s, lr: 0.00002
[2021-12-17 15:12:08] - Epoch 2 - Score: 18.4049
[2021-12-17 15:18:47] - Epoch 3 - avg_train_loss: 0.6464  avg_val_loss: 0.6442  time: 399s, lr: 0.00002
[2021-12-17 15:18:47] - Epoch 3 - Score: 18.0937
[2021-12-17 15:18:47] - Epoch 3 - Save Best Score: 18.0937 Model
[2021-12-17 15:18:49] - Loss decreased 18.19589 -> 18.09375
[2021-12-17 15:25:30] - Epoch 4 - avg_train_loss: 0.6439  avg_val_loss: 0.6427  time: 400s, lr: 0.00002
[2021-12-17 15:25:30] - Epoch 4 - Score: 17.9366
[2021-12-17 15:25:30] - Epoch 4 - Save Best Score: 17.9366 Model
[2021-12-17 15:25:31] - Loss decreased 18.09375 -> 17.93663
[2021-12-17 15:32:13] - Epoch 5 - avg_train_loss: 0.6422  avg_val_loss: 0.6406  time: 400s, lr: 0.00002
[2021-12-17 15:32:13] - Epoch 5 - Score: 17.6583
[2021-12-17 15:32:13] - Epoch 5 - Save Best Score: 17.6583 Model
[2021-12-17 15:32:15] - Loss decreased 17.93663 -> 17.65825
[2021-12-17 15:38:56] - Epoch 6 - avg_train_loss: 0.6380  avg_val_loss: 0.6407  time: 400s, lr: 0.00002
[2021-12-17 15:38:56] - Epoch 6 - Score: 17.6709
[2021-12-17 15:45:36] - Epoch 7 - avg_train_loss: 0.6365  avg_val_loss: 0.6394  time: 400s, lr: 0.00002
[2021-12-17 15:45:36] - Epoch 7 - Score: 17.4893
[2021-12-17 15:45:36] - Epoch 7 - Save Best Score: 17.4893 Model
[2021-12-17 15:45:38] - Loss decreased 17.65825 -> 17.48930
[2021-12-17 15:52:19] - Epoch 8 - avg_train_loss: 0.6343  avg_val_loss: 0.6407  time: 400s, lr: 0.00002
[2021-12-17 15:52:19] - Epoch 8 - Score: 17.6725
[2021-12-17 15:58:59] - Epoch 9 - avg_train_loss: 0.6326  avg_val_loss: 0.6408  time: 400s, lr: 0.00001
[2021-12-17 15:58:59] - Epoch 9 - Score: 17.6210
[2021-12-17 16:05:39] - Epoch 10 - avg_train_loss: 0.6292  avg_val_loss: 0.6460  time: 400s, lr: 0.00001
[2021-12-17 16:05:39] - Epoch 10 - Score: 18.2636
[2021-12-17 16:12:19] - Epoch 11 - avg_train_loss: 0.6284  avg_val_loss: 0.6438  time: 400s, lr: 0.00001
[2021-12-17 16:12:19] - Epoch 11 - Score: 17.9971
[2021-12-17 16:12:19] - Early stop!!
[2021-12-17 16:12:20] - ========== fold: 4 result ==========
[2021-12-17 16:12:20] - Score: 17.4893
[2021-12-17 16:12:20] - ========== CV ==========
[2021-12-17 16:12:20] - Score: 17.7667
