[2021-12-20 06:17:30] - ========== fold: 0 training ==========
[2021-12-20 06:38:30] - Epoch 1 - avg_train_loss: 0.6549  avg_val_loss: 0.6462  time: 1243s, lr: 0.00010
[2021-12-20 06:38:30] - Epoch 1 - Score: 18.5053
[2021-12-20 06:38:30] - Epoch 1 - Save Best Score: 18.5053 Model
[2021-12-20 06:42:36] - Epoch 2 - avg_train_loss: 0.6468  avg_val_loss: 0.6454  time: 245s, lr: 0.00010
[2021-12-20 06:42:36] - Epoch 2 - Score: 18.3955
[2021-12-20 06:42:36] - Epoch 2 - Save Best Score: 18.3955 Model
[2021-12-20 06:42:36] - Loss decreased 18.50531 -> 18.39546
[2021-12-20 06:46:43] - Epoch 3 - avg_train_loss: 0.6425  avg_val_loss: 0.6434  time: 246s, lr: 0.00010
[2021-12-20 06:46:43] - Epoch 3 - Score: 18.1129
[2021-12-20 06:46:43] - Epoch 3 - Save Best Score: 18.1129 Model
[2021-12-20 06:46:44] - Loss decreased 18.39546 -> 18.11286
[2021-12-20 06:50:49] - Epoch 4 - avg_train_loss: 0.6398  avg_val_loss: 0.6443  time: 245s, lr: 0.00009
[2021-12-20 06:50:49] - Epoch 4 - Score: 18.2971
[2021-12-20 06:54:54] - Epoch 5 - avg_train_loss: 0.6349  avg_val_loss: 0.6505  time: 245s, lr: 0.00009
[2021-12-20 06:54:54] - Epoch 5 - Score: 19.0685
[2021-12-20 06:58:59] - Epoch 6 - avg_train_loss: 0.6314  avg_val_loss: 0.6511  time: 245s, lr: 0.00009
[2021-12-20 06:58:59] - Epoch 6 - Score: 19.0877
[2021-12-20 07:03:04] - Epoch 7 - avg_train_loss: 0.6253  avg_val_loss: 0.6502  time: 245s, lr: 0.00008
[2021-12-20 07:03:04] - Epoch 7 - Score: 18.9287
[2021-12-20 07:03:04] - Early stop!!
[2021-12-20 07:03:04] - ========== fold: 0 result ==========
[2021-12-20 07:03:04] - Score: 18.1129
[2021-12-20 07:03:04] - ========== fold: 1 training ==========
[2021-12-20 07:07:12] - Epoch 1 - avg_train_loss: 0.6555  avg_val_loss: 0.6503  time: 247s, lr: 0.00010
[2021-12-20 07:07:12] - Epoch 1 - Score: 18.7622
[2021-12-20 07:07:12] - Epoch 1 - Save Best Score: 18.7622 Model
[2021-12-20 07:11:21] - Epoch 2 - avg_train_loss: 0.6470  avg_val_loss: 0.6468  time: 248s, lr: 0.00010
[2021-12-20 07:11:21] - Epoch 2 - Score: 18.3117
[2021-12-20 07:11:21] - Epoch 2 - Save Best Score: 18.3117 Model
[2021-12-20 07:11:22] - Loss decreased 18.76217 -> 18.31165
[2021-12-20 07:15:30] - Epoch 3 - avg_train_loss: 0.6423  avg_val_loss: 0.6538  time: 248s, lr: 0.00010
[2021-12-20 07:15:30] - Epoch 3 - Score: 19.1364
[2021-12-20 07:19:37] - Epoch 4 - avg_train_loss: 0.6382  avg_val_loss: 0.6475  time: 247s, lr: 0.00009
[2021-12-20 07:19:37] - Epoch 4 - Score: 18.3806
[2021-12-20 07:23:43] - Epoch 5 - avg_train_loss: 0.6354  avg_val_loss: 0.6490  time: 246s, lr: 0.00009
[2021-12-20 07:23:43] - Epoch 5 - Score: 18.4960
[2021-12-20 07:27:54] - Epoch 6 - avg_train_loss: 0.6302  avg_val_loss: 0.6489  time: 251s, lr: 0.00009
[2021-12-20 07:27:54] - Epoch 6 - Score: 18.5446
[2021-12-20 07:27:54] - Early stop!!
[2021-12-20 07:27:54] - ========== fold: 1 result ==========
[2021-12-20 07:27:54] - Score: 18.3117
[2021-12-20 07:27:54] - ========== fold: 2 training ==========
[2021-12-20 07:32:02] - Epoch 1 - avg_train_loss: 0.6544  avg_val_loss: 0.6454  time: 247s, lr: 0.00010
[2021-12-20 07:32:02] - Epoch 1 - Score: 18.1467
[2021-12-20 07:32:02] - Epoch 1 - Save Best Score: 18.1467 Model
[2021-12-20 07:36:08] - Epoch 2 - avg_train_loss: 0.6466  avg_val_loss: 0.6450  time: 245s, lr: 0.00010
[2021-12-20 07:36:08] - Epoch 2 - Score: 18.0560
[2021-12-20 07:36:08] - Epoch 2 - Save Best Score: 18.0560 Model
[2021-12-20 07:36:09] - Loss decreased 18.14670 -> 18.05602
[2021-12-20 07:40:13] - Epoch 3 - avg_train_loss: 0.6429  avg_val_loss: 0.6447  time: 244s, lr: 0.00010
[2021-12-20 07:40:13] - Epoch 3 - Score: 18.0341
[2021-12-20 07:40:13] - Epoch 3 - Save Best Score: 18.0341 Model
[2021-12-20 07:40:14] - Loss decreased 18.05602 -> 18.03410
[2021-12-20 07:44:16] - Epoch 4 - avg_train_loss: 0.6397  avg_val_loss: 0.6468  time: 242s, lr: 0.00009
[2021-12-20 07:44:16] - Epoch 4 - Score: 18.2048
[2021-12-20 07:48:18] - Epoch 5 - avg_train_loss: 0.6361  avg_val_loss: 0.6526  time: 241s, lr: 0.00009
[2021-12-20 07:48:18] - Epoch 5 - Score: 19.0183
[2021-12-20 07:52:23] - Epoch 6 - avg_train_loss: 0.6301  avg_val_loss: 0.6513  time: 245s, lr: 0.00009
[2021-12-20 07:52:23] - Epoch 6 - Score: 18.8004
[2021-12-20 07:56:26] - Epoch 7 - avg_train_loss: 0.6243  avg_val_loss: 0.6529  time: 243s, lr: 0.00008
[2021-12-20 07:56:26] - Epoch 7 - Score: 18.9385
[2021-12-20 07:56:26] - Early stop!!
[2021-12-20 07:56:26] - ========== fold: 2 result ==========
[2021-12-20 07:56:26] - Score: 18.0341
[2021-12-20 07:56:26] - ========== fold: 3 training ==========
[2021-12-20 08:00:32] - Epoch 1 - avg_train_loss: 0.6547  avg_val_loss: 0.6523  time: 245s, lr: 0.00010
[2021-12-20 08:00:32] - Epoch 1 - Score: 19.0150
[2021-12-20 08:00:32] - Epoch 1 - Save Best Score: 19.0150 Model
[2021-12-20 08:04:38] - Epoch 2 - avg_train_loss: 0.6474  avg_val_loss: 0.6513  time: 245s, lr: 0.00010
[2021-12-20 08:04:38] - Epoch 2 - Score: 18.9177
[2021-12-20 08:04:38] - Epoch 2 - Save Best Score: 18.9177 Model
[2021-12-20 08:04:38] - Loss decreased 19.01504 -> 18.91768
[2021-12-20 08:08:43] - Epoch 3 - avg_train_loss: 0.6428  avg_val_loss: 0.6499  time: 244s, lr: 0.00010
[2021-12-20 08:08:43] - Epoch 3 - Score: 18.6918
[2021-12-20 08:08:43] - Epoch 3 - Save Best Score: 18.6918 Model
[2021-12-20 08:08:43] - Loss decreased 18.91768 -> 18.69181
[2021-12-20 08:12:47] - Epoch 4 - avg_train_loss: 0.6386  avg_val_loss: 0.6545  time: 243s, lr: 0.00009
[2021-12-20 08:12:47] - Epoch 4 - Score: 19.0744
[2021-12-20 08:16:52] - Epoch 5 - avg_train_loss: 0.6333  avg_val_loss: 0.6528  time: 245s, lr: 0.00009
[2021-12-20 08:16:52] - Epoch 5 - Score: 19.0344
[2021-12-20 08:20:56] - Epoch 6 - avg_train_loss: 0.6321  avg_val_loss: 0.6539  time: 244s, lr: 0.00009
[2021-12-20 08:20:56] - Epoch 6 - Score: 19.1289
[2021-12-20 08:25:00] - Epoch 7 - avg_train_loss: 0.6274  avg_val_loss: 0.6616  time: 244s, lr: 0.00008
[2021-12-20 08:25:00] - Epoch 7 - Score: 19.8579
[2021-12-20 08:25:00] - Early stop!!
[2021-12-20 08:25:00] - ========== fold: 3 result ==========
[2021-12-20 08:25:00] - Score: 18.6918
[2021-12-20 08:25:00] - ========== fold: 4 training ==========
[2021-12-20 08:29:05] - Epoch 1 - avg_train_loss: 0.6551  avg_val_loss: 0.6449  time: 244s, lr: 0.00010
[2021-12-20 08:29:05] - Epoch 1 - Score: 18.1868
[2021-12-20 08:29:05] - Epoch 1 - Save Best Score: 18.1868 Model
[2021-12-20 08:33:08] - Epoch 2 - avg_train_loss: 0.6485  avg_val_loss: 0.6480  time: 242s, lr: 0.00010
[2021-12-20 08:33:08] - Epoch 2 - Score: 18.5342
[2021-12-20 08:37:09] - Epoch 3 - avg_train_loss: 0.6431  avg_val_loss: 0.6479  time: 241s, lr: 0.00010
[2021-12-20 08:37:09] - Epoch 3 - Score: 18.5717
[2021-12-20 08:41:10] - Epoch 4 - avg_train_loss: 0.6393  avg_val_loss: 0.6448  time: 241s, lr: 0.00009
[2021-12-20 08:41:10] - Epoch 4 - Score: 18.1736
[2021-12-20 08:41:10] - Epoch 4 - Save Best Score: 18.1736 Model
[2021-12-20 08:41:11] - Loss decreased 18.18681 -> 18.17362
[2021-12-20 08:45:14] - Epoch 5 - avg_train_loss: 0.6355  avg_val_loss: 0.6449  time: 242s, lr: 0.00009
[2021-12-20 08:45:14] - Epoch 5 - Score: 18.1976
[2021-12-20 08:49:17] - Epoch 6 - avg_train_loss: 0.6309  avg_val_loss: 0.6491  time: 243s, lr: 0.00009
[2021-12-20 08:49:17] - Epoch 6 - Score: 18.6471
[2021-12-20 08:53:22] - Epoch 7 - avg_train_loss: 0.6250  avg_val_loss: 0.6491  time: 245s, lr: 0.00008
[2021-12-20 08:53:22] - Epoch 7 - Score: 18.7293
[2021-12-20 08:57:29] - Epoch 8 - avg_train_loss: 0.6200  avg_val_loss: 0.6516  time: 246s, lr: 0.00007
[2021-12-20 08:57:29] - Epoch 8 - Score: 18.8949
[2021-12-20 08:57:29] - Early stop!!
[2021-12-20 08:57:29] - ========== fold: 4 result ==========
[2021-12-20 08:57:29] - Score: 18.1736
[2021-12-20 08:57:29] - ========== fold: 5 training ==========
[2021-12-20 09:01:36] - Epoch 1 - avg_train_loss: 0.6545  avg_val_loss: 0.6418  time: 246s, lr: 0.00010
[2021-12-20 09:01:36] - Epoch 1 - Score: 17.6450
[2021-12-20 09:01:36] - Epoch 1 - Save Best Score: 17.6450 Model
[2021-12-20 09:05:44] - Epoch 2 - avg_train_loss: 0.6475  avg_val_loss: 0.6456  time: 247s, lr: 0.00010
[2021-12-20 09:05:44] - Epoch 2 - Score: 18.1620
[2021-12-20 09:09:51] - Epoch 3 - avg_train_loss: 0.6434  avg_val_loss: 0.6415  time: 247s, lr: 0.00010
[2021-12-20 09:09:51] - Epoch 3 - Score: 17.6271
[2021-12-20 09:09:51] - Epoch 3 - Save Best Score: 17.6271 Model
[2021-12-20 09:09:51] - Loss decreased 17.64497 -> 17.62715
[2021-12-20 09:14:02] - Epoch 4 - avg_train_loss: 0.6387  avg_val_loss: 0.6433  time: 249s, lr: 0.00009
[2021-12-20 09:14:02] - Epoch 4 - Score: 17.8215
[2021-12-20 09:18:11] - Epoch 5 - avg_train_loss: 0.6351  avg_val_loss: 0.6499  time: 249s, lr: 0.00009
[2021-12-20 09:18:11] - Epoch 5 - Score: 18.6492
[2021-12-20 09:22:20] - Epoch 6 - avg_train_loss: 0.6303  avg_val_loss: 0.6467  time: 249s, lr: 0.00009
[2021-12-20 09:22:20] - Epoch 6 - Score: 18.1123
[2021-12-20 09:26:32] - Epoch 7 - avg_train_loss: 0.6285  avg_val_loss: 0.6493  time: 252s, lr: 0.00008
[2021-12-20 09:26:32] - Epoch 7 - Score: 18.5808
[2021-12-20 09:26:32] - Early stop!!
[2021-12-20 09:26:32] - ========== fold: 5 result ==========
[2021-12-20 09:26:32] - Score: 17.6272
[2021-12-20 09:26:32] - ========== fold: 6 training ==========
[2021-12-20 09:30:45] - Epoch 1 - avg_train_loss: 0.6542  avg_val_loss: 0.6490  time: 253s, lr: 0.00010
[2021-12-20 09:30:45] - Epoch 1 - Score: 18.7315
[2021-12-20 09:30:45] - Epoch 1 - Save Best Score: 18.7315 Model
[2021-12-20 09:34:55] - Epoch 2 - avg_train_loss: 0.6463  avg_val_loss: 0.6485  time: 249s, lr: 0.00010
[2021-12-20 09:34:55] - Epoch 2 - Score: 18.6493
[2021-12-20 09:34:55] - Epoch 2 - Save Best Score: 18.6493 Model
[2021-12-20 09:34:56] - Loss decreased 18.73149 -> 18.64928
[2021-12-20 09:39:03] - Epoch 3 - avg_train_loss: 0.6415  avg_val_loss: 0.6500  time: 247s, lr: 0.00010
[2021-12-20 09:39:03] - Epoch 3 - Score: 18.8760
[2021-12-20 09:43:12] - Epoch 4 - avg_train_loss: 0.6394  avg_val_loss: 0.6495  time: 248s, lr: 0.00009
[2021-12-20 09:43:12] - Epoch 4 - Score: 18.7505
[2021-12-20 09:47:22] - Epoch 5 - avg_train_loss: 0.6334  avg_val_loss: 0.6504  time: 250s, lr: 0.00009
[2021-12-20 09:47:22] - Epoch 5 - Score: 18.8742
[2021-12-20 09:51:29] - Epoch 6 - avg_train_loss: 0.6316  avg_val_loss: 0.6456  time: 248s, lr: 0.00009
[2021-12-20 09:51:29] - Epoch 6 - Score: 18.3200
[2021-12-20 09:51:29] - Epoch 6 - Save Best Score: 18.3200 Model
[2021-12-20 09:51:30] - Loss decreased 18.64928 -> 18.32003
[2021-12-20 09:55:36] - Epoch 7 - avg_train_loss: 0.6239  avg_val_loss: 0.6555  time: 246s, lr: 0.00008
[2021-12-20 09:55:36] - Epoch 7 - Score: 19.4900
[2021-12-20 09:59:43] - Epoch 8 - avg_train_loss: 0.6231  avg_val_loss: 0.6498  time: 247s, lr: 0.00007
[2021-12-20 09:59:43] - Epoch 8 - Score: 18.8326
[2021-12-20 10:03:54] - Epoch 9 - avg_train_loss: 0.6176  avg_val_loss: 0.6529  time: 250s, lr: 0.00007
[2021-12-20 10:03:54] - Epoch 9 - Score: 19.0855
[2021-12-20 10:08:13] - Epoch 10 - avg_train_loss: 0.6151  avg_val_loss: 0.6529  time: 259s, lr: 0.00006
[2021-12-20 10:08:13] - Epoch 10 - Score: 19.1629
[2021-12-20 10:08:13] - Early stop!!
[2021-12-20 10:08:13] - ========== fold: 6 result ==========
[2021-12-20 10:08:13] - Score: 18.3200
[2021-12-20 10:08:13] - ========== fold: 7 training ==========
[2021-12-20 10:12:28] - Epoch 1 - avg_train_loss: 0.6560  avg_val_loss: 0.6469  time: 255s, lr: 0.00010
[2021-12-20 10:12:28] - Epoch 1 - Score: 18.3123
[2021-12-20 10:12:28] - Epoch 1 - Save Best Score: 18.3123 Model
[2021-12-20 10:16:42] - Epoch 2 - avg_train_loss: 0.6472  avg_val_loss: 0.6507  time: 253s, lr: 0.00010
[2021-12-20 10:16:42] - Epoch 2 - Score: 18.7020
[2021-12-20 10:20:51] - Epoch 3 - avg_train_loss: 0.6437  avg_val_loss: 0.6399  time: 249s, lr: 0.00010
[2021-12-20 10:20:51] - Epoch 3 - Score: 17.3827
[2021-12-20 10:20:51] - Epoch 3 - Save Best Score: 17.3827 Model
[2021-12-20 10:20:52] - Loss decreased 18.31228 -> 17.38272
[2021-12-20 10:25:04] - Epoch 4 - avg_train_loss: 0.6392  avg_val_loss: 0.6434  time: 252s, lr: 0.00009
[2021-12-20 10:25:04] - Epoch 4 - Score: 17.8181
[2021-12-20 10:29:10] - Epoch 5 - avg_train_loss: 0.6356  avg_val_loss: 0.6452  time: 246s, lr: 0.00009
[2021-12-20 10:29:10] - Epoch 5 - Score: 18.0754
[2021-12-20 10:33:16] - Epoch 6 - avg_train_loss: 0.6313  avg_val_loss: 0.6469  time: 245s, lr: 0.00009
[2021-12-20 10:33:16] - Epoch 6 - Score: 18.2967
[2021-12-20 10:37:24] - Epoch 7 - avg_train_loss: 0.6264  avg_val_loss: 0.6476  time: 248s, lr: 0.00008
[2021-12-20 10:37:24] - Epoch 7 - Score: 18.3822
[2021-12-20 10:37:24] - Early stop!!
[2021-12-20 10:37:24] - ========== fold: 7 result ==========
[2021-12-20 10:37:24] - Score: 17.3827
[2021-12-20 10:37:24] - ========== fold: 8 training ==========
[2021-12-20 10:41:32] - Epoch 1 - avg_train_loss: 0.6549  avg_val_loss: 0.6434  time: 247s, lr: 0.00010
[2021-12-20 10:41:32] - Epoch 1 - Score: 18.0544
[2021-12-20 10:41:32] - Epoch 1 - Save Best Score: 18.0544 Model
[2021-12-20 10:45:40] - Epoch 2 - avg_train_loss: 0.6473  avg_val_loss: 0.6413  time: 247s, lr: 0.00010
[2021-12-20 10:45:40] - Epoch 2 - Score: 17.8147
[2021-12-20 10:45:40] - Epoch 2 - Save Best Score: 17.8147 Model
[2021-12-20 10:45:41] - Loss decreased 18.05437 -> 17.81467
[2021-12-20 10:49:50] - Epoch 3 - avg_train_loss: 0.6439  avg_val_loss: 0.6431  time: 249s, lr: 0.00010
[2021-12-20 10:49:50] - Epoch 3 - Score: 18.0560
[2021-12-20 10:53:58] - Epoch 4 - avg_train_loss: 0.6385  avg_val_loss: 0.6430  time: 248s, lr: 0.00009
[2021-12-20 10:53:58] - Epoch 4 - Score: 17.9885
[2021-12-20 10:58:06] - Epoch 5 - avg_train_loss: 0.6360  avg_val_loss: 0.6464  time: 248s, lr: 0.00009
[2021-12-20 10:58:06] - Epoch 5 - Score: 18.3994
[2021-12-20 11:02:15] - Epoch 6 - avg_train_loss: 0.6310  avg_val_loss: 0.6475  time: 249s, lr: 0.00009
[2021-12-20 11:02:15] - Epoch 6 - Score: 18.4812
[2021-12-20 11:02:15] - Early stop!!
[2021-12-20 11:02:15] - ========== fold: 8 result ==========
[2021-12-20 11:02:15] - Score: 17.8147
[2021-12-20 11:02:15] - ========== fold: 9 training ==========
[2021-12-20 11:06:30] - Epoch 1 - avg_train_loss: 0.6553  avg_val_loss: 0.6436  time: 254s, lr: 0.00010
[2021-12-20 11:06:30] - Epoch 1 - Score: 18.0055
[2021-12-20 11:06:30] - Epoch 1 - Save Best Score: 18.0055 Model
[2021-12-20 11:10:51] - Epoch 2 - avg_train_loss: 0.6468  avg_val_loss: 0.6390  time: 259s, lr: 0.00010
[2021-12-20 11:10:51] - Epoch 2 - Score: 17.4682
[2021-12-20 11:10:51] - Epoch 2 - Save Best Score: 17.4682 Model
[2021-12-20 11:10:51] - Loss decreased 18.00553 -> 17.46818
[2021-12-20 11:15:14] - Epoch 3 - avg_train_loss: 0.6437  avg_val_loss: 0.6445  time: 263s, lr: 0.00010
[2021-12-20 11:15:14] - Epoch 3 - Score: 18.0707
[2021-12-20 11:19:36] - Epoch 4 - avg_train_loss: 0.6399  avg_val_loss: 0.6438  time: 261s, lr: 0.00009
[2021-12-20 11:19:36] - Epoch 4 - Score: 18.0321
[2021-12-20 11:23:53] - Epoch 5 - avg_train_loss: 0.6354  avg_val_loss: 0.6366  time: 257s, lr: 0.00009
[2021-12-20 11:23:53] - Epoch 5 - Score: 17.0796
[2021-12-20 11:23:53] - Epoch 5 - Save Best Score: 17.0796 Model
[2021-12-20 11:23:53] - Loss decreased 17.46818 -> 17.07963
[2021-12-20 11:28:09] - Epoch 6 - avg_train_loss: 0.6312  avg_val_loss: 0.6480  time: 255s, lr: 0.00009
[2021-12-20 11:28:09] - Epoch 6 - Score: 18.5915
[2021-12-20 11:32:23] - Epoch 7 - avg_train_loss: 0.6257  avg_val_loss: 0.6460  time: 254s, lr: 0.00008
[2021-12-20 11:32:23] - Epoch 7 - Score: 18.3063
[2021-12-20 11:36:36] - Epoch 8 - avg_train_loss: 0.6218  avg_val_loss: 0.6493  time: 253s, lr: 0.00007
[2021-12-20 11:36:36] - Epoch 8 - Score: 18.6118
[2021-12-20 11:40:49] - Epoch 9 - avg_train_loss: 0.6195  avg_val_loss: 0.6473  time: 253s, lr: 0.00007
[2021-12-20 11:40:49] - Epoch 9 - Score: 18.5194
[2021-12-20 11:40:49] - Early stop!!
[2021-12-20 11:40:50] - ========== fold: 9 result ==========
[2021-12-20 11:40:50] - Score: 17.0796
[2021-12-20 11:40:50] - ========== CV ==========
[2021-12-20 11:40:50] - Score: 17.9607
