[2021-12-07 12:10:24] - ========== fold: 0 training ==========
[2021-12-07 12:12:24] - ========== fold: 0 training ==========
[2021-12-07 12:25:28] - Epoch 1 - avg_train_loss: 0.6599  avg_val_loss: 0.6508  time: 777s, lr: 0.00010
[2021-12-07 12:25:28] - Epoch 1 - Score: 18.8890
[2021-12-07 12:25:28] - Epoch 1 - Save Best Score: 18.8890 Model
[2021-12-07 12:31:32] - Epoch 2 - avg_train_loss: 0.6514  avg_val_loss: 0.6508  time: 361s, lr: 0.00010
[2021-12-07 12:31:32] - Epoch 2 - Score: 18.8911
[2021-12-07 12:37:32] - Epoch 3 - avg_train_loss: 0.6500  avg_val_loss: 0.6484  time: 360s, lr: 0.00010
[2021-12-07 12:37:32] - Epoch 3 - Score: 18.5943
[2021-12-07 12:37:32] - Epoch 3 - Save Best Score: 18.5943 Model
[2021-12-07 12:37:33] - Loss decreased 18.88896 -> 18.59430
[2021-12-07 12:43:36] - Epoch 4 - avg_train_loss: 0.6456  avg_val_loss: 0.6494  time: 361s, lr: 0.00009
[2021-12-07 12:43:36] - Epoch 4 - Score: 18.7139
[2021-12-07 12:49:36] - Epoch 5 - avg_train_loss: 0.6433  avg_val_loss: 0.6544  time: 360s, lr: 0.00009
[2021-12-07 12:49:36] - Epoch 5 - Score: 19.3446
[2021-12-07 12:55:36] - Epoch 6 - avg_train_loss: 0.6400  avg_val_loss: 0.6525  time: 360s, lr: 0.00009
[2021-12-07 12:55:36] - Epoch 6 - Score: 19.1241
[2021-12-07 13:01:37] - Epoch 7 - avg_train_loss: 0.6342  avg_val_loss: 0.6531  time: 360s, lr: 0.00008
[2021-12-07 13:01:37] - Epoch 7 - Score: 19.0821
[2021-12-07 13:01:37] - Early stop!!
[2021-12-07 13:01:37] - ========== fold: 0 result ==========
[2021-12-07 13:01:37] - Score: 18.5943
[2021-12-07 13:01:37] - ========== fold: 1 training ==========
[2021-12-07 13:07:40] - Epoch 1 - avg_train_loss: 0.6586  avg_val_loss: 0.6504  time: 361s, lr: 0.00010
[2021-12-07 13:07:40] - Epoch 1 - Score: 18.8684
[2021-12-07 13:07:40] - Epoch 1 - Save Best Score: 18.8684 Model
[2021-12-07 13:13:45] - Epoch 2 - avg_train_loss: 0.6523  avg_val_loss: 0.6521  time: 361s, lr: 0.00010
[2021-12-07 13:13:45] - Epoch 2 - Score: 19.0775
[2021-12-07 13:19:46] - Epoch 3 - avg_train_loss: 0.6486  avg_val_loss: 0.6508  time: 361s, lr: 0.00010
[2021-12-07 13:19:46] - Epoch 3 - Score: 18.8871
[2021-12-07 13:25:47] - Epoch 4 - avg_train_loss: 0.6454  avg_val_loss: 0.6547  time: 361s, lr: 0.00009
[2021-12-07 13:25:47] - Epoch 4 - Score: 19.2270
[2021-12-07 13:31:48] - Epoch 5 - avg_train_loss: 0.6436  avg_val_loss: 0.6544  time: 361s, lr: 0.00009
[2021-12-07 13:31:48] - Epoch 5 - Score: 19.2243
[2021-12-07 13:31:48] - Early stop!!
[2021-12-07 13:31:49] - ========== fold: 1 result ==========
[2021-12-07 13:31:49] - Score: 18.8684
[2021-12-07 13:31:49] - ========== fold: 2 training ==========
[2021-12-07 13:37:52] - Epoch 1 - avg_train_loss: 0.6599  avg_val_loss: 0.6523  time: 360s, lr: 0.00010
[2021-12-07 13:37:52] - Epoch 1 - Score: 19.1075
[2021-12-07 13:37:52] - Epoch 1 - Save Best Score: 19.1075 Model
[2021-12-07 13:43:57] - Epoch 2 - avg_train_loss: 0.6512  avg_val_loss: 0.6503  time: 361s, lr: 0.00010
[2021-12-07 13:43:57] - Epoch 2 - Score: 18.8856
[2021-12-07 13:43:57] - Epoch 2 - Save Best Score: 18.8856 Model
[2021-12-07 13:43:58] - Loss decreased 19.10746 -> 18.88556
[2021-12-07 13:50:01] - Epoch 3 - avg_train_loss: 0.6476  avg_val_loss: 0.6474  time: 361s, lr: 0.00010
[2021-12-07 13:50:01] - Epoch 3 - Score: 18.5037
[2021-12-07 13:50:01] - Epoch 3 - Save Best Score: 18.5037 Model
[2021-12-07 13:50:02] - Loss decreased 18.88556 -> 18.50370
[2021-12-07 13:56:05] - Epoch 4 - avg_train_loss: 0.6459  avg_val_loss: 0.6542  time: 361s, lr: 0.00009
[2021-12-07 13:56:05] - Epoch 4 - Score: 19.2975
[2021-12-07 14:02:06] - Epoch 5 - avg_train_loss: 0.6425  avg_val_loss: 0.6497  time: 361s, lr: 0.00009
[2021-12-07 14:02:06] - Epoch 5 - Score: 18.7854
[2021-12-07 14:08:06] - Epoch 6 - avg_train_loss: 0.6389  avg_val_loss: 0.6480  time: 361s, lr: 0.00009
[2021-12-07 14:08:06] - Epoch 6 - Score: 18.5773
[2021-12-07 14:14:07] - Epoch 7 - avg_train_loss: 0.6362  avg_val_loss: 0.6591  time: 361s, lr: 0.00008
[2021-12-07 14:14:07] - Epoch 7 - Score: 19.8660
[2021-12-07 14:14:07] - Early stop!!
[2021-12-07 14:14:08] - ========== fold: 2 result ==========
[2021-12-07 14:14:08] - Score: 18.5037
[2021-12-07 14:14:08] - ========== fold: 3 training ==========
[2021-12-07 14:20:12] - Epoch 1 - avg_train_loss: 0.6601  avg_val_loss: 0.6487  time: 361s, lr: 0.00010
[2021-12-07 14:20:12] - Epoch 1 - Score: 18.5824
[2021-12-07 14:20:12] - Epoch 1 - Save Best Score: 18.5824 Model
[2021-12-07 14:26:17] - Epoch 2 - avg_train_loss: 0.6525  avg_val_loss: 0.6454  time: 362s, lr: 0.00010
[2021-12-07 14:26:17] - Epoch 2 - Score: 18.1768
[2021-12-07 14:26:17] - Epoch 2 - Save Best Score: 18.1768 Model
[2021-12-07 14:26:18] - Loss decreased 18.58237 -> 18.17679
[2021-12-07 14:32:20] - Epoch 3 - avg_train_loss: 0.6478  avg_val_loss: 0.6469  time: 361s, lr: 0.00010
[2021-12-07 14:32:20] - Epoch 3 - Score: 18.3590
[2021-12-07 14:38:21] - Epoch 4 - avg_train_loss: 0.6441  avg_val_loss: 0.6453  time: 361s, lr: 0.00009
[2021-12-07 14:38:21] - Epoch 4 - Score: 18.1457
[2021-12-07 14:38:21] - Epoch 4 - Save Best Score: 18.1457 Model
[2021-12-07 14:38:23] - Loss decreased 18.17679 -> 18.14567
[2021-12-07 14:44:26] - Epoch 5 - avg_train_loss: 0.6407  avg_val_loss: 0.6501  time: 362s, lr: 0.00009
[2021-12-07 14:44:26] - Epoch 5 - Score: 18.7480
[2021-12-07 14:50:27] - Epoch 6 - avg_train_loss: 0.6372  avg_val_loss: 0.6482  time: 361s, lr: 0.00009
[2021-12-07 14:50:27] - Epoch 6 - Score: 18.5121
[2021-12-07 14:56:29] - Epoch 7 - avg_train_loss: 0.6333  avg_val_loss: 0.6495  time: 361s, lr: 0.00008
[2021-12-07 14:56:29] - Epoch 7 - Score: 18.6142
[2021-12-07 15:02:30] - Epoch 8 - avg_train_loss: 0.6276  avg_val_loss: 0.6505  time: 362s, lr: 0.00007
[2021-12-07 15:02:30] - Epoch 8 - Score: 18.6705
[2021-12-07 15:02:30] - Early stop!!
[2021-12-07 15:02:31] - ========== fold: 3 result ==========
[2021-12-07 15:02:31] - Score: 18.1457
[2021-12-07 15:02:31] - ========== fold: 4 training ==========
[2021-12-07 15:08:36] - Epoch 1 - avg_train_loss: 0.6602  avg_val_loss: 0.6513  time: 363s, lr: 0.00010
[2021-12-07 15:08:36] - Epoch 1 - Score: 18.9675
[2021-12-07 15:08:36] - Epoch 1 - Save Best Score: 18.9675 Model
[2021-12-07 15:14:40] - Epoch 2 - avg_train_loss: 0.6527  avg_val_loss: 0.6443  time: 362s, lr: 0.00010
[2021-12-07 15:14:40] - Epoch 2 - Score: 18.1333
[2021-12-07 15:14:40] - Epoch 2 - Save Best Score: 18.1333 Model
[2021-12-07 15:14:42] - Loss decreased 18.96749 -> 18.13328
[2021-12-07 15:20:46] - Epoch 3 - avg_train_loss: 0.6487  avg_val_loss: 0.6447  time: 362s, lr: 0.00010
[2021-12-07 15:20:46] - Epoch 3 - Score: 18.1761
[2021-12-07 15:26:47] - Epoch 4 - avg_train_loss: 0.6476  avg_val_loss: 0.6496  time: 361s, lr: 0.00009
[2021-12-07 15:26:47] - Epoch 4 - Score: 18.8307
[2021-12-07 15:32:49] - Epoch 5 - avg_train_loss: 0.6420  avg_val_loss: 0.6439  time: 362s, lr: 0.00009
[2021-12-07 15:32:49] - Epoch 5 - Score: 18.0522
[2021-12-07 15:32:49] - Epoch 5 - Save Best Score: 18.0522 Model
[2021-12-07 15:32:50] - Loss decreased 18.13328 -> 18.05225
[2021-12-07 15:38:54] - Epoch 6 - avg_train_loss: 0.6394  avg_val_loss: 0.6465  time: 362s, lr: 0.00009
[2021-12-07 15:38:54] - Epoch 6 - Score: 18.3762
[2021-12-07 15:44:56] - Epoch 7 - avg_train_loss: 0.6335  avg_val_loss: 0.6552  time: 362s, lr: 0.00008
[2021-12-07 15:44:56] - Epoch 7 - Score: 19.3288
[2021-12-07 15:50:58] - Epoch 8 - avg_train_loss: 0.6313  avg_val_loss: 0.6508  time: 362s, lr: 0.00007
[2021-12-07 15:50:58] - Epoch 8 - Score: 18.8603
[2021-12-07 15:57:00] - Epoch 9 - avg_train_loss: 0.6258  avg_val_loss: 0.6499  time: 362s, lr: 0.00007
[2021-12-07 15:57:00] - Epoch 9 - Score: 18.7099
[2021-12-07 15:57:00] - Early stop!!
[2021-12-07 15:57:01] - ========== fold: 4 result ==========
[2021-12-07 15:57:01] - Score: 18.0522
[2021-12-07 15:57:01] - ========== CV ==========
[2021-12-07 15:57:01] - Score: 18.4354
