[2021-12-19 00:15:45] - ========== fold: 0 training ==========
[2021-12-19 00:21:58] - Epoch 1 - avg_train_loss: 0.6627  avg_val_loss: 0.6535  time: 359s, lr: 0.00002
[2021-12-19 00:21:58] - Epoch 1 - Score: 19.4087
[2021-12-19 00:21:58] - Epoch 1 - Save Best Score: 19.4087 Model
[2021-12-19 00:24:38] - Epoch 2 - avg_train_loss: 0.6543  avg_val_loss: 0.6483  time: 158s, lr: 0.00002
[2021-12-19 00:24:38] - Epoch 2 - Score: 18.7655
[2021-12-19 00:24:38] - Epoch 2 - Save Best Score: 18.7655 Model
[2021-12-19 00:24:38] - Loss decreased 19.40869 -> 18.76552
[2021-12-19 00:27:18] - Epoch 3 - avg_train_loss: 0.6525  avg_val_loss: 0.6479  time: 159s, lr: 0.00002
[2021-12-19 00:27:18] - Epoch 3 - Score: 18.7095
[2021-12-19 00:27:18] - Epoch 3 - Save Best Score: 18.7095 Model
[2021-12-19 00:27:18] - Loss decreased 18.76552 -> 18.70951
[2021-12-19 00:29:56] - Epoch 4 - avg_train_loss: 0.6501  avg_val_loss: 0.6448  time: 158s, lr: 0.00002
[2021-12-19 00:29:56] - Epoch 4 - Score: 18.3169
[2021-12-19 00:29:56] - Epoch 4 - Save Best Score: 18.3169 Model
[2021-12-19 00:29:57] - Loss decreased 18.70951 -> 18.31689
[2021-12-19 00:32:35] - Epoch 5 - avg_train_loss: 0.6488  avg_val_loss: 0.6461  time: 157s, lr: 0.00002
[2021-12-19 00:32:35] - Epoch 5 - Score: 18.4848
[2021-12-19 00:35:13] - Epoch 6 - avg_train_loss: 0.6484  avg_val_loss: 0.6438  time: 158s, lr: 0.00002
[2021-12-19 00:35:13] - Epoch 6 - Score: 18.2080
[2021-12-19 00:35:13] - Epoch 6 - Save Best Score: 18.2080 Model
[2021-12-19 00:35:13] - Loss decreased 18.31689 -> 18.20801
[2021-12-19 00:37:52] - Epoch 7 - avg_train_loss: 0.6462  avg_val_loss: 0.6446  time: 158s, lr: 0.00002
[2021-12-19 00:37:52] - Epoch 7 - Score: 18.3119
[2021-12-19 00:40:30] - Epoch 8 - avg_train_loss: 0.6453  avg_val_loss: 0.6435  time: 158s, lr: 0.00002
[2021-12-19 00:40:30] - Epoch 8 - Score: 18.1579
[2021-12-19 00:40:30] - Epoch 8 - Save Best Score: 18.1579 Model
[2021-12-19 00:40:30] - Loss decreased 18.20801 -> 18.15787
[2021-12-19 00:43:09] - Epoch 9 - avg_train_loss: 0.6441  avg_val_loss: 0.6436  time: 158s, lr: 0.00001
[2021-12-19 00:43:09] - Epoch 9 - Score: 18.1747
[2021-12-19 00:45:47] - Epoch 10 - avg_train_loss: 0.6427  avg_val_loss: 0.6441  time: 158s, lr: 0.00001
[2021-12-19 00:45:47] - Epoch 10 - Score: 18.2549
[2021-12-19 00:48:25] - Epoch 11 - avg_train_loss: 0.6413  avg_val_loss: 0.6462  time: 158s, lr: 0.00001
[2021-12-19 00:48:25] - Epoch 11 - Score: 18.5219
[2021-12-19 00:51:03] - Epoch 12 - avg_train_loss: 0.6404  avg_val_loss: 0.6444  time: 158s, lr: 0.00001
[2021-12-19 00:51:03] - Epoch 12 - Score: 18.2884
[2021-12-19 00:51:03] - Early stop!!
[2021-12-19 00:51:03] - ========== fold: 0 result ==========
[2021-12-19 00:51:03] - Score: 18.1579
[2021-12-19 00:51:03] - ========== fold: 1 training ==========
[2021-12-19 00:53:41] - Epoch 1 - avg_train_loss: 0.6656  avg_val_loss: 0.6546  time: 157s, lr: 0.00002
[2021-12-19 00:53:41] - Epoch 1 - Score: 19.3072
[2021-12-19 00:53:41] - Epoch 1 - Save Best Score: 19.3072 Model
[2021-12-19 00:56:20] - Epoch 2 - avg_train_loss: 0.6545  avg_val_loss: 0.6524  time: 158s, lr: 0.00002
[2021-12-19 00:56:20] - Epoch 2 - Score: 19.0367
[2021-12-19 00:56:20] - Epoch 2 - Save Best Score: 19.0367 Model
[2021-12-19 00:56:21] - Loss decreased 19.30717 -> 19.03669
[2021-12-19 00:58:59] - Epoch 3 - avg_train_loss: 0.6511  avg_val_loss: 0.6531  time: 158s, lr: 0.00002
[2021-12-19 00:58:59] - Epoch 3 - Score: 19.1063
[2021-12-19 01:01:38] - Epoch 4 - avg_train_loss: 0.6498  avg_val_loss: 0.6530  time: 158s, lr: 0.00002
[2021-12-19 01:01:38] - Epoch 4 - Score: 19.0980
[2021-12-19 01:04:16] - Epoch 5 - avg_train_loss: 0.6489  avg_val_loss: 0.6504  time: 158s, lr: 0.00002
[2021-12-19 01:04:16] - Epoch 5 - Score: 18.7807
[2021-12-19 01:04:16] - Epoch 5 - Save Best Score: 18.7807 Model
[2021-12-19 01:04:16] - Loss decreased 19.03669 -> 18.78067
[2021-12-19 01:06:55] - Epoch 6 - avg_train_loss: 0.6460  avg_val_loss: 0.6508  time: 158s, lr: 0.00002
[2021-12-19 01:06:55] - Epoch 6 - Score: 18.8376
[2021-12-19 01:09:33] - Epoch 7 - avg_train_loss: 0.6461  avg_val_loss: 0.6508  time: 159s, lr: 0.00002
[2021-12-19 01:09:33] - Epoch 7 - Score: 18.8147
[2021-12-19 01:12:13] - Epoch 8 - avg_train_loss: 0.6437  avg_val_loss: 0.6491  time: 159s, lr: 0.00002
[2021-12-19 01:12:13] - Epoch 8 - Score: 18.6357
[2021-12-19 01:12:13] - Epoch 8 - Save Best Score: 18.6357 Model
[2021-12-19 01:12:13] - Loss decreased 18.78067 -> 18.63567
[2021-12-19 01:14:52] - Epoch 9 - avg_train_loss: 0.6420  avg_val_loss: 0.6517  time: 159s, lr: 0.00001
[2021-12-19 01:14:52] - Epoch 9 - Score: 18.9485
[2021-12-19 01:17:31] - Epoch 10 - avg_train_loss: 0.6422  avg_val_loss: 0.6505  time: 159s, lr: 0.00001
[2021-12-19 01:17:31] - Epoch 10 - Score: 18.8010
[2021-12-19 01:20:10] - Epoch 11 - avg_train_loss: 0.6400  avg_val_loss: 0.6518  time: 159s, lr: 0.00001
[2021-12-19 01:20:10] - Epoch 11 - Score: 18.9561
[2021-12-19 01:22:49] - Epoch 12 - avg_train_loss: 0.6393  avg_val_loss: 0.6520  time: 159s, lr: 0.00001
[2021-12-19 01:22:49] - Epoch 12 - Score: 18.9519
[2021-12-19 01:22:49] - Early stop!!
[2021-12-19 01:22:50] - ========== fold: 1 result ==========
[2021-12-19 01:22:50] - Score: 18.6357
[2021-12-19 01:22:50] - ========== fold: 2 training ==========
[2021-12-19 01:25:29] - Epoch 1 - avg_train_loss: 0.6634  avg_val_loss: 0.6504  time: 159s, lr: 0.00002
[2021-12-19 01:25:29] - Epoch 1 - Score: 18.7626
[2021-12-19 01:25:29] - Epoch 1 - Save Best Score: 18.7626 Model
[2021-12-19 01:28:08] - Epoch 2 - avg_train_loss: 0.6549  avg_val_loss: 0.6498  time: 158s, lr: 0.00002
[2021-12-19 01:28:08] - Epoch 2 - Score: 18.6756
[2021-12-19 01:28:08] - Epoch 2 - Save Best Score: 18.6756 Model
[2021-12-19 01:28:08] - Loss decreased 18.76261 -> 18.67559
[2021-12-19 01:30:47] - Epoch 3 - avg_train_loss: 0.6529  avg_val_loss: 0.6449  time: 159s, lr: 0.00002
[2021-12-19 01:30:47] - Epoch 3 - Score: 18.0498
[2021-12-19 01:30:47] - Epoch 3 - Save Best Score: 18.0498 Model
[2021-12-19 01:30:47] - Loss decreased 18.67559 -> 18.04982
[2021-12-19 01:33:26] - Epoch 4 - avg_train_loss: 0.6494  avg_val_loss: 0.6478  time: 158s, lr: 0.00002
[2021-12-19 01:33:26] - Epoch 4 - Score: 18.4562
[2021-12-19 01:36:05] - Epoch 5 - avg_train_loss: 0.6491  avg_val_loss: 0.6467  time: 159s, lr: 0.00002
[2021-12-19 01:36:05] - Epoch 5 - Score: 18.2968
[2021-12-19 01:38:44] - Epoch 6 - avg_train_loss: 0.6485  avg_val_loss: 0.6456  time: 159s, lr: 0.00002
[2021-12-19 01:38:44] - Epoch 6 - Score: 18.1633
[2021-12-19 01:41:23] - Epoch 7 - avg_train_loss: 0.6461  avg_val_loss: 0.6455  time: 159s, lr: 0.00002
[2021-12-19 01:41:23] - Epoch 7 - Score: 18.1252
[2021-12-19 01:41:23] - Early stop!!
[2021-12-19 01:41:23] - ========== fold: 2 result ==========
[2021-12-19 01:41:23] - Score: 18.0498
[2021-12-19 01:41:23] - ========== fold: 3 training ==========
[2021-12-19 01:44:03] - Epoch 1 - avg_train_loss: 0.6644  avg_val_loss: 0.6552  time: 159s, lr: 0.00002
[2021-12-19 01:44:03] - Epoch 1 - Score: 19.4132
[2021-12-19 01:44:03] - Epoch 1 - Save Best Score: 19.4132 Model
[2021-12-19 01:46:42] - Epoch 2 - avg_train_loss: 0.6533  avg_val_loss: 0.6506  time: 159s, lr: 0.00002
[2021-12-19 01:46:42] - Epoch 2 - Score: 18.8521
[2021-12-19 01:46:42] - Epoch 2 - Save Best Score: 18.8521 Model
[2021-12-19 01:46:43] - Loss decreased 19.41324 -> 18.85212
[2021-12-19 01:49:22] - Epoch 3 - avg_train_loss: 0.6518  avg_val_loss: 0.6527  time: 158s, lr: 0.00002
[2021-12-19 01:49:22] - Epoch 3 - Score: 19.1079
[2021-12-19 01:52:01] - Epoch 4 - avg_train_loss: 0.6495  avg_val_loss: 0.6505  time: 159s, lr: 0.00002
[2021-12-19 01:52:01] - Epoch 4 - Score: 18.8514
[2021-12-19 01:52:01] - Epoch 4 - Save Best Score: 18.8514 Model
[2021-12-19 01:52:01] - Loss decreased 18.85212 -> 18.85135
[2021-12-19 01:54:40] - Epoch 5 - avg_train_loss: 0.6486  avg_val_loss: 0.6503  time: 158s, lr: 0.00002
[2021-12-19 01:54:40] - Epoch 5 - Score: 18.8136
[2021-12-19 01:54:40] - Epoch 5 - Save Best Score: 18.8136 Model
[2021-12-19 01:54:40] - Loss decreased 18.85135 -> 18.81357
[2021-12-19 01:57:19] - Epoch 6 - avg_train_loss: 0.6458  avg_val_loss: 0.6504  time: 158s, lr: 0.00002
[2021-12-19 01:57:19] - Epoch 6 - Score: 18.8131
[2021-12-19 01:57:19] - Epoch 6 - Save Best Score: 18.8131 Model
[2021-12-19 01:57:19] - Loss decreased 18.81357 -> 18.81309
[2021-12-19 01:59:59] - Epoch 7 - avg_train_loss: 0.6443  avg_val_loss: 0.6517  time: 159s, lr: 0.00002
[2021-12-19 01:59:59] - Epoch 7 - Score: 18.9627
[2021-12-19 02:02:37] - Epoch 8 - avg_train_loss: 0.6436  avg_val_loss: 0.6507  time: 158s, lr: 0.00002
[2021-12-19 02:02:37] - Epoch 8 - Score: 18.8435
[2021-12-19 02:05:15] - Epoch 9 - avg_train_loss: 0.6426  avg_val_loss: 0.6503  time: 158s, lr: 0.00001
[2021-12-19 02:05:15] - Epoch 9 - Score: 18.8006
[2021-12-19 02:05:15] - Epoch 9 - Save Best Score: 18.8006 Model
[2021-12-19 02:05:15] - Loss decreased 18.81309 -> 18.80061
[2021-12-19 02:07:55] - Epoch 10 - avg_train_loss: 0.6416  avg_val_loss: 0.6498  time: 160s, lr: 0.00001
[2021-12-19 02:07:55] - Epoch 10 - Score: 18.7040
[2021-12-19 02:07:55] - Epoch 10 - Save Best Score: 18.7040 Model
[2021-12-19 02:07:56] - Loss decreased 18.80061 -> 18.70400
[2021-12-19 02:10:35] - Epoch 11 - avg_train_loss: 0.6410  avg_val_loss: 0.6497  time: 158s, lr: 0.00001
[2021-12-19 02:10:35] - Epoch 11 - Score: 18.6964
[2021-12-19 02:10:35] - Epoch 11 - Save Best Score: 18.6964 Model
[2021-12-19 02:10:35] - Loss decreased 18.70400 -> 18.69637
[2021-12-19 02:13:14] - Epoch 12 - avg_train_loss: 0.6405  avg_val_loss: 0.6528  time: 159s, lr: 0.00001
[2021-12-19 02:13:14] - Epoch 12 - Score: 19.0525
[2021-12-19 02:15:53] - Epoch 13 - avg_train_loss: 0.6386  avg_val_loss: 0.6523  time: 159s, lr: 0.00001
[2021-12-19 02:15:53] - Epoch 13 - Score: 19.0084
[2021-12-19 02:18:32] - Epoch 14 - avg_train_loss: 0.6360  avg_val_loss: 0.6525  time: 160s, lr: 0.00001
[2021-12-19 02:18:32] - Epoch 14 - Score: 19.0094
[2021-12-19 02:21:12] - Epoch 15 - avg_train_loss: 0.6377  avg_val_loss: 0.6559  time: 160s, lr: 0.00001
[2021-12-19 02:21:12] - Epoch 15 - Score: 19.4154
[2021-12-19 02:21:12] - Early stop!!
[2021-12-19 02:21:13] - ========== fold: 3 result ==========
[2021-12-19 02:21:13] - Score: 18.6964
[2021-12-19 02:21:13] - ========== fold: 4 training ==========
[2021-12-19 02:23:53] - Epoch 1 - avg_train_loss: 0.6636  avg_val_loss: 0.6501  time: 160s, lr: 0.00002
[2021-12-19 02:23:53] - Epoch 1 - Score: 18.8614
[2021-12-19 02:23:53] - Epoch 1 - Save Best Score: 18.8614 Model
[2021-12-19 02:26:33] - Epoch 2 - avg_train_loss: 0.6548  avg_val_loss: 0.6484  time: 160s, lr: 0.00002
[2021-12-19 02:26:33] - Epoch 2 - Score: 18.6311
[2021-12-19 02:26:33] - Epoch 2 - Save Best Score: 18.6311 Model
[2021-12-19 02:26:34] - Loss decreased 18.86139 -> 18.63110
[2021-12-19 02:29:14] - Epoch 3 - avg_train_loss: 0.6527  avg_val_loss: 0.6476  time: 160s, lr: 0.00002
[2021-12-19 02:29:14] - Epoch 3 - Score: 18.5450
[2021-12-19 02:29:14] - Epoch 3 - Save Best Score: 18.5450 Model
[2021-12-19 02:29:14] - Loss decreased 18.63110 -> 18.54503
[2021-12-19 02:31:55] - Epoch 4 - avg_train_loss: 0.6496  avg_val_loss: 0.6451  time: 160s, lr: 0.00002
[2021-12-19 02:31:55] - Epoch 4 - Score: 18.2465
[2021-12-19 02:31:55] - Epoch 4 - Save Best Score: 18.2465 Model
[2021-12-19 02:31:55] - Loss decreased 18.54503 -> 18.24654
[2021-12-19 02:34:36] - Epoch 5 - avg_train_loss: 0.6493  avg_val_loss: 0.6457  time: 160s, lr: 0.00002
[2021-12-19 02:34:36] - Epoch 5 - Score: 18.3015
[2021-12-19 02:37:15] - Epoch 6 - avg_train_loss: 0.6474  avg_val_loss: 0.6432  time: 159s, lr: 0.00002
[2021-12-19 02:37:15] - Epoch 6 - Score: 17.9828
[2021-12-19 02:37:15] - Epoch 6 - Save Best Score: 17.9828 Model
[2021-12-19 02:37:16] - Loss decreased 18.24654 -> 17.98278
[2021-12-19 02:39:55] - Epoch 7 - avg_train_loss: 0.6460  avg_val_loss: 0.6431  time: 159s, lr: 0.00002
[2021-12-19 02:39:55] - Epoch 7 - Score: 17.9885
[2021-12-19 02:42:35] - Epoch 8 - avg_train_loss: 0.6439  avg_val_loss: 0.6413  time: 160s, lr: 0.00002
[2021-12-19 02:42:35] - Epoch 8 - Score: 17.7449
[2021-12-19 02:42:35] - Epoch 8 - Save Best Score: 17.7449 Model
[2021-12-19 02:42:35] - Loss decreased 17.98278 -> 17.74489
[2021-12-19 02:45:14] - Epoch 9 - avg_train_loss: 0.6424  avg_val_loss: 0.6433  time: 159s, lr: 0.00001
[2021-12-19 02:45:14] - Epoch 9 - Score: 18.0109
[2021-12-19 02:47:53] - Epoch 10 - avg_train_loss: 0.6434  avg_val_loss: 0.6432  time: 159s, lr: 0.00001
[2021-12-19 02:47:53] - Epoch 10 - Score: 18.0024
[2021-12-19 02:50:33] - Epoch 11 - avg_train_loss: 0.6410  avg_val_loss: 0.6449  time: 160s, lr: 0.00001
[2021-12-19 02:50:33] - Epoch 11 - Score: 18.2141
[2021-12-19 02:53:13] - Epoch 12 - avg_train_loss: 0.6416  avg_val_loss: 0.6452  time: 160s, lr: 0.00001
[2021-12-19 02:53:13] - Epoch 12 - Score: 18.2726
[2021-12-19 02:53:13] - Early stop!!
[2021-12-19 02:53:13] - ========== fold: 4 result ==========
[2021-12-19 02:53:13] - Score: 17.7449
[2021-12-19 02:53:13] - ========== fold: 5 training ==========
[2021-12-19 02:55:53] - Epoch 1 - avg_train_loss: 0.6648  avg_val_loss: 0.6525  time: 160s, lr: 0.00002
[2021-12-19 02:55:53] - Epoch 1 - Score: 19.0265
[2021-12-19 02:55:53] - Epoch 1 - Save Best Score: 19.0265 Model
[2021-12-19 02:58:37] - Epoch 2 - avg_train_loss: 0.6547  avg_val_loss: 0.6471  time: 163s, lr: 0.00002
[2021-12-19 02:58:37] - Epoch 2 - Score: 18.3511
[2021-12-19 02:58:37] - Epoch 2 - Save Best Score: 18.3511 Model
[2021-12-19 02:58:37] - Loss decreased 19.02646 -> 18.35113
[2021-12-19 03:01:21] - Epoch 3 - avg_train_loss: 0.6520  avg_val_loss: 0.6462  time: 163s, lr: 0.00002
[2021-12-19 03:01:21] - Epoch 3 - Score: 18.2188
[2021-12-19 03:01:21] - Epoch 3 - Save Best Score: 18.2188 Model
[2021-12-19 03:01:22] - Loss decreased 18.35113 -> 18.21877
[2021-12-19 03:04:06] - Epoch 4 - avg_train_loss: 0.6507  avg_val_loss: 0.6462  time: 164s, lr: 0.00002
[2021-12-19 03:04:06] - Epoch 4 - Score: 18.2229
[2021-12-19 03:06:50] - Epoch 5 - avg_train_loss: 0.6482  avg_val_loss: 0.6444  time: 164s, lr: 0.00002
[2021-12-19 03:06:50] - Epoch 5 - Score: 17.9964
[2021-12-19 03:06:50] - Epoch 5 - Save Best Score: 17.9964 Model
[2021-12-19 03:06:50] - Loss decreased 18.21877 -> 17.99644
[2021-12-19 03:09:34] - Epoch 6 - avg_train_loss: 0.6472  avg_val_loss: 0.6447  time: 164s, lr: 0.00002
[2021-12-19 03:09:34] - Epoch 6 - Score: 18.0364
[2021-12-19 03:12:18] - Epoch 7 - avg_train_loss: 0.6457  avg_val_loss: 0.6431  time: 164s, lr: 0.00002
[2021-12-19 03:12:18] - Epoch 7 - Score: 17.8059
[2021-12-19 03:12:18] - Epoch 7 - Save Best Score: 17.8059 Model
[2021-12-19 03:12:18] - Loss decreased 17.99644 -> 17.80590
[2021-12-19 03:15:03] - Epoch 8 - avg_train_loss: 0.6448  avg_val_loss: 0.6424  time: 164s, lr: 0.00002
[2021-12-19 03:15:03] - Epoch 8 - Score: 17.7263
[2021-12-19 03:15:03] - Epoch 8 - Save Best Score: 17.7263 Model
[2021-12-19 03:15:03] - Loss decreased 17.80590 -> 17.72631
[2021-12-19 03:17:48] - Epoch 9 - avg_train_loss: 0.6443  avg_val_loss: 0.6418  time: 164s, lr: 0.00001
[2021-12-19 03:17:48] - Epoch 9 - Score: 17.6563
[2021-12-19 03:17:48] - Epoch 9 - Save Best Score: 17.6563 Model
[2021-12-19 03:17:48] - Loss decreased 17.72631 -> 17.65634
[2021-12-19 03:20:32] - Epoch 10 - avg_train_loss: 0.6423  avg_val_loss: 0.6435  time: 164s, lr: 0.00001
[2021-12-19 03:20:32] - Epoch 10 - Score: 17.8711
[2021-12-19 03:23:16] - Epoch 11 - avg_train_loss: 0.6403  avg_val_loss: 0.6454  time: 164s, lr: 0.00001
[2021-12-19 03:23:16] - Epoch 11 - Score: 18.1351
[2021-12-19 03:26:00] - Epoch 12 - avg_train_loss: 0.6414  avg_val_loss: 0.6427  time: 164s, lr: 0.00001
[2021-12-19 03:26:00] - Epoch 12 - Score: 17.7683
[2021-12-19 03:28:44] - Epoch 13 - avg_train_loss: 0.6392  avg_val_loss: 0.6441  time: 164s, lr: 0.00001
[2021-12-19 03:28:44] - Epoch 13 - Score: 17.9321
[2021-12-19 03:28:44] - Early stop!!
[2021-12-19 03:28:44] - ========== fold: 5 result ==========
[2021-12-19 03:28:44] - Score: 17.6563
[2021-12-19 03:28:44] - ========== fold: 6 training ==========
[2021-12-19 03:31:27] - Epoch 1 - avg_train_loss: 0.6604  avg_val_loss: 0.6522  time: 163s, lr: 0.00002
[2021-12-19 03:31:27] - Epoch 1 - Score: 19.1214
[2021-12-19 03:31:27] - Epoch 1 - Save Best Score: 19.1214 Model
[2021-12-19 03:34:11] - Epoch 2 - avg_train_loss: 0.6541  avg_val_loss: 0.6505  time: 163s, lr: 0.00002
[2021-12-19 03:34:11] - Epoch 2 - Score: 18.9018
[2021-12-19 03:34:11] - Epoch 2 - Save Best Score: 18.9018 Model
[2021-12-19 03:34:11] - Loss decreased 19.12135 -> 18.90179
[2021-12-19 03:36:54] - Epoch 3 - avg_train_loss: 0.6511  avg_val_loss: 0.6487  time: 162s, lr: 0.00002
[2021-12-19 03:36:54] - Epoch 3 - Score: 18.6875
[2021-12-19 03:36:54] - Epoch 3 - Save Best Score: 18.6875 Model
[2021-12-19 03:36:54] - Loss decreased 18.90179 -> 18.68752
[2021-12-19 03:39:37] - Epoch 4 - avg_train_loss: 0.6492  avg_val_loss: 0.6499  time: 163s, lr: 0.00002
[2021-12-19 03:39:37] - Epoch 4 - Score: 18.8255
[2021-12-19 03:42:20] - Epoch 5 - avg_train_loss: 0.6486  avg_val_loss: 0.6495  time: 163s, lr: 0.00002
[2021-12-19 03:42:20] - Epoch 5 - Score: 18.7961
[2021-12-19 03:45:03] - Epoch 6 - avg_train_loss: 0.6461  avg_val_loss: 0.6469  time: 163s, lr: 0.00002
[2021-12-19 03:45:03] - Epoch 6 - Score: 18.4576
[2021-12-19 03:45:03] - Epoch 6 - Save Best Score: 18.4576 Model
[2021-12-19 03:45:03] - Loss decreased 18.68752 -> 18.45759
[2021-12-19 03:47:46] - Epoch 7 - avg_train_loss: 0.6450  avg_val_loss: 0.6472  time: 162s, lr: 0.00002
[2021-12-19 03:47:46] - Epoch 7 - Score: 18.5040
[2021-12-19 03:50:28] - Epoch 8 - avg_train_loss: 0.6449  avg_val_loss: 0.6472  time: 162s, lr: 0.00002
[2021-12-19 03:50:28] - Epoch 8 - Score: 18.5080
[2021-12-19 03:53:10] - Epoch 9 - avg_train_loss: 0.6428  avg_val_loss: 0.6481  time: 162s, lr: 0.00001
[2021-12-19 03:53:10] - Epoch 9 - Score: 18.6149
[2021-12-19 03:55:54] - Epoch 10 - avg_train_loss: 0.6424  avg_val_loss: 0.6487  time: 163s, lr: 0.00001
[2021-12-19 03:55:54] - Epoch 10 - Score: 18.6897
[2021-12-19 03:55:54] - Early stop!!
[2021-12-19 03:55:54] - ========== fold: 6 result ==========
[2021-12-19 03:55:54] - Score: 18.4576
[2021-12-19 03:55:54] - ========== fold: 7 training ==========
[2021-12-19 03:58:37] - Epoch 1 - avg_train_loss: 0.6618  avg_val_loss: 0.6534  time: 162s, lr: 0.00002
[2021-12-19 03:58:37] - Epoch 1 - Score: 19.1313
[2021-12-19 03:58:37] - Epoch 1 - Save Best Score: 19.1313 Model
[2021-12-19 04:01:20] - Epoch 2 - avg_train_loss: 0.6551  avg_val_loss: 0.6496  time: 163s, lr: 0.00002
[2021-12-19 04:01:20] - Epoch 2 - Score: 18.6459
[2021-12-19 04:01:20] - Epoch 2 - Save Best Score: 18.6459 Model
[2021-12-19 04:01:21] - Loss decreased 19.13134 -> 18.64592
[2021-12-19 04:04:04] - Epoch 3 - avg_train_loss: 0.6524  avg_val_loss: 0.6472  time: 163s, lr: 0.00002
[2021-12-19 04:04:04] - Epoch 3 - Score: 18.3368
[2021-12-19 04:04:04] - Epoch 3 - Save Best Score: 18.3368 Model
[2021-12-19 04:04:04] - Loss decreased 18.64592 -> 18.33683
[2021-12-19 04:06:47] - Epoch 4 - avg_train_loss: 0.6498  avg_val_loss: 0.6460  time: 162s, lr: 0.00002
[2021-12-19 04:06:47] - Epoch 4 - Score: 18.1702
[2021-12-19 04:06:47] - Epoch 4 - Save Best Score: 18.1702 Model
[2021-12-19 04:06:47] - Loss decreased 18.33683 -> 18.17024
[2021-12-19 04:09:30] - Epoch 5 - avg_train_loss: 0.6487  avg_val_loss: 0.6462  time: 162s, lr: 0.00002
[2021-12-19 04:09:30] - Epoch 5 - Score: 18.2095
[2021-12-19 04:12:15] - Epoch 6 - avg_train_loss: 0.6463  avg_val_loss: 0.6444  time: 164s, lr: 0.00002
[2021-12-19 04:12:15] - Epoch 6 - Score: 17.9716
[2021-12-19 04:12:15] - Epoch 6 - Save Best Score: 17.9716 Model
[2021-12-19 04:12:15] - Loss decreased 18.17024 -> 17.97163
[2021-12-19 04:14:59] - Epoch 7 - avg_train_loss: 0.6463  avg_val_loss: 0.6457  time: 163s, lr: 0.00002
[2021-12-19 04:14:59] - Epoch 7 - Score: 18.1346
[2021-12-19 04:17:43] - Epoch 8 - avg_train_loss: 0.6447  avg_val_loss: 0.6438  time: 164s, lr: 0.00002
[2021-12-19 04:17:43] - Epoch 8 - Score: 17.8913
[2021-12-19 04:17:43] - Epoch 8 - Save Best Score: 17.8913 Model
[2021-12-19 04:17:43] - Loss decreased 17.97163 -> 17.89131
[2021-12-19 04:20:27] - Epoch 9 - avg_train_loss: 0.6439  avg_val_loss: 0.6429  time: 163s, lr: 0.00001
[2021-12-19 04:20:27] - Epoch 9 - Score: 17.7668
[2021-12-19 04:20:27] - Epoch 9 - Save Best Score: 17.7668 Model
[2021-12-19 04:20:27] - Loss decreased 17.89131 -> 17.76678
[2021-12-19 04:23:10] - Epoch 10 - avg_train_loss: 0.6426  avg_val_loss: 0.6415  time: 163s, lr: 0.00001
[2021-12-19 04:23:10] - Epoch 10 - Score: 17.5889
[2021-12-19 04:23:10] - Epoch 10 - Save Best Score: 17.5889 Model
[2021-12-19 04:23:11] - Loss decreased 17.76678 -> 17.58887
[2021-12-19 04:25:54] - Epoch 11 - avg_train_loss: 0.6417  avg_val_loss: 0.6430  time: 163s, lr: 0.00001
[2021-12-19 04:25:54] - Epoch 11 - Score: 17.8081
[2021-12-19 04:28:36] - Epoch 12 - avg_train_loss: 0.6392  avg_val_loss: 0.6431  time: 162s, lr: 0.00001
[2021-12-19 04:28:36] - Epoch 12 - Score: 17.7967
[2021-12-19 04:31:20] - Epoch 13 - avg_train_loss: 0.6402  avg_val_loss: 0.6426  time: 164s, lr: 0.00001
[2021-12-19 04:31:20] - Epoch 13 - Score: 17.7288
[2021-12-19 04:34:03] - Epoch 14 - avg_train_loss: 0.6392  avg_val_loss: 0.6436  time: 163s, lr: 0.00001
[2021-12-19 04:34:03] - Epoch 14 - Score: 17.8845
[2021-12-19 04:34:03] - Early stop!!
[2021-12-19 04:34:04] - ========== fold: 7 result ==========
[2021-12-19 04:34:04] - Score: 17.5889
[2021-12-19 04:34:04] - ========== fold: 8 training ==========
[2021-12-19 04:36:47] - Epoch 1 - avg_train_loss: 0.6624  avg_val_loss: 0.6513  time: 163s, lr: 0.00002
[2021-12-19 04:36:47] - Epoch 1 - Score: 19.0846
[2021-12-19 04:36:47] - Epoch 1 - Save Best Score: 19.0846 Model
[2021-12-19 04:39:31] - Epoch 2 - avg_train_loss: 0.6546  avg_val_loss: 0.6461  time: 163s, lr: 0.00002
[2021-12-19 04:39:31] - Epoch 2 - Score: 18.4242
[2021-12-19 04:39:31] - Epoch 2 - Save Best Score: 18.4242 Model
[2021-12-19 04:39:31] - Loss decreased 19.08463 -> 18.42418
[2021-12-19 04:42:15] - Epoch 3 - avg_train_loss: 0.6518  avg_val_loss: 0.6445  time: 163s, lr: 0.00002
[2021-12-19 04:42:15] - Epoch 3 - Score: 18.2087
[2021-12-19 04:42:15] - Epoch 3 - Save Best Score: 18.2087 Model
[2021-12-19 04:42:15] - Loss decreased 18.42418 -> 18.20870
[2021-12-19 04:44:59] - Epoch 4 - avg_train_loss: 0.6502  avg_val_loss: 0.6450  time: 164s, lr: 0.00002
[2021-12-19 04:44:59] - Epoch 4 - Score: 18.2971
[2021-12-19 04:47:43] - Epoch 5 - avg_train_loss: 0.6485  avg_val_loss: 0.6427  time: 164s, lr: 0.00002
[2021-12-19 04:47:43] - Epoch 5 - Score: 17.9776
[2021-12-19 04:47:43] - Epoch 5 - Save Best Score: 17.9776 Model
[2021-12-19 04:47:43] - Loss decreased 18.20870 -> 17.97763
[2021-12-19 04:50:27] - Epoch 6 - avg_train_loss: 0.6476  avg_val_loss: 0.6433  time: 164s, lr: 0.00002
[2021-12-19 04:50:27] - Epoch 6 - Score: 18.0860
[2021-12-19 04:53:11] - Epoch 7 - avg_train_loss: 0.6453  avg_val_loss: 0.6432  time: 163s, lr: 0.00002
[2021-12-19 04:53:11] - Epoch 7 - Score: 18.0495
[2021-12-19 04:55:54] - Epoch 8 - avg_train_loss: 0.6452  avg_val_loss: 0.6414  time: 164s, lr: 0.00002
[2021-12-19 04:55:54] - Epoch 8 - Score: 17.8301
[2021-12-19 04:55:54] - Epoch 8 - Save Best Score: 17.8301 Model
[2021-12-19 04:55:55] - Loss decreased 17.97763 -> 17.83010
[2021-12-19 04:58:39] - Epoch 9 - avg_train_loss: 0.6429  avg_val_loss: 0.6436  time: 164s, lr: 0.00001
[2021-12-19 04:58:39] - Epoch 9 - Score: 18.1028
[2021-12-19 05:01:23] - Epoch 10 - avg_train_loss: 0.6416  avg_val_loss: 0.6429  time: 163s, lr: 0.00001
[2021-12-19 05:01:23] - Epoch 10 - Score: 18.0123
[2021-12-19 05:04:07] - Epoch 11 - avg_train_loss: 0.6431  avg_val_loss: 0.6405  time: 164s, lr: 0.00001
[2021-12-19 05:04:07] - Epoch 11 - Score: 17.6977
[2021-12-19 05:04:07] - Epoch 11 - Save Best Score: 17.6977 Model
[2021-12-19 05:04:07] - Loss decreased 17.83010 -> 17.69770
[2021-12-19 05:06:51] - Epoch 12 - avg_train_loss: 0.6404  avg_val_loss: 0.6415  time: 164s, lr: 0.00001
[2021-12-19 05:06:51] - Epoch 12 - Score: 17.8498
[2021-12-19 05:09:35] - Epoch 13 - avg_train_loss: 0.6407  avg_val_loss: 0.6403  time: 163s, lr: 0.00001
[2021-12-19 05:09:35] - Epoch 13 - Score: 17.6803
[2021-12-19 05:09:35] - Epoch 13 - Save Best Score: 17.6803 Model
[2021-12-19 05:09:35] - Loss decreased 17.69770 -> 17.68033
[2021-12-19 05:12:19] - Epoch 14 - avg_train_loss: 0.6400  avg_val_loss: 0.6421  time: 164s, lr: 0.00001
[2021-12-19 05:12:19] - Epoch 14 - Score: 17.8953
[2021-12-19 05:15:02] - Epoch 15 - avg_train_loss: 0.6389  avg_val_loss: 0.6426  time: 163s, lr: 0.00001
[2021-12-19 05:15:02] - Epoch 15 - Score: 17.9717
[2021-12-19 05:17:46] - Epoch 16 - avg_train_loss: 0.6406  avg_val_loss: 0.6425  time: 163s, lr: 0.00001
[2021-12-19 05:17:46] - Epoch 16 - Score: 17.9560
[2021-12-19 05:20:29] - Epoch 17 - avg_train_loss: 0.6383  avg_val_loss: 0.6432  time: 164s, lr: 0.00000
[2021-12-19 05:20:29] - Epoch 17 - Score: 18.0119
[2021-12-19 05:20:29] - Early stop!!
[2021-12-19 05:20:29] - ========== fold: 8 result ==========
[2021-12-19 05:20:29] - Score: 17.6803
[2021-12-19 05:20:29] - ========== fold: 9 training ==========
[2021-12-19 05:23:14] - Epoch 1 - avg_train_loss: 0.6633  avg_val_loss: 0.6521  time: 164s, lr: 0.00002
[2021-12-19 05:23:14] - Epoch 1 - Score: 19.1057
[2021-12-19 05:23:14] - Epoch 1 - Save Best Score: 19.1057 Model
[2021-12-19 05:25:59] - Epoch 2 - avg_train_loss: 0.6555  avg_val_loss: 0.6459  time: 164s, lr: 0.00002
[2021-12-19 05:25:59] - Epoch 2 - Score: 18.3146
[2021-12-19 05:25:59] - Epoch 2 - Save Best Score: 18.3146 Model
[2021-12-19 05:25:59] - Loss decreased 19.10568 -> 18.31464
[2021-12-19 05:28:44] - Epoch 3 - avg_train_loss: 0.6515  avg_val_loss: 0.6458  time: 164s, lr: 0.00002
[2021-12-19 05:28:44] - Epoch 3 - Score: 18.3141
[2021-12-19 05:28:44] - Epoch 3 - Save Best Score: 18.3141 Model
[2021-12-19 05:28:44] - Loss decreased 18.31464 -> 18.31413
[2021-12-19 05:31:29] - Epoch 4 - avg_train_loss: 0.6516  avg_val_loss: 0.6442  time: 164s, lr: 0.00002
[2021-12-19 05:31:29] - Epoch 4 - Score: 18.0847
[2021-12-19 05:31:29] - Epoch 4 - Save Best Score: 18.0847 Model
[2021-12-19 05:31:29] - Loss decreased 18.31413 -> 18.08469
[2021-12-19 05:34:14] - Epoch 5 - avg_train_loss: 0.6493  avg_val_loss: 0.6423  time: 164s, lr: 0.00002
[2021-12-19 05:34:14] - Epoch 5 - Score: 17.8499
[2021-12-19 05:34:14] - Epoch 5 - Save Best Score: 17.8499 Model
[2021-12-19 05:34:14] - Loss decreased 18.08469 -> 17.84989
[2021-12-19 05:36:59] - Epoch 6 - avg_train_loss: 0.6474  avg_val_loss: 0.6449  time: 164s, lr: 0.00002
[2021-12-19 05:36:59] - Epoch 6 - Score: 18.1795
[2021-12-19 05:39:43] - Epoch 7 - avg_train_loss: 0.6457  avg_val_loss: 0.6441  time: 164s, lr: 0.00002
[2021-12-19 05:39:43] - Epoch 7 - Score: 18.0905
[2021-12-19 05:42:28] - Epoch 8 - avg_train_loss: 0.6452  avg_val_loss: 0.6434  time: 165s, lr: 0.00002
[2021-12-19 05:42:28] - Epoch 8 - Score: 17.9742
[2021-12-19 05:45:12] - Epoch 9 - avg_train_loss: 0.6445  avg_val_loss: 0.6430  time: 165s, lr: 0.00001
[2021-12-19 05:45:12] - Epoch 9 - Score: 17.9584
[2021-12-19 05:45:12] - Early stop!!
[2021-12-19 05:45:12] - ========== fold: 9 result ==========
[2021-12-19 05:45:12] - Score: 17.8499
[2021-12-19 05:45:12] - ========== CV ==========
[2021-12-19 05:45:12] - Score: 18.0562
