[2021-12-17 17:36:45] - ========== fold: 5 training ==========
[2021-12-17 17:47:00] - Epoch 1 - avg_train_loss: 0.6615  avg_val_loss: 0.6423  time: 553s, lr: 0.00002
[2021-12-17 17:47:00] - Epoch 1 - Score: 17.7176
[2021-12-17 17:47:00] - Epoch 1 - Save Best Score: 17.7176 Model
[2021-12-17 17:53:38] - Epoch 2 - avg_train_loss: 0.6497  avg_val_loss: 0.6487  time: 395s, lr: 0.00002
[2021-12-17 17:53:38] - Epoch 2 - Score: 18.4833
[2021-12-17 18:00:13] - Epoch 3 - avg_train_loss: 0.6454  avg_val_loss: 0.6417  time: 395s, lr: 0.00002
[2021-12-17 18:00:13] - Epoch 3 - Score: 17.6634
[2021-12-17 18:00:13] - Epoch 3 - Save Best Score: 17.6634 Model
[2021-12-17 18:00:15] - Loss decreased 17.71756 -> 17.66343
[2021-12-17 18:06:51] - Epoch 4 - avg_train_loss: 0.6416  avg_val_loss: 0.6398  time: 395s, lr: 0.00002
[2021-12-17 18:06:51] - Epoch 4 - Score: 17.3953
[2021-12-17 18:06:51] - Epoch 4 - Save Best Score: 17.3953 Model
[2021-12-17 18:06:52] - Loss decreased 17.66343 -> 17.39527
[2021-12-17 18:13:28] - Epoch 5 - avg_train_loss: 0.6397  avg_val_loss: 0.6408  time: 394s, lr: 0.00002
[2021-12-17 18:13:28] - Epoch 5 - Score: 17.5252
[2021-12-17 18:20:03] - Epoch 6 - avg_train_loss: 0.6366  avg_val_loss: 0.6416  time: 395s, lr: 0.00002
[2021-12-17 18:20:03] - Epoch 6 - Score: 17.6654
[2021-12-17 18:26:38] - Epoch 7 - avg_train_loss: 0.6344  avg_val_loss: 0.6429  time: 395s, lr: 0.00002
[2021-12-17 18:26:38] - Epoch 7 - Score: 17.7878
[2021-12-17 18:33:13] - Epoch 8 - avg_train_loss: 0.6325  avg_val_loss: 0.6425  time: 395s, lr: 0.00002
[2021-12-17 18:33:13] - Epoch 8 - Score: 17.6947
[2021-12-17 18:33:13] - Early stop!!
[2021-12-17 18:33:14] - ========== fold: 5 result ==========
[2021-12-17 18:33:14] - Score: 17.3953
[2021-12-17 18:33:14] - ========== fold: 6 training ==========
[2021-12-17 18:39:53] - Epoch 1 - avg_train_loss: 0.6587  avg_val_loss: 0.6474  time: 396s, lr: 0.00002
[2021-12-17 18:39:53] - Epoch 1 - Score: 18.5276
[2021-12-17 18:39:53] - Epoch 1 - Save Best Score: 18.5276 Model
[2021-12-17 18:46:31] - Epoch 2 - avg_train_loss: 0.6486  avg_val_loss: 0.6456  time: 395s, lr: 0.00002
[2021-12-17 18:46:31] - Epoch 2 - Score: 18.2933
[2021-12-17 18:46:31] - Epoch 2 - Save Best Score: 18.2933 Model
[2021-12-17 18:46:33] - Loss decreased 18.52762 -> 18.29330
[2021-12-17 18:53:10] - Epoch 3 - avg_train_loss: 0.6446  avg_val_loss: 0.6466  time: 396s, lr: 0.00002
[2021-12-17 18:53:10] - Epoch 3 - Score: 18.4097
[2021-12-17 18:59:45] - Epoch 4 - avg_train_loss: 0.6418  avg_val_loss: 0.6463  time: 395s, lr: 0.00002
[2021-12-17 18:59:45] - Epoch 4 - Score: 18.3720
[2021-12-17 19:06:20] - Epoch 5 - avg_train_loss: 0.6407  avg_val_loss: 0.6433  time: 396s, lr: 0.00002
[2021-12-17 19:06:20] - Epoch 5 - Score: 18.0111
[2021-12-17 19:06:20] - Epoch 5 - Save Best Score: 18.0111 Model
[2021-12-17 19:06:22] - Loss decreased 18.29330 -> 18.01112
[2021-12-17 19:12:58] - Epoch 6 - avg_train_loss: 0.6383  avg_val_loss: 0.6438  time: 395s, lr: 0.00002
[2021-12-17 19:12:58] - Epoch 6 - Score: 18.0736
[2021-12-17 19:19:33] - Epoch 7 - avg_train_loss: 0.6354  avg_val_loss: 0.6433  time: 395s, lr: 0.00002
[2021-12-17 19:19:33] - Epoch 7 - Score: 17.9362
[2021-12-17 19:19:33] - Epoch 7 - Save Best Score: 17.9362 Model
[2021-12-17 19:19:35] - Loss decreased 18.01112 -> 17.93621
[2021-12-17 19:26:12] - Epoch 8 - avg_train_loss: 0.6324  avg_val_loss: 0.6435  time: 396s, lr: 0.00002
[2021-12-17 19:26:12] - Epoch 8 - Score: 17.9742
[2021-12-17 19:32:47] - Epoch 9 - avg_train_loss: 0.6303  avg_val_loss: 0.6420  time: 395s, lr: 0.00001
[2021-12-17 19:32:47] - Epoch 9 - Score: 17.7759
[2021-12-17 19:32:47] - Epoch 9 - Save Best Score: 17.7759 Model
[2021-12-17 19:32:48] - Loss decreased 17.93621 -> 17.77585
[2021-12-17 19:39:25] - Epoch 10 - avg_train_loss: 0.6279  avg_val_loss: 0.6470  time: 395s, lr: 0.00001
[2021-12-17 19:39:25] - Epoch 10 - Score: 18.3765
[2021-12-17 19:46:00] - Epoch 11 - avg_train_loss: 0.6246  avg_val_loss: 0.6484  time: 395s, lr: 0.00001
[2021-12-17 19:46:00] - Epoch 11 - Score: 18.4747
[2021-12-17 19:52:35] - Epoch 12 - avg_train_loss: 0.6220  avg_val_loss: 0.6448  time: 395s, lr: 0.00001
[2021-12-17 19:52:35] - Epoch 12 - Score: 18.1064
[2021-12-17 19:59:11] - Epoch 13 - avg_train_loss: 0.6197  avg_val_loss: 0.6489  time: 395s, lr: 0.00001
[2021-12-17 19:59:11] - Epoch 13 - Score: 18.4619
[2021-12-17 19:59:11] - Early stop!!
[2021-12-17 19:59:11] - ========== fold: 6 result ==========
[2021-12-17 19:59:11] - Score: 17.7759
[2021-12-17 19:59:11] - ========== fold: 7 training ==========
[2021-12-17 20:05:50] - Epoch 1 - avg_train_loss: 0.6602  avg_val_loss: 0.6453  time: 396s, lr: 0.00002
[2021-12-17 20:05:50] - Epoch 1 - Score: 18.1090
[2021-12-17 20:05:50] - Epoch 1 - Save Best Score: 18.1090 Model
[2021-12-17 20:12:29] - Epoch 2 - avg_train_loss: 0.6500  avg_val_loss: 0.6412  time: 396s, lr: 0.00002
[2021-12-17 20:12:29] - Epoch 2 - Score: 17.5427
[2021-12-17 20:12:29] - Epoch 2 - Save Best Score: 17.5427 Model
[2021-12-17 20:12:31] - Loss decreased 18.10899 -> 17.54272
[2021-12-17 20:19:08] - Epoch 3 - avg_train_loss: 0.6455  avg_val_loss: 0.6401  time: 396s, lr: 0.00002
[2021-12-17 20:19:08] - Epoch 3 - Score: 17.3984
[2021-12-17 20:19:08] - Epoch 3 - Save Best Score: 17.3984 Model
[2021-12-17 20:19:10] - Loss decreased 17.54272 -> 17.39835
[2021-12-17 20:25:48] - Epoch 4 - avg_train_loss: 0.6428  avg_val_loss: 0.6393  time: 397s, lr: 0.00002
[2021-12-17 20:25:48] - Epoch 4 - Score: 17.2736
[2021-12-17 20:25:48] - Epoch 4 - Save Best Score: 17.2736 Model
[2021-12-17 20:25:50] - Loss decreased 17.39835 -> 17.27359
[2021-12-17 20:32:28] - Epoch 5 - avg_train_loss: 0.6412  avg_val_loss: 0.6396  time: 396s, lr: 0.00002
[2021-12-17 20:32:28] - Epoch 5 - Score: 17.3129
[2021-12-17 20:39:04] - Epoch 6 - avg_train_loss: 0.6384  avg_val_loss: 0.6373  time: 396s, lr: 0.00002
[2021-12-17 20:39:04] - Epoch 6 - Score: 16.9675
[2021-12-17 20:39:04] - Epoch 6 - Save Best Score: 16.9675 Model
[2021-12-17 20:39:05] - Loss decreased 17.27359 -> 16.96746
[2021-12-17 20:45:42] - Epoch 7 - avg_train_loss: 0.6365  avg_val_loss: 0.6359  time: 396s, lr: 0.00002
[2021-12-17 20:45:42] - Epoch 7 - Score: 16.8127
[2021-12-17 20:45:42] - Epoch 7 - Save Best Score: 16.8127 Model
[2021-12-17 20:45:44] - Loss decreased 16.96746 -> 16.81273
[2021-12-17 20:52:22] - Epoch 8 - avg_train_loss: 0.6318  avg_val_loss: 0.6356  time: 397s, lr: 0.00002
[2021-12-17 20:52:22] - Epoch 8 - Score: 16.7339
[2021-12-17 20:52:22] - Epoch 8 - Save Best Score: 16.7339 Model
[2021-12-17 20:52:23] - Loss decreased 16.81273 -> 16.73387
[2021-12-17 20:59:01] - Epoch 9 - avg_train_loss: 0.6310  avg_val_loss: 0.6376  time: 397s, lr: 0.00001
[2021-12-17 20:59:01] - Epoch 9 - Score: 17.0279
[2021-12-17 21:05:37] - Epoch 10 - avg_train_loss: 0.6290  avg_val_loss: 0.6405  time: 396s, lr: 0.00001
[2021-12-17 21:05:37] - Epoch 10 - Score: 17.3992
[2021-12-17 21:12:14] - Epoch 11 - avg_train_loss: 0.6250  avg_val_loss: 0.6402  time: 396s, lr: 0.00001
[2021-12-17 21:12:14] - Epoch 11 - Score: 17.3868
[2021-12-17 21:18:50] - Epoch 12 - avg_train_loss: 0.6236  avg_val_loss: 0.6415  time: 396s, lr: 0.00001
[2021-12-17 21:18:50] - Epoch 12 - Score: 17.5295
[2021-12-17 21:18:50] - Early stop!!
[2021-12-17 21:18:51] - ========== fold: 7 result ==========
[2021-12-17 21:18:51] - Score: 16.7339
[2021-12-17 21:18:51] - ========== fold: 8 training ==========
[2021-12-17 21:25:29] - Epoch 1 - avg_train_loss: 0.6587  avg_val_loss: 0.6436  time: 396s, lr: 0.00002
[2021-12-17 21:25:29] - Epoch 1 - Score: 18.0978
[2021-12-17 21:25:29] - Epoch 1 - Save Best Score: 18.0978 Model
[2021-12-17 21:32:07] - Epoch 2 - avg_train_loss: 0.6482  avg_val_loss: 0.6419  time: 395s, lr: 0.00002
[2021-12-17 21:32:07] - Epoch 2 - Score: 17.8793
[2021-12-17 21:32:07] - Epoch 2 - Save Best Score: 17.8793 Model
[2021-12-17 21:32:08] - Loss decreased 18.09782 -> 17.87930
[2021-12-17 21:38:45] - Epoch 3 - avg_train_loss: 0.6454  avg_val_loss: 0.6375  time: 396s, lr: 0.00002
[2021-12-17 21:38:45] - Epoch 3 - Score: 17.3166
[2021-12-17 21:38:45] - Epoch 3 - Save Best Score: 17.3166 Model
[2021-12-17 21:38:47] - Loss decreased 17.87930 -> 17.31662
[2021-12-17 21:45:25] - Epoch 4 - avg_train_loss: 0.6438  avg_val_loss: 0.6386  time: 396s, lr: 0.00002
[2021-12-17 21:45:25] - Epoch 4 - Score: 17.4636
[2021-12-17 21:52:01] - Epoch 5 - avg_train_loss: 0.6401  avg_val_loss: 0.6396  time: 396s, lr: 0.00002
[2021-12-17 21:52:01] - Epoch 5 - Score: 17.5870
[2021-12-17 21:58:37] - Epoch 6 - avg_train_loss: 0.6371  avg_val_loss: 0.6381  time: 396s, lr: 0.00002
[2021-12-17 21:58:37] - Epoch 6 - Score: 17.4144
[2021-12-17 22:05:12] - Epoch 7 - avg_train_loss: 0.6348  avg_val_loss: 0.6377  time: 396s, lr: 0.00002
[2021-12-17 22:05:12] - Epoch 7 - Score: 17.3654
[2021-12-17 22:05:12] - Early stop!!
[2021-12-17 22:05:13] - ========== fold: 8 result ==========
[2021-12-17 22:05:13] - Score: 17.3166
[2021-12-17 22:05:13] - ========== fold: 9 training ==========
[2021-12-17 22:11:51] - Epoch 1 - avg_train_loss: 0.6601  avg_val_loss: 0.6465  time: 396s, lr: 0.00002
[2021-12-17 22:11:51] - Epoch 1 - Score: 18.4144
[2021-12-17 22:11:51] - Epoch 1 - Save Best Score: 18.4144 Model
[2021-12-17 22:18:30] - Epoch 2 - avg_train_loss: 0.6484  avg_val_loss: 0.6412  time: 396s, lr: 0.00002
[2021-12-17 22:18:30] - Epoch 2 - Score: 17.7359
[2021-12-17 22:18:30] - Epoch 2 - Save Best Score: 17.7359 Model
[2021-12-17 22:18:31] - Loss decreased 18.41439 -> 17.73594
[2021-12-17 22:25:09] - Epoch 3 - avg_train_loss: 0.6464  avg_val_loss: 0.6415  time: 396s, lr: 0.00002
[2021-12-17 22:25:09] - Epoch 3 - Score: 17.7244
[2021-12-17 22:25:09] - Epoch 3 - Save Best Score: 17.7244 Model
[2021-12-17 22:25:10] - Loss decreased 17.73594 -> 17.72436
[2021-12-17 22:31:48] - Epoch 4 - avg_train_loss: 0.6441  avg_val_loss: 0.6384  time: 396s, lr: 0.00002
[2021-12-17 22:31:48] - Epoch 4 - Score: 17.3412
[2021-12-17 22:31:48] - Epoch 4 - Save Best Score: 17.3412 Model
[2021-12-17 22:31:49] - Loss decreased 17.72436 -> 17.34117
[2021-12-17 22:38:26] - Epoch 5 - avg_train_loss: 0.6417  avg_val_loss: 0.6404  time: 396s, lr: 0.00002
[2021-12-17 22:38:26] - Epoch 5 - Score: 17.6000
[2021-12-17 22:45:02] - Epoch 6 - avg_train_loss: 0.6390  avg_val_loss: 0.6381  time: 396s, lr: 0.00002
[2021-12-17 22:45:02] - Epoch 6 - Score: 17.2195
[2021-12-17 22:45:02] - Epoch 6 - Save Best Score: 17.2195 Model
[2021-12-17 22:45:04] - Loss decreased 17.34117 -> 17.21954
[2021-12-17 22:51:41] - Epoch 7 - avg_train_loss: 0.6365  avg_val_loss: 0.6390  time: 396s, lr: 0.00002
[2021-12-17 22:51:41] - Epoch 7 - Score: 17.4221
[2021-12-17 22:58:17] - Epoch 8 - avg_train_loss: 0.6348  avg_val_loss: 0.6411  time: 396s, lr: 0.00002
[2021-12-17 22:58:17] - Epoch 8 - Score: 17.6531
[2021-12-17 23:04:53] - Epoch 9 - avg_train_loss: 0.6320  avg_val_loss: 0.6401  time: 396s, lr: 0.00001
[2021-12-17 23:04:53] - Epoch 9 - Score: 17.5000
[2021-12-17 23:11:29] - Epoch 10 - avg_train_loss: 0.6279  avg_val_loss: 0.6384  time: 396s, lr: 0.00001
[2021-12-17 23:11:29] - Epoch 10 - Score: 17.3178
[2021-12-17 23:11:29] - Early stop!!
[2021-12-17 23:11:30] - ========== fold: 9 result ==========
[2021-12-17 23:11:30] - Score: 17.2195
[2021-12-17 23:11:30] - ========== CV ==========
[2021-12-17 23:11:30] - Score: 17.2915
