[2021-12-19 00:18:30] - ========== fold: 0 training ==========
[2021-12-19 00:26:12] - Epoch 1 - avg_train_loss: 0.6623  avg_val_loss: 0.6531  time: 445s, lr: 0.00002
[2021-12-19 00:26:12] - Epoch 1 - Score: 19.3533
[2021-12-19 00:26:12] - Epoch 1 - Save Best Score: 19.3533 Model
[2021-12-19 00:30:48] - Epoch 2 - avg_train_loss: 0.6541  avg_val_loss: 0.6482  time: 274s, lr: 0.00002
[2021-12-19 00:30:48] - Epoch 2 - Score: 18.7365
[2021-12-19 00:30:49] - Epoch 2 - Save Best Score: 18.7365 Model
[2021-12-19 00:30:52] - Loss decreased 19.35327 -> 18.73647
[2021-12-19 00:34:43] - Epoch 3 - avg_train_loss: 0.6516  avg_val_loss: 0.6471  time: 230s, lr: 0.00002
[2021-12-19 00:34:43] - Epoch 3 - Score: 18.6149
[2021-12-19 00:34:43] - Epoch 3 - Save Best Score: 18.6149 Model
[2021-12-19 00:34:44] - Loss decreased 18.73647 -> 18.61493
[2021-12-19 00:37:57] - Epoch 4 - avg_train_loss: 0.6497  avg_val_loss: 0.6451  time: 192s, lr: 0.00002
[2021-12-19 00:37:57] - Epoch 4 - Score: 18.3481
[2021-12-19 00:37:57] - Epoch 4 - Save Best Score: 18.3481 Model
[2021-12-19 00:37:57] - Loss decreased 18.61493 -> 18.34809
[2021-12-19 00:41:10] - Epoch 5 - avg_train_loss: 0.6479  avg_val_loss: 0.6446  time: 192s, lr: 0.00002
[2021-12-19 00:41:10] - Epoch 5 - Score: 18.2959
[2021-12-19 00:41:10] - Epoch 5 - Save Best Score: 18.2959 Model
[2021-12-19 00:41:10] - Loss decreased 18.34809 -> 18.29594
[2021-12-19 00:44:21] - Epoch 6 - avg_train_loss: 0.6450  avg_val_loss: 0.6431  time: 190s, lr: 0.00002
[2021-12-19 00:44:21] - Epoch 6 - Score: 18.1044
[2021-12-19 00:44:21] - Epoch 6 - Save Best Score: 18.1044 Model
[2021-12-19 00:44:21] - Loss decreased 18.29594 -> 18.10445
[2021-12-19 00:47:32] - Epoch 7 - avg_train_loss: 0.6463  avg_val_loss: 0.6450  time: 190s, lr: 0.00002
[2021-12-19 00:47:32] - Epoch 7 - Score: 18.3614
[2021-12-19 00:50:42] - Epoch 8 - avg_train_loss: 0.6433  avg_val_loss: 0.6438  time: 190s, lr: 0.00002
[2021-12-19 00:50:42] - Epoch 8 - Score: 18.2130
[2021-12-19 00:53:51] - Epoch 9 - avg_train_loss: 0.6440  avg_val_loss: 0.6439  time: 189s, lr: 0.00001
[2021-12-19 00:53:51] - Epoch 9 - Score: 18.2397
[2021-12-19 00:57:02] - Epoch 10 - avg_train_loss: 0.6423  avg_val_loss: 0.6450  time: 191s, lr: 0.00001
[2021-12-19 00:57:02] - Epoch 10 - Score: 18.3916
[2021-12-19 00:57:02] - Early stop!!
[2021-12-19 00:57:02] - ========== fold: 0 result ==========
[2021-12-19 00:57:02] - Score: 18.1044
[2021-12-19 00:57:02] - ========== fold: 1 training ==========
[2021-12-19 01:00:12] - Epoch 1 - avg_train_loss: 0.6636  avg_val_loss: 0.6561  time: 189s, lr: 0.00002
[2021-12-19 01:00:12] - Epoch 1 - Score: 19.4881
[2021-12-19 01:00:12] - Epoch 1 - Save Best Score: 19.4881 Model
[2021-12-19 01:03:23] - Epoch 2 - avg_train_loss: 0.6541  avg_val_loss: 0.6545  time: 190s, lr: 0.00002
[2021-12-19 01:03:23] - Epoch 2 - Score: 19.2799
[2021-12-19 01:03:23] - Epoch 2 - Save Best Score: 19.2799 Model
[2021-12-19 01:03:24] - Loss decreased 19.48807 -> 19.27987
[2021-12-19 01:06:34] - Epoch 3 - avg_train_loss: 0.6510  avg_val_loss: 0.6522  time: 190s, lr: 0.00002
[2021-12-19 01:06:35] - Epoch 3 - Score: 19.0004
[2021-12-19 01:06:35] - Epoch 3 - Save Best Score: 19.0004 Model
[2021-12-19 01:06:35] - Loss decreased 19.27987 -> 19.00044
[2021-12-19 01:09:45] - Epoch 4 - avg_train_loss: 0.6487  avg_val_loss: 0.6536  time: 189s, lr: 0.00002
[2021-12-19 01:09:45] - Epoch 4 - Score: 19.1669
[2021-12-19 01:12:53] - Epoch 5 - avg_train_loss: 0.6473  avg_val_loss: 0.6506  time: 189s, lr: 0.00002
[2021-12-19 01:12:53] - Epoch 5 - Score: 18.8114
[2021-12-19 01:12:53] - Epoch 5 - Save Best Score: 18.8114 Model
[2021-12-19 01:12:54] - Loss decreased 19.00044 -> 18.81143
[2021-12-19 01:16:03] - Epoch 6 - avg_train_loss: 0.6457  avg_val_loss: 0.6505  time: 188s, lr: 0.00002
[2021-12-19 01:16:03] - Epoch 6 - Score: 18.7954
[2021-12-19 01:16:03] - Epoch 6 - Save Best Score: 18.7954 Model
[2021-12-19 01:16:03] - Loss decreased 18.81143 -> 18.79536
[2021-12-19 01:19:13] - Epoch 7 - avg_train_loss: 0.6456  avg_val_loss: 0.6495  time: 189s, lr: 0.00002
[2021-12-19 01:19:13] - Epoch 7 - Score: 18.6617
[2021-12-19 01:19:13] - Epoch 7 - Save Best Score: 18.6617 Model
[2021-12-19 01:19:14] - Loss decreased 18.79536 -> 18.66172
[2021-12-19 01:22:21] - Epoch 8 - avg_train_loss: 0.6438  avg_val_loss: 0.6494  time: 187s, lr: 0.00002
[2021-12-19 01:22:21] - Epoch 8 - Score: 18.6579
[2021-12-19 01:22:21] - Epoch 8 - Save Best Score: 18.6579 Model
[2021-12-19 01:22:22] - Loss decreased 18.66172 -> 18.65791
[2021-12-19 01:25:30] - Epoch 9 - avg_train_loss: 0.6422  avg_val_loss: 0.6502  time: 187s, lr: 0.00001
[2021-12-19 01:25:30] - Epoch 9 - Score: 18.7445
[2021-12-19 01:28:38] - Epoch 10 - avg_train_loss: 0.6402  avg_val_loss: 0.6501  time: 188s, lr: 0.00001
[2021-12-19 01:28:38] - Epoch 10 - Score: 18.7385
[2021-12-19 01:31:44] - Epoch 11 - avg_train_loss: 0.6378  avg_val_loss: 0.6506  time: 186s, lr: 0.00001
[2021-12-19 01:31:44] - Epoch 11 - Score: 18.7934
[2021-12-19 01:34:50] - Epoch 12 - avg_train_loss: 0.6376  avg_val_loss: 0.6494  time: 186s, lr: 0.00001
[2021-12-19 01:34:50] - Epoch 12 - Score: 18.6460
[2021-12-19 01:34:50] - Epoch 12 - Save Best Score: 18.6460 Model
[2021-12-19 01:34:51] - Loss decreased 18.65791 -> 18.64605
[2021-12-19 01:37:57] - Epoch 13 - avg_train_loss: 0.6384  avg_val_loss: 0.6521  time: 186s, lr: 0.00001
[2021-12-19 01:37:57] - Epoch 13 - Score: 18.9653
[2021-12-19 01:41:02] - Epoch 14 - avg_train_loss: 0.6374  avg_val_loss: 0.6502  time: 184s, lr: 0.00001
[2021-12-19 01:41:02] - Epoch 14 - Score: 18.7383
[2021-12-19 01:44:09] - Epoch 15 - avg_train_loss: 0.6366  avg_val_loss: 0.6497  time: 187s, lr: 0.00001
[2021-12-19 01:44:09] - Epoch 15 - Score: 18.6700
[2021-12-19 01:47:17] - Epoch 16 - avg_train_loss: 0.6350  avg_val_loss: 0.6515  time: 188s, lr: 0.00001
[2021-12-19 01:47:17] - Epoch 16 - Score: 18.9000
[2021-12-19 01:47:17] - Early stop!!
[2021-12-19 01:47:17] - ========== fold: 1 result ==========
[2021-12-19 01:47:17] - Score: 18.6460
[2021-12-19 01:47:17] - ========== fold: 2 training ==========
[2021-12-19 01:50:23] - Epoch 1 - avg_train_loss: 0.6646  avg_val_loss: 0.6535  time: 186s, lr: 0.00002
[2021-12-19 01:50:23] - Epoch 1 - Score: 19.1570
[2021-12-19 01:50:23] - Epoch 1 - Save Best Score: 19.1570 Model
[2021-12-19 01:53:28] - Epoch 2 - avg_train_loss: 0.6541  avg_val_loss: 0.6476  time: 184s, lr: 0.00002
[2021-12-19 01:53:28] - Epoch 2 - Score: 18.4021
[2021-12-19 01:53:28] - Epoch 2 - Save Best Score: 18.4021 Model
[2021-12-19 01:53:28] - Loss decreased 19.15696 -> 18.40214
[2021-12-19 01:56:33] - Epoch 3 - avg_train_loss: 0.6513  avg_val_loss: 0.6464  time: 184s, lr: 0.00002
[2021-12-19 01:56:33] - Epoch 3 - Score: 18.2453
[2021-12-19 01:56:33] - Epoch 3 - Save Best Score: 18.2453 Model
[2021-12-19 01:56:33] - Loss decreased 18.40214 -> 18.24533
[2021-12-19 01:59:38] - Epoch 4 - avg_train_loss: 0.6495  avg_val_loss: 0.6457  time: 184s, lr: 0.00002
[2021-12-19 01:59:38] - Epoch 4 - Score: 18.1680
[2021-12-19 01:59:38] - Epoch 4 - Save Best Score: 18.1680 Model
[2021-12-19 01:59:38] - Loss decreased 18.24533 -> 18.16795
[2021-12-19 02:02:42] - Epoch 5 - avg_train_loss: 0.6479  avg_val_loss: 0.6459  time: 184s, lr: 0.00002
[2021-12-19 02:02:42] - Epoch 5 - Score: 18.2008
[2021-12-19 02:05:46] - Epoch 6 - avg_train_loss: 0.6464  avg_val_loss: 0.6436  time: 183s, lr: 0.00002
[2021-12-19 02:05:46] - Epoch 6 - Score: 17.9027
[2021-12-19 02:05:46] - Epoch 6 - Save Best Score: 17.9027 Model
[2021-12-19 02:05:46] - Loss decreased 18.16795 -> 17.90265
[2021-12-19 02:08:51] - Epoch 7 - avg_train_loss: 0.6455  avg_val_loss: 0.6456  time: 184s, lr: 0.00002
[2021-12-19 02:08:51] - Epoch 7 - Score: 18.1461
[2021-12-19 02:11:58] - Epoch 8 - avg_train_loss: 0.6438  avg_val_loss: 0.6448  time: 186s, lr: 0.00002
[2021-12-19 02:11:58] - Epoch 8 - Score: 18.0360
[2021-12-19 02:15:06] - Epoch 9 - avg_train_loss: 0.6429  avg_val_loss: 0.6471  time: 188s, lr: 0.00001
[2021-12-19 02:15:06] - Epoch 9 - Score: 18.3255
[2021-12-19 02:18:14] - Epoch 10 - avg_train_loss: 0.6421  avg_val_loss: 0.6455  time: 188s, lr: 0.00001
[2021-12-19 02:18:14] - Epoch 10 - Score: 18.0770
[2021-12-19 02:18:14] - Early stop!!
[2021-12-19 02:18:14] - ========== fold: 2 result ==========
[2021-12-19 02:18:14] - Score: 17.9027
[2021-12-19 02:18:14] - ========== fold: 3 training ==========
[2021-12-19 02:21:22] - Epoch 1 - avg_train_loss: 0.6629  avg_val_loss: 0.6537  time: 187s, lr: 0.00002
[2021-12-19 02:21:22] - Epoch 1 - Score: 19.2201
[2021-12-19 02:21:22] - Epoch 1 - Save Best Score: 19.2201 Model
[2021-12-19 02:24:35] - Epoch 2 - avg_train_loss: 0.6547  avg_val_loss: 0.6509  time: 192s, lr: 0.00002
[2021-12-19 02:24:35] - Epoch 2 - Score: 18.8924
[2021-12-19 02:24:35] - Epoch 2 - Save Best Score: 18.8924 Model
[2021-12-19 02:24:35] - Loss decreased 19.22015 -> 18.89240
[2021-12-19 02:27:46] - Epoch 3 - avg_train_loss: 0.6504  avg_val_loss: 0.6502  time: 191s, lr: 0.00002
[2021-12-19 02:27:46] - Epoch 3 - Score: 18.8081
[2021-12-19 02:27:46] - Epoch 3 - Save Best Score: 18.8081 Model
[2021-12-19 02:27:47] - Loss decreased 18.89240 -> 18.80813
[2021-12-19 02:30:58] - Epoch 4 - avg_train_loss: 0.6489  avg_val_loss: 0.6494  time: 191s, lr: 0.00002
[2021-12-19 02:30:58] - Epoch 4 - Score: 18.7016
[2021-12-19 02:30:58] - Epoch 4 - Save Best Score: 18.7016 Model
[2021-12-19 02:30:59] - Loss decreased 18.80813 -> 18.70157
[2021-12-19 02:34:10] - Epoch 5 - avg_train_loss: 0.6476  avg_val_loss: 0.6495  time: 191s, lr: 0.00002
[2021-12-19 02:34:10] - Epoch 5 - Score: 18.6929
[2021-12-19 02:34:10] - Epoch 5 - Save Best Score: 18.6929 Model
[2021-12-19 02:34:11] - Loss decreased 18.70157 -> 18.69289
[2021-12-19 02:37:23] - Epoch 6 - avg_train_loss: 0.6458  avg_val_loss: 0.6498  time: 192s, lr: 0.00002
[2021-12-19 02:37:23] - Epoch 6 - Score: 18.7550
[2021-12-19 02:40:31] - Epoch 7 - avg_train_loss: 0.6445  avg_val_loss: 0.6507  time: 188s, lr: 0.00002
[2021-12-19 02:40:31] - Epoch 7 - Score: 18.8681
[2021-12-19 02:43:40] - Epoch 8 - avg_train_loss: 0.6430  avg_val_loss: 0.6497  time: 189s, lr: 0.00002
[2021-12-19 02:43:40] - Epoch 8 - Score: 18.7312
[2021-12-19 02:46:57] - Epoch 9 - avg_train_loss: 0.6416  avg_val_loss: 0.6520  time: 197s, lr: 0.00001
[2021-12-19 02:46:57] - Epoch 9 - Score: 19.0228
[2021-12-19 02:46:57] - Early stop!!
[2021-12-19 02:46:57] - ========== fold: 3 result ==========
[2021-12-19 02:46:57] - Score: 18.6929
[2021-12-19 02:46:57] - ========== fold: 4 training ==========
[2021-12-19 02:50:14] - Epoch 1 - avg_train_loss: 0.6634  avg_val_loss: 0.6517  time: 196s, lr: 0.00002
[2021-12-19 02:50:14] - Epoch 1 - Score: 19.0571
[2021-12-19 02:50:14] - Epoch 1 - Save Best Score: 19.0571 Model
[2021-12-19 02:53:39] - Epoch 2 - avg_train_loss: 0.6548  avg_val_loss: 0.6451  time: 204s, lr: 0.00002
[2021-12-19 02:53:39] - Epoch 2 - Score: 18.2293
[2021-12-19 02:53:39] - Epoch 2 - Save Best Score: 18.2293 Model
[2021-12-19 02:53:39] - Loss decreased 19.05714 -> 18.22931
[2021-12-19 02:57:04] - Epoch 3 - avg_train_loss: 0.6517  avg_val_loss: 0.6461  time: 204s, lr: 0.00002
[2021-12-19 02:57:04] - Epoch 3 - Score: 18.3406
[2021-12-19 03:00:29] - Epoch 4 - avg_train_loss: 0.6494  avg_val_loss: 0.6453  time: 204s, lr: 0.00002
[2021-12-19 03:00:29] - Epoch 4 - Score: 18.2493
[2021-12-19 03:03:53] - Epoch 5 - avg_train_loss: 0.6479  avg_val_loss: 0.6451  time: 205s, lr: 0.00002
[2021-12-19 03:03:53] - Epoch 5 - Score: 18.2281
[2021-12-19 03:03:53] - Epoch 5 - Save Best Score: 18.2281 Model
[2021-12-19 03:03:54] - Loss decreased 18.22931 -> 18.22809
[2021-12-19 03:07:21] - Epoch 6 - avg_train_loss: 0.6454  avg_val_loss: 0.6464  time: 206s, lr: 0.00002
[2021-12-19 03:07:21] - Epoch 6 - Score: 18.3905
[2021-12-19 03:10:47] - Epoch 7 - avg_train_loss: 0.6447  avg_val_loss: 0.6465  time: 206s, lr: 0.00002
[2021-12-19 03:10:47] - Epoch 7 - Score: 18.4380
[2021-12-19 03:14:14] - Epoch 8 - avg_train_loss: 0.6436  avg_val_loss: 0.6413  time: 207s, lr: 0.00002
[2021-12-19 03:14:14] - Epoch 8 - Score: 17.7476
[2021-12-19 03:14:14] - Epoch 8 - Save Best Score: 17.7476 Model
[2021-12-19 03:14:15] - Loss decreased 18.22809 -> 17.74760
[2021-12-19 03:17:42] - Epoch 9 - avg_train_loss: 0.6432  avg_val_loss: 0.6440  time: 207s, lr: 0.00001
[2021-12-19 03:17:42] - Epoch 9 - Score: 18.1018
[2021-12-19 03:21:04] - Epoch 10 - avg_train_loss: 0.6413  avg_val_loss: 0.6448  time: 202s, lr: 0.00001
[2021-12-19 03:21:04] - Epoch 10 - Score: 18.2069
[2021-12-19 03:24:24] - Epoch 11 - avg_train_loss: 0.6401  avg_val_loss: 0.6427  time: 200s, lr: 0.00001
[2021-12-19 03:24:24] - Epoch 11 - Score: 17.9494
[2021-12-19 03:27:44] - Epoch 12 - avg_train_loss: 0.6405  avg_val_loss: 0.6417  time: 200s, lr: 0.00001
[2021-12-19 03:27:44] - Epoch 12 - Score: 17.8076
[2021-12-19 03:27:44] - Early stop!!
[2021-12-19 03:27:44] - ========== fold: 4 result ==========
[2021-12-19 03:27:44] - Score: 17.7476
[2021-12-19 03:27:44] - ========== fold: 5 training ==========
[2021-12-19 03:31:05] - Epoch 1 - avg_train_loss: 0.6622  avg_val_loss: 0.6512  time: 200s, lr: 0.00002
[2021-12-19 03:31:05] - Epoch 1 - Score: 18.8654
[2021-12-19 03:31:05] - Epoch 1 - Save Best Score: 18.8654 Model
[2021-12-19 03:34:24] - Epoch 2 - avg_train_loss: 0.6551  avg_val_loss: 0.6475  time: 198s, lr: 0.00002
[2021-12-19 03:34:24] - Epoch 2 - Score: 18.3939
[2021-12-19 03:34:24] - Epoch 2 - Save Best Score: 18.3939 Model
[2021-12-19 03:34:25] - Loss decreased 18.86539 -> 18.39391
[2021-12-19 03:37:45] - Epoch 3 - avg_train_loss: 0.6518  avg_val_loss: 0.6452  time: 199s, lr: 0.00002
[2021-12-19 03:37:45] - Epoch 3 - Score: 18.0803
[2021-12-19 03:37:45] - Epoch 3 - Save Best Score: 18.0803 Model
[2021-12-19 03:37:45] - Loss decreased 18.39391 -> 18.08027
[2021-12-19 03:41:06] - Epoch 4 - avg_train_loss: 0.6501  avg_val_loss: 0.6461  time: 201s, lr: 0.00002
[2021-12-19 03:41:06] - Epoch 4 - Score: 18.2268
[2021-12-19 03:44:27] - Epoch 5 - avg_train_loss: 0.6474  avg_val_loss: 0.6431  time: 201s, lr: 0.00002
[2021-12-19 03:44:27] - Epoch 5 - Score: 17.8252
[2021-12-19 03:44:27] - Epoch 5 - Save Best Score: 17.8252 Model
[2021-12-19 03:44:28] - Loss decreased 18.08027 -> 17.82523
[2021-12-19 03:47:47] - Epoch 6 - avg_train_loss: 0.6468  avg_val_loss: 0.6450  time: 199s, lr: 0.00002
[2021-12-19 03:47:47] - Epoch 6 - Score: 18.0538
[2021-12-19 03:51:05] - Epoch 7 - avg_train_loss: 0.6442  avg_val_loss: 0.6435  time: 198s, lr: 0.00002
[2021-12-19 03:51:05] - Epoch 7 - Score: 17.8710
[2021-12-19 03:54:24] - Epoch 8 - avg_train_loss: 0.6442  avg_val_loss: 0.6436  time: 199s, lr: 0.00002
[2021-12-19 03:54:24] - Epoch 8 - Score: 17.8923
[2021-12-19 03:57:43] - Epoch 9 - avg_train_loss: 0.6441  avg_val_loss: 0.6429  time: 199s, lr: 0.00001
[2021-12-19 03:57:43] - Epoch 9 - Score: 17.7888
[2021-12-19 03:57:43] - Epoch 9 - Save Best Score: 17.7888 Model
[2021-12-19 03:57:44] - Loss decreased 17.82523 -> 17.78882
[2021-12-19 04:01:01] - Epoch 10 - avg_train_loss: 0.6421  avg_val_loss: 0.6429  time: 197s, lr: 0.00001
[2021-12-19 04:01:01] - Epoch 10 - Score: 17.8052
[2021-12-19 04:04:19] - Epoch 11 - avg_train_loss: 0.6406  avg_val_loss: 0.6438  time: 198s, lr: 0.00001
[2021-12-19 04:04:19] - Epoch 11 - Score: 17.9296
[2021-12-19 04:07:41] - Epoch 12 - avg_train_loss: 0.6390  avg_val_loss: 0.6425  time: 202s, lr: 0.00001
[2021-12-19 04:07:41] - Epoch 12 - Score: 17.7410
[2021-12-19 04:07:41] - Epoch 12 - Save Best Score: 17.7410 Model
[2021-12-19 04:07:41] - Loss decreased 17.78882 -> 17.74101
[2021-12-19 04:11:02] - Epoch 13 - avg_train_loss: 0.6395  avg_val_loss: 0.6412  time: 201s, lr: 0.00001
[2021-12-19 04:11:02] - Epoch 13 - Score: 17.5798
[2021-12-19 04:11:02] - Epoch 13 - Save Best Score: 17.5798 Model
[2021-12-19 04:11:03] - Loss decreased 17.74101 -> 17.57980
[2021-12-19 04:14:24] - Epoch 14 - avg_train_loss: 0.6380  avg_val_loss: 0.6422  time: 200s, lr: 0.00001
[2021-12-19 04:14:24] - Epoch 14 - Score: 17.7124
[2021-12-19 04:17:46] - Epoch 15 - avg_train_loss: 0.6391  avg_val_loss: 0.6439  time: 203s, lr: 0.00001
[2021-12-19 04:17:46] - Epoch 15 - Score: 17.9098
[2021-12-19 04:21:08] - Epoch 16 - avg_train_loss: 0.6381  avg_val_loss: 0.6444  time: 202s, lr: 0.00001
[2021-12-19 04:21:08] - Epoch 16 - Score: 17.9920
[2021-12-19 04:24:30] - Epoch 17 - avg_train_loss: 0.6374  avg_val_loss: 0.6437  time: 201s, lr: 0.00000
[2021-12-19 04:24:30] - Epoch 17 - Score: 17.9090
[2021-12-19 04:24:30] - Early stop!!
[2021-12-19 04:24:30] - ========== fold: 5 result ==========
[2021-12-19 04:24:30] - Score: 17.5798
[2021-12-19 04:24:30] - ========== fold: 6 training ==========
[2021-12-19 04:27:51] - Epoch 1 - avg_train_loss: 0.6634  avg_val_loss: 0.6529  time: 201s, lr: 0.00002
[2021-12-19 04:27:51] - Epoch 1 - Score: 19.2079
[2021-12-19 04:27:52] - Epoch 1 - Save Best Score: 19.2079 Model
[2021-12-19 04:31:14] - Epoch 2 - avg_train_loss: 0.6531  avg_val_loss: 0.6485  time: 201s, lr: 0.00002
[2021-12-19 04:31:14] - Epoch 2 - Score: 18.6650
[2021-12-19 04:31:14] - Epoch 2 - Save Best Score: 18.6650 Model
[2021-12-19 04:31:14] - Loss decreased 19.20791 -> 18.66499
[2021-12-19 04:34:36] - Epoch 3 - avg_train_loss: 0.6511  avg_val_loss: 0.6480  time: 201s, lr: 0.00002
[2021-12-19 04:34:36] - Epoch 3 - Score: 18.5911
[2021-12-19 04:34:36] - Epoch 3 - Save Best Score: 18.5911 Model
[2021-12-19 04:34:37] - Loss decreased 18.66499 -> 18.59112
[2021-12-19 04:37:58] - Epoch 4 - avg_train_loss: 0.6489  avg_val_loss: 0.6481  time: 201s, lr: 0.00002
[2021-12-19 04:37:58] - Epoch 4 - Score: 18.6229
[2021-12-19 04:41:18] - Epoch 5 - avg_train_loss: 0.6467  avg_val_loss: 0.6471  time: 200s, lr: 0.00002
[2021-12-19 04:41:18] - Epoch 5 - Score: 18.4943
[2021-12-19 04:41:18] - Epoch 5 - Save Best Score: 18.4943 Model
[2021-12-19 04:41:18] - Loss decreased 18.59112 -> 18.49434
[2021-12-19 04:44:38] - Epoch 6 - avg_train_loss: 0.6456  avg_val_loss: 0.6484  time: 200s, lr: 0.00002
[2021-12-19 04:44:38] - Epoch 6 - Score: 18.6746
[2021-12-19 04:47:58] - Epoch 7 - avg_train_loss: 0.6445  avg_val_loss: 0.6465  time: 200s, lr: 0.00002
[2021-12-19 04:47:58] - Epoch 7 - Score: 18.4127
[2021-12-19 04:47:58] - Epoch 7 - Save Best Score: 18.4127 Model
[2021-12-19 04:47:59] - Loss decreased 18.49434 -> 18.41271
[2021-12-19 04:51:17] - Epoch 8 - avg_train_loss: 0.6427  avg_val_loss: 0.6486  time: 197s, lr: 0.00002
[2021-12-19 04:51:17] - Epoch 8 - Score: 18.6771
[2021-12-19 04:54:35] - Epoch 9 - avg_train_loss: 0.6419  avg_val_loss: 0.6490  time: 198s, lr: 0.00001
[2021-12-19 04:54:35] - Epoch 9 - Score: 18.7415
[2021-12-19 04:57:57] - Epoch 10 - avg_train_loss: 0.6399  avg_val_loss: 0.6465  time: 202s, lr: 0.00001
[2021-12-19 04:57:57] - Epoch 10 - Score: 18.4172
[2021-12-19 05:01:20] - Epoch 11 - avg_train_loss: 0.6405  avg_val_loss: 0.6485  time: 203s, lr: 0.00001
[2021-12-19 05:01:20] - Epoch 11 - Score: 18.6882
[2021-12-19 05:01:20] - Early stop!!
[2021-12-19 05:01:20] - ========== fold: 6 result ==========
[2021-12-19 05:01:20] - Score: 18.4127
[2021-12-19 05:01:20] - ========== fold: 7 training ==========
[2021-12-19 05:04:43] - Epoch 1 - avg_train_loss: 0.6618  avg_val_loss: 0.6532  time: 202s, lr: 0.00002
[2021-12-19 05:04:43] - Epoch 1 - Score: 19.1002
[2021-12-19 05:04:43] - Epoch 1 - Save Best Score: 19.1002 Model
[2021-12-19 05:08:05] - Epoch 2 - avg_train_loss: 0.6541  avg_val_loss: 0.6499  time: 201s, lr: 0.00002
[2021-12-19 05:08:05] - Epoch 2 - Score: 18.6752
[2021-12-19 05:08:05] - Epoch 2 - Save Best Score: 18.6752 Model
[2021-12-19 05:08:06] - Loss decreased 19.10023 -> 18.67519
[2021-12-19 05:11:30] - Epoch 3 - avg_train_loss: 0.6524  avg_val_loss: 0.6495  time: 204s, lr: 0.00002
[2021-12-19 05:11:30] - Epoch 3 - Score: 18.6296
[2021-12-19 05:11:30] - Epoch 3 - Save Best Score: 18.6296 Model
[2021-12-19 05:11:31] - Loss decreased 18.67519 -> 18.62958
[2021-12-19 05:14:55] - Epoch 4 - avg_train_loss: 0.6495  avg_val_loss: 0.6458  time: 204s, lr: 0.00002
[2021-12-19 05:14:55] - Epoch 4 - Score: 18.1569
[2021-12-19 05:14:55] - Epoch 4 - Save Best Score: 18.1569 Model
[2021-12-19 05:14:56] - Loss decreased 18.62958 -> 18.15690
[2021-12-19 05:18:21] - Epoch 5 - avg_train_loss: 0.6487  avg_val_loss: 0.6466  time: 204s, lr: 0.00002
[2021-12-19 05:18:21] - Epoch 5 - Score: 18.2585
[2021-12-19 05:21:45] - Epoch 6 - avg_train_loss: 0.6474  avg_val_loss: 0.6433  time: 204s, lr: 0.00002
[2021-12-19 05:21:45] - Epoch 6 - Score: 17.8188
[2021-12-19 05:21:45] - Epoch 6 - Save Best Score: 17.8188 Model
[2021-12-19 05:21:45] - Loss decreased 18.15690 -> 17.81885
[2021-12-19 05:25:09] - Epoch 7 - avg_train_loss: 0.6440  avg_val_loss: 0.6440  time: 203s, lr: 0.00002
[2021-12-19 05:25:09] - Epoch 7 - Score: 17.9097
[2021-12-19 05:28:31] - Epoch 8 - avg_train_loss: 0.6440  avg_val_loss: 0.6431  time: 202s, lr: 0.00002
[2021-12-19 05:28:31] - Epoch 8 - Score: 17.7821
[2021-12-19 05:28:31] - Epoch 8 - Save Best Score: 17.7821 Model
[2021-12-19 05:28:32] - Loss decreased 17.81885 -> 17.78214
[2021-12-19 05:31:54] - Epoch 9 - avg_train_loss: 0.6442  avg_val_loss: 0.6448  time: 202s, lr: 0.00001
[2021-12-19 05:31:54] - Epoch 9 - Score: 18.0132
[2021-12-19 05:35:17] - Epoch 10 - avg_train_loss: 0.6417  avg_val_loss: 0.6445  time: 203s, lr: 0.00001
[2021-12-19 05:35:17] - Epoch 10 - Score: 17.9526
[2021-12-19 05:38:39] - Epoch 11 - avg_train_loss: 0.6414  avg_val_loss: 0.6436  time: 202s, lr: 0.00001
[2021-12-19 05:38:39] - Epoch 11 - Score: 17.8582
[2021-12-19 05:42:01] - Epoch 12 - avg_train_loss: 0.6395  avg_val_loss: 0.6442  time: 202s, lr: 0.00001
[2021-12-19 05:42:01] - Epoch 12 - Score: 17.9381
[2021-12-19 05:42:01] - Early stop!!
[2021-12-19 05:42:01] - ========== fold: 7 result ==========
[2021-12-19 05:42:01] - Score: 17.7821
[2021-12-19 05:42:01] - ========== fold: 8 training ==========
[2021-12-19 05:45:23] - Epoch 1 - avg_train_loss: 0.6609  avg_val_loss: 0.6512  time: 201s, lr: 0.00002
[2021-12-19 05:45:23] - Epoch 1 - Score: 19.0677
[2021-12-19 05:45:23] - Epoch 1 - Save Best Score: 19.0677 Model
[2021-12-19 05:48:46] - Epoch 2 - avg_train_loss: 0.6545  avg_val_loss: 0.6468  time: 202s, lr: 0.00002
[2021-12-19 05:48:46] - Epoch 2 - Score: 18.5034
[2021-12-19 05:48:46] - Epoch 2 - Save Best Score: 18.5034 Model
[2021-12-19 05:48:46] - Loss decreased 19.06769 -> 18.50345
[2021-12-19 05:52:08] - Epoch 3 - avg_train_loss: 0.6519  avg_val_loss: 0.6455  time: 202s, lr: 0.00002
[2021-12-19 05:52:08] - Epoch 3 - Score: 18.3438
[2021-12-19 05:52:08] - Epoch 3 - Save Best Score: 18.3438 Model
[2021-12-19 05:52:09] - Loss decreased 18.50345 -> 18.34378
[2021-12-19 05:55:32] - Epoch 4 - avg_train_loss: 0.6495  avg_val_loss: 0.6423  time: 203s, lr: 0.00002
[2021-12-19 05:55:32] - Epoch 4 - Score: 17.9356
[2021-12-19 05:55:32] - Epoch 4 - Save Best Score: 17.9356 Model
[2021-12-19 05:55:33] - Loss decreased 18.34378 -> 17.93556
[2021-12-19 05:58:55] - Epoch 5 - avg_train_loss: 0.6477  avg_val_loss: 0.6441  time: 202s, lr: 0.00002
[2021-12-19 05:58:55] - Epoch 5 - Score: 18.1580
[2021-12-19 06:02:18] - Epoch 6 - avg_train_loss: 0.6454  avg_val_loss: 0.6409  time: 203s, lr: 0.00002
[2021-12-19 06:02:18] - Epoch 6 - Score: 17.7497
[2021-12-19 06:02:18] - Epoch 6 - Save Best Score: 17.7497 Model
[2021-12-19 06:02:19] - Loss decreased 17.93556 -> 17.74968
[2021-12-19 06:05:43] - Epoch 7 - avg_train_loss: 0.6451  avg_val_loss: 0.6410  time: 204s, lr: 0.00002
[2021-12-19 06:05:43] - Epoch 7 - Score: 17.7621
[2021-12-19 06:09:07] - Epoch 8 - avg_train_loss: 0.6437  avg_val_loss: 0.6431  time: 204s, lr: 0.00002
[2021-12-19 06:09:07] - Epoch 8 - Score: 18.0446
[2021-12-19 06:12:30] - Epoch 9 - avg_train_loss: 0.6434  avg_val_loss: 0.6418  time: 203s, lr: 0.00001
[2021-12-19 06:12:30] - Epoch 9 - Score: 17.8592
[2021-12-19 06:15:53] - Epoch 10 - avg_train_loss: 0.6419  avg_val_loss: 0.6422  time: 203s, lr: 0.00001
[2021-12-19 06:15:53] - Epoch 10 - Score: 17.9501
[2021-12-19 06:15:53] - Early stop!!
[2021-12-19 06:15:53] - ========== fold: 8 result ==========
[2021-12-19 06:15:53] - Score: 17.7497
[2021-12-19 06:15:53] - ========== fold: 9 training ==========
[2021-12-19 06:19:17] - Epoch 1 - avg_train_loss: 0.6610  avg_val_loss: 0.6517  time: 203s, lr: 0.00002
[2021-12-19 06:19:17] - Epoch 1 - Score: 19.0556
[2021-12-19 06:19:17] - Epoch 1 - Save Best Score: 19.0556 Model
[2021-12-19 06:22:43] - Epoch 2 - avg_train_loss: 0.6540  avg_val_loss: 0.6506  time: 205s, lr: 0.00002
[2021-12-19 06:22:43] - Epoch 2 - Score: 18.9101
[2021-12-19 06:22:43] - Epoch 2 - Save Best Score: 18.9101 Model
[2021-12-19 06:22:44] - Loss decreased 19.05557 -> 18.91008
[2021-12-19 06:26:08] - Epoch 3 - avg_train_loss: 0.6521  avg_val_loss: 0.6459  time: 204s, lr: 0.00002
[2021-12-19 06:26:08] - Epoch 3 - Score: 18.3329
[2021-12-19 06:26:08] - Epoch 3 - Save Best Score: 18.3329 Model
[2021-12-19 06:26:09] - Loss decreased 18.91008 -> 18.33288
[2021-12-19 06:29:34] - Epoch 4 - avg_train_loss: 0.6498  avg_val_loss: 0.6441  time: 205s, lr: 0.00002
[2021-12-19 06:29:34] - Epoch 4 - Score: 18.0787
[2021-12-19 06:29:34] - Epoch 4 - Save Best Score: 18.0787 Model
[2021-12-19 06:29:34] - Loss decreased 18.33288 -> 18.07867
[2021-12-19 06:32:58] - Epoch 5 - avg_train_loss: 0.6479  avg_val_loss: 0.6454  time: 203s, lr: 0.00002
[2021-12-19 06:32:58] - Epoch 5 - Score: 18.2337
[2021-12-19 06:36:22] - Epoch 6 - avg_train_loss: 0.6472  avg_val_loss: 0.6443  time: 204s, lr: 0.00002
[2021-12-19 06:36:22] - Epoch 6 - Score: 18.0736
[2021-12-19 06:36:22] - Epoch 6 - Save Best Score: 18.0736 Model
[2021-12-19 06:36:23] - Loss decreased 18.07867 -> 18.07358
[2021-12-19 06:39:47] - Epoch 7 - avg_train_loss: 0.6462  avg_val_loss: 0.6433  time: 204s, lr: 0.00002
[2021-12-19 06:39:47] - Epoch 7 - Score: 17.9459
[2021-12-19 06:39:47] - Epoch 7 - Save Best Score: 17.9459 Model
[2021-12-19 06:39:47] - Loss decreased 18.07358 -> 17.94593
[2021-12-19 06:43:10] - Epoch 8 - avg_train_loss: 0.6446  avg_val_loss: 0.6447  time: 202s, lr: 0.00002
[2021-12-19 06:43:10] - Epoch 8 - Score: 18.1381
[2021-12-19 06:46:31] - Epoch 9 - avg_train_loss: 0.6428  avg_val_loss: 0.6440  time: 201s, lr: 0.00001
[2021-12-19 06:46:31] - Epoch 9 - Score: 18.0488
[2021-12-19 06:49:51] - Epoch 10 - avg_train_loss: 0.6412  avg_val_loss: 0.6443  time: 200s, lr: 0.00001
[2021-12-19 06:49:51] - Epoch 10 - Score: 18.0544
[2021-12-19 06:53:09] - Epoch 11 - avg_train_loss: 0.6406  avg_val_loss: 0.6418  time: 198s, lr: 0.00001
[2021-12-19 06:53:09] - Epoch 11 - Score: 17.7636
[2021-12-19 06:53:09] - Epoch 11 - Save Best Score: 17.7636 Model
[2021-12-19 06:53:10] - Loss decreased 17.94593 -> 17.76361
[2021-12-19 06:56:27] - Epoch 12 - avg_train_loss: 0.6413  avg_val_loss: 0.6440  time: 196s, lr: 0.00001
[2021-12-19 06:56:27] - Epoch 12 - Score: 18.0269
[2021-12-19 06:59:40] - Epoch 13 - avg_train_loss: 0.6392  avg_val_loss: 0.6420  time: 193s, lr: 0.00001
[2021-12-19 06:59:40] - Epoch 13 - Score: 17.7605
[2021-12-19 06:59:40] - Epoch 13 - Save Best Score: 17.7605 Model
[2021-12-19 06:59:41] - Loss decreased 17.76361 -> 17.76050
[2021-12-19 07:02:54] - Epoch 14 - avg_train_loss: 0.6383  avg_val_loss: 0.6434  time: 193s, lr: 0.00001
[2021-12-19 07:02:54] - Epoch 14 - Score: 17.9621
[2021-12-19 07:06:04] - Epoch 15 - avg_train_loss: 0.6378  avg_val_loss: 0.6440  time: 189s, lr: 0.00001
[2021-12-19 07:06:04] - Epoch 15 - Score: 18.0404
[2021-12-19 07:09:11] - Epoch 16 - avg_train_loss: 0.6366  avg_val_loss: 0.6463  time: 187s, lr: 0.00001
[2021-12-19 07:09:11] - Epoch 16 - Score: 18.3017
[2021-12-19 07:12:19] - Epoch 17 - avg_train_loss: 0.6366  avg_val_loss: 0.6463  time: 188s, lr: 0.00000
[2021-12-19 07:12:19] - Epoch 17 - Score: 18.2705
[2021-12-19 07:12:19] - Early stop!!
[2021-12-19 07:12:19] - ========== fold: 9 result ==========
[2021-12-19 07:12:19] - Score: 17.7605
[2021-12-19 07:12:19] - ========== CV ==========
[2021-12-19 07:12:19] - Score: 18.0420
