[2021-12-25 14:07:49] - ========== fold: 0 training ==========
[2021-12-25 14:29:04] - Epoch 1 - avg_train_loss: 0.6622  avg_val_loss: 0.6458  time: 1216s, lr: 0.00002
[2021-12-25 14:29:04] - Epoch 1 - Score: 18.4627
[2021-12-25 14:29:04] - Epoch 1 - Save Best Score: 18.4627 Model
[2021-12-25 14:34:08] - Epoch 2 - avg_train_loss: 0.6513  avg_val_loss: 0.6421  time: 301s, lr: 0.00002
[2021-12-25 14:34:08] - Epoch 2 - Score: 17.9809
[2021-12-25 14:34:08] - Epoch 2 - Save Best Score: 17.9809 Model
[2021-12-25 14:34:10] - Loss decreased 18.46269 -> 17.98089
[2021-12-25 14:39:13] - Epoch 3 - avg_train_loss: 0.6487  avg_val_loss: 0.6398  time: 301s, lr: 0.00002
[2021-12-25 14:39:13] - Epoch 3 - Score: 17.6809
[2021-12-25 14:39:13] - Epoch 3 - Save Best Score: 17.6809 Model
[2021-12-25 14:39:14] - Loss decreased 17.98089 -> 17.68093
[2021-12-25 14:44:18] - Epoch 4 - avg_train_loss: 0.6469  avg_val_loss: 0.6410  time: 302s, lr: 0.00002
[2021-12-25 14:44:18] - Epoch 4 - Score: 17.8455
[2021-12-25 14:49:17] - Epoch 5 - avg_train_loss: 0.6444  avg_val_loss: 0.6413  time: 300s, lr: 0.00002
[2021-12-25 14:49:17] - Epoch 5 - Score: 17.9069
[2021-12-25 14:54:18] - Epoch 6 - avg_train_loss: 0.6422  avg_val_loss: 0.6410  time: 301s, lr: 0.00002
[2021-12-25 14:54:18] - Epoch 6 - Score: 17.8592
[2021-12-25 14:59:20] - Epoch 7 - avg_train_loss: 0.6406  avg_val_loss: 0.6372  time: 301s, lr: 0.00002
[2021-12-25 14:59:20] - Epoch 7 - Score: 17.3603
[2021-12-25 14:59:20] - Epoch 7 - Save Best Score: 17.3603 Model
[2021-12-25 14:59:21] - Loss decreased 17.68093 -> 17.36029
[2021-12-25 15:04:23] - Epoch 8 - avg_train_loss: 0.6387  avg_val_loss: 0.6385  time: 300s, lr: 0.00002
[2021-12-25 15:04:23] - Epoch 8 - Score: 17.5101
[2021-12-25 15:09:25] - Epoch 9 - avg_train_loss: 0.6378  avg_val_loss: 0.6414  time: 301s, lr: 0.00001
[2021-12-25 15:09:25] - Epoch 9 - Score: 17.9046
[2021-12-25 15:14:26] - Epoch 10 - avg_train_loss: 0.6359  avg_val_loss: 0.6401  time: 302s, lr: 0.00001
[2021-12-25 15:14:26] - Epoch 10 - Score: 17.6949
[2021-12-25 15:19:28] - Epoch 11 - avg_train_loss: 0.6332  avg_val_loss: 0.6387  time: 301s, lr: 0.00001
[2021-12-25 15:19:28] - Epoch 11 - Score: 17.5295
[2021-12-25 15:19:28] - Early stop!!
[2021-12-25 15:19:29] - ========== fold: 0 result ==========
[2021-12-25 15:19:29] - Score: 17.3603
[2021-12-25 15:19:29] - ========== fold: 1 training ==========
[2021-12-25 15:24:33] - Epoch 1 - avg_train_loss: 0.6598  avg_val_loss: 0.6455  time: 301s, lr: 0.00002
[2021-12-25 15:24:33] - Epoch 1 - Score: 18.1554
[2021-12-25 15:24:33] - Epoch 1 - Save Best Score: 18.1554 Model
[2021-12-25 15:29:40] - Epoch 2 - avg_train_loss: 0.6506  avg_val_loss: 0.6434  time: 303s, lr: 0.00002
[2021-12-25 15:29:40] - Epoch 2 - Score: 17.8857
[2021-12-25 15:29:40] - Epoch 2 - Save Best Score: 17.8857 Model
[2021-12-25 15:29:41] - Loss decreased 18.15536 -> 17.88568
[2021-12-25 15:34:43] - Epoch 3 - avg_train_loss: 0.6470  avg_val_loss: 0.6452  time: 300s, lr: 0.00002
[2021-12-25 15:34:43] - Epoch 3 - Score: 18.1155
[2021-12-25 15:39:42] - Epoch 4 - avg_train_loss: 0.6455  avg_val_loss: 0.6411  time: 300s, lr: 0.00002
[2021-12-25 15:39:42] - Epoch 4 - Score: 17.5740
[2021-12-25 15:39:42] - Epoch 4 - Save Best Score: 17.5740 Model
[2021-12-25 15:39:44] - Loss decreased 17.88568 -> 17.57402
[2021-12-25 15:44:46] - Epoch 5 - avg_train_loss: 0.6441  avg_val_loss: 0.6433  time: 300s, lr: 0.00002
[2021-12-25 15:44:46] - Epoch 5 - Score: 17.8583
[2021-12-25 15:49:45] - Epoch 6 - avg_train_loss: 0.6425  avg_val_loss: 0.6397  time: 299s, lr: 0.00002
[2021-12-25 15:49:45] - Epoch 6 - Score: 17.3884
[2021-12-25 15:49:45] - Epoch 6 - Save Best Score: 17.3884 Model
[2021-12-25 15:49:46] - Loss decreased 17.57402 -> 17.38836
[2021-12-25 15:54:48] - Epoch 7 - avg_train_loss: 0.6384  avg_val_loss: 0.6432  time: 300s, lr: 0.00002
[2021-12-25 15:54:48] - Epoch 7 - Score: 17.7926
[2021-12-25 15:59:48] - Epoch 8 - avg_train_loss: 0.6355  avg_val_loss: 0.6420  time: 300s, lr: 0.00002
[2021-12-25 15:59:48] - Epoch 8 - Score: 17.6692
[2021-12-25 16:04:48] - Epoch 9 - avg_train_loss: 0.6360  avg_val_loss: 0.6426  time: 300s, lr: 0.00001
[2021-12-25 16:04:48] - Epoch 9 - Score: 17.7506
[2021-12-25 16:09:48] - Epoch 10 - avg_train_loss: 0.6315  avg_val_loss: 0.6449  time: 300s, lr: 0.00001
[2021-12-25 16:09:48] - Epoch 10 - Score: 17.8994
[2021-12-25 16:09:48] - Early stop!!
[2021-12-25 16:09:49] - ========== fold: 1 result ==========
[2021-12-25 16:09:49] - Score: 17.3884
[2021-12-25 16:09:49] - ========== fold: 2 training ==========
[2021-12-25 16:14:51] - Epoch 1 - avg_train_loss: 0.6612  avg_val_loss: 0.6437  time: 300s, lr: 0.00002
[2021-12-25 16:14:51] - Epoch 1 - Score: 17.9185
[2021-12-25 16:14:51] - Epoch 1 - Save Best Score: 17.9185 Model
[2021-12-25 16:19:56] - Epoch 2 - avg_train_loss: 0.6509  avg_val_loss: 0.6398  time: 302s, lr: 0.00002
[2021-12-25 16:19:56] - Epoch 2 - Score: 17.4054
[2021-12-25 16:19:56] - Epoch 2 - Save Best Score: 17.4054 Model
[2021-12-25 16:19:58] - Loss decreased 17.91852 -> 17.40543
[2021-12-25 16:25:01] - Epoch 3 - avg_train_loss: 0.6481  avg_val_loss: 0.6404  time: 301s, lr: 0.00002
[2021-12-25 16:25:01] - Epoch 3 - Score: 17.4843
[2021-12-25 16:29:57] - Epoch 4 - avg_train_loss: 0.6460  avg_val_loss: 0.6411  time: 296s, lr: 0.00002
[2021-12-25 16:29:57] - Epoch 4 - Score: 17.5702
[2021-12-25 16:34:51] - Epoch 5 - avg_train_loss: 0.6428  avg_val_loss: 0.6411  time: 294s, lr: 0.00002
[2021-12-25 16:34:51] - Epoch 5 - Score: 17.5517
[2021-12-25 16:39:44] - Epoch 6 - avg_train_loss: 0.6397  avg_val_loss: 0.6421  time: 294s, lr: 0.00002
[2021-12-25 16:39:44] - Epoch 6 - Score: 17.6598
[2021-12-25 16:39:44] - Early stop!!
[2021-12-25 16:39:45] - ========== fold: 2 result ==========
[2021-12-25 16:39:45] - Score: 17.4054
[2021-12-25 16:39:45] - ========== fold: 3 training ==========
[2021-12-25 16:44:43] - Epoch 1 - avg_train_loss: 0.6595  avg_val_loss: 0.6484  time: 295s, lr: 0.00002
[2021-12-25 16:44:43] - Epoch 1 - Score: 18.5557
[2021-12-25 16:44:43] - Epoch 1 - Save Best Score: 18.5557 Model
[2021-12-25 16:49:42] - Epoch 2 - avg_train_loss: 0.6504  avg_val_loss: 0.6466  time: 295s, lr: 0.00002
[2021-12-25 16:49:42] - Epoch 2 - Score: 18.3111
[2021-12-25 16:49:42] - Epoch 2 - Save Best Score: 18.3111 Model
[2021-12-25 16:49:43] - Loss decreased 18.55566 -> 18.31114
[2021-12-25 16:54:40] - Epoch 3 - avg_train_loss: 0.6469  avg_val_loss: 0.6457  time: 295s, lr: 0.00002
[2021-12-25 16:54:40] - Epoch 3 - Score: 18.2093
[2021-12-25 16:54:40] - Epoch 3 - Save Best Score: 18.2093 Model
[2021-12-25 16:54:42] - Loss decreased 18.31114 -> 18.20931
[2021-12-25 16:59:40] - Epoch 4 - avg_train_loss: 0.6456  avg_val_loss: 0.6522  time: 296s, lr: 0.00002
[2021-12-25 16:59:40] - Epoch 4 - Score: 18.9389
[2021-12-25 17:04:40] - Epoch 5 - avg_train_loss: 0.6436  avg_val_loss: 0.6543  time: 301s, lr: 0.00002
[2021-12-25 17:04:40] - Epoch 5 - Score: 19.1252
[2021-12-25 17:09:42] - Epoch 6 - avg_train_loss: 0.6405  avg_val_loss: 0.6501  time: 302s, lr: 0.00002
[2021-12-25 17:09:42] - Epoch 6 - Score: 18.6821
[2021-12-25 17:14:43] - Epoch 7 - avg_train_loss: 0.6379  avg_val_loss: 0.6509  time: 301s, lr: 0.00002
[2021-12-25 17:14:43] - Epoch 7 - Score: 18.7404
[2021-12-25 17:14:43] - Early stop!!
[2021-12-25 17:14:44] - ========== fold: 3 result ==========
[2021-12-25 17:14:44] - Score: 18.2093
[2021-12-25 17:14:44] - ========== fold: 4 training ==========
[2021-12-25 17:19:46] - Epoch 1 - avg_train_loss: 0.6620  avg_val_loss: 0.6455  time: 301s, lr: 0.00002
[2021-12-25 17:19:46] - Epoch 1 - Score: 18.2895
[2021-12-25 17:19:46] - Epoch 1 - Save Best Score: 18.2895 Model
[2021-12-25 17:24:52] - Epoch 2 - avg_train_loss: 0.6526  avg_val_loss: 0.6439  time: 301s, lr: 0.00002
[2021-12-25 17:24:52] - Epoch 2 - Score: 18.0982
[2021-12-25 17:24:52] - Epoch 2 - Save Best Score: 18.0982 Model
[2021-12-25 17:24:54] - Loss decreased 18.28948 -> 18.09821
[2021-12-25 17:29:56] - Epoch 3 - avg_train_loss: 0.6488  avg_val_loss: 0.6400  time: 301s, lr: 0.00002
[2021-12-25 17:29:56] - Epoch 3 - Score: 17.5857
[2021-12-25 17:29:56] - Epoch 3 - Save Best Score: 17.5857 Model
[2021-12-25 17:29:59] - Loss decreased 18.09821 -> 17.58568
[2021-12-25 17:35:02] - Epoch 4 - avg_train_loss: 0.6466  avg_val_loss: 0.6391  time: 302s, lr: 0.00002
[2021-12-25 17:35:02] - Epoch 4 - Score: 17.4634
[2021-12-25 17:35:02] - Epoch 4 - Save Best Score: 17.4634 Model
[2021-12-25 17:35:04] - Loss decreased 17.58568 -> 17.46335
[2021-12-25 17:40:09] - Epoch 5 - avg_train_loss: 0.6440  avg_val_loss: 0.6420  time: 303s, lr: 0.00002
[2021-12-25 17:40:09] - Epoch 5 - Score: 17.8265
[2021-12-25 17:45:12] - Epoch 6 - avg_train_loss: 0.6420  avg_val_loss: 0.6398  time: 303s, lr: 0.00002
[2021-12-25 17:45:12] - Epoch 6 - Score: 17.5463
[2021-12-25 17:50:14] - Epoch 7 - avg_train_loss: 0.6407  avg_val_loss: 0.6405  time: 303s, lr: 0.00002
[2021-12-25 17:50:14] - Epoch 7 - Score: 17.6396
[2021-12-25 17:55:17] - Epoch 8 - avg_train_loss: 0.6374  avg_val_loss: 0.6414  time: 303s, lr: 0.00002
[2021-12-25 17:55:17] - Epoch 8 - Score: 17.7546
[2021-12-25 17:55:17] - Early stop!!
[2021-12-25 17:55:18] - ========== fold: 4 result ==========
[2021-12-25 17:55:18] - Score: 17.4634
[2021-12-25 17:55:18] - ========== fold: 5 training ==========
[2021-12-25 18:00:23] - Epoch 1 - avg_train_loss: 0.6608  avg_val_loss: 0.6427  time: 302s, lr: 0.00002
[2021-12-25 18:00:23] - Epoch 1 - Score: 17.7632
[2021-12-25 18:00:23] - Epoch 1 - Save Best Score: 17.7632 Model
[2021-12-25 18:05:28] - Epoch 2 - avg_train_loss: 0.6503  avg_val_loss: 0.6419  time: 301s, lr: 0.00002
[2021-12-25 18:05:28] - Epoch 2 - Score: 17.6496
[2021-12-25 18:05:28] - Epoch 2 - Save Best Score: 17.6496 Model
[2021-12-25 18:05:30] - Loss decreased 17.76318 -> 17.64961
[2021-12-25 18:10:34] - Epoch 3 - avg_train_loss: 0.6474  avg_val_loss: 0.6399  time: 303s, lr: 0.00002
[2021-12-25 18:10:34] - Epoch 3 - Score: 17.4203
[2021-12-25 18:10:34] - Epoch 3 - Save Best Score: 17.4203 Model
[2021-12-25 18:10:36] - Loss decreased 17.64961 -> 17.42026
[2021-12-25 18:15:41] - Epoch 4 - avg_train_loss: 0.6466  avg_val_loss: 0.6386  time: 303s, lr: 0.00002
[2021-12-25 18:15:41] - Epoch 4 - Score: 17.2450
[2021-12-25 18:15:41] - Epoch 4 - Save Best Score: 17.2450 Model
[2021-12-25 18:15:43] - Loss decreased 17.42026 -> 17.24501
[2021-12-25 18:20:49] - Epoch 5 - avg_train_loss: 0.6438  avg_val_loss: 0.6398  time: 304s, lr: 0.00002
[2021-12-25 18:20:49] - Epoch 5 - Score: 17.4060
[2021-12-25 18:25:51] - Epoch 6 - avg_train_loss: 0.6430  avg_val_loss: 0.6424  time: 302s, lr: 0.00002
[2021-12-25 18:25:51] - Epoch 6 - Score: 17.7059
[2021-12-25 18:30:54] - Epoch 7 - avg_train_loss: 0.6391  avg_val_loss: 0.6412  time: 303s, lr: 0.00002
[2021-12-25 18:30:54] - Epoch 7 - Score: 17.5942
[2021-12-25 18:35:56] - Epoch 8 - avg_train_loss: 0.6394  avg_val_loss: 0.6435  time: 303s, lr: 0.00002
[2021-12-25 18:35:56] - Epoch 8 - Score: 17.8660
[2021-12-25 18:35:56] - Early stop!!
[2021-12-25 18:35:57] - ========== fold: 5 result ==========
[2021-12-25 18:35:57] - Score: 17.2450
[2021-12-25 18:35:57] - ========== fold: 6 training ==========
[2021-12-25 18:41:05] - Epoch 1 - avg_train_loss: 0.6586  avg_val_loss: 0.6453  time: 305s, lr: 0.00002
[2021-12-25 18:41:05] - Epoch 1 - Score: 18.2664
[2021-12-25 18:41:05] - Epoch 1 - Save Best Score: 18.2664 Model
[2021-12-25 18:46:12] - Epoch 2 - avg_train_loss: 0.6510  avg_val_loss: 0.6452  time: 304s, lr: 0.00002
[2021-12-25 18:46:12] - Epoch 2 - Score: 18.2467
[2021-12-25 18:46:12] - Epoch 2 - Save Best Score: 18.2467 Model
[2021-12-25 18:46:14] - Loss decreased 18.26638 -> 18.24668
[2021-12-25 18:51:21] - Epoch 3 - avg_train_loss: 0.6478  avg_val_loss: 0.6431  time: 306s, lr: 0.00002
[2021-12-25 18:51:21] - Epoch 3 - Score: 17.9801
[2021-12-25 18:51:21] - Epoch 3 - Save Best Score: 17.9801 Model
[2021-12-25 18:51:23] - Loss decreased 18.24668 -> 17.98012
[2021-12-25 18:56:31] - Epoch 4 - avg_train_loss: 0.6464  avg_val_loss: 0.6439  time: 306s, lr: 0.00002
[2021-12-25 18:56:31] - Epoch 4 - Score: 18.1004
[2021-12-25 19:01:36] - Epoch 5 - avg_train_loss: 0.6435  avg_val_loss: 0.6418  time: 306s, lr: 0.00002
[2021-12-25 19:01:36] - Epoch 5 - Score: 17.8020
[2021-12-25 19:01:36] - Epoch 5 - Save Best Score: 17.8020 Model
[2021-12-25 19:01:38] - Loss decreased 17.98012 -> 17.80195
[2021-12-25 19:06:45] - Epoch 6 - avg_train_loss: 0.6419  avg_val_loss: 0.6459  time: 305s, lr: 0.00002
[2021-12-25 19:06:45] - Epoch 6 - Score: 18.2639
[2021-12-25 19:11:45] - Epoch 7 - avg_train_loss: 0.6406  avg_val_loss: 0.6419  time: 300s, lr: 0.00002
[2021-12-25 19:11:45] - Epoch 7 - Score: 17.7886
[2021-12-25 19:11:45] - Epoch 7 - Save Best Score: 17.7886 Model
[2021-12-25 19:11:47] - Loss decreased 17.80195 -> 17.78863
[2021-12-25 19:16:48] - Epoch 8 - avg_train_loss: 0.6382  avg_val_loss: 0.6429  time: 299s, lr: 0.00002
[2021-12-25 19:16:48] - Epoch 8 - Score: 17.9130
[2021-12-25 19:21:47] - Epoch 9 - avg_train_loss: 0.6377  avg_val_loss: 0.6428  time: 299s, lr: 0.00001
[2021-12-25 19:21:47] - Epoch 9 - Score: 17.8931
[2021-12-25 19:26:48] - Epoch 10 - avg_train_loss: 0.6353  avg_val_loss: 0.6481  time: 300s, lr: 0.00001
[2021-12-25 19:26:48] - Epoch 10 - Score: 18.4894
[2021-12-25 19:31:47] - Epoch 11 - avg_train_loss: 0.6323  avg_val_loss: 0.6449  time: 299s, lr: 0.00001
[2021-12-25 19:31:47] - Epoch 11 - Score: 18.1162
[2021-12-25 19:31:47] - Early stop!!
[2021-12-25 19:31:48] - ========== fold: 6 result ==========
[2021-12-25 19:31:48] - Score: 17.7886
[2021-12-25 19:31:48] - ========== fold: 7 training ==========
[2021-12-25 19:36:49] - Epoch 1 - avg_train_loss: 0.6602  avg_val_loss: 0.6434  time: 300s, lr: 0.00002
[2021-12-25 19:36:49] - Epoch 1 - Score: 17.8603
[2021-12-25 19:36:49] - Epoch 1 - Save Best Score: 17.8603 Model
[2021-12-25 19:41:52] - Epoch 2 - avg_train_loss: 0.6513  avg_val_loss: 0.6441  time: 298s, lr: 0.00002
[2021-12-25 19:41:52] - Epoch 2 - Score: 17.9502
[2021-12-25 19:46:55] - Epoch 3 - avg_train_loss: 0.6474  avg_val_loss: 0.6395  time: 303s, lr: 0.00002
[2021-12-25 19:46:55] - Epoch 3 - Score: 17.3353
[2021-12-25 19:46:55] - Epoch 3 - Save Best Score: 17.3353 Model
[2021-12-25 19:46:56] - Loss decreased 17.86033 -> 17.33532
[2021-12-25 19:52:05] - Epoch 4 - avg_train_loss: 0.6451  avg_val_loss: 0.6372  time: 307s, lr: 0.00002
[2021-12-25 19:52:05] - Epoch 4 - Score: 17.0215
[2021-12-25 19:52:05] - Epoch 4 - Save Best Score: 17.0215 Model
[2021-12-25 19:52:07] - Loss decreased 17.33532 -> 17.02151
[2021-12-25 19:57:15] - Epoch 5 - avg_train_loss: 0.6456  avg_val_loss: 0.6373  time: 307s, lr: 0.00002
[2021-12-25 19:57:15] - Epoch 5 - Score: 17.0379
[2021-12-25 20:02:20] - Epoch 6 - avg_train_loss: 0.6413  avg_val_loss: 0.6372  time: 305s, lr: 0.00002
[2021-12-25 20:02:20] - Epoch 6 - Score: 17.0240
[2021-12-25 20:07:25] - Epoch 7 - avg_train_loss: 0.6404  avg_val_loss: 0.6382  time: 305s, lr: 0.00002
[2021-12-25 20:07:25] - Epoch 7 - Score: 17.1342
[2021-12-25 20:12:29] - Epoch 8 - avg_train_loss: 0.6369  avg_val_loss: 0.6368  time: 304s, lr: 0.00002
[2021-12-25 20:12:29] - Epoch 8 - Score: 16.9315
[2021-12-25 20:12:29] - Epoch 8 - Save Best Score: 16.9315 Model
[2021-12-25 20:12:31] - Loss decreased 17.02151 -> 16.93154
[2021-12-25 20:17:39] - Epoch 9 - avg_train_loss: 0.6360  avg_val_loss: 0.6362  time: 307s, lr: 0.00001
[2021-12-25 20:17:39] - Epoch 9 - Score: 16.8897
[2021-12-25 20:17:39] - Epoch 9 - Save Best Score: 16.8897 Model
[2021-12-25 20:17:41] - Loss decreased 16.93154 -> 16.88967
[2021-12-25 20:22:50] - Epoch 10 - avg_train_loss: 0.6343  avg_val_loss: 0.6373  time: 307s, lr: 0.00001
[2021-12-25 20:22:50] - Epoch 10 - Score: 16.9774
[2021-12-25 20:27:55] - Epoch 11 - avg_train_loss: 0.6330  avg_val_loss: 0.6364  time: 305s, lr: 0.00001
[2021-12-25 20:27:55] - Epoch 11 - Score: 16.8867
[2021-12-25 20:27:55] - Epoch 11 - Save Best Score: 16.8867 Model
[2021-12-25 20:27:57] - Loss decreased 16.88967 -> 16.88674
[2021-12-25 20:33:04] - Epoch 12 - avg_train_loss: 0.6303  avg_val_loss: 0.6376  time: 305s, lr: 0.00001
[2021-12-25 20:33:04] - Epoch 12 - Score: 16.9170
[2021-12-25 20:38:11] - Epoch 13 - avg_train_loss: 0.6289  avg_val_loss: 0.6364  time: 307s, lr: 0.00001
[2021-12-25 20:38:11] - Epoch 13 - Score: 16.8349
[2021-12-25 20:38:11] - Epoch 13 - Save Best Score: 16.8349 Model
[2021-12-25 20:38:13] - Loss decreased 16.88674 -> 16.83490
[2021-12-25 20:43:20] - Epoch 14 - avg_train_loss: 0.6284  avg_val_loss: 0.6379  time: 305s, lr: 0.00001
[2021-12-25 20:43:20] - Epoch 14 - Score: 17.0281
[2021-12-25 20:48:25] - Epoch 15 - avg_train_loss: 0.6228  avg_val_loss: 0.6396  time: 305s, lr: 0.00001
[2021-12-25 20:48:25] - Epoch 15 - Score: 17.2091
[2021-12-25 20:53:31] - Epoch 16 - avg_train_loss: 0.6251  avg_val_loss: 0.6398  time: 306s, lr: 0.00001
[2021-12-25 20:53:31] - Epoch 16 - Score: 17.2491
[2021-12-25 20:58:29] - Epoch 17 - avg_train_loss: 0.6221  avg_val_loss: 0.6398  time: 298s, lr: 0.00000
[2021-12-25 20:58:29] - Epoch 17 - Score: 17.2011
[2021-12-25 20:58:29] - Early stop!!
[2021-12-25 20:58:30] - ========== fold: 7 result ==========
[2021-12-25 20:58:30] - Score: 16.8349
[2021-12-25 20:58:30] - ========== fold: 8 training ==========
[2021-12-25 21:03:30] - Epoch 1 - avg_train_loss: 0.6590  avg_val_loss: 0.6408  time: 298s, lr: 0.00002
[2021-12-25 21:03:30] - Epoch 1 - Score: 17.7464
[2021-12-25 21:03:30] - Epoch 1 - Save Best Score: 17.7464 Model
[2021-12-25 21:08:31] - Epoch 2 - avg_train_loss: 0.6508  avg_val_loss: 0.6380  time: 297s, lr: 0.00002
[2021-12-25 21:08:31] - Epoch 2 - Score: 17.3659
[2021-12-25 21:08:31] - Epoch 2 - Save Best Score: 17.3659 Model
[2021-12-25 21:08:32] - Loss decreased 17.74641 -> 17.36594
[2021-12-25 21:13:30] - Epoch 3 - avg_train_loss: 0.6478  avg_val_loss: 0.6380  time: 296s, lr: 0.00002
[2021-12-25 21:13:30] - Epoch 3 - Score: 17.3812
[2021-12-25 21:18:24] - Epoch 4 - avg_train_loss: 0.6466  avg_val_loss: 0.6372  time: 294s, lr: 0.00002
[2021-12-25 21:18:24] - Epoch 4 - Score: 17.2792
[2021-12-25 21:18:24] - Epoch 4 - Save Best Score: 17.2792 Model
[2021-12-25 21:18:26] - Loss decreased 17.36594 -> 17.27921
[2021-12-25 21:23:24] - Epoch 5 - avg_train_loss: 0.6424  avg_val_loss: 0.6388  time: 297s, lr: 0.00002
[2021-12-25 21:23:24] - Epoch 5 - Score: 17.4992
[2021-12-25 21:28:20] - Epoch 6 - avg_train_loss: 0.6416  avg_val_loss: 0.6418  time: 295s, lr: 0.00002
[2021-12-25 21:28:20] - Epoch 6 - Score: 17.8531
[2021-12-25 21:33:16] - Epoch 7 - avg_train_loss: 0.6395  avg_val_loss: 0.6422  time: 296s, lr: 0.00002
[2021-12-25 21:33:16] - Epoch 7 - Score: 17.8836
[2021-12-25 21:38:15] - Epoch 8 - avg_train_loss: 0.6392  avg_val_loss: 0.6451  time: 298s, lr: 0.00002
[2021-12-25 21:38:15] - Epoch 8 - Score: 18.2651
[2021-12-25 21:38:15] - Early stop!!
[2021-12-25 21:38:16] - ========== fold: 8 result ==========
[2021-12-25 21:38:16] - Score: 17.2792
[2021-12-25 21:38:16] - ========== fold: 9 training ==========
[2021-12-25 21:43:19] - Epoch 1 - avg_train_loss: 0.6613  avg_val_loss: 0.6395  time: 301s, lr: 0.00002
[2021-12-25 21:43:19] - Epoch 1 - Score: 17.4750
[2021-12-25 21:43:19] - Epoch 1 - Save Best Score: 17.4750 Model
[2021-12-25 21:48:22] - Epoch 2 - avg_train_loss: 0.6513  avg_val_loss: 0.6407  time: 300s, lr: 0.00002
[2021-12-25 21:48:22] - Epoch 2 - Score: 17.6329
[2021-12-25 21:53:21] - Epoch 3 - avg_train_loss: 0.6494  avg_val_loss: 0.6371  time: 299s, lr: 0.00002
[2021-12-25 21:53:21] - Epoch 3 - Score: 17.1554
[2021-12-25 21:53:21] - Epoch 3 - Save Best Score: 17.1554 Model
[2021-12-25 21:53:23] - Loss decreased 17.47496 -> 17.15543
[2021-12-25 21:58:26] - Epoch 4 - avg_train_loss: 0.6478  avg_val_loss: 0.6362  time: 302s, lr: 0.00002
[2021-12-25 21:58:26] - Epoch 4 - Score: 17.0543
[2021-12-25 21:58:26] - Epoch 4 - Save Best Score: 17.0543 Model
[2021-12-25 21:58:28] - Loss decreased 17.15543 -> 17.05435
[2021-12-25 22:03:32] - Epoch 5 - avg_train_loss: 0.6442  avg_val_loss: 0.6381  time: 302s, lr: 0.00002
[2021-12-25 22:03:32] - Epoch 5 - Score: 17.3068
[2021-12-25 22:08:36] - Epoch 6 - avg_train_loss: 0.6410  avg_val_loss: 0.6384  time: 304s, lr: 0.00002
[2021-12-25 22:08:36] - Epoch 6 - Score: 17.2738
[2021-12-25 22:13:41] - Epoch 7 - avg_train_loss: 0.6399  avg_val_loss: 0.6354  time: 305s, lr: 0.00002
[2021-12-25 22:13:41] - Epoch 7 - Score: 16.9291
[2021-12-25 22:13:41] - Epoch 7 - Save Best Score: 16.9291 Model
[2021-12-25 22:13:42] - Loss decreased 17.05435 -> 16.92908
[2021-12-25 22:18:49] - Epoch 8 - avg_train_loss: 0.6395  avg_val_loss: 0.6376  time: 305s, lr: 0.00002
[2021-12-25 22:18:49] - Epoch 8 - Score: 17.1867
[2021-12-25 22:23:55] - Epoch 9 - avg_train_loss: 0.6363  avg_val_loss: 0.6379  time: 305s, lr: 0.00001
[2021-12-25 22:23:55] - Epoch 9 - Score: 17.1872
[2021-12-25 22:28:59] - Epoch 10 - avg_train_loss: 0.6333  avg_val_loss: 0.6373  time: 304s, lr: 0.00001
[2021-12-25 22:28:59] - Epoch 10 - Score: 17.1700
[2021-12-25 22:34:02] - Epoch 11 - avg_train_loss: 0.6327  avg_val_loss: 0.6380  time: 303s, lr: 0.00001
[2021-12-25 22:34:02] - Epoch 11 - Score: 17.2544
[2021-12-25 22:34:02] - Early stop!!
[2021-12-25 22:34:03] - ========== fold: 9 result ==========
[2021-12-25 22:34:03] - Score: 16.9291
[2021-12-25 22:34:03] - ========== CV ==========
[2021-12-25 22:34:03] - Score: 17.3944
