[2021-12-17 17:32:52] - ========== fold: 0 training ==========
[2021-12-17 17:44:07] - Epoch 1 - avg_train_loss: 0.6610  avg_val_loss: 0.6457  time: 621s, lr: 0.00002
[2021-12-17 17:44:08] - Epoch 1 - Score: 18.4557
[2021-12-17 17:44:08] - Epoch 1 - Save Best Score: 18.4557 Model
[2021-12-17 17:51:02] - Epoch 2 - avg_train_loss: 0.6489  avg_val_loss: 0.6430  time: 399s, lr: 0.00002
[2021-12-17 17:51:02] - Epoch 2 - Score: 18.1133
[2021-12-17 17:51:02] - Epoch 2 - Save Best Score: 18.1133 Model
[2021-12-17 17:51:03] - Loss decreased 18.45569 -> 18.11334
[2021-12-17 17:57:44] - Epoch 3 - avg_train_loss: 0.6457  avg_val_loss: 0.6391  time: 399s, lr: 0.00002
[2021-12-17 17:57:44] - Epoch 3 - Score: 17.5887
[2021-12-17 17:57:44] - Epoch 3 - Save Best Score: 17.5887 Model
[2021-12-17 17:57:46] - Loss decreased 18.11334 -> 17.58868
[2021-12-17 18:04:26] - Epoch 4 - avg_train_loss: 0.6428  avg_val_loss: 0.6394  time: 399s, lr: 0.00002
[2021-12-17 18:04:26] - Epoch 4 - Score: 17.6373
[2021-12-17 18:11:05] - Epoch 5 - avg_train_loss: 0.6405  avg_val_loss: 0.6385  time: 399s, lr: 0.00002
[2021-12-17 18:11:05] - Epoch 5 - Score: 17.5135
[2021-12-17 18:11:05] - Epoch 5 - Save Best Score: 17.5135 Model
[2021-12-17 18:11:06] - Loss decreased 17.58868 -> 17.51355
[2021-12-17 18:17:47] - Epoch 6 - avg_train_loss: 0.6388  avg_val_loss: 0.6379  time: 399s, lr: 0.00002
[2021-12-17 18:17:47] - Epoch 6 - Score: 17.4433
[2021-12-17 18:17:47] - Epoch 6 - Save Best Score: 17.4433 Model
[2021-12-17 18:17:48] - Loss decreased 17.51355 -> 17.44332
[2021-12-17 18:24:28] - Epoch 7 - avg_train_loss: 0.6363  avg_val_loss: 0.6401  time: 399s, lr: 0.00002
[2021-12-17 18:24:28] - Epoch 7 - Score: 17.7597
[2021-12-17 18:31:07] - Epoch 8 - avg_train_loss: 0.6341  avg_val_loss: 0.6400  time: 399s, lr: 0.00002
[2021-12-17 18:31:07] - Epoch 8 - Score: 17.6668
[2021-12-17 18:37:46] - Epoch 9 - avg_train_loss: 0.6306  avg_val_loss: 0.6379  time: 399s, lr: 0.00001
[2021-12-17 18:37:46] - Epoch 9 - Score: 17.4488
[2021-12-17 18:44:25] - Epoch 10 - avg_train_loss: 0.6276  avg_val_loss: 0.6410  time: 399s, lr: 0.00001
[2021-12-17 18:44:25] - Epoch 10 - Score: 17.8289
[2021-12-17 18:44:25] - Early stop!!
[2021-12-17 18:44:26] - ========== fold: 0 result ==========
[2021-12-17 18:44:26] - Score: 17.4433
[2021-12-17 18:44:26] - ========== fold: 1 training ==========
[2021-12-17 18:51:08] - Epoch 1 - avg_train_loss: 0.6608  avg_val_loss: 0.6514  time: 399s, lr: 0.00002
[2021-12-17 18:51:08] - Epoch 1 - Score: 18.9068
[2021-12-17 18:51:08] - Epoch 1 - Save Best Score: 18.9068 Model
[2021-12-17 18:57:51] - Epoch 2 - avg_train_loss: 0.6486  avg_val_loss: 0.6459  time: 399s, lr: 0.00002
[2021-12-17 18:57:51] - Epoch 2 - Score: 18.2004
[2021-12-17 18:57:51] - Epoch 2 - Save Best Score: 18.2004 Model
[2021-12-17 18:57:52] - Loss decreased 18.90675 -> 18.20036
[2021-12-17 19:04:33] - Epoch 3 - avg_train_loss: 0.6442  avg_val_loss: 0.6466  time: 400s, lr: 0.00002
[2021-12-17 19:04:33] - Epoch 3 - Score: 18.2773
[2021-12-17 19:11:12] - Epoch 4 - avg_train_loss: 0.6428  avg_val_loss: 0.6480  time: 399s, lr: 0.00002
[2021-12-17 19:11:12] - Epoch 4 - Score: 18.4409
[2021-12-17 19:17:52] - Epoch 5 - avg_train_loss: 0.6414  avg_val_loss: 0.6472  time: 400s, lr: 0.00002
[2021-12-17 19:17:52] - Epoch 5 - Score: 18.3766
[2021-12-17 19:24:32] - Epoch 6 - avg_train_loss: 0.6386  avg_val_loss: 0.6439  time: 400s, lr: 0.00002
[2021-12-17 19:24:32] - Epoch 6 - Score: 17.9019
[2021-12-17 19:24:32] - Epoch 6 - Save Best Score: 17.9019 Model
[2021-12-17 19:24:33] - Loss decreased 18.20036 -> 17.90194
[2021-12-17 19:31:14] - Epoch 7 - avg_train_loss: 0.6354  avg_val_loss: 0.6453  time: 400s, lr: 0.00002
[2021-12-17 19:31:14] - Epoch 7 - Score: 18.1201
[2021-12-17 19:37:54] - Epoch 8 - avg_train_loss: 0.6333  avg_val_loss: 0.6466  time: 400s, lr: 0.00002
[2021-12-17 19:37:54] - Epoch 8 - Score: 18.2048
[2021-12-17 19:44:33] - Epoch 9 - avg_train_loss: 0.6315  avg_val_loss: 0.6457  time: 399s, lr: 0.00001
[2021-12-17 19:44:33] - Epoch 9 - Score: 18.0756
[2021-12-17 19:51:13] - Epoch 10 - avg_train_loss: 0.6287  avg_val_loss: 0.6501  time: 400s, lr: 0.00001
[2021-12-17 19:51:13] - Epoch 10 - Score: 18.4908
[2021-12-17 19:51:13] - Early stop!!
[2021-12-17 19:51:13] - ========== fold: 1 result ==========
[2021-12-17 19:51:13] - Score: 17.9019
[2021-12-17 19:51:13] - ========== fold: 2 training ==========
[2021-12-17 19:57:56] - Epoch 1 - avg_train_loss: 0.6594  avg_val_loss: 0.6495  time: 400s, lr: 0.00002
[2021-12-17 19:57:56] - Epoch 1 - Score: 18.6199
[2021-12-17 19:57:56] - Epoch 1 - Save Best Score: 18.6199 Model
[2021-12-17 20:04:39] - Epoch 2 - avg_train_loss: 0.6482  avg_val_loss: 0.6417  time: 400s, lr: 0.00002
[2021-12-17 20:04:39] - Epoch 2 - Score: 17.6135
[2021-12-17 20:04:39] - Epoch 2 - Save Best Score: 17.6135 Model
[2021-12-17 20:04:40] - Loss decreased 18.61990 -> 17.61353
[2021-12-17 20:11:21] - Epoch 3 - avg_train_loss: 0.6438  avg_val_loss: 0.6419  time: 400s, lr: 0.00002
[2021-12-17 20:11:21] - Epoch 3 - Score: 17.6398
[2021-12-17 20:18:00] - Epoch 4 - avg_train_loss: 0.6421  avg_val_loss: 0.6431  time: 399s, lr: 0.00002
[2021-12-17 20:18:00] - Epoch 4 - Score: 17.8254
[2021-12-17 20:24:40] - Epoch 5 - avg_train_loss: 0.6397  avg_val_loss: 0.6433  time: 400s, lr: 0.00002
[2021-12-17 20:24:40] - Epoch 5 - Score: 17.8384
[2021-12-17 20:31:20] - Epoch 6 - avg_train_loss: 0.6379  avg_val_loss: 0.6432  time: 400s, lr: 0.00002
[2021-12-17 20:31:20] - Epoch 6 - Score: 17.8262
[2021-12-17 20:31:20] - Early stop!!
[2021-12-17 20:31:20] - ========== fold: 2 result ==========
[2021-12-17 20:31:20] - Score: 17.6135
[2021-12-17 20:31:20] - ========== fold: 3 training ==========
[2021-12-17 20:38:03] - Epoch 1 - avg_train_loss: 0.6601  avg_val_loss: 0.6495  time: 400s, lr: 0.00002
[2021-12-17 20:38:03] - Epoch 1 - Score: 18.6927
[2021-12-17 20:38:03] - Epoch 1 - Save Best Score: 18.6927 Model
[2021-12-17 20:44:46] - Epoch 2 - avg_train_loss: 0.6475  avg_val_loss: 0.6475  time: 400s, lr: 0.00002
[2021-12-17 20:44:46] - Epoch 2 - Score: 18.4420
[2021-12-17 20:44:46] - Epoch 2 - Save Best Score: 18.4420 Model
[2021-12-17 20:44:47] - Loss decreased 18.69275 -> 18.44199
[2021-12-17 20:51:29] - Epoch 3 - avg_train_loss: 0.6447  avg_val_loss: 0.6514  time: 401s, lr: 0.00002
[2021-12-17 20:51:29] - Epoch 3 - Score: 18.9042
[2021-12-17 20:58:10] - Epoch 4 - avg_train_loss: 0.6412  avg_val_loss: 0.6501  time: 400s, lr: 0.00002
[2021-12-17 20:58:10] - Epoch 4 - Score: 18.6947
[2021-12-17 21:04:50] - Epoch 5 - avg_train_loss: 0.6388  avg_val_loss: 0.6538  time: 400s, lr: 0.00002
[2021-12-17 21:04:50] - Epoch 5 - Score: 19.1105
[2021-12-17 21:11:31] - Epoch 6 - avg_train_loss: 0.6358  avg_val_loss: 0.6490  time: 401s, lr: 0.00002
[2021-12-17 21:11:31] - Epoch 6 - Score: 18.5422
[2021-12-17 21:11:31] - Early stop!!
[2021-12-17 21:11:32] - ========== fold: 3 result ==========
[2021-12-17 21:11:32] - Score: 18.4420
[2021-12-17 21:11:32] - ========== fold: 4 training ==========
[2021-12-17 21:18:15] - Epoch 1 - avg_train_loss: 0.6605  avg_val_loss: 0.6508  time: 401s, lr: 0.00002
[2021-12-17 21:18:15] - Epoch 1 - Score: 18.8897
[2021-12-17 21:18:15] - Epoch 1 - Save Best Score: 18.8897 Model
[2021-12-17 21:24:58] - Epoch 2 - avg_train_loss: 0.6483  avg_val_loss: 0.6444  time: 401s, lr: 0.00002
[2021-12-17 21:24:58] - Epoch 2 - Score: 18.1344
[2021-12-17 21:24:58] - Epoch 2 - Save Best Score: 18.1344 Model
[2021-12-17 21:24:59] - Loss decreased 18.88974 -> 18.13444
[2021-12-17 21:31:42] - Epoch 3 - avg_train_loss: 0.6445  avg_val_loss: 0.6426  time: 401s, lr: 0.00002
[2021-12-17 21:31:42] - Epoch 3 - Score: 17.9125
[2021-12-17 21:31:42] - Epoch 3 - Save Best Score: 17.9125 Model
[2021-12-17 21:31:43] - Loss decreased 18.13444 -> 17.91254
[2021-12-17 21:38:26] - Epoch 4 - avg_train_loss: 0.6425  avg_val_loss: 0.6423  time: 401s, lr: 0.00002
[2021-12-17 21:38:26] - Epoch 4 - Score: 17.8575
[2021-12-17 21:38:26] - Epoch 4 - Save Best Score: 17.8575 Model
[2021-12-17 21:38:28] - Loss decreased 17.91254 -> 17.85750
[2021-12-17 21:45:09] - Epoch 5 - avg_train_loss: 0.6402  avg_val_loss: 0.6453  time: 400s, lr: 0.00002
[2021-12-17 21:45:09] - Epoch 5 - Score: 18.2151
[2021-12-17 21:51:49] - Epoch 6 - avg_train_loss: 0.6372  avg_val_loss: 0.6425  time: 400s, lr: 0.00002
[2021-12-17 21:51:49] - Epoch 6 - Score: 17.8837
[2021-12-17 21:58:29] - Epoch 7 - avg_train_loss: 0.6358  avg_val_loss: 0.6422  time: 400s, lr: 0.00002
[2021-12-17 21:58:29] - Epoch 7 - Score: 17.8442
[2021-12-17 21:58:29] - Epoch 7 - Save Best Score: 17.8442 Model
[2021-12-17 21:58:30] - Loss decreased 17.85750 -> 17.84421
[2021-12-17 22:05:12] - Epoch 8 - avg_train_loss: 0.6317  avg_val_loss: 0.6434  time: 401s, lr: 0.00002
[2021-12-17 22:05:13] - Epoch 8 - Score: 18.0195
[2021-12-17 22:11:53] - Epoch 9 - avg_train_loss: 0.6301  avg_val_loss: 0.6440  time: 400s, lr: 0.00001
[2021-12-17 22:11:53] - Epoch 9 - Score: 18.0242
[2021-12-17 22:18:34] - Epoch 10 - avg_train_loss: 0.6277  avg_val_loss: 0.6448  time: 401s, lr: 0.00001
[2021-12-17 22:18:34] - Epoch 10 - Score: 18.1667
[2021-12-17 22:25:14] - Epoch 11 - avg_train_loss: 0.6254  avg_val_loss: 0.6487  time: 401s, lr: 0.00001
[2021-12-17 22:25:14] - Epoch 11 - Score: 18.6178
[2021-12-17 22:25:14] - Early stop!!
[2021-12-17 22:25:15] - ========== fold: 4 result ==========
[2021-12-17 22:25:15] - Score: 17.8442
[2021-12-17 22:25:15] - ========== CV ==========
[2021-12-17 22:25:15] - Score: 17.8521
