[2021-11-13 14:53:57] - ========== fold: 0 training ==========
[2021-11-13 15:06:20] - Epoch 1 - avg_train_loss: 0.6538  avg_val_loss: 0.6432  time: 730s, lr: 0.00010
[2021-11-13 15:06:20] - Epoch 1 - Score: 18.0845
[2021-11-13 15:06:20] - Epoch 1 - Save Best Score: 18.0845 Model
[2021-11-13 15:09:28] - Epoch 2 - avg_train_loss: 0.6423  avg_val_loss: 0.6440  time: 188s, lr: 0.00010
[2021-11-13 15:09:28] - Epoch 2 - Score: 18.1849
[2021-11-13 15:12:37] - Epoch 3 - avg_train_loss: 0.6359  avg_val_loss: 0.6429  time: 189s, lr: 0.00010
[2021-11-13 15:12:37] - Epoch 3 - Score: 18.0514
[2021-11-13 15:12:37] - Epoch 3 - Save Best Score: 18.0514 Model
[2021-11-13 15:12:37] - Loss decreased 18.08448 -> 18.05140
[2021-11-13 15:15:47] - Epoch 4 - avg_train_loss: 0.6300  avg_val_loss: 0.6462  time: 190s, lr: 0.00009
[2021-11-13 15:15:47] - Epoch 4 - Score: 18.4706
[2021-11-13 15:18:56] - Epoch 5 - avg_train_loss: 0.6226  avg_val_loss: 0.6539  time: 189s, lr: 0.00009
[2021-11-13 15:18:56] - Epoch 5 - Score: 19.3715
[2021-11-13 15:22:05] - Epoch 6 - avg_train_loss: 0.6150  avg_val_loss: 0.6532  time: 189s, lr: 0.00009
[2021-11-13 15:22:05] - Epoch 6 - Score: 19.2688
[2021-11-13 15:25:14] - Epoch 7 - avg_train_loss: 0.6091  avg_val_loss: 0.6587  time: 189s, lr: 0.00008
[2021-11-13 15:25:14] - Epoch 7 - Score: 19.9156
[2021-11-13 15:25:14] - Early stop!!
[2021-11-13 15:25:14] - ========== fold: 0 result ==========
[2021-11-13 15:25:14] - Score: 18.0514
[2021-11-13 15:25:15] - ========== fold: 1 training ==========
[2021-11-13 15:28:24] - Epoch 1 - avg_train_loss: 0.6531  avg_val_loss: 0.6505  time: 189s, lr: 0.00010
[2021-11-13 15:28:24] - Epoch 1 - Score: 18.9083
[2021-11-13 15:28:24] - Epoch 1 - Save Best Score: 18.9083 Model
[2021-11-13 15:31:34] - Epoch 2 - avg_train_loss: 0.6418  avg_val_loss: 0.6469  time: 190s, lr: 0.00010
[2021-11-13 15:31:34] - Epoch 2 - Score: 18.4744
[2021-11-13 15:31:34] - Epoch 2 - Save Best Score: 18.4744 Model
[2021-11-13 15:31:34] - Loss decreased 18.90827 -> 18.47441
[2021-11-13 15:34:44] - Epoch 3 - avg_train_loss: 0.6353  avg_val_loss: 0.6474  time: 189s, lr: 0.00010
[2021-11-13 15:34:44] - Epoch 3 - Score: 18.5173
[2021-11-13 15:37:54] - Epoch 4 - avg_train_loss: 0.6296  avg_val_loss: 0.6462  time: 190s, lr: 0.00009
[2021-11-13 15:37:54] - Epoch 4 - Score: 18.3389
[2021-11-13 15:37:54] - Epoch 4 - Save Best Score: 18.3389 Model
[2021-11-13 15:37:54] - Loss decreased 18.47441 -> 18.33888
[2021-11-13 15:41:04] - Epoch 5 - avg_train_loss: 0.6218  avg_val_loss: 0.6478  time: 189s, lr: 0.00009
[2021-11-13 15:41:04] - Epoch 5 - Score: 18.5199
[2021-11-13 15:44:14] - Epoch 6 - avg_train_loss: 0.6140  avg_val_loss: 0.6563  time: 190s, lr: 0.00009
[2021-11-13 15:44:14] - Epoch 6 - Score: 19.5126
[2021-11-13 15:47:24] - Epoch 7 - avg_train_loss: 0.6080  avg_val_loss: 0.6544  time: 190s, lr: 0.00008
[2021-11-13 15:47:24] - Epoch 7 - Score: 19.2611
[2021-11-13 15:50:34] - Epoch 8 - avg_train_loss: 0.6033  avg_val_loss: 0.6534  time: 190s, lr: 0.00007
[2021-11-13 15:50:34] - Epoch 8 - Score: 19.2049
[2021-11-13 15:50:34] - Early stop!!
[2021-11-13 15:50:34] - ========== fold: 1 result ==========
[2021-11-13 15:50:34] - Score: 18.3389
[2021-11-13 15:50:34] - ========== fold: 2 training ==========
[2021-11-13 15:53:44] - Epoch 1 - avg_train_loss: 0.6530  avg_val_loss: 0.6467  time: 190s, lr: 0.00010
[2021-11-13 15:53:44] - Epoch 1 - Score: 18.2921
[2021-11-13 15:53:44] - Epoch 1 - Save Best Score: 18.2921 Model
[2021-11-13 15:56:54] - Epoch 2 - avg_train_loss: 0.6417  avg_val_loss: 0.6466  time: 190s, lr: 0.00010
[2021-11-13 15:56:54] - Epoch 2 - Score: 18.2848
[2021-11-13 15:56:54] - Epoch 2 - Save Best Score: 18.2848 Model
[2021-11-13 15:56:54] - Loss decreased 18.29209 -> 18.28484
[2021-11-13 16:00:05] - Epoch 3 - avg_train_loss: 0.6357  avg_val_loss: 0.6474  time: 190s, lr: 0.00010
[2021-11-13 16:00:05] - Epoch 3 - Score: 18.3783
[2021-11-13 16:03:16] - Epoch 4 - avg_train_loss: 0.6286  avg_val_loss: 0.6494  time: 191s, lr: 0.00009
[2021-11-13 16:03:16] - Epoch 4 - Score: 18.5659
[2021-11-13 16:06:27] - Epoch 5 - avg_train_loss: 0.6224  avg_val_loss: 0.6501  time: 191s, lr: 0.00009
[2021-11-13 16:06:27] - Epoch 5 - Score: 18.6767
[2021-11-13 16:09:38] - Epoch 6 - avg_train_loss: 0.6155  avg_val_loss: 0.6535  time: 191s, lr: 0.00009
[2021-11-13 16:09:38] - Epoch 6 - Score: 19.0978
[2021-11-13 16:09:38] - Early stop!!
[2021-11-13 16:09:39] - ========== fold: 2 result ==========
[2021-11-13 16:09:39] - Score: 18.2848
[2021-11-13 16:09:39] - ========== fold: 3 training ==========
[2021-11-13 16:12:50] - Epoch 1 - avg_train_loss: 0.6539  avg_val_loss: 0.6510  time: 191s, lr: 0.00010
[2021-11-13 16:12:50] - Epoch 1 - Score: 19.0131
[2021-11-13 16:12:50] - Epoch 1 - Save Best Score: 19.0131 Model
[2021-11-13 16:16:01] - Epoch 2 - avg_train_loss: 0.6422  avg_val_loss: 0.6487  time: 190s, lr: 0.00010
[2021-11-13 16:16:01] - Epoch 2 - Score: 18.7217
[2021-11-13 16:16:01] - Epoch 2 - Save Best Score: 18.7217 Model
[2021-11-13 16:16:01] - Loss decreased 19.01307 -> 18.72167
[2021-11-13 16:19:11] - Epoch 3 - avg_train_loss: 0.6357  avg_val_loss: 0.6511  time: 190s, lr: 0.00010
[2021-11-13 16:19:11] - Epoch 3 - Score: 18.9893
[2021-11-13 16:22:22] - Epoch 4 - avg_train_loss: 0.6287  avg_val_loss: 0.6542  time: 191s, lr: 0.00009
[2021-11-13 16:22:22] - Epoch 4 - Score: 19.3461
[2021-11-13 16:25:33] - Epoch 5 - avg_train_loss: 0.6225  avg_val_loss: 0.6532  time: 191s, lr: 0.00009
[2021-11-13 16:25:33] - Epoch 5 - Score: 19.1807
[2021-11-13 16:28:44] - Epoch 6 - avg_train_loss: 0.6153  avg_val_loss: 0.6595  time: 191s, lr: 0.00009
[2021-11-13 16:28:44] - Epoch 6 - Score: 19.7833
[2021-11-13 16:28:44] - Early stop!!
[2021-11-13 16:28:44] - ========== fold: 3 result ==========
[2021-11-13 16:28:44] - Score: 18.7217
[2021-11-13 16:28:44] - ========== fold: 4 training ==========
[2021-11-13 16:31:55] - Epoch 1 - avg_train_loss: 0.6529  avg_val_loss: 0.6522  time: 190s, lr: 0.00010
[2021-11-13 16:31:55] - Epoch 1 - Score: 19.1653
[2021-11-13 16:31:55] - Epoch 1 - Save Best Score: 19.1653 Model
[2021-11-13 16:35:06] - Epoch 2 - avg_train_loss: 0.6425  avg_val_loss: 0.6457  time: 191s, lr: 0.00010
[2021-11-13 16:35:06] - Epoch 2 - Score: 18.3180
[2021-11-13 16:35:06] - Epoch 2 - Save Best Score: 18.3180 Model
[2021-11-13 16:35:06] - Loss decreased 19.16534 -> 18.31797
[2021-11-13 16:38:18] - Epoch 3 - avg_train_loss: 0.6361  avg_val_loss: 0.6495  time: 191s, lr: 0.00010
[2021-11-13 16:38:18] - Epoch 3 - Score: 18.7842
[2021-11-13 16:41:28] - Epoch 4 - avg_train_loss: 0.6282  avg_val_loss: 0.6499  time: 190s, lr: 0.00009
[2021-11-13 16:41:28] - Epoch 4 - Score: 18.7880
[2021-11-13 16:44:40] - Epoch 5 - avg_train_loss: 0.6227  avg_val_loss: 0.6497  time: 192s, lr: 0.00009
[2021-11-13 16:44:40] - Epoch 5 - Score: 18.7733
[2021-11-13 16:47:51] - Epoch 6 - avg_train_loss: 0.6160  avg_val_loss: 0.6554  time: 192s, lr: 0.00009
[2021-11-13 16:47:51] - Epoch 6 - Score: 19.3747
[2021-11-13 16:47:51] - Early stop!!
[2021-11-13 16:47:52] - ========== fold: 4 result ==========
[2021-11-13 16:47:52] - Score: 18.3180
[2021-11-13 16:47:52] - ========== fold: 5 training ==========
[2021-11-13 16:51:03] - Epoch 1 - avg_train_loss: 0.6535  avg_val_loss: 0.6441  time: 192s, lr: 0.00010
[2021-11-13 16:51:03] - Epoch 1 - Score: 18.1423
[2021-11-13 16:51:03] - Epoch 1 - Save Best Score: 18.1423 Model
[2021-11-13 16:54:15] - Epoch 2 - avg_train_loss: 0.6425  avg_val_loss: 0.6436  time: 191s, lr: 0.00010
[2021-11-13 16:54:15] - Epoch 2 - Score: 18.0874
[2021-11-13 16:54:15] - Epoch 2 - Save Best Score: 18.0874 Model
[2021-11-13 16:54:15] - Loss decreased 18.14232 -> 18.08740
[2021-11-13 16:57:27] - Epoch 3 - avg_train_loss: 0.6364  avg_val_loss: 0.6434  time: 191s, lr: 0.00010
[2021-11-13 16:57:27] - Epoch 3 - Score: 18.0401
[2021-11-13 16:57:27] - Epoch 3 - Save Best Score: 18.0401 Model
[2021-11-13 16:57:27] - Loss decreased 18.08740 -> 18.04009
[2021-11-13 17:00:38] - Epoch 4 - avg_train_loss: 0.6295  avg_val_loss: 0.6429  time: 191s, lr: 0.00009
[2021-11-13 17:00:38] - Epoch 4 - Score: 17.9487
[2021-11-13 17:00:38] - Epoch 4 - Save Best Score: 17.9487 Model
[2021-11-13 17:00:38] - Loss decreased 18.04009 -> 17.94873
[2021-11-13 17:03:51] - Epoch 5 - avg_train_loss: 0.6232  avg_val_loss: 0.6477  time: 193s, lr: 0.00009
[2021-11-13 17:03:51] - Epoch 5 - Score: 18.4892
[2021-11-13 17:07:02] - Epoch 6 - avg_train_loss: 0.6156  avg_val_loss: 0.6493  time: 191s, lr: 0.00009
[2021-11-13 17:07:02] - Epoch 6 - Score: 18.6185
[2021-11-13 17:10:14] - Epoch 7 - avg_train_loss: 0.6097  avg_val_loss: 0.6554  time: 192s, lr: 0.00008
[2021-11-13 17:10:14] - Epoch 7 - Score: 19.3355
[2021-11-13 17:13:26] - Epoch 8 - avg_train_loss: 0.6030  avg_val_loss: 0.6620  time: 191s, lr: 0.00007
[2021-11-13 17:13:26] - Epoch 8 - Score: 19.5603
[2021-11-13 17:13:26] - Early stop!!
[2021-11-13 17:13:26] - ========== fold: 5 result ==========
[2021-11-13 17:13:26] - Score: 17.9487
[2021-11-13 17:13:26] - ========== fold: 6 training ==========
[2021-11-13 17:16:38] - Epoch 1 - avg_train_loss: 0.6535  avg_val_loss: 0.6473  time: 192s, lr: 0.00010
[2021-11-13 17:16:38] - Epoch 1 - Score: 18.4591
[2021-11-13 17:16:38] - Epoch 1 - Save Best Score: 18.4591 Model
[2021-11-13 17:19:49] - Epoch 2 - avg_train_loss: 0.6427  avg_val_loss: 0.6465  time: 191s, lr: 0.00010
[2021-11-13 17:19:49] - Epoch 2 - Score: 18.3110
[2021-11-13 17:19:49] - Epoch 2 - Save Best Score: 18.3110 Model
[2021-11-13 17:19:49] - Loss decreased 18.45914 -> 18.31099
[2021-11-13 17:23:01] - Epoch 3 - avg_train_loss: 0.6358  avg_val_loss: 0.6473  time: 192s, lr: 0.00010
[2021-11-13 17:23:01] - Epoch 3 - Score: 18.3805
[2021-11-13 17:26:12] - Epoch 4 - avg_train_loss: 0.6304  avg_val_loss: 0.6490  time: 191s, lr: 0.00009
[2021-11-13 17:26:12] - Epoch 4 - Score: 18.5660
[2021-11-13 17:29:24] - Epoch 5 - avg_train_loss: 0.6231  avg_val_loss: 0.6549  time: 192s, lr: 0.00009
[2021-11-13 17:29:24] - Epoch 5 - Score: 19.1941
[2021-11-13 17:32:37] - Epoch 6 - avg_train_loss: 0.6143  avg_val_loss: 0.6551  time: 192s, lr: 0.00009
[2021-11-13 17:32:37] - Epoch 6 - Score: 19.1593
[2021-11-13 17:32:37] - Early stop!!
[2021-11-13 17:32:37] - ========== fold: 6 result ==========
[2021-11-13 17:32:37] - Score: 18.3110
[2021-11-13 17:32:37] - ========== fold: 7 training ==========
[2021-11-13 17:35:49] - Epoch 1 - avg_train_loss: 0.6533  avg_val_loss: 0.6450  time: 192s, lr: 0.00010
[2021-11-13 17:35:49] - Epoch 1 - Score: 18.1887
[2021-11-13 17:35:49] - Epoch 1 - Save Best Score: 18.1887 Model
[2021-11-13 17:39:01] - Epoch 2 - avg_train_loss: 0.6428  avg_val_loss: 0.6431  time: 192s, lr: 0.00010
[2021-11-13 17:39:01] - Epoch 2 - Score: 17.9720
[2021-11-13 17:39:01] - Epoch 2 - Save Best Score: 17.9720 Model
[2021-11-13 17:39:01] - Loss decreased 18.18867 -> 17.97204
[2021-11-13 17:42:14] - Epoch 3 - avg_train_loss: 0.6366  avg_val_loss: 0.6428  time: 193s, lr: 0.00010
[2021-11-13 17:42:14] - Epoch 3 - Score: 17.9142
[2021-11-13 17:42:14] - Epoch 3 - Save Best Score: 17.9142 Model
[2021-11-13 17:42:14] - Loss decreased 17.97204 -> 17.91415
[2021-11-13 17:45:27] - Epoch 4 - avg_train_loss: 0.6300  avg_val_loss: 0.6420  time: 192s, lr: 0.00009
[2021-11-13 17:45:27] - Epoch 4 - Score: 17.7600
[2021-11-13 17:45:27] - Epoch 4 - Save Best Score: 17.7600 Model
[2021-11-13 17:45:27] - Loss decreased 17.91415 -> 17.76003
[2021-11-13 17:48:40] - Epoch 5 - avg_train_loss: 0.6227  avg_val_loss: 0.6487  time: 193s, lr: 0.00009
[2021-11-13 17:48:40] - Epoch 5 - Score: 18.6093
[2021-11-13 17:51:53] - Epoch 6 - avg_train_loss: 0.6149  avg_val_loss: 0.6552  time: 193s, lr: 0.00009
[2021-11-13 17:51:53] - Epoch 6 - Score: 19.2211
[2021-11-13 17:55:06] - Epoch 7 - avg_train_loss: 0.6078  avg_val_loss: 0.6599  time: 193s, lr: 0.00008
[2021-11-13 17:55:06] - Epoch 7 - Score: 19.6169
[2021-11-13 17:58:18] - Epoch 8 - avg_train_loss: 0.6037  avg_val_loss: 0.6601  time: 192s, lr: 0.00007
[2021-11-13 17:58:18] - Epoch 8 - Score: 19.7201
[2021-11-13 17:58:18] - Early stop!!
[2021-11-13 17:58:18] - ========== fold: 7 result ==========
[2021-11-13 17:58:18] - Score: 17.7600
[2021-11-13 17:58:18] - ========== fold: 8 training ==========
[2021-11-13 18:01:31] - Epoch 1 - avg_train_loss: 0.6542  avg_val_loss: 0.6469  time: 193s, lr: 0.00010
[2021-11-13 18:01:31] - Epoch 1 - Score: 18.4749
[2021-11-13 18:01:31] - Epoch 1 - Save Best Score: 18.4749 Model
[2021-11-13 18:04:44] - Epoch 2 - avg_train_loss: 0.6426  avg_val_loss: 0.6459  time: 193s, lr: 0.00010
[2021-11-13 18:04:44] - Epoch 2 - Score: 18.3182
[2021-11-13 18:04:44] - Epoch 2 - Save Best Score: 18.3182 Model
[2021-11-13 18:04:44] - Loss decreased 18.47490 -> 18.31816
[2021-11-13 18:07:57] - Epoch 3 - avg_train_loss: 0.6358  avg_val_loss: 0.6476  time: 193s, lr: 0.00010
[2021-11-13 18:07:57] - Epoch 3 - Score: 18.5431
[2021-11-13 18:11:10] - Epoch 4 - avg_train_loss: 0.6299  avg_val_loss: 0.6503  time: 192s, lr: 0.00009
[2021-11-13 18:11:10] - Epoch 4 - Score: 18.8631
[2021-11-13 18:14:22] - Epoch 5 - avg_train_loss: 0.6225  avg_val_loss: 0.6505  time: 192s, lr: 0.00009
[2021-11-13 18:14:22] - Epoch 5 - Score: 18.9102
[2021-11-13 18:17:34] - Epoch 6 - avg_train_loss: 0.6146  avg_val_loss: 0.6536  time: 192s, lr: 0.00009
[2021-11-13 18:17:34] - Epoch 6 - Score: 19.2265
[2021-11-13 18:17:34] - Early stop!!
[2021-11-13 18:17:34] - ========== fold: 8 result ==========
[2021-11-13 18:17:34] - Score: 18.3182
[2021-11-13 18:17:34] - ========== fold: 9 training ==========
[2021-11-13 18:20:47] - Epoch 1 - avg_train_loss: 0.6536  avg_val_loss: 0.6477  time: 193s, lr: 0.00010
[2021-11-13 18:20:47] - Epoch 1 - Score: 18.5802
[2021-11-13 18:20:47] - Epoch 1 - Save Best Score: 18.5802 Model
[2021-11-13 18:24:02] - Epoch 2 - avg_train_loss: 0.6419  avg_val_loss: 0.6459  time: 195s, lr: 0.00010
[2021-11-13 18:24:02] - Epoch 2 - Score: 18.3521
[2021-11-13 18:24:02] - Epoch 2 - Save Best Score: 18.3521 Model
[2021-11-13 18:24:02] - Loss decreased 18.58024 -> 18.35214
[2021-11-13 18:27:15] - Epoch 3 - avg_train_loss: 0.6356  avg_val_loss: 0.6476  time: 193s, lr: 0.00010
[2021-11-13 18:27:15] - Epoch 3 - Score: 18.5350
[2021-11-13 18:30:30] - Epoch 4 - avg_train_loss: 0.6293  avg_val_loss: 0.6480  time: 194s, lr: 0.00009
[2021-11-13 18:30:30] - Epoch 4 - Score: 18.5838
[2021-11-13 18:33:45] - Epoch 5 - avg_train_loss: 0.6225  avg_val_loss: 0.6499  time: 195s, lr: 0.00009
[2021-11-13 18:33:45] - Epoch 5 - Score: 18.8148
[2021-11-13 18:36:58] - Epoch 6 - avg_train_loss: 0.6156  avg_val_loss: 0.6536  time: 194s, lr: 0.00009
[2021-11-13 18:36:58] - Epoch 6 - Score: 19.1306
[2021-11-13 18:36:58] - Early stop!!
[2021-11-13 18:36:59] - ========== fold: 9 result ==========
[2021-11-13 18:36:59] - Score: 18.3521
[2021-11-13 18:36:59] - ========== CV ==========
[2021-11-13 18:36:59] - Score: 18.2422
