[2021-12-23 04:12:32] - ========== fold: 5 training ==========
[2021-12-23 04:37:20] - Epoch 1 - avg_train_loss: 0.6550  avg_val_loss: 0.6449  time: 1347s, lr: 0.00002
[2021-12-23 04:37:20] - Epoch 1 - Score: 18.0634
[2021-12-23 04:37:20] - Epoch 1 - Save Best Score: 18.0634 Model
[2021-12-23 04:44:46] - Epoch 2 - avg_train_loss: 0.6479  avg_val_loss: 0.6414  time: 439s, lr: 0.00002
[2021-12-23 04:44:46] - Epoch 2 - Score: 17.6258
[2021-12-23 04:44:46] - Epoch 2 - Save Best Score: 17.6258 Model
[2021-12-23 04:44:49] - Loss decreased 18.06338 -> 17.62584
[2021-12-23 04:52:11] - Epoch 3 - avg_train_loss: 0.6441  avg_val_loss: 0.6409  time: 438s, lr: 0.00002
[2021-12-23 04:52:11] - Epoch 3 - Score: 17.5481
[2021-12-23 04:52:11] - Epoch 3 - Save Best Score: 17.5481 Model
[2021-12-23 04:52:14] - Loss decreased 17.62584 -> 17.54808
[2021-12-23 04:59:36] - Epoch 4 - avg_train_loss: 0.6434  avg_val_loss: 0.6401  time: 439s, lr: 0.00002
[2021-12-23 04:59:36] - Epoch 4 - Score: 17.4656
[2021-12-23 04:59:36] - Epoch 4 - Save Best Score: 17.4656 Model
[2021-12-23 04:59:39] - Loss decreased 17.54808 -> 17.46560
[2021-12-23 05:07:01] - Epoch 5 - avg_train_loss: 0.6388  avg_val_loss: 0.6424  time: 438s, lr: 0.00002
[2021-12-23 05:07:01] - Epoch 5 - Score: 17.7093
[2021-12-23 05:14:17] - Epoch 6 - avg_train_loss: 0.6366  avg_val_loss: 0.6411  time: 436s, lr: 0.00002
[2021-12-23 05:14:17] - Epoch 6 - Score: 17.5720
[2021-12-23 05:21:32] - Epoch 7 - avg_train_loss: 0.6343  avg_val_loss: 0.6411  time: 435s, lr: 0.00002
[2021-12-23 05:21:32] - Epoch 7 - Score: 17.5570
[2021-12-23 05:28:47] - Epoch 8 - avg_train_loss: 0.6303  avg_val_loss: 0.6412  time: 435s, lr: 0.00002
[2021-12-23 05:28:47] - Epoch 8 - Score: 17.5348
[2021-12-23 05:28:47] - Early stop!!
[2021-12-23 05:28:49] - ========== fold: 5 result ==========
[2021-12-23 05:28:49] - Score: 17.4656
[2021-12-23 05:28:49] - ========== fold: 6 training ==========
[2021-12-23 05:36:10] - Epoch 1 - avg_train_loss: 0.6552  avg_val_loss: 0.6451  time: 435s, lr: 0.00002
[2021-12-23 05:36:10] - Epoch 1 - Score: 18.2193
[2021-12-23 05:36:10] - Epoch 1 - Save Best Score: 18.2193 Model
[2021-12-23 05:43:33] - Epoch 2 - avg_train_loss: 0.6473  avg_val_loss: 0.6438  time: 436s, lr: 0.00002
[2021-12-23 05:43:33] - Epoch 2 - Score: 18.0588
[2021-12-23 05:43:33] - Epoch 2 - Save Best Score: 18.0588 Model
[2021-12-23 05:43:36] - Loss decreased 18.21932 -> 18.05885
[2021-12-23 05:50:57] - Epoch 3 - avg_train_loss: 0.6449  avg_val_loss: 0.6441  time: 437s, lr: 0.00002
[2021-12-23 05:50:57] - Epoch 3 - Score: 18.1028
[2021-12-23 05:58:12] - Epoch 4 - avg_train_loss: 0.6414  avg_val_loss: 0.6412  time: 435s, lr: 0.00002
[2021-12-23 05:58:12] - Epoch 4 - Score: 17.7411
[2021-12-23 05:58:12] - Epoch 4 - Save Best Score: 17.7411 Model
[2021-12-23 05:58:15] - Loss decreased 18.05885 -> 17.74109
[2021-12-23 06:05:36] - Epoch 5 - avg_train_loss: 0.6386  avg_val_loss: 0.6425  time: 437s, lr: 0.00002
[2021-12-23 06:05:36] - Epoch 5 - Score: 17.8841
[2021-12-23 06:12:54] - Epoch 6 - avg_train_loss: 0.6353  avg_val_loss: 0.6412  time: 438s, lr: 0.00002
[2021-12-23 06:12:54] - Epoch 6 - Score: 17.7189
[2021-12-23 06:12:54] - Epoch 6 - Save Best Score: 17.7189 Model
[2021-12-23 06:12:58] - Loss decreased 17.74109 -> 17.71889
[2021-12-23 06:20:20] - Epoch 7 - avg_train_loss: 0.6329  avg_val_loss: 0.6424  time: 439s, lr: 0.00002
[2021-12-23 06:20:20] - Epoch 7 - Score: 17.8643
[2021-12-23 06:27:38] - Epoch 8 - avg_train_loss: 0.6309  avg_val_loss: 0.6438  time: 437s, lr: 0.00002
[2021-12-23 06:27:38] - Epoch 8 - Score: 18.0530
[2021-12-23 06:34:55] - Epoch 9 - avg_train_loss: 0.6281  avg_val_loss: 0.6434  time: 438s, lr: 0.00001
[2021-12-23 06:34:55] - Epoch 9 - Score: 17.9925
[2021-12-23 06:42:13] - Epoch 10 - avg_train_loss: 0.6256  avg_val_loss: 0.6495  time: 438s, lr: 0.00001
[2021-12-23 06:42:13] - Epoch 10 - Score: 18.6735
[2021-12-23 06:42:13] - Early stop!!
[2021-12-23 06:42:15] - ========== fold: 6 result ==========
[2021-12-23 06:42:15] - Score: 17.7189
[2021-12-23 06:42:15] - ========== fold: 7 training ==========
[2021-12-23 06:49:41] - Epoch 1 - avg_train_loss: 0.6548  avg_val_loss: 0.6414  time: 439s, lr: 0.00002
[2021-12-23 06:49:41] - Epoch 1 - Score: 17.5790
[2021-12-23 06:49:41] - Epoch 1 - Save Best Score: 17.5790 Model
[2021-12-23 06:57:04] - Epoch 2 - avg_train_loss: 0.6468  avg_val_loss: 0.6391  time: 437s, lr: 0.00002
[2021-12-23 06:57:04] - Epoch 2 - Score: 17.2764
[2021-12-23 06:57:04] - Epoch 2 - Save Best Score: 17.2764 Model
[2021-12-23 06:57:08] - Loss decreased 17.57905 -> 17.27644
[2021-12-23 07:04:29] - Epoch 3 - avg_train_loss: 0.6421  avg_val_loss: 0.6376  time: 438s, lr: 0.00002
[2021-12-23 07:04:29] - Epoch 3 - Score: 17.0594
[2021-12-23 07:04:29] - Epoch 3 - Save Best Score: 17.0594 Model
[2021-12-23 07:04:32] - Loss decreased 17.27644 -> 17.05940
[2021-12-23 07:11:53] - Epoch 4 - avg_train_loss: 0.6411  avg_val_loss: 0.6386  time: 437s, lr: 0.00002
[2021-12-23 07:11:53] - Epoch 4 - Score: 17.1971
[2021-12-23 07:19:10] - Epoch 5 - avg_train_loss: 0.6375  avg_val_loss: 0.6407  time: 437s, lr: 0.00002
[2021-12-23 07:19:10] - Epoch 5 - Score: 17.4742
[2021-12-23 07:26:27] - Epoch 6 - avg_train_loss: 0.6364  avg_val_loss: 0.6394  time: 437s, lr: 0.00002
[2021-12-23 07:26:27] - Epoch 6 - Score: 17.3077
[2021-12-23 07:33:44] - Epoch 7 - avg_train_loss: 0.6328  avg_val_loss: 0.6392  time: 437s, lr: 0.00002
[2021-12-23 07:33:44] - Epoch 7 - Score: 17.2452
[2021-12-23 07:33:44] - Early stop!!
[2021-12-23 07:33:45] - ========== fold: 7 result ==========
[2021-12-23 07:33:45] - Score: 17.0594
[2021-12-23 07:33:45] - ========== fold: 8 training ==========
[2021-12-23 07:41:09] - Epoch 1 - avg_train_loss: 0.6550  avg_val_loss: 0.6402  time: 438s, lr: 0.00002
[2021-12-23 07:41:09] - Epoch 1 - Score: 17.6471
[2021-12-23 07:41:09] - Epoch 1 - Save Best Score: 17.6471 Model
[2021-12-23 07:48:33] - Epoch 2 - avg_train_loss: 0.6467  avg_val_loss: 0.6385  time: 438s, lr: 0.00002
[2021-12-23 07:48:33] - Epoch 2 - Score: 17.4435
[2021-12-23 07:48:33] - Epoch 2 - Save Best Score: 17.4435 Model
[2021-12-23 07:48:37] - Loss decreased 17.64707 -> 17.44346
[2021-12-23 07:55:59] - Epoch 3 - avg_train_loss: 0.6422  avg_val_loss: 0.6372  time: 439s, lr: 0.00002
[2021-12-23 07:55:59] - Epoch 3 - Score: 17.2813
[2021-12-23 07:55:59] - Epoch 3 - Save Best Score: 17.2813 Model
[2021-12-23 07:56:02] - Loss decreased 17.44346 -> 17.28135
[2021-12-23 08:03:24] - Epoch 4 - avg_train_loss: 0.6406  avg_val_loss: 0.6409  time: 438s, lr: 0.00002
[2021-12-23 08:03:24] - Epoch 4 - Score: 17.7777
[2021-12-23 08:10:42] - Epoch 5 - avg_train_loss: 0.6383  avg_val_loss: 0.6434  time: 438s, lr: 0.00002
[2021-12-23 08:10:42] - Epoch 5 - Score: 18.0024
[2021-12-23 08:18:00] - Epoch 6 - avg_train_loss: 0.6352  avg_val_loss: 0.6414  time: 438s, lr: 0.00002
[2021-12-23 08:18:00] - Epoch 6 - Score: 17.7707
[2021-12-23 08:25:18] - Epoch 7 - avg_train_loss: 0.6329  avg_val_loss: 0.6402  time: 437s, lr: 0.00002
[2021-12-23 08:25:18] - Epoch 7 - Score: 17.6530
[2021-12-23 08:25:18] - Early stop!!
[2021-12-23 08:25:19] - ========== fold: 8 result ==========
[2021-12-23 08:25:19] - Score: 17.2813
[2021-12-23 08:25:19] - ========== fold: 9 training ==========
[2021-12-23 08:32:44] - Epoch 1 - avg_train_loss: 0.6555  avg_val_loss: 0.6413  time: 439s, lr: 0.00002
[2021-12-23 08:32:44] - Epoch 1 - Score: 17.7090
[2021-12-23 08:32:44] - Epoch 1 - Save Best Score: 17.7090 Model
[2021-12-23 08:40:09] - Epoch 2 - avg_train_loss: 0.6470  avg_val_loss: 0.6417  time: 438s, lr: 0.00002
[2021-12-23 08:40:09] - Epoch 2 - Score: 17.7501
[2021-12-23 08:47:28] - Epoch 3 - avg_train_loss: 0.6448  avg_val_loss: 0.6405  time: 438s, lr: 0.00002
[2021-12-23 08:47:28] - Epoch 3 - Score: 17.5826
[2021-12-23 08:47:28] - Epoch 3 - Save Best Score: 17.5826 Model
[2021-12-23 08:47:31] - Loss decreased 17.70899 -> 17.58256
[2021-12-23 08:54:54] - Epoch 4 - avg_train_loss: 0.6426  avg_val_loss: 0.6381  time: 440s, lr: 0.00002
[2021-12-23 08:54:54] - Epoch 4 - Score: 17.2752
[2021-12-23 08:54:54] - Epoch 4 - Save Best Score: 17.2752 Model
[2021-12-23 08:54:58] - Loss decreased 17.58256 -> 17.27518
[2021-12-23 09:02:21] - Epoch 5 - avg_train_loss: 0.6392  avg_val_loss: 0.6388  time: 439s, lr: 0.00002
[2021-12-23 09:02:21] - Epoch 5 - Score: 17.3548
[2021-12-23 09:09:39] - Epoch 6 - avg_train_loss: 0.6364  avg_val_loss: 0.6388  time: 438s, lr: 0.00002
[2021-12-23 09:09:39] - Epoch 6 - Score: 17.3137
[2021-12-23 09:16:57] - Epoch 7 - avg_train_loss: 0.6319  avg_val_loss: 0.6441  time: 438s, lr: 0.00002
[2021-12-23 09:16:57] - Epoch 7 - Score: 18.0079
[2021-12-23 09:24:17] - Epoch 8 - avg_train_loss: 0.6292  avg_val_loss: 0.6385  time: 439s, lr: 0.00002
[2021-12-23 09:24:17] - Epoch 8 - Score: 17.3127
[2021-12-23 09:24:17] - Early stop!!
[2021-12-23 09:24:18] - ========== fold: 9 result ==========
[2021-12-23 09:24:18] - Score: 17.2752
[2021-12-23 09:24:18] - ========== CV ==========
[2021-12-23 09:24:18] - Score: 17.3615
