[2021-12-20 14:19:12] - ========== fold: 0 training ==========
[2021-12-20 14:31:23] - Epoch 1 - avg_train_loss: 0.6534  avg_val_loss: 0.6421  time: 712s, lr: 0.00010
[2021-12-20 14:31:24] - Epoch 1 - Score: 17.9650
[2021-12-20 14:31:24] - Epoch 1 - Save Best Score: 17.9650 Model
[2021-12-20 14:37:21] - Epoch 2 - avg_train_loss: 0.6454  avg_val_loss: 0.6441  time: 346s, lr: 0.00010
[2021-12-20 14:37:21] - Epoch 2 - Score: 18.2544
[2021-12-20 14:42:30] - Epoch 3 - avg_train_loss: 0.6397  avg_val_loss: 0.6426  time: 309s, lr: 0.00010
[2021-12-20 14:42:30] - Epoch 3 - Score: 18.0677
[2021-12-20 14:47:39] - Epoch 4 - avg_train_loss: 0.6368  avg_val_loss: 0.6454  time: 309s, lr: 0.00009
[2021-12-20 14:47:39] - Epoch 4 - Score: 18.3875
[2021-12-20 14:52:48] - Epoch 5 - avg_train_loss: 0.6315  avg_val_loss: 0.6436  time: 309s, lr: 0.00009
[2021-12-20 14:52:48] - Epoch 5 - Score: 18.1517
[2021-12-20 14:52:48] - Early stop!!
[2021-12-20 14:52:49] - ========== fold: 0 result ==========
[2021-12-20 14:52:49] - Score: 17.9650
[2021-12-20 14:52:49] - ========== fold: 1 training ==========
[2021-12-20 14:58:00] - Epoch 1 - avg_train_loss: 0.6537  avg_val_loss: 0.6468  time: 309s, lr: 0.00010
[2021-12-20 14:58:00] - Epoch 1 - Score: 18.3005
[2021-12-20 14:58:00] - Epoch 1 - Save Best Score: 18.3005 Model
[2021-12-20 15:03:11] - Epoch 2 - avg_train_loss: 0.6443  avg_val_loss: 0.6458  time: 309s, lr: 0.00010
[2021-12-20 15:03:11] - Epoch 2 - Score: 18.1885
[2021-12-20 15:03:11] - Epoch 2 - Save Best Score: 18.1885 Model
[2021-12-20 15:03:12] - Loss decreased 18.30055 -> 18.18849
[2021-12-20 15:08:22] - Epoch 3 - avg_train_loss: 0.6396  avg_val_loss: 0.6474  time: 309s, lr: 0.00010
[2021-12-20 15:08:22] - Epoch 3 - Score: 18.3493
[2021-12-20 15:13:32] - Epoch 4 - avg_train_loss: 0.6343  avg_val_loss: 0.6459  time: 309s, lr: 0.00009
[2021-12-20 15:13:32] - Epoch 4 - Score: 18.1701
[2021-12-20 15:13:32] - Epoch 4 - Save Best Score: 18.1701 Model
[2021-12-20 15:13:33] - Loss decreased 18.18849 -> 18.17011
[2021-12-20 15:18:43] - Epoch 5 - avg_train_loss: 0.6287  avg_val_loss: 0.6620  time: 310s, lr: 0.00009
[2021-12-20 15:18:43] - Epoch 5 - Score: 19.8512
[2021-12-20 15:23:56] - Epoch 6 - avg_train_loss: 0.6233  avg_val_loss: 0.6500  time: 312s, lr: 0.00009
[2021-12-20 15:23:56] - Epoch 6 - Score: 18.6903
[2021-12-20 15:24:36] - Change dropout rate 0.2 -> 0.5
[2021-12-20 15:27:17] - ========== fold: 0 training ==========
[2021-12-20 15:34:03] - Epoch 1 - avg_train_loss: 0.6550  avg_val_loss: 0.6428  time: 397s, lr: 0.00010
[2021-12-20 15:34:03] - Epoch 1 - Score: 18.0584
[2021-12-20 15:34:03] - Epoch 1 - Save Best Score: 18.0584 Model
[2021-12-20 15:41:15] - Epoch 2 - avg_train_loss: 0.6469  avg_val_loss: 0.6436  time: 428s, lr: 0.00010
[2021-12-20 15:41:15] - Epoch 2 - Score: 18.1840
[2021-12-20 15:47:54] - Epoch 3 - avg_train_loss: 0.6419  avg_val_loss: 0.6419  time: 399s, lr: 0.00010
[2021-12-20 15:47:54] - Epoch 3 - Score: 17.9633
[2021-12-20 15:47:55] - Epoch 3 - Save Best Score: 17.9633 Model
[2021-12-20 15:48:03] - Loss decreased 18.05836 -> 17.96335
[2021-12-20 15:53:55] - Epoch 4 - avg_train_loss: 0.6395  avg_val_loss: 0.6427  time: 346s, lr: 0.00009
[2021-12-20 15:53:55] - Epoch 4 - Score: 18.0307
[2021-12-20 15:59:05] - Epoch 5 - avg_train_loss: 0.6343  avg_val_loss: 0.6443  time: 310s, lr: 0.00009
[2021-12-20 15:59:05] - Epoch 5 - Score: 18.2648
[2021-12-20 16:04:15] - Epoch 6 - avg_train_loss: 0.6302  avg_val_loss: 0.6443  time: 310s, lr: 0.00009
[2021-12-20 16:04:15] - Epoch 6 - Score: 18.2457
[2021-12-20 16:09:25] - Epoch 7 - avg_train_loss: 0.6228  avg_val_loss: 0.6470  time: 310s, lr: 0.00008
[2021-12-20 16:09:25] - Epoch 7 - Score: 18.5341
[2021-12-20 16:09:25] - Early stop!!
[2021-12-20 16:09:26] - ========== fold: 0 result ==========
[2021-12-20 16:09:26] - Score: 17.9633
[2021-12-20 16:09:26] - ========== fold: 1 training ==========
[2021-12-20 16:14:37] - Epoch 1 - avg_train_loss: 0.6553  avg_val_loss: 0.6492  time: 310s, lr: 0.00010
[2021-12-20 16:14:37] - Epoch 1 - Score: 18.6411
[2021-12-20 16:14:37] - Epoch 1 - Save Best Score: 18.6411 Model
[2021-12-20 16:19:49] - Epoch 2 - avg_train_loss: 0.6461  avg_val_loss: 0.6457  time: 310s, lr: 0.00010
[2021-12-20 16:19:49] - Epoch 2 - Score: 18.1818
[2021-12-20 16:19:49] - Epoch 2 - Save Best Score: 18.1818 Model
[2021-12-20 16:19:50] - Loss decreased 18.64109 -> 18.18180
[2021-12-20 16:25:02] - Epoch 3 - avg_train_loss: 0.6414  avg_val_loss: 0.6498  time: 311s, lr: 0.00010
[2021-12-20 16:25:02] - Epoch 3 - Score: 18.6824
[2021-12-20 16:30:10] - Epoch 4 - avg_train_loss: 0.6370  avg_val_loss: 0.6442  time: 309s, lr: 0.00009
[2021-12-20 16:30:10] - Epoch 4 - Score: 17.9738
[2021-12-20 16:30:10] - Epoch 4 - Save Best Score: 17.9738 Model
[2021-12-20 16:30:11] - Loss decreased 18.18180 -> 17.97378
[2021-12-20 16:35:22] - Epoch 5 - avg_train_loss: 0.6317  avg_val_loss: 0.6548  time: 310s, lr: 0.00009
[2021-12-20 16:35:22] - Epoch 5 - Score: 19.1858
[2021-12-20 16:40:32] - Epoch 6 - avg_train_loss: 0.6262  avg_val_loss: 0.6530  time: 310s, lr: 0.00009
[2021-12-20 16:40:32] - Epoch 6 - Score: 18.9878
[2021-12-20 16:45:41] - Epoch 7 - avg_train_loss: 0.6231  avg_val_loss: 0.6538  time: 309s, lr: 0.00008
[2021-12-20 16:45:41] - Epoch 7 - Score: 19.0633
[2021-12-20 16:50:50] - Epoch 8 - avg_train_loss: 0.6193  avg_val_loss: 0.6542  time: 309s, lr: 0.00007
[2021-12-20 16:50:50] - Epoch 8 - Score: 19.0962
[2021-12-20 16:50:50] - Early stop!!
[2021-12-20 16:50:50] - ========== fold: 1 result ==========
[2021-12-20 16:50:50] - Score: 17.9738
[2021-12-20 16:50:50] - ========== fold: 2 training ==========
[2021-12-20 16:56:01] - Epoch 1 - avg_train_loss: 0.6556  avg_val_loss: 0.6454  time: 310s, lr: 0.00010
[2021-12-20 16:56:01] - Epoch 1 - Score: 18.1226
[2021-12-20 16:56:01] - Epoch 1 - Save Best Score: 18.1226 Model
[2021-12-20 17:01:13] - Epoch 2 - avg_train_loss: 0.6480  avg_val_loss: 0.6460  time: 310s, lr: 0.00010
[2021-12-20 17:01:13] - Epoch 2 - Score: 18.2139
[2021-12-20 17:06:23] - Epoch 3 - avg_train_loss: 0.6433  avg_val_loss: 0.6444  time: 310s, lr: 0.00010
[2021-12-20 17:06:23] - Epoch 3 - Score: 18.0122
[2021-12-20 17:06:23] - Epoch 3 - Save Best Score: 18.0122 Model
[2021-12-20 17:06:24] - Loss decreased 18.12260 -> 18.01217
[2021-12-20 17:11:35] - Epoch 4 - avg_train_loss: 0.6384  avg_val_loss: 0.6449  time: 310s, lr: 0.00009
[2021-12-20 17:11:35] - Epoch 4 - Score: 18.0330
[2021-12-20 17:16:45] - Epoch 5 - avg_train_loss: 0.6327  avg_val_loss: 0.6479  time: 310s, lr: 0.00009
[2021-12-20 17:16:45] - Epoch 5 - Score: 18.3471
[2021-12-20 17:21:53] - Epoch 6 - avg_train_loss: 0.6276  avg_val_loss: 0.6491  time: 309s, lr: 0.00009
[2021-12-20 17:21:53] - Epoch 6 - Score: 18.4019
[2021-12-20 17:27:02] - Epoch 7 - avg_train_loss: 0.6239  avg_val_loss: 0.6521  time: 309s, lr: 0.00008
[2021-12-20 17:27:02] - Epoch 7 - Score: 18.8695
[2021-12-20 17:27:02] - Early stop!!
[2021-12-20 17:27:03] - ========== fold: 2 result ==========
[2021-12-20 17:27:03] - Score: 18.0122
[2021-12-20 17:27:03] - ========== fold: 3 training ==========
[2021-12-20 17:32:13] - Epoch 1 - avg_train_loss: 0.6554  avg_val_loss: 0.6480  time: 309s, lr: 0.00010
[2021-12-20 17:32:13] - Epoch 1 - Score: 18.5069
[2021-12-20 17:32:13] - Epoch 1 - Save Best Score: 18.5069 Model
[2021-12-20 17:37:25] - Epoch 2 - avg_train_loss: 0.6461  avg_val_loss: 0.6480  time: 310s, lr: 0.00010
[2021-12-20 17:37:25] - Epoch 2 - Score: 18.5080
[2021-12-20 17:42:34] - Epoch 3 - avg_train_loss: 0.6411  avg_val_loss: 0.6483  time: 309s, lr: 0.00010
[2021-12-20 17:42:34] - Epoch 3 - Score: 18.5263
[2021-12-20 17:47:44] - Epoch 4 - avg_train_loss: 0.6368  avg_val_loss: 0.6494  time: 310s, lr: 0.00009
[2021-12-20 17:47:44] - Epoch 4 - Score: 18.6352
[2021-12-20 17:52:54] - Epoch 5 - avg_train_loss: 0.6335  avg_val_loss: 0.6545  time: 310s, lr: 0.00009
[2021-12-20 17:52:54] - Epoch 5 - Score: 19.1610
[2021-12-20 17:52:54] - Early stop!!
[2021-12-20 17:52:54] - ========== fold: 3 result ==========
[2021-12-20 17:52:54] - Score: 18.5069
[2021-12-20 17:52:54] - ========== fold: 4 training ==========
[2021-12-20 17:58:05] - Epoch 1 - avg_train_loss: 0.6540  avg_val_loss: 0.6439  time: 310s, lr: 0.00010
[2021-12-20 17:58:05] - Epoch 1 - Score: 18.0833
[2021-12-20 17:58:05] - Epoch 1 - Save Best Score: 18.0833 Model
[2021-12-20 18:03:17] - Epoch 2 - avg_train_loss: 0.6484  avg_val_loss: 0.6440  time: 311s, lr: 0.00010
[2021-12-20 18:03:17] - Epoch 2 - Score: 18.1046
[2021-12-20 18:08:27] - Epoch 3 - avg_train_loss: 0.6420  avg_val_loss: 0.6455  time: 310s, lr: 0.00010
[2021-12-20 18:08:27] - Epoch 3 - Score: 18.3217
[2021-12-20 18:13:37] - Epoch 4 - avg_train_loss: 0.6378  avg_val_loss: 0.6441  time: 310s, lr: 0.00009
[2021-12-20 18:13:37] - Epoch 4 - Score: 18.1054
[2021-12-20 18:18:46] - Epoch 5 - avg_train_loss: 0.6327  avg_val_loss: 0.6486  time: 309s, lr: 0.00009
[2021-12-20 18:18:46] - Epoch 5 - Score: 18.6916
[2021-12-20 18:18:46] - Early stop!!
[2021-12-20 18:18:46] - ========== fold: 4 result ==========
[2021-12-20 18:18:46] - Score: 18.0833
[2021-12-20 18:18:46] - ========== fold: 5 training ==========
[2021-12-20 18:23:58] - Epoch 1 - avg_train_loss: 0.6558  avg_val_loss: 0.6425  time: 311s, lr: 0.00010
[2021-12-20 18:23:58] - Epoch 1 - Score: 17.7434
[2021-12-20 18:23:58] - Epoch 1 - Save Best Score: 17.7434 Model
[2021-12-20 18:29:10] - Epoch 2 - avg_train_loss: 0.6479  avg_val_loss: 0.6442  time: 310s, lr: 0.00010
[2021-12-20 18:29:10] - Epoch 2 - Score: 17.9654
[2021-12-20 18:34:20] - Epoch 3 - avg_train_loss: 0.6413  avg_val_loss: 0.6425  time: 310s, lr: 0.00010
[2021-12-20 18:34:20] - Epoch 3 - Score: 17.7563
[2021-12-20 18:39:30] - Epoch 4 - avg_train_loss: 0.6373  avg_val_loss: 0.6416  time: 310s, lr: 0.00009
[2021-12-20 18:39:30] - Epoch 4 - Score: 17.6248
[2021-12-20 18:39:30] - Epoch 4 - Save Best Score: 17.6248 Model
[2021-12-20 18:39:31] - Loss decreased 17.74336 -> 17.62479
[2021-12-20 18:44:42] - Epoch 5 - avg_train_loss: 0.6346  avg_val_loss: 0.6424  time: 311s, lr: 0.00009
[2021-12-20 18:44:42] - Epoch 5 - Score: 17.7454
[2021-12-20 18:49:52] - Epoch 6 - avg_train_loss: 0.6285  avg_val_loss: 0.6414  time: 310s, lr: 0.00009
[2021-12-20 18:49:52] - Epoch 6 - Score: 17.5587
[2021-12-20 18:49:52] - Epoch 6 - Save Best Score: 17.5587 Model
[2021-12-20 18:49:53] - Loss decreased 17.62479 -> 17.55865
[2021-12-20 18:55:04] - Epoch 7 - avg_train_loss: 0.6244  avg_val_loss: 0.6526  time: 310s, lr: 0.00008
[2021-12-20 18:55:04] - Epoch 7 - Score: 18.8342
[2021-12-20 19:00:14] - Epoch 8 - avg_train_loss: 0.6180  avg_val_loss: 0.6495  time: 309s, lr: 0.00007
[2021-12-20 19:00:14] - Epoch 8 - Score: 18.3970
[2021-12-20 19:05:22] - Epoch 9 - avg_train_loss: 0.6142  avg_val_loss: 0.6501  time: 308s, lr: 0.00007
[2021-12-20 19:05:22] - Epoch 9 - Score: 18.6678
[2021-12-20 19:10:31] - Epoch 10 - avg_train_loss: 0.6138  avg_val_loss: 0.6467  time: 309s, lr: 0.00006
[2021-12-20 19:10:31] - Epoch 10 - Score: 18.1817
[2021-12-20 19:10:31] - Early stop!!
[2021-12-20 19:10:31] - ========== fold: 5 result ==========
[2021-12-20 19:10:31] - Score: 17.5587
[2021-12-20 19:10:31] - ========== fold: 6 training ==========
[2021-12-20 19:15:41] - Epoch 1 - avg_train_loss: 0.6550  avg_val_loss: 0.6485  time: 309s, lr: 0.00010
[2021-12-20 19:15:41] - Epoch 1 - Score: 18.6659
[2021-12-20 19:15:41] - Epoch 1 - Save Best Score: 18.6659 Model
[2021-12-20 19:20:52] - Epoch 2 - avg_train_loss: 0.6472  avg_val_loss: 0.6449  time: 309s, lr: 0.00010
[2021-12-20 19:20:52] - Epoch 2 - Score: 18.2016
[2021-12-20 19:20:52] - Epoch 2 - Save Best Score: 18.2016 Model
[2021-12-20 19:20:53] - Loss decreased 18.66593 -> 18.20162
[2021-12-20 19:26:03] - Epoch 3 - avg_train_loss: 0.6424  avg_val_loss: 0.6449  time: 309s, lr: 0.00010
[2021-12-20 19:26:03] - Epoch 3 - Score: 18.1919
[2021-12-20 19:26:03] - Epoch 3 - Save Best Score: 18.1919 Model
[2021-12-20 19:26:05] - Loss decreased 18.20162 -> 18.19190
[2021-12-20 19:31:14] - Epoch 4 - avg_train_loss: 0.6386  avg_val_loss: 0.6447  time: 309s, lr: 0.00009
[2021-12-20 19:31:14] - Epoch 4 - Score: 18.1665
[2021-12-20 19:31:14] - Epoch 4 - Save Best Score: 18.1665 Model
[2021-12-20 19:31:15] - Loss decreased 18.19190 -> 18.16655
[2021-12-20 19:36:25] - Epoch 5 - avg_train_loss: 0.6340  avg_val_loss: 0.6463  time: 309s, lr: 0.00009
[2021-12-20 19:36:25] - Epoch 5 - Score: 18.3484
[2021-12-20 19:41:33] - Epoch 6 - avg_train_loss: 0.6298  avg_val_loss: 0.6490  time: 308s, lr: 0.00009
[2021-12-20 19:41:33] - Epoch 6 - Score: 18.6733
[2021-12-20 19:46:41] - Epoch 7 - avg_train_loss: 0.6226  avg_val_loss: 0.6578  time: 308s, lr: 0.00008
[2021-12-20 19:46:41] - Epoch 7 - Score: 19.5851
[2021-12-20 19:51:50] - Epoch 8 - avg_train_loss: 0.6209  avg_val_loss: 0.6506  time: 309s, lr: 0.00007
[2021-12-20 19:51:50] - Epoch 8 - Score: 18.8138
[2021-12-20 19:51:50] - Early stop!!
[2021-12-20 19:51:50] - ========== fold: 6 result ==========
[2021-12-20 19:51:50] - Score: 18.1665
[2021-12-20 19:51:50] - ========== fold: 7 training ==========
[2021-12-20 19:57:00] - Epoch 1 - avg_train_loss: 0.6547  avg_val_loss: 0.6445  time: 309s, lr: 0.00010
[2021-12-20 19:57:00] - Epoch 1 - Score: 17.9918
[2021-12-20 19:57:01] - Epoch 1 - Save Best Score: 17.9918 Model
[2021-12-20 20:02:13] - Epoch 2 - avg_train_loss: 0.6465  avg_val_loss: 0.6398  time: 310s, lr: 0.00010
[2021-12-20 20:02:13] - Epoch 2 - Score: 17.3615
[2021-12-20 20:02:13] - Epoch 2 - Save Best Score: 17.3615 Model
[2021-12-20 20:02:14] - Loss decreased 17.99184 -> 17.36150
[2021-12-20 20:07:25] - Epoch 3 - avg_train_loss: 0.6426  avg_val_loss: 0.6408  time: 310s, lr: 0.00010
[2021-12-20 20:07:25] - Epoch 3 - Score: 17.5058
[2021-12-20 20:12:34] - Epoch 4 - avg_train_loss: 0.6374  avg_val_loss: 0.6420  time: 310s, lr: 0.00009
[2021-12-20 20:12:34] - Epoch 4 - Score: 17.6773
[2021-12-20 20:17:44] - Epoch 5 - avg_train_loss: 0.6329  avg_val_loss: 0.6416  time: 310s, lr: 0.00009
[2021-12-20 20:17:44] - Epoch 5 - Score: 17.5374
[2021-12-20 20:22:54] - Epoch 6 - avg_train_loss: 0.6290  avg_val_loss: 0.6442  time: 310s, lr: 0.00009
[2021-12-20 20:22:54] - Epoch 6 - Score: 17.9906
[2021-12-20 20:22:54] - Early stop!!
[2021-12-20 20:22:55] - ========== fold: 7 result ==========
[2021-12-20 20:22:55] - Score: 17.3615
[2021-12-20 20:22:55] - ========== fold: 8 training ==========
[2021-12-20 20:28:06] - Epoch 1 - avg_train_loss: 0.6543  avg_val_loss: 0.6432  time: 310s, lr: 0.00010
[2021-12-20 20:28:06] - Epoch 1 - Score: 18.0597
[2021-12-20 20:28:06] - Epoch 1 - Save Best Score: 18.0597 Model
[2021-12-20 20:33:19] - Epoch 2 - avg_train_loss: 0.6468  avg_val_loss: 0.6420  time: 311s, lr: 0.00010
[2021-12-20 20:33:19] - Epoch 2 - Score: 17.8878
[2021-12-20 20:33:19] - Epoch 2 - Save Best Score: 17.8878 Model
[2021-12-20 20:33:20] - Loss decreased 18.05966 -> 17.88784
[2021-12-20 20:38:31] - Epoch 3 - avg_train_loss: 0.6427  avg_val_loss: 0.6404  time: 310s, lr: 0.00010
[2021-12-20 20:38:31] - Epoch 3 - Score: 17.6680
[2021-12-20 20:38:31] - Epoch 3 - Save Best Score: 17.6680 Model
[2021-12-20 20:38:31] - Loss decreased 17.88784 -> 17.66798
[2021-12-20 20:43:43] - Epoch 4 - avg_train_loss: 0.6381  avg_val_loss: 0.6427  time: 310s, lr: 0.00009
[2021-12-20 20:43:43] - Epoch 4 - Score: 17.9916
[2021-12-20 20:48:52] - Epoch 5 - avg_train_loss: 0.6340  avg_val_loss: 0.6400  time: 309s, lr: 0.00009
[2021-12-20 20:48:52] - Epoch 5 - Score: 17.6524
[2021-12-20 20:48:52] - Epoch 5 - Save Best Score: 17.6524 Model
[2021-12-20 20:48:53] - Loss decreased 17.66798 -> 17.65242
[2021-12-20 20:54:04] - Epoch 6 - avg_train_loss: 0.6290  avg_val_loss: 0.6432  time: 310s, lr: 0.00009
[2021-12-20 20:54:04] - Epoch 6 - Score: 18.0451
[2021-12-20 20:59:13] - Epoch 7 - avg_train_loss: 0.6239  avg_val_loss: 0.6543  time: 309s, lr: 0.00008
[2021-12-20 20:59:13] - Epoch 7 - Score: 19.2110
[2021-12-20 21:04:23] - Epoch 8 - avg_train_loss: 0.6200  avg_val_loss: 0.6505  time: 310s, lr: 0.00007
[2021-12-20 21:04:23] - Epoch 8 - Score: 18.9086
[2021-12-20 21:09:32] - Epoch 9 - avg_train_loss: 0.6164  avg_val_loss: 0.6483  time: 309s, lr: 0.00007
[2021-12-20 21:09:32] - Epoch 9 - Score: 18.6516
[2021-12-20 21:09:32] - Early stop!!
[2021-12-20 21:09:33] - ========== fold: 8 result ==========
[2021-12-20 21:09:33] - Score: 17.6524
[2021-12-20 21:09:33] - ========== fold: 9 training ==========
[2021-12-20 21:14:44] - Epoch 1 - avg_train_loss: 0.6555  avg_val_loss: 0.6436  time: 310s, lr: 0.00010
[2021-12-20 21:14:44] - Epoch 1 - Score: 17.9992
[2021-12-20 21:14:44] - Epoch 1 - Save Best Score: 17.9992 Model
[2021-12-20 21:19:56] - Epoch 2 - avg_train_loss: 0.6464  avg_val_loss: 0.6401  time: 310s, lr: 0.00010
[2021-12-20 21:19:56] - Epoch 2 - Score: 17.5562
[2021-12-20 21:19:56] - Epoch 2 - Save Best Score: 17.5562 Model
[2021-12-20 21:19:57] - Loss decreased 17.99924 -> 17.55617
[2021-12-20 21:25:09] - Epoch 3 - avg_train_loss: 0.6437  avg_val_loss: 0.6394  time: 311s, lr: 0.00010
[2021-12-20 21:25:09] - Epoch 3 - Score: 17.4840
[2021-12-20 21:25:09] - Epoch 3 - Save Best Score: 17.4840 Model
[2021-12-20 21:25:10] - Loss decreased 17.55617 -> 17.48403
[2021-12-20 21:30:21] - Epoch 4 - avg_train_loss: 0.6380  avg_val_loss: 0.6399  time: 311s, lr: 0.00009
[2021-12-20 21:30:21] - Epoch 4 - Score: 17.5246
[2021-12-20 21:35:30] - Epoch 5 - avg_train_loss: 0.6341  avg_val_loss: 0.6439  time: 309s, lr: 0.00009
[2021-12-20 21:35:30] - Epoch 5 - Score: 18.0722
[2021-12-20 21:40:40] - Epoch 6 - avg_train_loss: 0.6290  avg_val_loss: 0.6479  time: 310s, lr: 0.00009
[2021-12-20 21:40:40] - Epoch 6 - Score: 18.3974
[2021-12-20 21:45:49] - Epoch 7 - avg_train_loss: 0.6234  avg_val_loss: 0.6473  time: 309s, lr: 0.00008
[2021-12-20 21:45:49] - Epoch 7 - Score: 18.4136
[2021-12-20 21:45:49] - Early stop!!
[2021-12-20 21:45:50] - ========== fold: 9 result ==========
[2021-12-20 21:45:50] - Score: 17.4840
[2021-12-20 21:45:50] - ========== CV ==========
[2021-12-20 21:45:50] - Score: 17.8795
