[2021-11-13 23:33:40] - ========== fold: 0 training ==========
[2021-11-13 23:36:00] - ========== fold: 0 training ==========
[2021-11-13 23:48:11] - Epoch 1 - avg_train_loss: 0.6556  avg_val_loss: 0.6487  time: 718s, lr: 0.00010
[2021-11-13 23:48:11] - Epoch 1 - Score: 18.7380
[2021-11-13 23:48:11] - Epoch 1 - Save Best Score: 18.7380 Model
[2021-11-13 23:51:53] - Epoch 2 - avg_train_loss: 0.6436  avg_val_loss: 0.6480  time: 222s, lr: 0.00010
[2021-11-13 23:51:53] - Epoch 2 - Score: 18.6017
[2021-11-13 23:51:53] - Epoch 2 - Save Best Score: 18.6017 Model
[2021-11-13 23:51:53] - Loss decreased 18.73804 -> 18.60167
[2021-11-13 23:55:36] - Epoch 3 - avg_train_loss: 0.6356  avg_val_loss: 0.6499  time: 223s, lr: 0.00010
[2021-11-13 23:55:36] - Epoch 3 - Score: 18.8732
[2021-11-13 23:59:18] - Epoch 4 - avg_train_loss: 0.6313  avg_val_loss: 0.6497  time: 222s, lr: 0.00009
[2021-11-13 23:59:18] - Epoch 4 - Score: 18.7756
[2021-11-14 00:03:00] - Epoch 5 - avg_train_loss: 0.6245  avg_val_loss: 0.6491  time: 223s, lr: 0.00009
[2021-11-14 00:03:00] - Epoch 5 - Score: 18.7425
[2021-11-14 00:06:43] - Epoch 6 - avg_train_loss: 0.6172  avg_val_loss: 0.6540  time: 223s, lr: 0.00009
[2021-11-14 00:06:43] - Epoch 6 - Score: 19.2329
[2021-11-14 00:06:43] - Early stop!!
[2021-11-14 00:06:43] - ========== fold: 0 result ==========
[2021-11-14 00:06:43] - Score: 18.6017
[2021-11-14 00:06:43] - ========== fold: 1 training ==========
[2021-11-14 00:10:26] - Epoch 1 - avg_train_loss: 0.6558  avg_val_loss: 0.6515  time: 222s, lr: 0.00010
[2021-11-14 00:10:26] - Epoch 1 - Score: 18.9851
[2021-11-14 00:10:26] - Epoch 1 - Save Best Score: 18.9851 Model
[2021-11-14 00:14:09] - Epoch 2 - avg_train_loss: 0.6435  avg_val_loss: 0.6508  time: 223s, lr: 0.00010
[2021-11-14 00:14:09] - Epoch 2 - Score: 18.8750
[2021-11-14 00:14:09] - Epoch 2 - Save Best Score: 18.8750 Model
[2021-11-14 00:14:09] - Loss decreased 18.98510 -> 18.87501
[2021-11-14 00:17:53] - Epoch 3 - avg_train_loss: 0.6371  avg_val_loss: 0.6476  time: 224s, lr: 0.00010
[2021-11-14 00:17:53] - Epoch 3 - Score: 18.4841
[2021-11-14 00:17:53] - Epoch 3 - Save Best Score: 18.4841 Model
[2021-11-14 00:17:53] - Loss decreased 18.87501 -> 18.48413
[2021-11-14 00:21:38] - Epoch 4 - avg_train_loss: 0.6289  avg_val_loss: 0.6538  time: 224s, lr: 0.00009
[2021-11-14 00:21:38] - Epoch 4 - Score: 19.1500
[2021-11-14 00:25:22] - Epoch 5 - avg_train_loss: 0.6227  avg_val_loss: 0.6543  time: 224s, lr: 0.00009
[2021-11-14 00:25:22] - Epoch 5 - Score: 19.2877
[2021-11-14 00:29:06] - Epoch 6 - avg_train_loss: 0.6172  avg_val_loss: 0.6559  time: 224s, lr: 0.00009
[2021-11-14 00:29:07] - Epoch 6 - Score: 19.3786
[2021-11-14 00:32:51] - Epoch 7 - avg_train_loss: 0.6102  avg_val_loss: 0.6614  time: 224s, lr: 0.00008
[2021-11-14 00:32:51] - Epoch 7 - Score: 19.8549
[2021-11-14 00:32:51] - Early stop!!
[2021-11-14 00:32:51] - ========== fold: 1 result ==========
[2021-11-14 00:32:51] - Score: 18.4841
[2021-11-14 00:32:51] - ========== fold: 2 training ==========
[2021-11-14 00:36:35] - Epoch 1 - avg_train_loss: 0.6558  avg_val_loss: 0.6481  time: 224s, lr: 0.00010
[2021-11-14 00:36:35] - Epoch 1 - Score: 18.6439
[2021-11-14 00:36:35] - Epoch 1 - Save Best Score: 18.6439 Model
[2021-11-14 00:40:18] - Epoch 2 - avg_train_loss: 0.6440  avg_val_loss: 0.6484  time: 223s, lr: 0.00010
[2021-11-14 00:40:18] - Epoch 2 - Score: 18.6640
[2021-11-14 00:44:02] - Epoch 3 - avg_train_loss: 0.6375  avg_val_loss: 0.6473  time: 224s, lr: 0.00010
[2021-11-14 00:44:02] - Epoch 3 - Score: 18.5228
[2021-11-14 00:44:02] - Epoch 3 - Save Best Score: 18.5228 Model
[2021-11-14 00:44:02] - Loss decreased 18.64395 -> 18.52283
[2021-11-14 00:47:45] - Epoch 4 - avg_train_loss: 0.6306  avg_val_loss: 0.6500  time: 223s, lr: 0.00009
[2021-11-14 00:47:45] - Epoch 4 - Score: 18.8351
[2021-11-14 00:51:29] - Epoch 5 - avg_train_loss: 0.6241  avg_val_loss: 0.6530  time: 224s, lr: 0.00009
[2021-11-14 00:51:29] - Epoch 5 - Score: 19.1400
[2021-11-14 00:55:12] - Epoch 6 - avg_train_loss: 0.6175  avg_val_loss: 0.6521  time: 223s, lr: 0.00009
[2021-11-14 00:55:12] - Epoch 6 - Score: 19.0177
[2021-11-14 00:58:56] - Epoch 7 - avg_train_loss: 0.6113  avg_val_loss: 0.6554  time: 224s, lr: 0.00008
[2021-11-14 00:58:56] - Epoch 7 - Score: 19.3397
[2021-11-14 00:58:56] - Early stop!!
[2021-11-14 00:58:56] - ========== fold: 2 result ==========
[2021-11-14 00:58:56] - Score: 18.5228
[2021-11-14 00:58:56] - ========== fold: 3 training ==========
[2021-11-14 01:02:40] - Epoch 1 - avg_train_loss: 0.6557  avg_val_loss: 0.6467  time: 224s, lr: 0.00010
[2021-11-14 01:02:40] - Epoch 1 - Score: 18.4089
[2021-11-14 01:02:40] - Epoch 1 - Save Best Score: 18.4089 Model
[2021-11-14 01:06:24] - Epoch 2 - avg_train_loss: 0.6444  avg_val_loss: 0.6478  time: 224s, lr: 0.00010
[2021-11-14 01:06:24] - Epoch 2 - Score: 18.5597
[2021-11-14 01:10:08] - Epoch 3 - avg_train_loss: 0.6378  avg_val_loss: 0.6453  time: 224s, lr: 0.00010
[2021-11-14 01:10:08] - Epoch 3 - Score: 18.1929
[2021-11-14 01:10:08] - Epoch 3 - Save Best Score: 18.1929 Model
[2021-11-14 01:10:09] - Loss decreased 18.40895 -> 18.19289
[2021-11-14 01:13:54] - Epoch 4 - avg_train_loss: 0.6316  avg_val_loss: 0.6480  time: 225s, lr: 0.00009
[2021-11-14 01:13:54] - Epoch 4 - Score: 18.5219
[2021-11-14 01:17:40] - Epoch 5 - avg_train_loss: 0.6243  avg_val_loss: 0.6506  time: 225s, lr: 0.00009
[2021-11-14 01:17:40] - Epoch 5 - Score: 18.6519
[2021-11-14 01:21:24] - Epoch 6 - avg_train_loss: 0.6179  avg_val_loss: 0.6517  time: 224s, lr: 0.00009
[2021-11-14 01:21:24] - Epoch 6 - Score: 18.7936
[2021-11-14 01:25:09] - Epoch 7 - avg_train_loss: 0.6111  avg_val_loss: 0.6570  time: 224s, lr: 0.00008
[2021-11-14 01:25:09] - Epoch 7 - Score: 19.2672
[2021-11-14 01:25:09] - Early stop!!
[2021-11-14 01:25:09] - ========== fold: 3 result ==========
[2021-11-14 01:25:09] - Score: 18.1929
[2021-11-14 01:25:09] - ========== fold: 4 training ==========
[2021-11-14 01:28:53] - Epoch 1 - avg_train_loss: 0.6551  avg_val_loss: 0.6480  time: 224s, lr: 0.00010
[2021-11-14 01:28:53] - Epoch 1 - Score: 18.6046
[2021-11-14 01:28:53] - Epoch 1 - Save Best Score: 18.6046 Model
[2021-11-14 01:32:38] - Epoch 2 - avg_train_loss: 0.6440  avg_val_loss: 0.6471  time: 224s, lr: 0.00010
[2021-11-14 01:32:38] - Epoch 2 - Score: 18.4938
[2021-11-14 01:32:38] - Epoch 2 - Save Best Score: 18.4938 Model
[2021-11-14 01:32:38] - Loss decreased 18.60458 -> 18.49383
[2021-11-14 01:36:23] - Epoch 3 - avg_train_loss: 0.6365  avg_val_loss: 0.6487  time: 224s, lr: 0.00010
[2021-11-14 01:36:23] - Epoch 3 - Score: 18.6959
[2021-11-14 01:40:07] - Epoch 4 - avg_train_loss: 0.6315  avg_val_loss: 0.6496  time: 224s, lr: 0.00009
[2021-11-14 01:40:07] - Epoch 4 - Score: 18.8131
[2021-11-14 01:43:52] - Epoch 5 - avg_train_loss: 0.6238  avg_val_loss: 0.6496  time: 225s, lr: 0.00009
[2021-11-14 01:43:52] - Epoch 5 - Score: 18.7440
[2021-11-14 01:47:37] - Epoch 6 - avg_train_loss: 0.6179  avg_val_loss: 0.6511  time: 225s, lr: 0.00009
[2021-11-14 01:47:37] - Epoch 6 - Score: 18.9429
[2021-11-14 01:47:37] - Early stop!!
[2021-11-14 01:47:37] - ========== fold: 4 result ==========
[2021-11-14 01:47:37] - Score: 18.4938
[2021-11-14 01:47:37] - ========== CV ==========
[2021-11-14 01:47:37] - Score: 18.4596
