[2021-12-23 17:14:07] - ========== fold: 0 training ==========
[2021-12-23 17:26:17] - Epoch 1 - avg_train_loss: 0.6631  avg_val_loss: 0.6450  time: 705s, lr: 0.00002
[2021-12-23 17:26:17] - Epoch 1 - Score: 18.3430
[2021-12-23 17:26:17] - Epoch 1 - Save Best Score: 18.3430 Model
[2021-12-23 17:31:12] - Epoch 2 - avg_train_loss: 0.6516  avg_val_loss: 0.6412  time: 291s, lr: 0.00002
[2021-12-23 17:31:12] - Epoch 2 - Score: 17.8692
[2021-12-23 17:31:12] - Epoch 2 - Save Best Score: 17.8692 Model
[2021-12-23 17:31:14] - Loss decreased 18.34303 -> 17.86922
[2021-12-23 17:36:11] - Epoch 3 - avg_train_loss: 0.6471  avg_val_loss: 0.6399  time: 295s, lr: 0.00002
[2021-12-23 17:36:11] - Epoch 3 - Score: 17.6998
[2021-12-23 17:36:11] - Epoch 3 - Save Best Score: 17.6998 Model
[2021-12-23 17:36:12] - Loss decreased 17.86922 -> 17.69977
[2021-12-23 17:41:06] - Epoch 4 - avg_train_loss: 0.6444  avg_val_loss: 0.6403  time: 292s, lr: 0.00002
[2021-12-23 17:41:06] - Epoch 4 - Score: 17.7509
[2021-12-23 17:45:56] - Epoch 5 - avg_train_loss: 0.6434  avg_val_loss: 0.6414  time: 290s, lr: 0.00002
[2021-12-23 17:45:56] - Epoch 5 - Score: 17.9130
[2021-12-23 17:50:47] - Epoch 6 - avg_train_loss: 0.6424  avg_val_loss: 0.6402  time: 291s, lr: 0.00002
[2021-12-23 17:50:47] - Epoch 6 - Score: 17.7504
[2021-12-23 17:55:39] - Epoch 7 - avg_train_loss: 0.6397  avg_val_loss: 0.6399  time: 292s, lr: 0.00002
[2021-12-23 17:55:39] - Epoch 7 - Score: 17.7241
[2021-12-23 17:55:39] - Early stop!!
[2021-12-23 17:55:40] - ========== fold: 0 result ==========
[2021-12-23 17:55:40] - Score: 17.6998
[2021-12-23 17:55:40] - ========== fold: 1 training ==========
[2021-12-23 18:00:35] - Epoch 1 - avg_train_loss: 0.6594  avg_val_loss: 0.6481  time: 292s, lr: 0.00002
[2021-12-23 18:00:35] - Epoch 1 - Score: 18.4908
[2021-12-23 18:00:35] - Epoch 1 - Save Best Score: 18.4908 Model
[2021-12-23 18:05:29] - Epoch 2 - avg_train_loss: 0.6500  avg_val_loss: 0.6469  time: 291s, lr: 0.00002
[2021-12-23 18:05:29] - Epoch 2 - Score: 18.3316
[2021-12-23 18:05:29] - Epoch 2 - Save Best Score: 18.3316 Model
[2021-12-23 18:05:31] - Loss decreased 18.49076 -> 18.33156
[2021-12-23 18:10:22] - Epoch 3 - avg_train_loss: 0.6478  avg_val_loss: 0.6463  time: 290s, lr: 0.00002
[2021-12-23 18:10:22] - Epoch 3 - Score: 18.2478
[2021-12-23 18:10:22] - Epoch 3 - Save Best Score: 18.2478 Model
[2021-12-23 18:10:24] - Loss decreased 18.33156 -> 18.24779
[2021-12-23 18:15:14] - Epoch 4 - avg_train_loss: 0.6452  avg_val_loss: 0.6455  time: 289s, lr: 0.00002
[2021-12-23 18:15:14] - Epoch 4 - Score: 18.1543
[2021-12-23 18:15:14] - Epoch 4 - Save Best Score: 18.1543 Model
[2021-12-23 18:15:16] - Loss decreased 18.24779 -> 18.15425
[2021-12-23 18:20:08] - Epoch 5 - avg_train_loss: 0.6420  avg_val_loss: 0.6445  time: 291s, lr: 0.00002
[2021-12-23 18:20:08] - Epoch 5 - Score: 18.0036
[2021-12-23 18:20:08] - Epoch 5 - Save Best Score: 18.0036 Model
[2021-12-23 18:20:10] - Loss decreased 18.15425 -> 18.00365
[2021-12-23 18:25:02] - Epoch 6 - avg_train_loss: 0.6419  avg_val_loss: 0.6457  time: 291s, lr: 0.00002
[2021-12-23 18:25:02] - Epoch 6 - Score: 18.1350
[2021-12-23 18:29:51] - Epoch 7 - avg_train_loss: 0.6397  avg_val_loss: 0.6428  time: 289s, lr: 0.00002
[2021-12-23 18:29:51] - Epoch 7 - Score: 17.7841
[2021-12-23 18:29:51] - Epoch 7 - Save Best Score: 17.7841 Model
[2021-12-23 18:29:53] - Loss decreased 18.00365 -> 17.78407
[2021-12-23 18:34:45] - Epoch 8 - avg_train_loss: 0.6365  avg_val_loss: 0.6448  time: 290s, lr: 0.00002
[2021-12-23 18:34:45] - Epoch 8 - Score: 18.0152
[2021-12-23 18:39:34] - Epoch 9 - avg_train_loss: 0.6346  avg_val_loss: 0.6473  time: 289s, lr: 0.00001
[2021-12-23 18:39:34] - Epoch 9 - Score: 18.3481
[2021-12-23 18:44:23] - Epoch 10 - avg_train_loss: 0.6312  avg_val_loss: 0.6449  time: 289s, lr: 0.00001
[2021-12-23 18:44:23] - Epoch 10 - Score: 17.9896
[2021-12-23 18:49:13] - Epoch 11 - avg_train_loss: 0.6291  avg_val_loss: 0.6473  time: 290s, lr: 0.00001
[2021-12-23 18:49:13] - Epoch 11 - Score: 18.1981
[2021-12-23 18:49:13] - Early stop!!
[2021-12-23 18:49:13] - ========== fold: 1 result ==========
[2021-12-23 18:49:13] - Score: 17.7841
[2021-12-23 18:49:13] - ========== fold: 2 training ==========
[2021-12-23 18:54:06] - Epoch 1 - avg_train_loss: 0.6600  avg_val_loss: 0.6449  time: 290s, lr: 0.00002
[2021-12-23 18:54:06] - Epoch 1 - Score: 18.0711
[2021-12-23 18:54:06] - Epoch 1 - Save Best Score: 18.0711 Model
[2021-12-23 18:59:00] - Epoch 2 - avg_train_loss: 0.6506  avg_val_loss: 0.6431  time: 291s, lr: 0.00002
[2021-12-23 18:59:00] - Epoch 2 - Score: 17.8361
[2021-12-23 18:59:00] - Epoch 2 - Save Best Score: 17.8361 Model
[2021-12-23 18:59:02] - Loss decreased 18.07114 -> 17.83612
[2021-12-23 19:03:51] - Epoch 3 - avg_train_loss: 0.6470  avg_val_loss: 0.6417  time: 287s, lr: 0.00002
[2021-12-23 19:03:51] - Epoch 3 - Score: 17.6716
[2021-12-23 19:03:51] - Epoch 3 - Save Best Score: 17.6716 Model
[2021-12-23 19:03:52] - Loss decreased 17.83612 -> 17.67158
[2021-12-23 19:08:38] - Epoch 4 - avg_train_loss: 0.6459  avg_val_loss: 0.6444  time: 284s, lr: 0.00002
[2021-12-23 19:08:38] - Epoch 4 - Score: 18.0076
[2021-12-23 19:13:25] - Epoch 5 - avg_train_loss: 0.6422  avg_val_loss: 0.6428  time: 286s, lr: 0.00002
[2021-12-23 19:13:25] - Epoch 5 - Score: 17.7825
[2021-12-23 19:18:07] - Epoch 6 - avg_train_loss: 0.6400  avg_val_loss: 0.6419  time: 282s, lr: 0.00002
[2021-12-23 19:18:07] - Epoch 6 - Score: 17.6013
[2021-12-23 19:18:07] - Epoch 6 - Save Best Score: 17.6013 Model
[2021-12-23 19:18:08] - Loss decreased 17.67158 -> 17.60132
[2021-12-23 19:22:53] - Epoch 7 - avg_train_loss: 0.6383  avg_val_loss: 0.6431  time: 283s, lr: 0.00002
[2021-12-23 19:22:53] - Epoch 7 - Score: 17.7935
[2021-12-23 19:27:35] - Epoch 8 - avg_train_loss: 0.6360  avg_val_loss: 0.6460  time: 282s, lr: 0.00002
[2021-12-23 19:27:35] - Epoch 8 - Score: 18.0825
[2021-12-23 19:32:17] - Epoch 9 - avg_train_loss: 0.6348  avg_val_loss: 0.6474  time: 282s, lr: 0.00001
[2021-12-23 19:32:17] - Epoch 9 - Score: 18.2598
[2021-12-23 19:36:58] - Epoch 10 - avg_train_loss: 0.6314  avg_val_loss: 0.6449  time: 282s, lr: 0.00001
[2021-12-23 19:36:58] - Epoch 10 - Score: 17.9870
[2021-12-23 19:36:58] - Early stop!!
[2021-12-23 19:36:59] - ========== fold: 2 result ==========
[2021-12-23 19:36:59] - Score: 17.6013
[2021-12-23 19:36:59] - ========== fold: 3 training ==========
[2021-12-23 19:41:43] - Epoch 1 - avg_train_loss: 0.6611  avg_val_loss: 0.6505  time: 282s, lr: 0.00002
[2021-12-23 19:41:43] - Epoch 1 - Score: 18.8220
[2021-12-23 19:41:43] - Epoch 1 - Save Best Score: 18.8220 Model
[2021-12-23 19:46:29] - Epoch 2 - avg_train_loss: 0.6514  avg_val_loss: 0.6528  time: 283s, lr: 0.00002
[2021-12-23 19:46:29] - Epoch 2 - Score: 19.0798
[2021-12-23 19:51:17] - Epoch 3 - avg_train_loss: 0.6477  avg_val_loss: 0.6467  time: 288s, lr: 0.00002
[2021-12-23 19:51:17] - Epoch 3 - Score: 18.3385
[2021-12-23 19:51:17] - Epoch 3 - Save Best Score: 18.3385 Model
[2021-12-23 19:51:18] - Loss decreased 18.82201 -> 18.33846
[2021-12-23 19:56:08] - Epoch 4 - avg_train_loss: 0.6456  avg_val_loss: 0.6520  time: 288s, lr: 0.00002
[2021-12-23 19:56:08] - Epoch 4 - Score: 18.9613
[2021-12-23 20:00:56] - Epoch 5 - avg_train_loss: 0.6433  avg_val_loss: 0.6486  time: 288s, lr: 0.00002
[2021-12-23 20:00:56] - Epoch 5 - Score: 18.5706
[2021-12-23 20:05:44] - Epoch 6 - avg_train_loss: 0.6415  avg_val_loss: 0.6480  time: 288s, lr: 0.00002
[2021-12-23 20:05:44] - Epoch 6 - Score: 18.4576
[2021-12-23 20:10:32] - Epoch 7 - avg_train_loss: 0.6395  avg_val_loss: 0.6540  time: 288s, lr: 0.00002
[2021-12-23 20:10:32] - Epoch 7 - Score: 19.0774
[2021-12-23 20:10:32] - Early stop!!
[2021-12-23 20:10:33] - ========== fold: 3 result ==========
[2021-12-23 20:10:33] - Score: 18.3385
[2021-12-23 20:10:33] - ========== fold: 4 training ==========
[2021-12-23 20:15:22] - Epoch 1 - avg_train_loss: 0.6602  avg_val_loss: 0.6450  time: 287s, lr: 0.00002
[2021-12-23 20:15:22] - Epoch 1 - Score: 18.2211
[2021-12-23 20:15:22] - Epoch 1 - Save Best Score: 18.2211 Model
[2021-12-23 20:20:17] - Epoch 2 - avg_train_loss: 0.6509  avg_val_loss: 0.6431  time: 292s, lr: 0.00002
[2021-12-23 20:20:17] - Epoch 2 - Score: 17.9804
[2021-12-23 20:20:17] - Epoch 2 - Save Best Score: 17.9804 Model
[2021-12-23 20:20:19] - Loss decreased 18.22105 -> 17.98040
[2021-12-23 20:25:06] - Epoch 3 - avg_train_loss: 0.6481  avg_val_loss: 0.6443  time: 285s, lr: 0.00002
[2021-12-23 20:25:06] - Epoch 3 - Score: 18.1430
[2021-12-23 20:29:50] - Epoch 4 - avg_train_loss: 0.6451  avg_val_loss: 0.6425  time: 284s, lr: 0.00002
[2021-12-23 20:29:50] - Epoch 4 - Score: 17.9124
[2021-12-23 20:29:50] - Epoch 4 - Save Best Score: 17.9124 Model
[2021-12-23 20:29:51] - Loss decreased 17.98040 -> 17.91237
[2021-12-23 20:34:37] - Epoch 5 - avg_train_loss: 0.6434  avg_val_loss: 0.6451  time: 284s, lr: 0.00002
[2021-12-23 20:34:37] - Epoch 5 - Score: 18.2175
[2021-12-23 20:39:21] - Epoch 6 - avg_train_loss: 0.6414  avg_val_loss: 0.6451  time: 283s, lr: 0.00002
[2021-12-23 20:39:21] - Epoch 6 - Score: 18.1702
[2021-12-23 20:44:05] - Epoch 7 - avg_train_loss: 0.6401  avg_val_loss: 0.6414  time: 284s, lr: 0.00002
[2021-12-23 20:44:05] - Epoch 7 - Score: 17.7628
[2021-12-23 20:44:05] - Epoch 7 - Save Best Score: 17.7628 Model
[2021-12-23 20:44:07] - Loss decreased 17.91237 -> 17.76278
[2021-12-23 20:48:51] - Epoch 8 - avg_train_loss: 0.6374  avg_val_loss: 0.6419  time: 283s, lr: 0.00002
[2021-12-23 20:48:51] - Epoch 8 - Score: 17.8151
[2021-12-23 20:53:37] - Epoch 9 - avg_train_loss: 0.6339  avg_val_loss: 0.6437  time: 286s, lr: 0.00001
[2021-12-23 20:53:37] - Epoch 9 - Score: 18.0521
[2021-12-23 20:58:21] - Epoch 10 - avg_train_loss: 0.6315  avg_val_loss: 0.6422  time: 284s, lr: 0.00001
[2021-12-23 20:58:21] - Epoch 10 - Score: 17.8647
[2021-12-23 21:03:07] - Epoch 11 - avg_train_loss: 0.6293  avg_val_loss: 0.6417  time: 286s, lr: 0.00001
[2021-12-23 21:03:07] - Epoch 11 - Score: 17.7818
[2021-12-23 21:03:07] - Early stop!!
[2021-12-23 21:03:08] - ========== fold: 4 result ==========
[2021-12-23 21:03:08] - Score: 17.7628
[2021-12-23 21:03:08] - ========== fold: 5 training ==========
[2021-12-23 21:07:55] - Epoch 1 - avg_train_loss: 0.6597  avg_val_loss: 0.6457  time: 285s, lr: 0.00002
[2021-12-23 21:07:55] - Epoch 1 - Score: 18.1565
[2021-12-23 21:07:55] - Epoch 1 - Save Best Score: 18.1565 Model
[2021-12-23 21:12:45] - Epoch 2 - avg_train_loss: 0.6501  avg_val_loss: 0.6421  time: 286s, lr: 0.00002
[2021-12-23 21:12:45] - Epoch 2 - Score: 17.6995
[2021-12-23 21:12:45] - Epoch 2 - Save Best Score: 17.6995 Model
[2021-12-23 21:12:46] - Loss decreased 18.15650 -> 17.69945
[2021-12-23 21:17:33] - Epoch 3 - avg_train_loss: 0.6478  avg_val_loss: 0.6424  time: 286s, lr: 0.00002
[2021-12-23 21:17:33] - Epoch 3 - Score: 17.6971
[2021-12-23 21:17:33] - Epoch 3 - Save Best Score: 17.6971 Model
[2021-12-23 21:17:35] - Loss decreased 17.69945 -> 17.69713
[2021-12-23 21:22:21] - Epoch 4 - avg_train_loss: 0.6447  avg_val_loss: 0.6415  time: 284s, lr: 0.00002
[2021-12-23 21:22:21] - Epoch 4 - Score: 17.6164
[2021-12-23 21:22:21] - Epoch 4 - Save Best Score: 17.6164 Model
[2021-12-23 21:22:23] - Loss decreased 17.69713 -> 17.61644
[2021-12-23 21:27:14] - Epoch 5 - avg_train_loss: 0.6436  avg_val_loss: 0.6446  time: 289s, lr: 0.00002
[2021-12-23 21:27:14] - Epoch 5 - Score: 18.0244
[2021-12-23 21:32:07] - Epoch 6 - avg_train_loss: 0.6403  avg_val_loss: 0.6446  time: 293s, lr: 0.00002
[2021-12-23 21:32:07] - Epoch 6 - Score: 18.0507
[2021-12-23 21:36:58] - Epoch 7 - avg_train_loss: 0.6396  avg_val_loss: 0.6400  time: 291s, lr: 0.00002
[2021-12-23 21:36:58] - Epoch 7 - Score: 17.4561
[2021-12-23 21:36:58] - Epoch 7 - Save Best Score: 17.4561 Model
[2021-12-23 21:37:00] - Loss decreased 17.61644 -> 17.45610
[2021-12-23 21:41:53] - Epoch 8 - avg_train_loss: 0.6368  avg_val_loss: 0.6434  time: 291s, lr: 0.00002
[2021-12-23 21:41:53] - Epoch 8 - Score: 17.8759
[2021-12-23 21:46:42] - Epoch 9 - avg_train_loss: 0.6332  avg_val_loss: 0.6455  time: 289s, lr: 0.00001
[2021-12-23 21:46:42] - Epoch 9 - Score: 18.0900
[2021-12-23 21:51:30] - Epoch 10 - avg_train_loss: 0.6318  avg_val_loss: 0.6451  time: 287s, lr: 0.00001
[2021-12-23 21:51:30] - Epoch 10 - Score: 18.0399
[2021-12-23 21:56:18] - Epoch 11 - avg_train_loss: 0.6282  avg_val_loss: 0.6441  time: 288s, lr: 0.00001
[2021-12-23 21:56:18] - Epoch 11 - Score: 17.8875
[2021-12-23 21:56:18] - Early stop!!
[2021-12-23 21:56:18] - ========== fold: 5 result ==========
[2021-12-23 21:56:18] - Score: 17.4561
[2021-12-23 21:56:18] - ========== fold: 6 training ==========
[2021-12-23 22:01:09] - Epoch 1 - avg_train_loss: 0.6610  avg_val_loss: 0.6471  time: 289s, lr: 0.00002
[2021-12-23 22:01:09] - Epoch 1 - Score: 18.4933
[2021-12-23 22:01:09] - Epoch 1 - Save Best Score: 18.4933 Model
[2021-12-23 22:06:01] - Epoch 2 - avg_train_loss: 0.6498  avg_val_loss: 0.6453  time: 288s, lr: 0.00002
[2021-12-23 22:06:01] - Epoch 2 - Score: 18.2482
[2021-12-23 22:06:01] - Epoch 2 - Save Best Score: 18.2482 Model
[2021-12-23 22:06:03] - Loss decreased 18.49332 -> 18.24817
[2021-12-23 22:10:52] - Epoch 3 - avg_train_loss: 0.6474  avg_val_loss: 0.6427  time: 288s, lr: 0.00002
[2021-12-23 22:10:52] - Epoch 3 - Score: 17.9223
[2021-12-23 22:10:52] - Epoch 3 - Save Best Score: 17.9223 Model
[2021-12-23 22:10:54] - Loss decreased 18.24817 -> 17.92228
[2021-12-23 22:15:43] - Epoch 4 - avg_train_loss: 0.6456  avg_val_loss: 0.6468  time: 288s, lr: 0.00002
[2021-12-23 22:15:43] - Epoch 4 - Score: 18.4367
[2021-12-23 22:20:31] - Epoch 5 - avg_train_loss: 0.6435  avg_val_loss: 0.6477  time: 287s, lr: 0.00002
[2021-12-23 22:20:31] - Epoch 5 - Score: 18.5646
[2021-12-23 22:25:16] - Epoch 6 - avg_train_loss: 0.6414  avg_val_loss: 0.6428  time: 286s, lr: 0.00002
[2021-12-23 22:25:16] - Epoch 6 - Score: 17.9220
[2021-12-23 22:25:16] - Epoch 6 - Save Best Score: 17.9220 Model
[2021-12-23 22:25:18] - Loss decreased 17.92228 -> 17.92200
[2021-12-23 22:30:08] - Epoch 7 - avg_train_loss: 0.6378  avg_val_loss: 0.6461  time: 288s, lr: 0.00002
[2021-12-23 22:30:08] - Epoch 7 - Score: 18.2976
[2021-12-23 22:34:55] - Epoch 8 - avg_train_loss: 0.6355  avg_val_loss: 0.6458  time: 287s, lr: 0.00002
[2021-12-23 22:34:55] - Epoch 8 - Score: 18.2498
[2021-12-23 22:39:41] - Epoch 9 - avg_train_loss: 0.6331  avg_val_loss: 0.6446  time: 286s, lr: 0.00001
[2021-12-23 22:39:41] - Epoch 9 - Score: 18.1152
[2021-12-23 22:44:28] - Epoch 10 - avg_train_loss: 0.6319  avg_val_loss: 0.6464  time: 287s, lr: 0.00001
[2021-12-23 22:44:28] - Epoch 10 - Score: 18.2679
[2021-12-23 22:44:28] - Early stop!!
[2021-12-23 22:44:29] - ========== fold: 6 result ==========
[2021-12-23 22:44:29] - Score: 17.9220
[2021-12-23 22:44:29] - ========== fold: 7 training ==========
[2021-12-23 22:49:19] - Epoch 1 - avg_train_loss: 0.6613  avg_val_loss: 0.6471  time: 288s, lr: 0.00002
[2021-12-23 22:49:19] - Epoch 1 - Score: 18.3548
[2021-12-23 22:49:19] - Epoch 1 - Save Best Score: 18.3548 Model
[2021-12-23 22:54:10] - Epoch 2 - avg_train_loss: 0.6523  avg_val_loss: 0.6417  time: 288s, lr: 0.00002
[2021-12-23 22:54:10] - Epoch 2 - Score: 17.6186
[2021-12-23 22:54:10] - Epoch 2 - Save Best Score: 17.6186 Model
[2021-12-23 22:54:11] - Loss decreased 18.35479 -> 17.61856
[2021-12-23 22:59:01] - Epoch 3 - avg_train_loss: 0.6486  avg_val_loss: 0.6417  time: 287s, lr: 0.00002
[2021-12-23 22:59:01] - Epoch 3 - Score: 17.6062
[2021-12-23 22:59:01] - Epoch 3 - Save Best Score: 17.6062 Model
[2021-12-23 22:59:02] - Loss decreased 17.61856 -> 17.60621
[2021-12-23 23:03:52] - Epoch 4 - avg_train_loss: 0.6459  avg_val_loss: 0.6410  time: 288s, lr: 0.00002
[2021-12-23 23:03:52] - Epoch 4 - Score: 17.4973
[2021-12-23 23:03:52] - Epoch 4 - Save Best Score: 17.4973 Model
[2021-12-23 23:03:54] - Loss decreased 17.60621 -> 17.49731
[2021-12-23 23:08:43] - Epoch 5 - avg_train_loss: 0.6436  avg_val_loss: 0.6386  time: 288s, lr: 0.00002
[2021-12-23 23:08:43] - Epoch 5 - Score: 17.1857
[2021-12-23 23:08:43] - Epoch 5 - Save Best Score: 17.1857 Model
[2021-12-23 23:08:45] - Loss decreased 17.49731 -> 17.18575
[2021-12-23 23:13:33] - Epoch 6 - avg_train_loss: 0.6407  avg_val_loss: 0.6425  time: 287s, lr: 0.00002
[2021-12-23 23:13:33] - Epoch 6 - Score: 17.7246
[2021-12-23 23:18:18] - Epoch 7 - avg_train_loss: 0.6393  avg_val_loss: 0.6390  time: 285s, lr: 0.00002
[2021-12-23 23:18:19] - Epoch 7 - Score: 17.2705
[2021-12-23 23:23:04] - Epoch 8 - avg_train_loss: 0.6370  avg_val_loss: 0.6408  time: 286s, lr: 0.00002
[2021-12-23 23:23:04] - Epoch 8 - Score: 17.5050
[2021-12-23 23:27:50] - Epoch 9 - avg_train_loss: 0.6363  avg_val_loss: 0.6373  time: 286s, lr: 0.00001
[2021-12-23 23:27:50] - Epoch 9 - Score: 17.0039
[2021-12-23 23:27:50] - Epoch 9 - Save Best Score: 17.0039 Model
[2021-12-23 23:27:52] - Loss decreased 17.18575 -> 17.00393
[2021-12-23 23:32:40] - Epoch 10 - avg_train_loss: 0.6332  avg_val_loss: 0.6397  time: 286s, lr: 0.00001
[2021-12-23 23:32:40] - Epoch 10 - Score: 17.3647
[2021-12-23 23:37:25] - Epoch 11 - avg_train_loss: 0.6325  avg_val_loss: 0.6405  time: 285s, lr: 0.00001
[2021-12-23 23:37:25] - Epoch 11 - Score: 17.4401
[2021-12-23 23:42:11] - Epoch 12 - avg_train_loss: 0.6306  avg_val_loss: 0.6367  time: 286s, lr: 0.00001
[2021-12-23 23:42:11] - Epoch 12 - Score: 16.9370
[2021-12-23 23:42:11] - Epoch 12 - Save Best Score: 16.9370 Model
[2021-12-23 23:42:13] - Loss decreased 17.00393 -> 16.93697
[2021-12-23 23:47:01] - Epoch 13 - avg_train_loss: 0.6285  avg_val_loss: 0.6400  time: 287s, lr: 0.00001
[2021-12-23 23:47:01] - Epoch 13 - Score: 17.3126
[2021-12-23 23:51:47] - Epoch 14 - avg_train_loss: 0.6266  avg_val_loss: 0.6413  time: 286s, lr: 0.00001
[2021-12-23 23:51:47] - Epoch 14 - Score: 17.4981
[2021-12-23 23:56:35] - Epoch 15 - avg_train_loss: 0.6243  avg_val_loss: 0.6435  time: 287s, lr: 0.00001
[2021-12-23 23:56:35] - Epoch 15 - Score: 17.7558
[2021-12-24 00:01:21] - Epoch 16 - avg_train_loss: 0.6244  avg_val_loss: 0.6419  time: 286s, lr: 0.00001
[2021-12-24 00:01:21] - Epoch 16 - Score: 17.5316
[2021-12-24 00:01:21] - Early stop!!
[2021-12-24 00:01:21] - ========== fold: 7 result ==========
[2021-12-24 00:01:21] - Score: 16.9370
[2021-12-24 00:01:21] - ========== fold: 8 training ==========
[2021-12-24 00:06:09] - Epoch 1 - avg_train_loss: 0.6606  avg_val_loss: 0.6416  time: 285s, lr: 0.00002
[2021-12-24 00:06:09] - Epoch 1 - Score: 17.8478
[2021-12-24 00:06:09] - Epoch 1 - Save Best Score: 17.8478 Model
[2021-12-24 00:10:58] - Epoch 2 - avg_train_loss: 0.6512  avg_val_loss: 0.6374  time: 286s, lr: 0.00002
[2021-12-24 00:10:58] - Epoch 2 - Score: 17.2898
[2021-12-24 00:10:58] - Epoch 2 - Save Best Score: 17.2898 Model
[2021-12-24 00:11:00] - Loss decreased 17.84784 -> 17.28983
[2021-12-24 00:15:48] - Epoch 3 - avg_train_loss: 0.6479  avg_val_loss: 0.6387  time: 286s, lr: 0.00002
[2021-12-24 00:15:48] - Epoch 3 - Score: 17.4698
[2021-12-24 00:20:33] - Epoch 4 - avg_train_loss: 0.6444  avg_val_loss: 0.6383  time: 285s, lr: 0.00002
[2021-12-24 00:20:33] - Epoch 4 - Score: 17.4243
[2021-12-24 00:25:20] - Epoch 5 - avg_train_loss: 0.6420  avg_val_loss: 0.6365  time: 287s, lr: 0.00002
[2021-12-24 00:25:20] - Epoch 5 - Score: 17.1747
[2021-12-24 00:25:20] - Epoch 5 - Save Best Score: 17.1747 Model
[2021-12-24 00:25:22] - Loss decreased 17.28983 -> 17.17470
[2021-12-24 00:30:10] - Epoch 6 - avg_train_loss: 0.6410  avg_val_loss: 0.6374  time: 286s, lr: 0.00002
[2021-12-24 00:30:10] - Epoch 6 - Score: 17.2627
[2021-12-24 00:34:55] - Epoch 7 - avg_train_loss: 0.6400  avg_val_loss: 0.6420  time: 285s, lr: 0.00002
[2021-12-24 00:34:55] - Epoch 7 - Score: 17.8651
[2021-12-24 00:39:40] - Epoch 8 - avg_train_loss: 0.6372  avg_val_loss: 0.6396  time: 285s, lr: 0.00002
[2021-12-24 00:39:40] - Epoch 8 - Score: 17.5992
[2021-12-24 00:44:25] - Epoch 9 - avg_train_loss: 0.6346  avg_val_loss: 0.6391  time: 285s, lr: 0.00001
[2021-12-24 00:44:25] - Epoch 9 - Score: 17.4778
[2021-12-24 00:44:25] - Early stop!!
[2021-12-24 00:44:25] - ========== fold: 8 result ==========
[2021-12-24 00:44:25] - Score: 17.1747
[2021-12-24 00:44:25] - ========== fold: 9 training ==========
[2021-12-24 00:49:13] - Epoch 1 - avg_train_loss: 0.6598  avg_val_loss: 0.6423  time: 285s, lr: 0.00002
[2021-12-24 00:49:13] - Epoch 1 - Score: 17.8575
[2021-12-24 00:49:13] - Epoch 1 - Save Best Score: 17.8575 Model
[2021-12-24 00:54:02] - Epoch 2 - avg_train_loss: 0.6516  avg_val_loss: 0.6420  time: 286s, lr: 0.00002
[2021-12-24 00:54:02] - Epoch 2 - Score: 17.8140
[2021-12-24 00:54:02] - Epoch 2 - Save Best Score: 17.8140 Model
[2021-12-24 00:54:04] - Loss decreased 17.85748 -> 17.81398
[2021-12-24 00:58:54] - Epoch 3 - avg_train_loss: 0.6482  avg_val_loss: 0.6445  time: 288s, lr: 0.00002
[2021-12-24 00:58:54] - Epoch 3 - Score: 18.1297
[2021-12-24 01:03:41] - Epoch 4 - avg_train_loss: 0.6453  avg_val_loss: 0.6388  time: 287s, lr: 0.00002
[2021-12-24 01:03:41] - Epoch 4 - Score: 17.3675
[2021-12-24 01:03:41] - Epoch 4 - Save Best Score: 17.3675 Model
[2021-12-24 01:03:43] - Loss decreased 17.81398 -> 17.36750
[2021-12-24 01:08:29] - Epoch 5 - avg_train_loss: 0.6433  avg_val_loss: 0.6370  time: 285s, lr: 0.00002
[2021-12-24 01:08:29] - Epoch 5 - Score: 17.1259
[2021-12-24 01:08:29] - Epoch 5 - Save Best Score: 17.1259 Model
[2021-12-24 01:08:31] - Loss decreased 17.36750 -> 17.12593
[2021-12-24 01:13:19] - Epoch 6 - avg_train_loss: 0.6409  avg_val_loss: 0.6378  time: 286s, lr: 0.00002
[2021-12-24 01:13:19] - Epoch 6 - Score: 17.2468
[2021-12-24 01:18:06] - Epoch 7 - avg_train_loss: 0.6393  avg_val_loss: 0.6361  time: 287s, lr: 0.00002
[2021-12-24 01:18:06] - Epoch 7 - Score: 17.0050
[2021-12-24 01:18:06] - Epoch 7 - Save Best Score: 17.0050 Model
[2021-12-24 01:18:08] - Loss decreased 17.12593 -> 17.00504
[2021-12-24 01:22:58] - Epoch 8 - avg_train_loss: 0.6361  avg_val_loss: 0.6403  time: 288s, lr: 0.00002
[2021-12-24 01:22:58] - Epoch 8 - Score: 17.4813
[2021-12-24 01:27:46] - Epoch 9 - avg_train_loss: 0.6345  avg_val_loss: 0.6401  time: 288s, lr: 0.00001
[2021-12-24 01:27:46] - Epoch 9 - Score: 17.5501
[2021-12-24 01:32:33] - Epoch 10 - avg_train_loss: 0.6314  avg_val_loss: 0.6379  time: 288s, lr: 0.00001
[2021-12-24 01:32:33] - Epoch 10 - Score: 17.2520
[2021-12-24 01:37:22] - Epoch 11 - avg_train_loss: 0.6303  avg_val_loss: 0.6410  time: 288s, lr: 0.00001
[2021-12-24 01:37:22] - Epoch 11 - Score: 17.5150
[2021-12-24 01:37:22] - Early stop!!
[2021-12-24 01:37:23] - ========== fold: 9 result ==========
[2021-12-24 01:37:23] - Score: 17.0050
[2021-12-24 01:37:23] - ========== CV ==========
[2021-12-24 01:37:23] - Score: 17.5730
