[2021-11-15 09:17:01] - ========== fold: 0 training ==========
[2021-11-15 09:42:45] - Epoch 1 - avg_train_loss: 0.6548  avg_val_loss: 0.6466  time: 1531s, lr: 0.00010
[2021-11-15 09:42:45] - Epoch 1 - Score: 18.5345
[2021-11-15 09:42:45] - Epoch 1 - Save Best Score: 18.5345 Model
[2021-11-15 09:45:28] - Epoch 2 - avg_train_loss: 0.6441  avg_val_loss: 0.6470  time: 162s, lr: 0.00010
[2021-11-15 09:45:28] - Epoch 2 - Score: 18.5634
[2021-11-15 09:48:10] - Epoch 3 - avg_train_loss: 0.6377  avg_val_loss: 0.6451  time: 162s, lr: 0.00010
[2021-11-15 09:48:10] - Epoch 3 - Score: 18.3592
[2021-11-15 09:48:10] - Epoch 3 - Save Best Score: 18.3592 Model
[2021-11-15 09:48:10] - Loss decreased 18.53453 -> 18.35924
[2021-11-15 09:50:53] - Epoch 4 - avg_train_loss: 0.6314  avg_val_loss: 0.6458  time: 163s, lr: 0.00009
[2021-11-15 09:50:53] - Epoch 4 - Score: 18.3976
[2021-11-15 09:53:36] - Epoch 5 - avg_train_loss: 0.6256  avg_val_loss: 0.6491  time: 163s, lr: 0.00009
[2021-11-15 09:53:36] - Epoch 5 - Score: 18.7075
[2021-11-15 09:56:19] - Epoch 6 - avg_train_loss: 0.6181  avg_val_loss: 0.6500  time: 163s, lr: 0.00009
[2021-11-15 09:56:19] - Epoch 6 - Score: 18.8155
[2021-11-15 09:59:02] - Epoch 7 - avg_train_loss: 0.6109  avg_val_loss: 0.6652  time: 163s, lr: 0.00008
[2021-11-15 09:59:02] - Epoch 7 - Score: 20.3955
[2021-11-15 09:59:02] - Early stop!!
[2021-11-15 09:59:02] - ========== fold: 0 result ==========
[2021-11-15 09:59:02] - Score: 18.3592
[2021-11-15 09:59:02] - ========== fold: 1 training ==========
[2021-11-15 10:01:46] - Epoch 1 - avg_train_loss: 0.6549  avg_val_loss: 0.6481  time: 163s, lr: 0.00010
[2021-11-15 10:01:46] - Epoch 1 - Score: 18.5977
[2021-11-15 10:01:46] - Epoch 1 - Save Best Score: 18.5977 Model
[2021-11-15 10:04:30] - Epoch 2 - avg_train_loss: 0.6438  avg_val_loss: 0.6460  time: 164s, lr: 0.00010
[2021-11-15 10:04:30] - Epoch 2 - Score: 18.3085
[2021-11-15 10:04:30] - Epoch 2 - Save Best Score: 18.3085 Model
[2021-11-15 10:04:30] - Loss decreased 18.59773 -> 18.30851
[2021-11-15 10:07:14] - Epoch 3 - avg_train_loss: 0.6389  avg_val_loss: 0.6464  time: 164s, lr: 0.00010
[2021-11-15 10:07:14] - Epoch 3 - Score: 18.3755
[2021-11-15 10:09:58] - Epoch 4 - avg_train_loss: 0.6327  avg_val_loss: 0.6500  time: 164s, lr: 0.00009
[2021-11-15 10:09:58] - Epoch 4 - Score: 18.8201
[2021-11-15 10:12:43] - Epoch 5 - avg_train_loss: 0.6263  avg_val_loss: 0.6528  time: 164s, lr: 0.00009
[2021-11-15 10:12:43] - Epoch 5 - Score: 19.0734
[2021-11-15 10:15:27] - Epoch 6 - avg_train_loss: 0.6182  avg_val_loss: 0.6559  time: 164s, lr: 0.00009
[2021-11-15 10:15:27] - Epoch 6 - Score: 19.3787
[2021-11-15 10:15:27] - Early stop!!
[2021-11-15 10:15:27] - ========== fold: 1 result ==========
[2021-11-15 10:15:27] - Score: 18.3085
[2021-11-15 10:15:27] - ========== fold: 2 training ==========
[2021-11-15 10:18:12] - Epoch 1 - avg_train_loss: 0.6541  avg_val_loss: 0.6499  time: 165s, lr: 0.00010
[2021-11-15 10:18:12] - Epoch 1 - Score: 18.7684
[2021-11-15 10:18:12] - Epoch 1 - Save Best Score: 18.7684 Model
[2021-11-15 10:20:57] - Epoch 2 - avg_train_loss: 0.6432  avg_val_loss: 0.6464  time: 164s, lr: 0.00010
[2021-11-15 10:20:57] - Epoch 2 - Score: 18.3233
[2021-11-15 10:20:57] - Epoch 2 - Save Best Score: 18.3233 Model
[2021-11-15 10:20:57] - Loss decreased 18.76843 -> 18.32332
[2021-11-15 10:23:42] - Epoch 3 - avg_train_loss: 0.6378  avg_val_loss: 0.6493  time: 165s, lr: 0.00010
[2021-11-15 10:23:42] - Epoch 3 - Score: 18.7144
[2021-11-15 10:26:27] - Epoch 4 - avg_train_loss: 0.6305  avg_val_loss: 0.6500  time: 165s, lr: 0.00009
[2021-11-15 10:26:27] - Epoch 4 - Score: 18.7722
[2021-11-15 10:29:12] - Epoch 5 - avg_train_loss: 0.6252  avg_val_loss: 0.6540  time: 165s, lr: 0.00009
[2021-11-15 10:29:12] - Epoch 5 - Score: 19.2468
[2021-11-15 10:31:57] - Epoch 6 - avg_train_loss: 0.6171  avg_val_loss: 0.6548  time: 166s, lr: 0.00009
[2021-11-15 10:31:57] - Epoch 6 - Score: 19.3186
[2021-11-15 10:31:57] - Early stop!!
[2021-11-15 10:31:57] - ========== fold: 2 result ==========
[2021-11-15 10:31:57] - Score: 18.3233
[2021-11-15 10:31:57] - ========== fold: 3 training ==========
[2021-11-15 10:34:42] - Epoch 1 - avg_train_loss: 0.6558  avg_val_loss: 0.6483  time: 165s, lr: 0.00010
[2021-11-15 10:34:42] - Epoch 1 - Score: 18.6523
[2021-11-15 10:34:42] - Epoch 1 - Save Best Score: 18.6523 Model
[2021-11-15 10:37:28] - Epoch 2 - avg_train_loss: 0.6437  avg_val_loss: 0.6484  time: 165s, lr: 0.00010
[2021-11-15 10:37:28] - Epoch 2 - Score: 18.6348
[2021-11-15 10:37:28] - Epoch 2 - Save Best Score: 18.6348 Model
[2021-11-15 10:37:28] - Loss decreased 18.65233 -> 18.63479
[2021-11-15 10:40:13] - Epoch 3 - avg_train_loss: 0.6373  avg_val_loss: 0.6528  time: 165s, lr: 0.00010
[2021-11-15 10:40:13] - Epoch 3 - Score: 19.1483
[2021-11-15 10:42:59] - Epoch 4 - avg_train_loss: 0.6320  avg_val_loss: 0.6533  time: 166s, lr: 0.00009
[2021-11-15 10:42:59] - Epoch 4 - Score: 19.1634
[2021-11-15 10:45:44] - Epoch 5 - avg_train_loss: 0.6255  avg_val_loss: 0.6591  time: 165s, lr: 0.00009
[2021-11-15 10:45:44] - Epoch 5 - Score: 19.6831
[2021-11-15 10:48:30] - Epoch 6 - avg_train_loss: 0.6187  avg_val_loss: 0.6574  time: 165s, lr: 0.00009
[2021-11-15 10:48:30] - Epoch 6 - Score: 19.6482
[2021-11-15 10:48:30] - Early stop!!
[2021-11-15 10:48:30] - ========== fold: 3 result ==========
[2021-11-15 10:48:30] - Score: 18.6348
[2021-11-15 10:48:30] - ========== fold: 4 training ==========
[2021-11-15 10:51:17] - Epoch 1 - avg_train_loss: 0.6541  avg_val_loss: 0.6478  time: 167s, lr: 0.00010
[2021-11-15 10:51:17] - Epoch 1 - Score: 18.5767
[2021-11-15 10:51:17] - Epoch 1 - Save Best Score: 18.5767 Model
[2021-11-15 10:54:02] - Epoch 2 - avg_train_loss: 0.6438  avg_val_loss: 0.6472  time: 166s, lr: 0.00010
[2021-11-15 10:54:02] - Epoch 2 - Score: 18.5091
[2021-11-15 10:54:02] - Epoch 2 - Save Best Score: 18.5091 Model
[2021-11-15 10:54:02] - Loss decreased 18.57672 -> 18.50910
[2021-11-15 10:56:48] - Epoch 3 - avg_train_loss: 0.6378  avg_val_loss: 0.6467  time: 166s, lr: 0.00010
[2021-11-15 10:56:48] - Epoch 3 - Score: 18.4362
[2021-11-15 10:56:48] - Epoch 3 - Save Best Score: 18.4362 Model
[2021-11-15 10:56:48] - Loss decreased 18.50910 -> 18.43619
[2021-11-15 10:59:34] - Epoch 4 - avg_train_loss: 0.6317  avg_val_loss: 0.6479  time: 166s, lr: 0.00009
[2021-11-15 10:59:34] - Epoch 4 - Score: 18.5866
[2021-11-15 11:02:20] - Epoch 5 - avg_train_loss: 0.6257  avg_val_loss: 0.6531  time: 166s, lr: 0.00009
[2021-11-15 11:02:20] - Epoch 5 - Score: 19.1405
[2021-11-15 11:05:06] - Epoch 6 - avg_train_loss: 0.6183  avg_val_loss: 0.6543  time: 166s, lr: 0.00009
[2021-11-15 11:05:06] - Epoch 6 - Score: 19.3597
[2021-11-15 11:07:52] - Epoch 7 - avg_train_loss: 0.6118  avg_val_loss: 0.6603  time: 166s, lr: 0.00008
[2021-11-15 11:07:52] - Epoch 7 - Score: 19.7808
[2021-11-15 11:07:52] - Early stop!!
[2021-11-15 11:07:52] - ========== fold: 4 result ==========
[2021-11-15 11:07:52] - Score: 18.4362
[2021-11-15 11:07:52] - ========== fold: 5 training ==========
[2021-11-15 11:10:38] - Epoch 1 - avg_train_loss: 0.6550  avg_val_loss: 0.6447  time: 166s, lr: 0.00010
[2021-11-15 11:10:38] - Epoch 1 - Score: 18.0477
[2021-11-15 11:10:38] - Epoch 1 - Save Best Score: 18.0477 Model
[2021-11-15 11:13:24] - Epoch 2 - avg_train_loss: 0.6446  avg_val_loss: 0.6449  time: 166s, lr: 0.00010
[2021-11-15 11:13:24] - Epoch 2 - Score: 18.0742
[2021-11-15 11:16:09] - Epoch 3 - avg_train_loss: 0.6386  avg_val_loss: 0.6452  time: 165s, lr: 0.00010
[2021-11-15 11:16:09] - Epoch 3 - Score: 18.1083
[2021-11-15 11:18:55] - Epoch 4 - avg_train_loss: 0.6324  avg_val_loss: 0.6481  time: 166s, lr: 0.00009
[2021-11-15 11:18:55] - Epoch 4 - Score: 18.4300
[2021-11-15 11:21:40] - Epoch 5 - avg_train_loss: 0.6259  avg_val_loss: 0.6464  time: 165s, lr: 0.00009
[2021-11-15 11:21:40] - Epoch 5 - Score: 18.2051
[2021-11-15 11:21:40] - Early stop!!
[2021-11-15 11:21:40] - ========== fold: 5 result ==========
[2021-11-15 11:21:40] - Score: 18.0477
[2021-11-15 11:21:40] - ========== fold: 6 training ==========
[2021-11-15 11:24:26] - Epoch 1 - avg_train_loss: 0.6549  avg_val_loss: 0.6496  time: 166s, lr: 0.00010
[2021-11-15 11:24:26] - Epoch 1 - Score: 18.7418
[2021-11-15 11:24:26] - Epoch 1 - Save Best Score: 18.7418 Model
[2021-11-15 11:27:12] - Epoch 2 - avg_train_loss: 0.6432  avg_val_loss: 0.6532  time: 165s, lr: 0.00010
[2021-11-15 11:27:12] - Epoch 2 - Score: 19.2267
[2021-11-15 11:29:58] - Epoch 3 - avg_train_loss: 0.6381  avg_val_loss: 0.6480  time: 167s, lr: 0.00010
[2021-11-15 11:29:58] - Epoch 3 - Score: 18.5612
[2021-11-15 11:29:58] - Epoch 3 - Save Best Score: 18.5612 Model
[2021-11-15 11:29:58] - Loss decreased 18.74184 -> 18.56124
[2021-11-15 11:32:44] - Epoch 4 - avg_train_loss: 0.6312  avg_val_loss: 0.6497  time: 165s, lr: 0.00009
[2021-11-15 11:32:44] - Epoch 4 - Score: 18.7395
[2021-11-15 11:35:31] - Epoch 5 - avg_train_loss: 0.6258  avg_val_loss: 0.6513  time: 167s, lr: 0.00009
[2021-11-15 11:35:31] - Epoch 5 - Score: 18.8632
[2021-11-15 11:38:19] - Epoch 6 - avg_train_loss: 0.6185  avg_val_loss: 0.6568  time: 169s, lr: 0.00009
[2021-11-15 11:38:19] - Epoch 6 - Score: 19.4715
[2021-11-15 11:41:07] - Epoch 7 - avg_train_loss: 0.6117  avg_val_loss: 0.6575  time: 167s, lr: 0.00008
[2021-11-15 11:41:07] - Epoch 7 - Score: 19.5152
[2021-11-15 11:41:07] - Early stop!!
[2021-11-15 11:41:07] - ========== fold: 6 result ==========
[2021-11-15 11:41:07] - Score: 18.5612
[2021-11-15 11:41:07] - ========== fold: 7 training ==========
[2021-11-15 11:43:52] - Epoch 1 - avg_train_loss: 0.6538  avg_val_loss: 0.6474  time: 165s, lr: 0.00010
[2021-11-15 11:43:52] - Epoch 1 - Score: 18.4716
[2021-11-15 11:43:52] - Epoch 1 - Save Best Score: 18.4716 Model
[2021-11-15 11:46:37] - Epoch 2 - avg_train_loss: 0.6438  avg_val_loss: 0.6476  time: 165s, lr: 0.00010
[2021-11-15 11:46:37] - Epoch 2 - Score: 18.4876
[2021-11-15 11:49:23] - Epoch 3 - avg_train_loss: 0.6381  avg_val_loss: 0.6448  time: 166s, lr: 0.00010
[2021-11-15 11:49:23] - Epoch 3 - Score: 18.1427
[2021-11-15 11:49:23] - Epoch 3 - Save Best Score: 18.1427 Model
[2021-11-15 11:49:23] - Loss decreased 18.47165 -> 18.14274
[2021-11-15 11:52:09] - Epoch 4 - avg_train_loss: 0.6315  avg_val_loss: 0.6458  time: 165s, lr: 0.00009
[2021-11-15 11:52:09] - Epoch 4 - Score: 18.2440
[2021-11-15 11:54:54] - Epoch 5 - avg_train_loss: 0.6248  avg_val_loss: 0.6481  time: 165s, lr: 0.00009
[2021-11-15 11:54:54] - Epoch 5 - Score: 18.5494
[2021-11-15 11:57:39] - Epoch 6 - avg_train_loss: 0.6188  avg_val_loss: 0.6499  time: 165s, lr: 0.00009
[2021-11-15 11:57:39] - Epoch 6 - Score: 18.7264
[2021-11-15 12:00:24] - Epoch 7 - avg_train_loss: 0.6120  avg_val_loss: 0.6540  time: 165s, lr: 0.00008
[2021-11-15 12:00:24] - Epoch 7 - Score: 19.1420
[2021-11-15 12:00:24] - Early stop!!
[2021-11-15 12:00:24] - ========== fold: 7 result ==========
[2021-11-15 12:00:24] - Score: 18.1427
[2021-11-15 12:00:24] - ========== fold: 8 training ==========
[2021-11-15 12:03:10] - Epoch 1 - avg_train_loss: 0.6553  avg_val_loss: 0.6462  time: 165s, lr: 0.00010
[2021-11-15 12:03:10] - Epoch 1 - Score: 18.4608
[2021-11-15 12:03:10] - Epoch 1 - Save Best Score: 18.4608 Model
[2021-11-15 12:05:55] - Epoch 2 - avg_train_loss: 0.6443  avg_val_loss: 0.6438  time: 165s, lr: 0.00010
[2021-11-15 12:05:55] - Epoch 2 - Score: 18.1489
[2021-11-15 12:05:55] - Epoch 2 - Save Best Score: 18.1489 Model
[2021-11-15 12:05:55] - Loss decreased 18.46080 -> 18.14887
[2021-11-15 12:08:41] - Epoch 3 - avg_train_loss: 0.6379  avg_val_loss: 0.6446  time: 165s, lr: 0.00010
[2021-11-15 12:08:41] - Epoch 3 - Score: 18.2427
[2021-11-15 12:11:27] - Epoch 4 - avg_train_loss: 0.6322  avg_val_loss: 0.6471  time: 166s, lr: 0.00009
[2021-11-15 12:11:27] - Epoch 4 - Score: 18.5418
[2021-11-15 12:14:13] - Epoch 5 - avg_train_loss: 0.6237  avg_val_loss: 0.6551  time: 166s, lr: 0.00009
[2021-11-15 12:14:13] - Epoch 5 - Score: 19.5053
[2021-11-15 12:16:58] - Epoch 6 - avg_train_loss: 0.6178  avg_val_loss: 0.6579  time: 166s, lr: 0.00009
[2021-11-15 12:16:58] - Epoch 6 - Score: 19.6536
[2021-11-15 12:16:58] - Early stop!!
[2021-11-15 12:16:58] - ========== fold: 8 result ==========
[2021-11-15 12:16:58] - Score: 18.1489
[2021-11-15 12:16:58] - ========== fold: 9 training ==========
[2021-11-15 12:19:45] - Epoch 1 - avg_train_loss: 0.6545  avg_val_loss: 0.6495  time: 166s, lr: 0.00010
[2021-11-15 12:19:45] - Epoch 1 - Score: 18.9409
[2021-11-15 12:19:45] - Epoch 1 - Save Best Score: 18.9409 Model
[2021-11-15 12:22:31] - Epoch 2 - avg_train_loss: 0.6437  avg_val_loss: 0.6458  time: 165s, lr: 0.00010
[2021-11-15 12:22:31] - Epoch 2 - Score: 18.4437
[2021-11-15 12:22:31] - Epoch 2 - Save Best Score: 18.4437 Model
[2021-11-15 12:22:31] - Loss decreased 18.94086 -> 18.44370
[2021-11-15 12:25:17] - Epoch 3 - avg_train_loss: 0.6381  avg_val_loss: 0.6488  time: 166s, lr: 0.00010
[2021-11-15 12:25:17] - Epoch 3 - Score: 18.8559
[2021-11-15 12:28:02] - Epoch 4 - avg_train_loss: 0.6319  avg_val_loss: 0.6468  time: 165s, lr: 0.00009
[2021-11-15 12:28:02] - Epoch 4 - Score: 18.5917
[2021-11-15 12:30:47] - Epoch 5 - avg_train_loss: 0.6256  avg_val_loss: 0.6497  time: 165s, lr: 0.00009
[2021-11-15 12:30:47] - Epoch 5 - Score: 18.9041
[2021-11-15 12:33:33] - Epoch 6 - avg_train_loss: 0.6200  avg_val_loss: 0.6457  time: 165s, lr: 0.00009
[2021-11-15 12:33:33] - Epoch 6 - Score: 18.3865
[2021-11-15 12:33:33] - Epoch 6 - Save Best Score: 18.3865 Model
[2021-11-15 12:33:33] - Loss decreased 18.44370 -> 18.38652
[2021-11-15 12:36:18] - Epoch 7 - avg_train_loss: 0.6133  avg_val_loss: 0.6551  time: 165s, lr: 0.00008
[2021-11-15 12:36:18] - Epoch 7 - Score: 19.4541
[2021-11-15 12:39:03] - Epoch 8 - avg_train_loss: 0.6066  avg_val_loss: 0.6499  time: 165s, lr: 0.00007
[2021-11-15 12:39:03] - Epoch 8 - Score: 18.8189
[2021-11-15 12:41:48] - Epoch 9 - avg_train_loss: 0.6030  avg_val_loss: 0.6610  time: 165s, lr: 0.00007
[2021-11-15 12:41:48] - Epoch 9 - Score: 19.9509
[2021-11-15 12:44:33] - Epoch 10 - avg_train_loss: 0.5982  avg_val_loss: 0.6548  time: 165s, lr: 0.00006
[2021-11-15 12:44:33] - Epoch 10 - Score: 19.2513
[2021-11-15 12:44:33] - Early stop!!
[2021-11-15 12:44:33] - ========== fold: 9 result ==========
[2021-11-15 12:44:33] - Score: 18.3865
[2021-11-15 12:44:33] - ========== CV ==========
[2021-11-15 12:44:33] - Score: 18.3358
