[2021-11-17 05:49:18] - ========== fold: 0 training ==========
[2021-11-17 06:01:28] - Epoch 1 - avg_train_loss: 0.6585  avg_val_loss: 0.6485  time: 699s, lr: 0.00010
[2021-11-17 06:01:28] - Epoch 1 - Score: 18.7995
[2021-11-17 06:01:28] - Epoch 1 - Save Best Score: 18.7995 Model
[2021-11-17 06:08:08] - Epoch 2 - avg_train_loss: 0.6494  avg_val_loss: 0.6463  time: 393s, lr: 0.00010
[2021-11-17 06:08:08] - Epoch 2 - Score: 18.5007
[2021-11-17 06:08:08] - Epoch 2 - Save Best Score: 18.5007 Model
[2021-11-17 06:08:11] - Loss decreased 18.79947 -> 18.50069
[2021-11-17 06:14:48] - Epoch 3 - avg_train_loss: 0.6435  avg_val_loss: 0.6679  time: 393s, lr: 0.00010
[2021-11-17 06:14:48] - Epoch 3 - Score: 20.5439
[2021-11-17 06:21:19] - Epoch 4 - avg_train_loss: 0.6370  avg_val_loss: 0.6455  time: 391s, lr: 0.00009
[2021-11-17 06:21:19] - Epoch 4 - Score: 18.3138
[2021-11-17 06:21:19] - Epoch 4 - Save Best Score: 18.3138 Model
[2021-11-17 06:21:22] - Loss decreased 18.50069 -> 18.31378
[2021-11-17 06:27:59] - Epoch 5 - avg_train_loss: 0.6295  avg_val_loss: 0.6509  time: 392s, lr: 0.00009
[2021-11-17 06:27:59] - Epoch 5 - Score: 18.8519
[2021-11-17 06:34:30] - Epoch 6 - avg_train_loss: 0.6227  avg_val_loss: 0.6496  time: 391s, lr: 0.00009
[2021-11-17 06:34:30] - Epoch 6 - Score: 18.7893
[2021-11-17 06:41:01] - Epoch 7 - avg_train_loss: 0.6144  avg_val_loss: 0.6594  time: 392s, lr: 0.00008
[2021-11-17 06:41:01] - Epoch 7 - Score: 19.5761
[2021-11-17 06:47:33] - Epoch 8 - avg_train_loss: 0.6102  avg_val_loss: 0.6707  time: 392s, lr: 0.00007
[2021-11-17 06:47:33] - Epoch 8 - Score: 20.6522
[2021-11-17 06:47:33] - Early stop!!
[2021-11-17 06:47:34] - ========== fold: 0 result ==========
[2021-11-17 06:47:34] - Score: 18.3138
[2021-11-17 06:47:34] - ========== fold: 1 training ==========
[2021-11-17 06:54:13] - Epoch 1 - avg_train_loss: 0.6530  avg_val_loss: 0.6544  time: 393s, lr: 0.00010
[2021-11-17 06:54:13] - Epoch 1 - Score: 19.3653
[2021-11-17 06:54:13] - Epoch 1 - Save Best Score: 19.3653 Model
[2021-11-17 07:00:53] - Epoch 2 - avg_train_loss: 0.6462  avg_val_loss: 0.6467  time: 393s, lr: 0.00010
[2021-11-17 07:00:53] - Epoch 2 - Score: 18.4390
[2021-11-17 07:00:53] - Epoch 2 - Save Best Score: 18.4390 Model
[2021-11-17 07:00:56] - Loss decreased 19.36533 -> 18.43900
[2021-11-17 07:07:32] - Epoch 3 - avg_train_loss: 0.6403  avg_val_loss: 0.6491  time: 392s, lr: 0.00010
[2021-11-17 07:07:32] - Epoch 3 - Score: 18.7322
[2021-11-17 07:14:05] - Epoch 4 - avg_train_loss: 0.6333  avg_val_loss: 0.6533  time: 392s, lr: 0.00009
[2021-11-17 07:14:05] - Epoch 4 - Score: 19.2360
[2021-11-17 07:20:37] - Epoch 5 - avg_train_loss: 0.6251  avg_val_loss: 0.6519  time: 392s, lr: 0.00009
[2021-11-17 07:20:37] - Epoch 5 - Score: 19.0158
[2021-11-17 07:27:09] - Epoch 6 - avg_train_loss: 0.6192  avg_val_loss: 0.6549  time: 393s, lr: 0.00009
[2021-11-17 07:27:09] - Epoch 6 - Score: 19.4041
[2021-11-17 07:27:09] - Early stop!!
[2021-11-17 07:27:10] - ========== fold: 1 result ==========
[2021-11-17 07:27:10] - Score: 18.4390
[2021-11-17 07:27:10] - ========== fold: 2 training ==========
[2021-11-17 07:33:45] - Epoch 1 - avg_train_loss: 0.6538  avg_val_loss: 0.6490  time: 392s, lr: 0.00010
[2021-11-17 07:33:45] - Epoch 1 - Score: 18.6048
[2021-11-17 07:33:45] - Epoch 1 - Save Best Score: 18.6048 Model
[2021-11-17 07:40:25] - Epoch 2 - avg_train_loss: 0.6453  avg_val_loss: 0.6495  time: 393s, lr: 0.00010
[2021-11-17 07:40:25] - Epoch 2 - Score: 18.6680
[2021-11-17 07:46:59] - Epoch 3 - avg_train_loss: 0.6427  avg_val_loss: 0.6527  time: 394s, lr: 0.00010
[2021-11-17 07:46:59] - Epoch 3 - Score: 19.0575
[2021-11-17 07:53:33] - Epoch 4 - avg_train_loss: 0.6335  avg_val_loss: 0.6495  time: 394s, lr: 0.00009
[2021-11-17 07:53:33] - Epoch 4 - Score: 18.6217
[2021-11-17 08:00:07] - Epoch 5 - avg_train_loss: 0.6263  avg_val_loss: 0.6531  time: 394s, lr: 0.00009
[2021-11-17 08:00:07] - Epoch 5 - Score: 19.0029
[2021-11-17 08:00:07] - Early stop!!
[2021-11-17 08:00:08] - ========== fold: 2 result ==========
[2021-11-17 08:00:08] - Score: 18.6048
[2021-11-17 08:00:08] - ========== fold: 3 training ==========
[2021-11-17 08:06:43] - Epoch 1 - avg_train_loss: 0.6560  avg_val_loss: 0.6497  time: 394s, lr: 0.00010
[2021-11-17 08:06:43] - Epoch 1 - Score: 18.8714
[2021-11-17 08:06:43] - Epoch 1 - Save Best Score: 18.8714 Model
[2021-11-17 08:13:23] - Epoch 2 - avg_train_loss: 0.6457  avg_val_loss: 0.6492  time: 393s, lr: 0.00010
[2021-11-17 08:13:23] - Epoch 2 - Score: 18.8208
[2021-11-17 08:13:23] - Epoch 2 - Save Best Score: 18.8208 Model
[2021-11-17 08:13:26] - Loss decreased 18.87138 -> 18.82079
[2021-11-17 08:20:05] - Epoch 3 - avg_train_loss: 0.6394  avg_val_loss: 0.6520  time: 394s, lr: 0.00010
[2021-11-17 08:20:05] - Epoch 3 - Score: 19.1345
[2021-11-17 08:26:38] - Epoch 4 - avg_train_loss: 0.6331  avg_val_loss: 0.6540  time: 393s, lr: 0.00009
[2021-11-17 08:26:38] - Epoch 4 - Score: 19.3720
[2021-11-17 08:33:12] - Epoch 5 - avg_train_loss: 0.6239  avg_val_loss: 0.6628  time: 394s, lr: 0.00009
[2021-11-17 08:33:12] - Epoch 5 - Score: 20.2425
[2021-11-17 08:39:45] - Epoch 6 - avg_train_loss: 0.6168  avg_val_loss: 0.6659  time: 394s, lr: 0.00009
[2021-11-17 08:39:45] - Epoch 6 - Score: 20.5814
[2021-11-17 08:39:45] - Early stop!!
[2021-11-17 08:39:46] - ========== fold: 3 result ==========
[2021-11-17 08:39:46] - Score: 18.8208
[2021-11-17 08:39:46] - ========== fold: 4 training ==========
[2021-11-17 08:46:22] - Epoch 1 - avg_train_loss: 0.6539  avg_val_loss: 0.6546  time: 394s, lr: 0.00010
[2021-11-17 08:46:22] - Epoch 1 - Score: 19.4661
[2021-11-17 08:46:22] - Epoch 1 - Save Best Score: 19.4661 Model
[2021-11-17 08:53:02] - Epoch 2 - avg_train_loss: 0.6451  avg_val_loss: 0.6503  time: 393s, lr: 0.00010
[2021-11-17 08:53:02] - Epoch 2 - Score: 18.9281
[2021-11-17 08:53:02] - Epoch 2 - Save Best Score: 18.9281 Model
[2021-11-17 08:53:05] - Loss decreased 19.46608 -> 18.92811
[2021-11-17 08:59:44] - Epoch 3 - avg_train_loss: 0.6405  avg_val_loss: 0.6568  time: 395s, lr: 0.00010
[2021-11-17 08:59:44] - Epoch 3 - Score: 19.6157
[2021-11-17 09:06:18] - Epoch 4 - avg_train_loss: 0.6354  avg_val_loss: 0.6526  time: 394s, lr: 0.00009
[2021-11-17 09:06:18] - Epoch 4 - Score: 19.1272
[2021-11-17 09:12:53] - Epoch 5 - avg_train_loss: 0.6267  avg_val_loss: 0.6569  time: 395s, lr: 0.00009
[2021-11-17 09:12:53] - Epoch 5 - Score: 19.4224
[2021-11-17 09:19:27] - Epoch 6 - avg_train_loss: 0.6190  avg_val_loss: 0.6553  time: 394s, lr: 0.00009
[2021-11-17 09:19:27] - Epoch 6 - Score: 19.3840
[2021-11-17 09:19:27] - Early stop!!
[2021-11-17 09:19:28] - ========== fold: 4 result ==========
[2021-11-17 09:19:28] - Score: 18.9281
[2021-11-17 09:19:28] - ========== fold: 5 training ==========
[2021-11-17 09:26:04] - Epoch 1 - avg_train_loss: 0.6543  avg_val_loss: 0.6456  time: 394s, lr: 0.00010
[2021-11-17 09:26:04] - Epoch 1 - Score: 18.2954
[2021-11-17 09:26:04] - Epoch 1 - Save Best Score: 18.2954 Model
[2021-11-17 09:32:45] - Epoch 2 - avg_train_loss: 0.6473  avg_val_loss: 0.6471  time: 394s, lr: 0.00010
[2021-11-17 09:32:45] - Epoch 2 - Score: 18.5295
[2021-11-17 09:39:19] - Epoch 3 - avg_train_loss: 0.6428  avg_val_loss: 0.6481  time: 394s, lr: 0.00010
[2021-11-17 09:39:19] - Epoch 3 - Score: 18.6185
[2021-11-17 09:45:53] - Epoch 4 - avg_train_loss: 0.6384  avg_val_loss: 0.6447  time: 394s, lr: 0.00009
[2021-11-17 09:45:53] - Epoch 4 - Score: 18.2297
[2021-11-17 09:45:53] - Epoch 4 - Save Best Score: 18.2297 Model
[2021-11-17 09:45:57] - Loss decreased 18.29543 -> 18.22967
[2021-11-17 09:52:37] - Epoch 5 - avg_train_loss: 0.6315  avg_val_loss: 0.6444  time: 395s, lr: 0.00009
[2021-11-17 09:52:37] - Epoch 5 - Score: 18.0498
[2021-11-17 09:52:37] - Epoch 5 - Save Best Score: 18.0498 Model
[2021-11-17 09:52:40] - Loss decreased 18.22967 -> 18.04978
[2021-11-17 09:59:20] - Epoch 6 - avg_train_loss: 0.6229  avg_val_loss: 0.6503  time: 395s, lr: 0.00009
[2021-11-17 09:59:20] - Epoch 6 - Score: 18.6782
[2021-11-17 10:05:54] - Epoch 7 - avg_train_loss: 0.6147  avg_val_loss: 0.6464  time: 395s, lr: 0.00008
[2021-11-17 10:05:54] - Epoch 7 - Score: 18.3515
[2021-11-17 10:12:28] - Epoch 8 - avg_train_loss: 0.6073  avg_val_loss: 0.6625  time: 394s, lr: 0.00007
[2021-11-17 10:12:28] - Epoch 8 - Score: 19.5439
[2021-11-17 10:19:03] - Epoch 9 - avg_train_loss: 0.5989  avg_val_loss: 0.6515  time: 394s, lr: 0.00007
[2021-11-17 10:19:03] - Epoch 9 - Score: 18.6696
[2021-11-17 10:19:03] - Early stop!!
[2021-11-17 10:19:03] - ========== fold: 5 result ==========
[2021-11-17 10:19:03] - Score: 18.0498
[2021-11-17 10:19:03] - ========== fold: 6 training ==========
[2021-11-17 10:25:40] - Epoch 1 - avg_train_loss: 0.6544  avg_val_loss: 0.6460  time: 395s, lr: 0.00010
[2021-11-17 10:25:40] - Epoch 1 - Score: 18.2890
[2021-11-17 10:25:40] - Epoch 1 - Save Best Score: 18.2890 Model
[2021-11-17 10:32:22] - Epoch 2 - avg_train_loss: 0.6459  avg_val_loss: 0.6458  time: 395s, lr: 0.00010
[2021-11-17 10:32:22] - Epoch 2 - Score: 18.2767
[2021-11-17 10:32:22] - Epoch 2 - Save Best Score: 18.2767 Model
[2021-11-17 10:32:25] - Loss decreased 18.28898 -> 18.27670
[2021-11-17 10:39:05] - Epoch 3 - avg_train_loss: 0.6403  avg_val_loss: 0.6544  time: 395s, lr: 0.00010
[2021-11-17 10:39:05] - Epoch 3 - Score: 19.3070
[2021-11-17 10:45:41] - Epoch 4 - avg_train_loss: 0.6338  avg_val_loss: 0.6470  time: 395s, lr: 0.00009
[2021-11-17 10:45:41] - Epoch 4 - Score: 18.3450
[2021-11-17 10:52:16] - Epoch 5 - avg_train_loss: 0.6272  avg_val_loss: 0.6594  time: 395s, lr: 0.00009
[2021-11-17 10:52:16] - Epoch 5 - Score: 19.7018
[2021-11-17 10:58:52] - Epoch 6 - avg_train_loss: 0.6187  avg_val_loss: 0.6594  time: 396s, lr: 0.00009
[2021-11-17 10:58:52] - Epoch 6 - Score: 19.6677
[2021-11-17 10:58:52] - Early stop!!
[2021-11-17 10:58:53] - ========== fold: 6 result ==========
[2021-11-17 10:58:53] - Score: 18.2767
[2021-11-17 10:58:53] - ========== fold: 7 training ==========
[2021-11-17 11:05:31] - Epoch 1 - avg_train_loss: 0.6541  avg_val_loss: 0.6451  time: 396s, lr: 0.00010
[2021-11-17 11:05:31] - Epoch 1 - Score: 18.1920
[2021-11-17 11:05:31] - Epoch 1 - Save Best Score: 18.1920 Model
[2021-11-17 11:12:14] - Epoch 2 - avg_train_loss: 0.6469  avg_val_loss: 0.6514  time: 396s, lr: 0.00010
[2021-11-17 11:12:14] - Epoch 2 - Score: 19.0096
[2021-11-17 11:18:49] - Epoch 3 - avg_train_loss: 0.6423  avg_val_loss: 0.6437  time: 395s, lr: 0.00010
[2021-11-17 11:18:49] - Epoch 3 - Score: 18.0255
[2021-11-17 11:18:49] - Epoch 3 - Save Best Score: 18.0255 Model
[2021-11-17 11:18:52] - Loss decreased 18.19200 -> 18.02552
[2021-11-17 11:25:31] - Epoch 4 - avg_train_loss: 0.6350  avg_val_loss: 0.6486  time: 394s, lr: 0.00009
[2021-11-17 11:25:31] - Epoch 4 - Score: 18.6825
[2021-11-17 11:32:06] - Epoch 5 - avg_train_loss: 0.6272  avg_val_loss: 0.6488  time: 394s, lr: 0.00009
[2021-11-17 11:32:06] - Epoch 5 - Score: 18.7050
[2021-11-17 11:38:40] - Epoch 6 - avg_train_loss: 0.6181  avg_val_loss: 0.6526  time: 395s, lr: 0.00009
[2021-11-17 11:38:40] - Epoch 6 - Score: 19.0448
[2021-11-17 11:45:15] - Epoch 7 - avg_train_loss: 0.6128  avg_val_loss: 0.6486  time: 395s, lr: 0.00008
[2021-11-17 11:45:15] - Epoch 7 - Score: 18.5717
[2021-11-17 11:45:15] - Early stop!!
[2021-11-17 11:45:16] - ========== fold: 7 result ==========
[2021-11-17 11:45:16] - Score: 18.0255
[2021-11-17 11:45:16] - ========== fold: 8 training ==========
[2021-11-17 11:51:53] - Epoch 1 - avg_train_loss: 0.6530  avg_val_loss: 0.6492  time: 395s, lr: 0.00010
[2021-11-17 11:51:53] - Epoch 1 - Score: 18.7520
[2021-11-17 11:51:53] - Epoch 1 - Save Best Score: 18.7520 Model
[2021-11-17 11:58:36] - Epoch 2 - avg_train_loss: 0.6459  avg_val_loss: 0.6498  time: 396s, lr: 0.00010
[2021-11-17 11:58:36] - Epoch 2 - Score: 18.8724
[2021-11-17 12:05:12] - Epoch 3 - avg_train_loss: 0.6403  avg_val_loss: 0.6457  time: 395s, lr: 0.00010
[2021-11-17 12:05:12] - Epoch 3 - Score: 18.3427
[2021-11-17 12:05:12] - Epoch 3 - Save Best Score: 18.3427 Model
[2021-11-17 12:05:15] - Loss decreased 18.75201 -> 18.34271
[2021-11-17 12:11:54] - Epoch 4 - avg_train_loss: 0.6345  avg_val_loss: 0.6497  time: 395s, lr: 0.00009
[2021-11-17 12:11:54] - Epoch 4 - Score: 18.7888
[2021-11-17 12:18:29] - Epoch 5 - avg_train_loss: 0.6252  avg_val_loss: 0.6561  time: 395s, lr: 0.00009
[2021-11-17 12:18:29] - Epoch 5 - Score: 19.2979
[2021-11-17 12:25:04] - Epoch 6 - avg_train_loss: 0.6172  avg_val_loss: 0.6513  time: 395s, lr: 0.00009
[2021-11-17 12:25:04] - Epoch 6 - Score: 19.0102
[2021-11-17 12:31:39] - Epoch 7 - avg_train_loss: 0.6102  avg_val_loss: 0.6616  time: 395s, lr: 0.00008
[2021-11-17 12:31:39] - Epoch 7 - Score: 20.1159
[2021-11-17 12:31:39] - Early stop!!
[2021-11-17 12:31:40] - ========== fold: 8 result ==========
[2021-11-17 12:31:40] - Score: 18.3427
[2021-11-17 12:31:40] - ========== fold: 9 training ==========
[2021-11-17 12:38:18] - Epoch 1 - avg_train_loss: 0.6538  avg_val_loss: 0.6465  time: 396s, lr: 0.00010
[2021-11-17 12:38:18] - Epoch 1 - Score: 18.4522
[2021-11-17 12:38:18] - Epoch 1 - Save Best Score: 18.4522 Model
[2021-11-17 12:45:01] - Epoch 2 - avg_train_loss: 0.6460  avg_val_loss: 0.6503  time: 396s, lr: 0.00010
[2021-11-17 12:45:01] - Epoch 2 - Score: 18.9127
[2021-11-17 12:51:36] - Epoch 3 - avg_train_loss: 0.6400  avg_val_loss: 0.6504  time: 395s, lr: 0.00010
[2021-11-17 12:51:36] - Epoch 3 - Score: 18.9209
[2021-11-17 12:58:12] - Epoch 4 - avg_train_loss: 0.6351  avg_val_loss: 0.6478  time: 395s, lr: 0.00009
[2021-11-17 12:58:12] - Epoch 4 - Score: 18.6232
[2021-11-17 13:04:47] - Epoch 5 - avg_train_loss: 0.6291  avg_val_loss: 0.6464  time: 395s, lr: 0.00009
[2021-11-17 13:04:47] - Epoch 5 - Score: 18.3915
[2021-11-17 13:04:47] - Epoch 5 - Save Best Score: 18.3915 Model
[2021-11-17 13:04:50] - Loss decreased 18.45222 -> 18.39152
[2021-11-17 13:11:30] - Epoch 6 - avg_train_loss: 0.6208  avg_val_loss: 0.6560  time: 396s, lr: 0.00009
[2021-11-17 13:11:30] - Epoch 6 - Score: 19.2720
[2021-11-17 13:18:05] - Epoch 7 - avg_train_loss: 0.6131  avg_val_loss: 0.6610  time: 395s, lr: 0.00008
[2021-11-17 13:18:05] - Epoch 7 - Score: 19.9864
[2021-11-17 13:24:40] - Epoch 8 - avg_train_loss: 0.6085  avg_val_loss: 0.6617  time: 395s, lr: 0.00007
[2021-11-17 13:24:40] - Epoch 8 - Score: 19.7740
[2021-11-17 13:31:16] - Epoch 9 - avg_train_loss: 0.6012  avg_val_loss: 0.6583  time: 396s, lr: 0.00007
[2021-11-17 13:31:16] - Epoch 9 - Score: 19.6958
[2021-11-17 13:31:16] - Early stop!!
[2021-11-17 13:31:17] - ========== fold: 9 result ==========
[2021-11-17 13:31:17] - Score: 18.3915
[2021-11-17 13:31:17] - ========== CV ==========
[2021-11-17 13:31:17] - Score: 18.4214
