[2021-11-16 07:19:42] - ========== fold: 0 training ==========
[2021-11-16 07:21:24] - Epoch 1 - avg_train_loss: 0.6793  avg_val_loss: 0.6679  time: 88s, lr: 0.00010
[2021-11-16 07:21:24] - Epoch 1 - Score: 21.0315
[2021-11-16 07:21:24] - Epoch 1 - Save Best Score: 21.0315 Model
[2021-11-16 07:21:48] - Epoch 2 - avg_train_loss: 0.6584  avg_val_loss: 0.6613  time: 23s, lr: 0.00010
[2021-11-16 07:21:48] - Epoch 2 - Score: 20.2576
[2021-11-16 07:21:48] - Epoch 2 - Save Best Score: 20.2576 Model
[2021-11-16 07:21:49] - Loss decreased 21.03155 -> 20.25765
[2021-11-16 07:21:49] - ========== fold: 0 result ==========
[2021-11-16 07:21:49] - Score: 20.2576
[2021-11-16 07:21:49] - ========== fold: 1 training ==========
[2021-11-16 07:22:12] - Epoch 1 - avg_train_loss: 0.6859  avg_val_loss: 0.6678  time: 23s, lr: 0.00010
[2021-11-16 07:22:12] - Epoch 1 - Score: 21.3074
[2021-11-16 07:22:12] - Epoch 1 - Save Best Score: 21.3074 Model
[2021-11-16 07:22:35] - Epoch 2 - avg_train_loss: 0.6632  avg_val_loss: 0.6592  time: 23s, lr: 0.00010
[2021-11-16 07:22:35] - Epoch 2 - Score: 20.3076
[2021-11-16 07:22:35] - Epoch 2 - Save Best Score: 20.3076 Model
[2021-11-16 07:22:35] - Loss decreased 21.30741 -> 20.30757
[2021-11-16 07:22:36] - ========== fold: 1 result ==========
[2021-11-16 07:22:36] - Score: 20.3076
[2021-11-16 07:22:36] - ========== CV ==========
[2021-11-16 07:22:36] - Score: 20.2826
[2021-11-16 07:24:05] - ========== fold: 0 training ==========
[2021-11-16 07:24:28] - Epoch 1 - avg_train_loss: 0.6833  avg_val_loss: 0.6659  time: 23s, lr: 0.00010
[2021-11-16 07:24:28] - Epoch 1 - Score: 20.8072
[2021-11-16 07:24:28] - Epoch 1 - Save Best Score: 20.8072 Model
[2021-11-16 07:24:51] - Epoch 2 - avg_train_loss: 0.6566  avg_val_loss: 0.6598  time: 23s, lr: 0.00010
[2021-11-16 07:24:51] - Epoch 2 - Score: 20.0654
[2021-11-16 07:24:51] - Epoch 2 - Save Best Score: 20.0654 Model
[2021-11-16 07:24:51] - Loss decreased 20.80721 -> 20.06544
[2021-11-16 07:24:52] - ========== fold: 0 result ==========
[2021-11-16 07:24:52] - Score: 20.0654
[2021-11-16 07:24:52] - ========== fold: 1 training ==========
[2021-11-16 07:25:15] - Epoch 1 - avg_train_loss: 0.6766  avg_val_loss: 0.6601  time: 23s, lr: 0.00010
[2021-11-16 07:25:15] - Epoch 1 - Score: 20.4167
[2021-11-16 07:25:15] - Epoch 1 - Save Best Score: 20.4167 Model
[2021-11-16 07:25:39] - Epoch 2 - avg_train_loss: 0.6576  avg_val_loss: 0.6566  time: 23s, lr: 0.00010
[2021-11-16 07:25:39] - Epoch 2 - Score: 19.9938
[2021-11-16 07:25:39] - Epoch 2 - Save Best Score: 19.9938 Model
[2021-11-16 07:25:39] - Loss decreased 20.41666 -> 19.99376
[2021-11-16 07:25:39] - ========== fold: 1 result ==========
[2021-11-16 07:25:39] - Score: 19.9938
[2021-11-16 07:25:39] - ========== CV ==========
[2021-11-16 07:25:39] - Score: 20.0297
[2021-11-16 07:43:56] - ========== fold: 0 training ==========
[2021-11-16 07:55:39] - Epoch 1 - avg_train_loss: 0.6527  avg_val_loss: 0.6467  time: 698s, lr: 0.00010
[2021-11-16 07:55:39] - Epoch 1 - Score: 18.4605
[2021-11-16 07:55:39] - Epoch 1 - Save Best Score: 18.4605 Model
[2021-11-16 07:59:10] - Epoch 2 - avg_train_loss: 0.6412  avg_val_loss: 0.6443  time: 210s, lr: 0.00010
[2021-11-16 07:59:10] - Epoch 2 - Score: 18.0991
[2021-11-16 07:59:10] - Epoch 2 - Save Best Score: 18.0991 Model
[2021-11-16 07:59:10] - Loss decreased 18.46049 -> 18.09905
[2021-11-16 08:02:42] - Epoch 3 - avg_train_loss: 0.6352  avg_val_loss: 0.6439  time: 211s, lr: 0.00010
[2021-11-16 08:02:42] - Epoch 3 - Score: 18.0803
[2021-11-16 08:02:42] - Epoch 3 - Save Best Score: 18.0803 Model
[2021-11-16 08:02:42] - Loss decreased 18.09905 -> 18.08031
[2021-11-16 08:06:15] - Epoch 4 - avg_train_loss: 0.6295  avg_val_loss: 0.6425  time: 213s, lr: 0.00009
[2021-11-16 08:06:15] - Epoch 4 - Score: 17.8877
[2021-11-16 08:06:15] - Epoch 4 - Save Best Score: 17.8877 Model
[2021-11-16 08:06:16] - Loss decreased 18.08031 -> 17.88771
[2021-11-16 08:09:49] - Epoch 5 - avg_train_loss: 0.6226  avg_val_loss: 0.6482  time: 213s, lr: 0.00009
[2021-11-16 08:09:49] - Epoch 5 - Score: 18.5910
[2021-11-16 08:13:22] - Epoch 6 - avg_train_loss: 0.6147  avg_val_loss: 0.6515  time: 212s, lr: 0.00009
[2021-11-16 08:13:22] - Epoch 6 - Score: 18.9666
[2021-11-16 08:16:55] - Epoch 7 - avg_train_loss: 0.6094  avg_val_loss: 0.6546  time: 213s, lr: 0.00008
[2021-11-16 08:16:55] - Epoch 7 - Score: 19.2413
[2021-11-16 08:20:27] - Epoch 8 - avg_train_loss: 0.6027  avg_val_loss: 0.6587  time: 213s, lr: 0.00007
[2021-11-16 08:20:27] - Epoch 8 - Score: 19.5059
[2021-11-16 08:20:27] - Early stop!!
[2021-11-16 08:20:27] - ========== fold: 0 result ==========
[2021-11-16 08:20:27] - Score: 17.8877
[2021-11-16 08:20:27] - ========== fold: 1 training ==========
[2021-11-16 08:23:59] - Epoch 1 - avg_train_loss: 0.6526  avg_val_loss: 0.6457  time: 212s, lr: 0.00010
[2021-11-16 08:23:59] - Epoch 1 - Score: 18.2624
[2021-11-16 08:23:59] - Epoch 1 - Save Best Score: 18.2624 Model
[2021-11-16 08:27:34] - Epoch 2 - avg_train_loss: 0.6408  avg_val_loss: 0.6470  time: 214s, lr: 0.00010
[2021-11-16 08:27:34] - Epoch 2 - Score: 18.4283
[2021-11-16 08:31:07] - Epoch 3 - avg_train_loss: 0.6347  avg_val_loss: 0.6464  time: 213s, lr: 0.00010
[2021-11-16 08:31:07] - Epoch 3 - Score: 18.3734
[2021-11-16 08:34:40] - Epoch 4 - avg_train_loss: 0.6283  avg_val_loss: 0.6476  time: 213s, lr: 0.00009
[2021-11-16 08:34:40] - Epoch 4 - Score: 18.5191
[2021-11-16 08:38:13] - Epoch 5 - avg_train_loss: 0.6208  avg_val_loss: 0.6505  time: 212s, lr: 0.00009
[2021-11-16 08:38:13] - Epoch 5 - Score: 18.8308
[2021-11-16 08:38:13] - Early stop!!
[2021-11-16 08:38:13] - ========== fold: 1 result ==========
[2021-11-16 08:38:13] - Score: 18.2624
[2021-11-16 08:38:13] - ========== fold: 2 training ==========
[2021-11-16 08:41:46] - Epoch 1 - avg_train_loss: 0.6528  avg_val_loss: 0.6506  time: 213s, lr: 0.00010
[2021-11-16 08:41:46] - Epoch 1 - Score: 18.7934
[2021-11-16 08:41:46] - Epoch 1 - Save Best Score: 18.7934 Model
[2021-11-16 08:45:18] - Epoch 2 - avg_train_loss: 0.6415  avg_val_loss: 0.6454  time: 212s, lr: 0.00010
[2021-11-16 08:45:18] - Epoch 2 - Score: 18.1196
[2021-11-16 08:45:18] - Epoch 2 - Save Best Score: 18.1196 Model
[2021-11-16 08:45:18] - Loss decreased 18.79341 -> 18.11956
[2021-11-16 08:48:52] - Epoch 3 - avg_train_loss: 0.6358  avg_val_loss: 0.6437  time: 214s, lr: 0.00010
[2021-11-16 08:48:52] - Epoch 3 - Score: 17.8662
[2021-11-16 08:48:52] - Epoch 3 - Save Best Score: 17.8662 Model
[2021-11-16 08:48:52] - Loss decreased 18.11956 -> 17.86615
[2021-11-16 08:52:26] - Epoch 4 - avg_train_loss: 0.6288  avg_val_loss: 0.6445  time: 213s, lr: 0.00009
[2021-11-16 08:52:26] - Epoch 4 - Score: 18.0060
[2021-11-16 08:55:58] - Epoch 5 - avg_train_loss: 0.6213  avg_val_loss: 0.6477  time: 213s, lr: 0.00009
[2021-11-16 08:55:58] - Epoch 5 - Score: 18.3579
[2021-11-16 08:59:30] - Epoch 6 - avg_train_loss: 0.6147  avg_val_loss: 0.6523  time: 212s, lr: 0.00009
[2021-11-16 08:59:30] - Epoch 6 - Score: 18.9277
[2021-11-16 09:03:02] - Epoch 7 - avg_train_loss: 0.6089  avg_val_loss: 0.6540  time: 212s, lr: 0.00008
[2021-11-16 09:03:02] - Epoch 7 - Score: 19.0404
[2021-11-16 09:03:02] - Early stop!!
[2021-11-16 09:03:03] - ========== fold: 2 result ==========
[2021-11-16 09:03:03] - Score: 17.8662
[2021-11-16 09:03:03] - ========== fold: 3 training ==========
[2021-11-16 09:06:34] - Epoch 1 - avg_train_loss: 0.6534  avg_val_loss: 0.6437  time: 211s, lr: 0.00010
[2021-11-16 09:06:34] - Epoch 1 - Score: 18.0364
[2021-11-16 09:06:34] - Epoch 1 - Save Best Score: 18.0364 Model
[2021-11-16 09:10:05] - Epoch 2 - avg_train_loss: 0.6414  avg_val_loss: 0.6419  time: 211s, lr: 0.00010
[2021-11-16 09:10:05] - Epoch 2 - Score: 17.8236
[2021-11-16 09:10:05] - Epoch 2 - Save Best Score: 17.8236 Model
[2021-11-16 09:10:05] - Loss decreased 18.03638 -> 17.82360
[2021-11-16 09:13:37] - Epoch 3 - avg_train_loss: 0.6353  avg_val_loss: 0.6442  time: 211s, lr: 0.00010
[2021-11-16 09:13:37] - Epoch 3 - Score: 18.1308
[2021-11-16 09:17:10] - Epoch 4 - avg_train_loss: 0.6291  avg_val_loss: 0.6467  time: 213s, lr: 0.00009
[2021-11-16 09:17:10] - Epoch 4 - Score: 18.3967
[2021-11-16 09:20:44] - Epoch 5 - avg_train_loss: 0.6215  avg_val_loss: 0.6510  time: 214s, lr: 0.00009
[2021-11-16 09:20:44] - Epoch 5 - Score: 18.8962
[2021-11-16 09:24:17] - Epoch 6 - avg_train_loss: 0.6153  avg_val_loss: 0.6560  time: 213s, lr: 0.00009
[2021-11-16 09:24:17] - Epoch 6 - Score: 19.3982
[2021-11-16 09:24:17] - Early stop!!
[2021-11-16 09:24:17] - ========== fold: 3 result ==========
[2021-11-16 09:24:17] - Score: 17.8236
[2021-11-16 09:24:17] - ========== fold: 4 training ==========
[2021-11-16 09:27:53] - Epoch 1 - avg_train_loss: 0.6527  avg_val_loss: 0.6483  time: 215s, lr: 0.00010
[2021-11-16 09:27:53] - Epoch 1 - Score: 18.5974
[2021-11-16 09:27:53] - Epoch 1 - Save Best Score: 18.5974 Model
[2021-11-16 09:31:28] - Epoch 2 - avg_train_loss: 0.6415  avg_val_loss: 0.6453  time: 215s, lr: 0.00010
[2021-11-16 09:31:28] - Epoch 2 - Score: 18.2434
[2021-11-16 09:31:28] - Epoch 2 - Save Best Score: 18.2434 Model
[2021-11-16 09:31:28] - Loss decreased 18.59742 -> 18.24336
[2021-11-16 09:35:02] - Epoch 3 - avg_train_loss: 0.6346  avg_val_loss: 0.6497  time: 214s, lr: 0.00010
[2021-11-16 09:35:02] - Epoch 3 - Score: 18.7474
[2021-11-16 09:38:36] - Epoch 4 - avg_train_loss: 0.6291  avg_val_loss: 0.6489  time: 213s, lr: 0.00009
[2021-11-16 09:38:36] - Epoch 4 - Score: 18.6567
[2021-11-16 09:42:08] - Epoch 5 - avg_train_loss: 0.6220  avg_val_loss: 0.6549  time: 212s, lr: 0.00009
[2021-11-16 09:42:08] - Epoch 5 - Score: 19.2535
[2021-11-16 09:45:42] - Epoch 6 - avg_train_loss: 0.6151  avg_val_loss: 0.6544  time: 214s, lr: 0.00009
[2021-11-16 09:45:42] - Epoch 6 - Score: 19.2361
[2021-11-16 09:45:42] - Early stop!!
[2021-11-16 09:45:42] - ========== fold: 4 result ==========
[2021-11-16 09:45:42] - Score: 18.2434
[2021-11-16 09:45:42] - ========== fold: 5 training ==========
[2021-11-16 09:49:15] - Epoch 1 - avg_train_loss: 0.6531  avg_val_loss: 0.6468  time: 213s, lr: 0.00010
[2021-11-16 09:49:15] - Epoch 1 - Score: 18.3714
[2021-11-16 09:49:15] - Epoch 1 - Save Best Score: 18.3714 Model
[2021-11-16 09:52:49] - Epoch 2 - avg_train_loss: 0.6414  avg_val_loss: 0.6434  time: 214s, lr: 0.00010
[2021-11-16 09:52:49] - Epoch 2 - Score: 17.9163
[2021-11-16 09:52:49] - Epoch 2 - Save Best Score: 17.9163 Model
[2021-11-16 09:52:49] - Loss decreased 18.37143 -> 17.91631
[2021-11-16 09:56:22] - Epoch 3 - avg_train_loss: 0.6355  avg_val_loss: 0.6434  time: 213s, lr: 0.00010
[2021-11-16 09:56:22] - Epoch 3 - Score: 17.9099
[2021-11-16 09:56:22] - Epoch 3 - Save Best Score: 17.9099 Model
[2021-11-16 09:56:22] - Loss decreased 17.91631 -> 17.90992
[2021-11-16 09:59:55] - Epoch 4 - avg_train_loss: 0.6295  avg_val_loss: 0.6470  time: 213s, lr: 0.00009
[2021-11-16 09:59:55] - Epoch 4 - Score: 18.3886
[2021-11-16 10:03:29] - Epoch 5 - avg_train_loss: 0.6220  avg_val_loss: 0.6480  time: 213s, lr: 0.00009
[2021-11-16 10:03:29] - Epoch 5 - Score: 18.4805
[2021-11-16 10:07:03] - Epoch 6 - avg_train_loss: 0.6136  avg_val_loss: 0.6515  time: 214s, lr: 0.00009
[2021-11-16 10:07:03] - Epoch 6 - Score: 18.8142
[2021-11-16 10:10:37] - Epoch 7 - avg_train_loss: 0.6083  avg_val_loss: 0.6556  time: 214s, lr: 0.00008
[2021-11-16 10:10:37] - Epoch 7 - Score: 19.3051
[2021-11-16 10:10:37] - Early stop!!
[2021-11-16 10:10:37] - ========== fold: 5 result ==========
[2021-11-16 10:10:37] - Score: 17.9099
[2021-11-16 10:10:37] - ========== fold: 6 training ==========
[2021-11-16 10:14:09] - Epoch 1 - avg_train_loss: 0.6528  avg_val_loss: 0.6448  time: 212s, lr: 0.00010
[2021-11-16 10:14:09] - Epoch 1 - Score: 18.0183
[2021-11-16 10:14:09] - Epoch 1 - Save Best Score: 18.0183 Model
[2021-11-16 10:17:42] - Epoch 2 - avg_train_loss: 0.6413  avg_val_loss: 0.6431  time: 213s, lr: 0.00010
[2021-11-16 10:17:42] - Epoch 2 - Score: 17.7889
[2021-11-16 10:17:42] - Epoch 2 - Save Best Score: 17.7889 Model
[2021-11-16 10:17:42] - Loss decreased 18.01833 -> 17.78892
[2021-11-16 10:21:16] - Epoch 3 - avg_train_loss: 0.6349  avg_val_loss: 0.6425  time: 213s, lr: 0.00010
[2021-11-16 10:21:16] - Epoch 3 - Score: 17.7012
[2021-11-16 10:21:16] - Epoch 3 - Save Best Score: 17.7012 Model
[2021-11-16 10:21:16] - Loss decreased 17.78892 -> 17.70121
[2021-11-16 10:24:55] - Epoch 4 - avg_train_loss: 0.6283  avg_val_loss: 0.6470  time: 218s, lr: 0.00009
[2021-11-16 10:24:55] - Epoch 4 - Score: 18.2974
[2021-11-16 10:28:30] - Epoch 5 - avg_train_loss: 0.6226  avg_val_loss: 0.6474  time: 216s, lr: 0.00009
[2021-11-16 10:28:30] - Epoch 5 - Score: 18.2904
[2021-11-16 10:32:04] - Epoch 6 - avg_train_loss: 0.6154  avg_val_loss: 0.6480  time: 214s, lr: 0.00009
[2021-11-16 10:32:04] - Epoch 6 - Score: 18.3693
[2021-11-16 10:35:38] - Epoch 7 - avg_train_loss: 0.6090  avg_val_loss: 0.6552  time: 214s, lr: 0.00008
[2021-11-16 10:35:38] - Epoch 7 - Score: 19.2165
[2021-11-16 10:35:38] - Early stop!!
[2021-11-16 10:35:38] - ========== fold: 6 result ==========
[2021-11-16 10:35:38] - Score: 17.7012
[2021-11-16 10:35:38] - ========== fold: 7 training ==========
[2021-11-16 10:39:12] - Epoch 1 - avg_train_loss: 0.6523  avg_val_loss: 0.6453  time: 214s, lr: 0.00010
[2021-11-16 10:39:12] - Epoch 1 - Score: 18.1964
[2021-11-16 10:39:12] - Epoch 1 - Save Best Score: 18.1964 Model
[2021-11-16 10:42:47] - Epoch 2 - avg_train_loss: 0.6415  avg_val_loss: 0.6431  time: 215s, lr: 0.00010
[2021-11-16 10:42:47] - Epoch 2 - Score: 17.8978
[2021-11-16 10:42:47] - Epoch 2 - Save Best Score: 17.8978 Model
[2021-11-16 10:42:47] - Loss decreased 18.19639 -> 17.89777
[2021-11-16 10:46:21] - Epoch 3 - avg_train_loss: 0.6356  avg_val_loss: 0.6443  time: 213s, lr: 0.00010
[2021-11-16 10:46:21] - Epoch 3 - Score: 18.0192
[2021-11-16 10:49:55] - Epoch 4 - avg_train_loss: 0.6289  avg_val_loss: 0.6454  time: 214s, lr: 0.00009
[2021-11-16 10:49:55] - Epoch 4 - Score: 18.1964
[2021-11-16 10:53:29] - Epoch 5 - avg_train_loss: 0.6220  avg_val_loss: 0.6486  time: 214s, lr: 0.00009
[2021-11-16 10:53:29] - Epoch 5 - Score: 18.5258
[2021-11-16 10:57:04] - Epoch 6 - avg_train_loss: 0.6158  avg_val_loss: 0.6501  time: 215s, lr: 0.00009
[2021-11-16 10:57:04] - Epoch 6 - Score: 18.5929
[2021-11-16 10:57:04] - Early stop!!
[2021-11-16 10:57:04] - ========== fold: 7 result ==========
[2021-11-16 10:57:04] - Score: 17.8978
[2021-11-16 10:57:04] - ========== fold: 8 training ==========
[2021-11-16 11:00:41] - Epoch 1 - avg_train_loss: 0.6526  avg_val_loss: 0.6457  time: 217s, lr: 0.00010
[2021-11-16 11:00:41] - Epoch 1 - Score: 18.2944
[2021-11-16 11:00:41] - Epoch 1 - Save Best Score: 18.2944 Model
[2021-11-16 11:04:17] - Epoch 2 - avg_train_loss: 0.6412  avg_val_loss: 0.6466  time: 215s, lr: 0.00010
[2021-11-16 11:04:17] - Epoch 2 - Score: 18.4028
[2021-11-16 11:07:53] - Epoch 3 - avg_train_loss: 0.6347  avg_val_loss: 0.6474  time: 216s, lr: 0.00010
[2021-11-16 11:07:53] - Epoch 3 - Score: 18.4985
[2021-11-16 11:11:27] - Epoch 4 - avg_train_loss: 0.6276  avg_val_loss: 0.6518  time: 214s, lr: 0.00009
[2021-11-16 11:11:27] - Epoch 4 - Score: 19.0289
[2021-11-16 11:15:02] - Epoch 5 - avg_train_loss: 0.6206  avg_val_loss: 0.6555  time: 215s, lr: 0.00009
[2021-11-16 11:15:02] - Epoch 5 - Score: 19.4306
[2021-11-16 11:15:02] - Early stop!!
[2021-11-16 11:15:02] - ========== fold: 8 result ==========
[2021-11-16 11:15:02] - Score: 18.2944
[2021-11-16 11:15:02] - ========== fold: 9 training ==========
[2021-11-16 11:18:37] - Epoch 1 - avg_train_loss: 0.6528  avg_val_loss: 0.6480  time: 214s, lr: 0.00010
[2021-11-16 11:18:37] - Epoch 1 - Score: 18.6108
[2021-11-16 11:18:37] - Epoch 1 - Save Best Score: 18.6108 Model
[2021-11-16 11:22:11] - Epoch 2 - avg_train_loss: 0.6414  avg_val_loss: 0.6479  time: 214s, lr: 0.00010
[2021-11-16 11:22:11] - Epoch 2 - Score: 18.5866
[2021-11-16 11:22:11] - Epoch 2 - Save Best Score: 18.5866 Model
[2021-11-16 11:22:11] - Loss decreased 18.61083 -> 18.58662
[2021-11-16 11:25:48] - Epoch 3 - avg_train_loss: 0.6348  avg_val_loss: 0.6484  time: 216s, lr: 0.00010
[2021-11-16 11:25:48] - Epoch 3 - Score: 18.6125
[2021-11-16 11:29:21] - Epoch 4 - avg_train_loss: 0.6285  avg_val_loss: 0.6512  time: 213s, lr: 0.00009
[2021-11-16 11:29:21] - Epoch 4 - Score: 18.9298
[2021-11-16 11:32:56] - Epoch 5 - avg_train_loss: 0.6215  avg_val_loss: 0.6490  time: 215s, lr: 0.00009
[2021-11-16 11:32:56] - Epoch 5 - Score: 18.6385
[2021-11-16 11:36:30] - Epoch 6 - avg_train_loss: 0.6149  avg_val_loss: 0.6565  time: 214s, lr: 0.00009
[2021-11-16 11:36:30] - Epoch 6 - Score: 19.3848
[2021-11-16 11:36:30] - Early stop!!
[2021-11-16 11:36:30] - ========== fold: 9 result ==========
[2021-11-16 11:36:30] - Score: 18.5866
[2021-11-16 11:36:30] - ========== CV ==========
[2021-11-16 11:36:30] - Score: 18.0493
