[2021-11-17 15:57:22] - ========== fold: 0 training ==========
[2021-11-17 16:12:39] - Epoch 1 - avg_train_loss: 0.6546  avg_val_loss: 0.6497  time: 853s, lr: 0.00010
[2021-11-17 16:12:39] - Epoch 1 - Score: 18.9461
[2021-11-17 16:12:39] - Epoch 1 - Save Best Score: 18.9461 Model
[2021-11-17 16:19:37] - Epoch 2 - avg_train_loss: 0.6459  avg_val_loss: 0.6448  time: 410s, lr: 0.00010
[2021-11-17 16:19:37] - Epoch 2 - Score: 18.3001
[2021-11-17 16:19:37] - Epoch 2 - Save Best Score: 18.3001 Model
[2021-11-17 16:19:40] - Loss decreased 18.94606 -> 18.30005
[2021-11-17 16:26:38] - Epoch 3 - avg_train_loss: 0.6430  avg_val_loss: 0.6594  time: 413s, lr: 0.00010
[2021-11-17 16:26:38] - Epoch 3 - Score: 19.9419
[2021-11-17 16:33:32] - Epoch 4 - avg_train_loss: 0.6366  avg_val_loss: 0.6477  time: 414s, lr: 0.00009
[2021-11-17 16:33:32] - Epoch 4 - Score: 18.5260
[2021-11-17 16:40:25] - Epoch 5 - avg_train_loss: 0.6300  avg_val_loss: 0.6512  time: 414s, lr: 0.00009
[2021-11-17 16:40:25] - Epoch 5 - Score: 18.9967
[2021-11-17 16:47:19] - Epoch 6 - avg_train_loss: 0.6212  avg_val_loss: 0.6510  time: 414s, lr: 0.00009
[2021-11-17 16:47:19] - Epoch 6 - Score: 18.7582
[2021-11-17 16:47:19] - Early stop!!
[2021-11-17 16:47:19] - ========== fold: 0 result ==========
[2021-11-17 16:47:19] - Score: 18.3001
[2021-11-17 16:47:19] - ========== fold: 1 training ==========
[2021-11-17 16:54:20] - Epoch 1 - avg_train_loss: 0.6543  avg_val_loss: 0.6499  time: 414s, lr: 0.00010
[2021-11-17 16:54:20] - Epoch 1 - Score: 18.8065
[2021-11-17 16:54:20] - Epoch 1 - Save Best Score: 18.8065 Model
[2021-11-17 17:01:22] - Epoch 2 - avg_train_loss: 0.6455  avg_val_loss: 0.6463  time: 415s, lr: 0.00010
[2021-11-17 17:01:22] - Epoch 2 - Score: 18.3901
[2021-11-17 17:01:22] - Epoch 2 - Save Best Score: 18.3901 Model
[2021-11-17 17:01:25] - Loss decreased 18.80645 -> 18.39006
[2021-11-17 17:08:24] - Epoch 3 - avg_train_loss: 0.6395  avg_val_loss: 0.6492  time: 414s, lr: 0.00010
[2021-11-17 17:08:24] - Epoch 3 - Score: 18.7448
[2021-11-17 17:15:18] - Epoch 4 - avg_train_loss: 0.6341  avg_val_loss: 0.6461  time: 415s, lr: 0.00009
[2021-11-17 17:15:18] - Epoch 4 - Score: 18.3571
[2021-11-17 17:15:18] - Epoch 4 - Save Best Score: 18.3571 Model
[2021-11-17 17:15:21] - Loss decreased 18.39006 -> 18.35711
[2021-11-17 17:22:20] - Epoch 5 - avg_train_loss: 0.6270  avg_val_loss: 0.6517  time: 414s, lr: 0.00009
[2021-11-17 17:22:20] - Epoch 5 - Score: 19.0134
[2021-11-17 17:29:15] - Epoch 6 - avg_train_loss: 0.6196  avg_val_loss: 0.6585  time: 414s, lr: 0.00009
[2021-11-17 17:29:15] - Epoch 6 - Score: 19.7126
[2021-11-17 17:36:09] - Epoch 7 - avg_train_loss: 0.6111  avg_val_loss: 0.6539  time: 414s, lr: 0.00008
[2021-11-17 17:36:09] - Epoch 7 - Score: 19.0145
[2021-11-17 17:43:04] - Epoch 8 - avg_train_loss: 0.6054  avg_val_loss: 0.6500  time: 415s, lr: 0.00007
[2021-11-17 17:43:04] - Epoch 8 - Score: 18.7389
[2021-11-17 17:43:04] - Early stop!!
[2021-11-17 17:43:05] - ========== fold: 1 result ==========
[2021-11-17 17:43:05] - Score: 18.3571
[2021-11-17 17:43:05] - ========== fold: 2 training ==========
[2021-11-17 17:50:02] - Epoch 1 - avg_train_loss: 0.6534  avg_val_loss: 0.6483  time: 415s, lr: 0.00010
[2021-11-17 17:50:02] - Epoch 1 - Score: 18.5013
[2021-11-17 17:50:02] - Epoch 1 - Save Best Score: 18.5013 Model
[2021-11-17 17:57:03] - Epoch 2 - avg_train_loss: 0.6448  avg_val_loss: 0.6499  time: 414s, lr: 0.00010
[2021-11-17 17:57:03] - Epoch 2 - Score: 18.7214
[2021-11-17 18:03:58] - Epoch 3 - avg_train_loss: 0.6414  avg_val_loss: 0.6464  time: 415s, lr: 0.00010
[2021-11-17 18:03:58] - Epoch 3 - Score: 18.2663
[2021-11-17 18:03:58] - Epoch 3 - Save Best Score: 18.2663 Model
[2021-11-17 18:04:01] - Loss decreased 18.50126 -> 18.26626
[2021-11-17 18:11:01] - Epoch 4 - avg_train_loss: 0.6336  avg_val_loss: 0.6473  time: 416s, lr: 0.00009
[2021-11-17 18:11:01] - Epoch 4 - Score: 18.3909
[2021-11-17 18:17:57] - Epoch 5 - avg_train_loss: 0.6270  avg_val_loss: 0.6557  time: 416s, lr: 0.00009
[2021-11-17 18:17:57] - Epoch 5 - Score: 19.3180
[2021-11-17 18:24:52] - Epoch 6 - avg_train_loss: 0.6202  avg_val_loss: 0.6563  time: 415s, lr: 0.00009
[2021-11-17 18:24:52] - Epoch 6 - Score: 19.4142
[2021-11-17 18:31:48] - Epoch 7 - avg_train_loss: 0.6127  avg_val_loss: 0.6508  time: 416s, lr: 0.00008
[2021-11-17 18:31:48] - Epoch 7 - Score: 18.6692
[2021-11-17 18:31:48] - Early stop!!
[2021-11-17 18:31:49] - ========== fold: 2 result ==========
[2021-11-17 18:31:49] - Score: 18.2663
[2021-11-17 18:31:49] - ========== fold: 3 training ==========
[2021-11-17 18:38:47] - Epoch 1 - avg_train_loss: 0.6531  avg_val_loss: 0.6509  time: 416s, lr: 0.00010
[2021-11-17 18:38:47] - Epoch 1 - Score: 19.0192
[2021-11-17 18:38:47] - Epoch 1 - Save Best Score: 19.0192 Model
[2021-11-17 18:45:50] - Epoch 2 - avg_train_loss: 0.6452  avg_val_loss: 0.6486  time: 417s, lr: 0.00010
[2021-11-17 18:45:50] - Epoch 2 - Score: 18.7308
[2021-11-17 18:45:50] - Epoch 2 - Save Best Score: 18.7308 Model
[2021-11-17 18:45:54] - Loss decreased 19.01923 -> 18.73084
[2021-11-17 18:52:53] - Epoch 3 - avg_train_loss: 0.6397  avg_val_loss: 0.6526  time: 415s, lr: 0.00010
[2021-11-17 18:52:53] - Epoch 3 - Score: 19.1979
[2021-11-17 18:59:47] - Epoch 4 - avg_train_loss: 0.6333  avg_val_loss: 0.6546  time: 414s, lr: 0.00009
[2021-11-17 18:59:47] - Epoch 4 - Score: 19.3099
[2021-11-17 19:06:41] - Epoch 5 - avg_train_loss: 0.6274  avg_val_loss: 0.6575  time: 414s, lr: 0.00009
[2021-11-17 19:06:41] - Epoch 5 - Score: 19.6438
[2021-11-17 19:13:36] - Epoch 6 - avg_train_loss: 0.6186  avg_val_loss: 0.6648  time: 415s, lr: 0.00009
[2021-11-17 19:13:36] - Epoch 6 - Score: 20.3764
[2021-11-17 19:13:36] - Early stop!!
[2021-11-17 19:13:37] - ========== fold: 3 result ==========
[2021-11-17 19:13:37] - Score: 18.7308
[2021-11-17 19:13:37] - ========== fold: 4 training ==========
[2021-11-17 19:20:33] - Epoch 1 - avg_train_loss: 0.6531  avg_val_loss: 0.6535  time: 415s, lr: 0.00010
[2021-11-17 19:20:33] - Epoch 1 - Score: 19.3153
[2021-11-17 19:20:33] - Epoch 1 - Save Best Score: 19.3153 Model
[2021-11-17 19:27:36] - Epoch 2 - avg_train_loss: 0.6445  avg_val_loss: 0.6486  time: 415s, lr: 0.00010
[2021-11-17 19:27:36] - Epoch 2 - Score: 18.7083
[2021-11-17 19:27:36] - Epoch 2 - Save Best Score: 18.7083 Model
[2021-11-17 19:27:39] - Loss decreased 19.31532 -> 18.70828
[2021-11-17 19:34:39] - Epoch 3 - avg_train_loss: 0.6411  avg_val_loss: 0.6505  time: 415s, lr: 0.00010
[2021-11-17 19:34:39] - Epoch 3 - Score: 18.9542
[2021-11-17 19:41:33] - Epoch 4 - avg_train_loss: 0.6343  avg_val_loss: 0.6524  time: 414s, lr: 0.00009
[2021-11-17 19:41:33] - Epoch 4 - Score: 19.1718
[2021-11-17 19:48:28] - Epoch 5 - avg_train_loss: 0.6277  avg_val_loss: 0.6536  time: 415s, lr: 0.00009
[2021-11-17 19:48:28] - Epoch 5 - Score: 19.1881
[2021-11-17 19:55:24] - Epoch 6 - avg_train_loss: 0.6194  avg_val_loss: 0.6667  time: 416s, lr: 0.00009
[2021-11-17 19:55:24] - Epoch 6 - Score: 20.3981
[2021-11-17 19:55:24] - Early stop!!
[2021-11-17 19:55:25] - ========== fold: 4 result ==========
[2021-11-17 19:55:25] - Score: 18.7083
[2021-11-17 19:55:25] - ========== fold: 5 training ==========
[2021-11-17 20:02:23] - Epoch 1 - avg_train_loss: 0.6544  avg_val_loss: 0.6516  time: 416s, lr: 0.00010
[2021-11-17 20:02:23] - Epoch 1 - Score: 19.0872
[2021-11-17 20:02:23] - Epoch 1 - Save Best Score: 19.0872 Model
[2021-11-17 20:09:26] - Epoch 2 - avg_train_loss: 0.6454  avg_val_loss: 0.6431  time: 415s, lr: 0.00010
[2021-11-17 20:09:26] - Epoch 2 - Score: 18.0246
[2021-11-17 20:09:26] - Epoch 2 - Save Best Score: 18.0246 Model
[2021-11-17 20:09:29] - Loss decreased 19.08716 -> 18.02461
[2021-11-17 20:16:29] - Epoch 3 - avg_train_loss: 0.6422  avg_val_loss: 0.6430  time: 416s, lr: 0.00010
[2021-11-17 20:16:29] - Epoch 3 - Score: 18.0119
[2021-11-17 20:16:29] - Epoch 3 - Save Best Score: 18.0119 Model
[2021-11-17 20:16:32] - Loss decreased 18.02461 -> 18.01188
[2021-11-17 20:23:32] - Epoch 4 - avg_train_loss: 0.6362  avg_val_loss: 0.6497  time: 416s, lr: 0.00009
[2021-11-17 20:23:32] - Epoch 4 - Score: 18.7935
[2021-11-17 20:30:28] - Epoch 5 - avg_train_loss: 0.6277  avg_val_loss: 0.6511  time: 415s, lr: 0.00009
[2021-11-17 20:30:28] - Epoch 5 - Score: 18.8792
[2021-11-17 20:37:23] - Epoch 6 - avg_train_loss: 0.6234  avg_val_loss: 0.6566  time: 416s, lr: 0.00009
[2021-11-17 20:37:23] - Epoch 6 - Score: 19.2276
[2021-11-17 20:44:19] - Epoch 7 - avg_train_loss: 0.6124  avg_val_loss: 0.6527  time: 416s, lr: 0.00008
[2021-11-17 20:44:19] - Epoch 7 - Score: 19.1340
[2021-11-17 20:44:19] - Early stop!!
[2021-11-17 20:44:20] - ========== fold: 5 result ==========
[2021-11-17 20:44:20] - Score: 18.0119
[2021-11-17 20:44:20] - ========== fold: 6 training ==========
[2021-11-17 20:51:16] - Epoch 1 - avg_train_loss: 0.6545  avg_val_loss: 0.6532  time: 414s, lr: 0.00010
[2021-11-17 20:51:16] - Epoch 1 - Score: 19.1886
[2021-11-17 20:51:16] - Epoch 1 - Save Best Score: 19.1886 Model
[2021-11-17 20:58:19] - Epoch 2 - avg_train_loss: 0.6469  avg_val_loss: 0.6459  time: 416s, lr: 0.00010
[2021-11-17 20:58:19] - Epoch 2 - Score: 18.3068
[2021-11-17 20:58:19] - Epoch 2 - Save Best Score: 18.3068 Model
[2021-11-17 20:58:22] - Loss decreased 19.18863 -> 18.30683
[2021-11-17 21:05:23] - Epoch 3 - avg_train_loss: 0.6400  avg_val_loss: 0.6488  time: 416s, lr: 0.00010
[2021-11-17 21:05:23] - Epoch 3 - Score: 18.6218
[2021-11-17 21:12:19] - Epoch 4 - avg_train_loss: 0.6355  avg_val_loss: 0.6501  time: 416s, lr: 0.00009
[2021-11-17 21:12:19] - Epoch 4 - Score: 18.7141
[2021-11-17 21:19:15] - Epoch 5 - avg_train_loss: 0.6304  avg_val_loss: 0.6535  time: 416s, lr: 0.00009
[2021-11-17 21:19:15] - Epoch 5 - Score: 19.0547
[2021-11-17 21:26:11] - Epoch 6 - avg_train_loss: 0.6200  avg_val_loss: 0.6630  time: 416s, lr: 0.00009
[2021-11-17 21:26:11] - Epoch 6 - Score: 19.9752
[2021-11-17 21:26:11] - Early stop!!
[2021-11-17 21:26:12] - ========== fold: 6 result ==========
[2021-11-17 21:26:12] - Score: 18.3068
[2021-11-17 21:26:12] - ========== fold: 7 training ==========
[2021-11-17 21:33:10] - Epoch 1 - avg_train_loss: 0.6544  avg_val_loss: 0.6423  time: 416s, lr: 0.00010
[2021-11-17 21:33:10] - Epoch 1 - Score: 17.8385
[2021-11-17 21:33:10] - Epoch 1 - Save Best Score: 17.8385 Model
[2021-11-17 21:40:14] - Epoch 2 - avg_train_loss: 0.6464  avg_val_loss: 0.6517  time: 417s, lr: 0.00010
[2021-11-17 21:40:14] - Epoch 2 - Score: 19.0331
[2021-11-17 21:47:10] - Epoch 3 - avg_train_loss: 0.6424  avg_val_loss: 0.6443  time: 416s, lr: 0.00010
[2021-11-17 21:47:10] - Epoch 3 - Score: 18.1156
[2021-11-17 21:54:07] - Epoch 4 - avg_train_loss: 0.6365  avg_val_loss: 0.6460  time: 417s, lr: 0.00009
[2021-11-17 21:54:07] - Epoch 4 - Score: 18.3631
[2021-11-17 22:01:03] - Epoch 5 - avg_train_loss: 0.6270  avg_val_loss: 0.6473  time: 416s, lr: 0.00009
[2021-11-17 22:01:03] - Epoch 5 - Score: 18.5143
[2021-11-17 22:01:03] - Early stop!!
[2021-11-17 22:01:04] - ========== fold: 7 result ==========
[2021-11-17 22:01:04] - Score: 17.8385
[2021-11-17 22:01:04] - ========== fold: 8 training ==========
[2021-11-17 22:08:02] - Epoch 1 - avg_train_loss: 0.6532  avg_val_loss: 0.6484  time: 416s, lr: 0.00010
[2021-11-17 22:08:02] - Epoch 1 - Score: 18.6395
[2021-11-17 22:08:02] - Epoch 1 - Save Best Score: 18.6395 Model
[2021-11-17 22:15:06] - Epoch 2 - avg_train_loss: 0.6453  avg_val_loss: 0.6471  time: 417s, lr: 0.00010
[2021-11-17 22:15:06] - Epoch 2 - Score: 18.4862
[2021-11-17 22:15:06] - Epoch 2 - Save Best Score: 18.4862 Model
[2021-11-17 22:15:09] - Loss decreased 18.63952 -> 18.48625
[2021-11-17 22:22:10] - Epoch 3 - avg_train_loss: 0.6393  avg_val_loss: 0.6462  time: 417s, lr: 0.00010
[2021-11-17 22:22:10] - Epoch 3 - Score: 18.3663
[2021-11-17 22:22:10] - Epoch 3 - Save Best Score: 18.3663 Model
[2021-11-17 22:22:13] - Loss decreased 18.48625 -> 18.36628
[2021-11-17 22:29:14] - Epoch 4 - avg_train_loss: 0.6356  avg_val_loss: 0.6486  time: 416s, lr: 0.00009
[2021-11-17 22:29:14] - Epoch 4 - Score: 18.6969
[2021-11-17 22:36:11] - Epoch 5 - avg_train_loss: 0.6270  avg_val_loss: 0.6518  time: 416s, lr: 0.00009
[2021-11-17 22:36:11] - Epoch 5 - Score: 19.0587
[2021-11-17 22:43:07] - Epoch 6 - avg_train_loss: 0.6205  avg_val_loss: 0.6534  time: 416s, lr: 0.00009
[2021-11-17 22:43:07] - Epoch 6 - Score: 19.1192
[2021-11-17 22:50:04] - Epoch 7 - avg_train_loss: 0.6109  avg_val_loss: 0.6611  time: 417s, lr: 0.00008
[2021-11-17 22:50:04] - Epoch 7 - Score: 19.6313
[2021-11-17 22:50:04] - Early stop!!
[2021-11-17 22:50:05] - ========== fold: 8 result ==========
[2021-11-17 22:50:05] - Score: 18.3663
[2021-11-17 22:50:05] - ========== fold: 9 training ==========
[2021-11-17 22:57:03] - Epoch 1 - avg_train_loss: 0.6520  avg_val_loss: 0.6471  time: 416s, lr: 0.00010
[2021-11-17 22:57:03] - Epoch 1 - Score: 18.5200
[2021-11-17 22:57:03] - Epoch 1 - Save Best Score: 18.5200 Model
[2021-11-17 23:04:09] - Epoch 2 - avg_train_loss: 0.6461  avg_val_loss: 0.6482  time: 418s, lr: 0.00010
[2021-11-17 23:04:09] - Epoch 2 - Score: 18.6402
[2021-11-17 23:11:06] - Epoch 3 - avg_train_loss: 0.6397  avg_val_loss: 0.6459  time: 417s, lr: 0.00010
[2021-11-17 23:11:06] - Epoch 3 - Score: 18.3769
[2021-11-17 23:11:06] - Epoch 3 - Save Best Score: 18.3769 Model
[2021-11-17 23:11:09] - Loss decreased 18.51999 -> 18.37685
[2021-11-17 23:18:10] - Epoch 4 - avg_train_loss: 0.6349  avg_val_loss: 0.6454  time: 417s, lr: 0.00009
[2021-11-17 23:18:10] - Epoch 4 - Score: 18.2759
[2021-11-17 23:18:10] - Epoch 4 - Save Best Score: 18.2759 Model
[2021-11-17 23:18:14] - Loss decreased 18.37685 -> 18.27589
[2021-11-17 23:25:15] - Epoch 5 - avg_train_loss: 0.6257  avg_val_loss: 0.6528  time: 417s, lr: 0.00009
[2021-11-17 23:25:15] - Epoch 5 - Score: 19.1931
[2021-11-17 23:32:11] - Epoch 6 - avg_train_loss: 0.6199  avg_val_loss: 0.6499  time: 416s, lr: 0.00009
[2021-11-17 23:32:11] - Epoch 6 - Score: 18.8535
[2021-11-17 23:39:07] - Epoch 7 - avg_train_loss: 0.6129  avg_val_loss: 0.6473  time: 416s, lr: 0.00008
[2021-11-17 23:39:07] - Epoch 7 - Score: 18.4808
[2021-11-17 23:46:03] - Epoch 8 - avg_train_loss: 0.6053  avg_val_loss: 0.6490  time: 416s, lr: 0.00007
[2021-11-17 23:46:03] - Epoch 8 - Score: 18.6271
[2021-11-17 23:46:03] - Early stop!!
[2021-11-17 23:46:04] - ========== fold: 9 result ==========
[2021-11-17 23:46:04] - Score: 18.2759
[2021-11-17 23:46:04] - ========== CV ==========
[2021-11-17 23:46:04] - Score: 18.3180
