[2021-11-17 16:04:08] - ========== fold: 0 training ==========
[2021-11-17 16:18:25] - Epoch 1 - avg_train_loss: 0.6550  avg_val_loss: 0.6464  time: 824s, lr: 0.00010
[2021-11-17 16:18:25] - Epoch 1 - Score: 18.5360
[2021-11-17 16:18:25] - Epoch 1 - Save Best Score: 18.5360 Model
[2021-11-17 16:25:16] - Epoch 2 - avg_train_loss: 0.6452  avg_val_loss: 0.6461  time: 405s, lr: 0.00010
[2021-11-17 16:25:16] - Epoch 2 - Score: 18.4809
[2021-11-17 16:25:16] - Epoch 2 - Save Best Score: 18.4809 Model
[2021-11-17 16:25:19] - Loss decreased 18.53596 -> 18.48089
[2021-11-17 16:32:08] - Epoch 3 - avg_train_loss: 0.6429  avg_val_loss: 0.6588  time: 404s, lr: 0.00010
[2021-11-17 16:32:08] - Epoch 3 - Score: 19.7638
[2021-11-17 16:38:52] - Epoch 4 - avg_train_loss: 0.6369  avg_val_loss: 0.6509  time: 404s, lr: 0.00009
[2021-11-17 16:38:52] - Epoch 4 - Score: 19.0370
[2021-11-17 16:45:35] - Epoch 5 - avg_train_loss: 0.6295  avg_val_loss: 0.6465  time: 404s, lr: 0.00009
[2021-11-17 16:45:35] - Epoch 5 - Score: 18.3218
[2021-11-17 16:45:35] - Epoch 5 - Save Best Score: 18.3218 Model
[2021-11-17 16:45:38] - Loss decreased 18.48089 -> 18.32179
[2021-11-17 16:52:28] - Epoch 6 - avg_train_loss: 0.6205  avg_val_loss: 0.6518  time: 405s, lr: 0.00009
[2021-11-17 16:52:28] - Epoch 6 - Score: 18.9979
[2021-11-17 16:59:12] - Epoch 7 - avg_train_loss: 0.6138  avg_val_loss: 0.6646  time: 404s, lr: 0.00008
[2021-11-17 16:59:12] - Epoch 7 - Score: 19.9737
[2021-11-17 17:05:56] - Epoch 8 - avg_train_loss: 0.6059  avg_val_loss: 0.6612  time: 404s, lr: 0.00007
[2021-11-17 17:05:56] - Epoch 8 - Score: 19.8783
[2021-11-17 17:12:40] - Epoch 9 - avg_train_loss: 0.5997  avg_val_loss: 0.6648  time: 404s, lr: 0.00007
[2021-11-17 17:12:40] - Epoch 9 - Score: 20.1558
[2021-11-17 17:12:40] - Early stop!!
[2021-11-17 17:12:41] - ========== fold: 0 result ==========
[2021-11-17 17:12:41] - Score: 18.3218
[2021-11-17 17:12:41] - ========== fold: 1 training ==========
[2021-11-17 17:19:31] - Epoch 1 - avg_train_loss: 0.6536  avg_val_loss: 0.6477  time: 405s, lr: 0.00010
[2021-11-17 17:19:31] - Epoch 1 - Score: 18.5663
[2021-11-17 17:19:31] - Epoch 1 - Save Best Score: 18.5663 Model
[2021-11-17 17:26:23] - Epoch 2 - avg_train_loss: 0.6464  avg_val_loss: 0.6550  time: 405s, lr: 0.00010
[2021-11-17 17:26:23] - Epoch 2 - Score: 19.4295
[2021-11-17 17:33:07] - Epoch 3 - avg_train_loss: 0.6407  avg_val_loss: 0.6522  time: 404s, lr: 0.00010
[2021-11-17 17:33:07] - Epoch 3 - Score: 19.0872
[2021-11-17 17:39:51] - Epoch 4 - avg_train_loss: 0.6362  avg_val_loss: 0.6483  time: 404s, lr: 0.00009
[2021-11-17 17:39:51] - Epoch 4 - Score: 18.6275
[2021-11-17 17:46:37] - Epoch 5 - avg_train_loss: 0.6289  avg_val_loss: 0.6510  time: 405s, lr: 0.00009
[2021-11-17 17:46:37] - Epoch 5 - Score: 18.9510
[2021-11-17 17:46:37] - Early stop!!
[2021-11-17 17:46:37] - ========== fold: 1 result ==========
[2021-11-17 17:46:37] - Score: 18.5663
[2021-11-17 17:46:37] - ========== fold: 2 training ==========
[2021-11-17 17:53:23] - Epoch 1 - avg_train_loss: 0.6528  avg_val_loss: 0.6541  time: 404s, lr: 0.00010
[2021-11-17 17:53:23] - Epoch 1 - Score: 19.2148
[2021-11-17 17:53:23] - Epoch 1 - Save Best Score: 19.2148 Model
[2021-11-17 18:00:18] - Epoch 2 - avg_train_loss: 0.6447  avg_val_loss: 0.6489  time: 407s, lr: 0.00010
[2021-11-17 18:00:18] - Epoch 2 - Score: 18.5914
[2021-11-17 18:00:18] - Epoch 2 - Save Best Score: 18.5914 Model
[2021-11-17 18:00:21] - Loss decreased 19.21484 -> 18.59143
[2021-11-17 18:07:11] - Epoch 3 - avg_train_loss: 0.6399  avg_val_loss: 0.6473  time: 405s, lr: 0.00010
[2021-11-17 18:07:11] - Epoch 3 - Score: 18.3863
[2021-11-17 18:07:11] - Epoch 3 - Save Best Score: 18.3863 Model
[2021-11-17 18:07:14] - Loss decreased 18.59143 -> 18.38628
[2021-11-17 18:14:05] - Epoch 4 - avg_train_loss: 0.6310  avg_val_loss: 0.6510  time: 406s, lr: 0.00009
[2021-11-17 18:14:05] - Epoch 4 - Score: 18.8211
[2021-11-17 18:20:50] - Epoch 5 - avg_train_loss: 0.6242  avg_val_loss: 0.6536  time: 405s, lr: 0.00009
[2021-11-17 18:20:50] - Epoch 5 - Score: 18.9540
[2021-11-17 18:27:35] - Epoch 6 - avg_train_loss: 0.6163  avg_val_loss: 0.6610  time: 406s, lr: 0.00009
[2021-11-17 18:27:35] - Epoch 6 - Score: 19.8636
[2021-11-17 18:34:22] - Epoch 7 - avg_train_loss: 0.6119  avg_val_loss: 0.6616  time: 406s, lr: 0.00008
[2021-11-17 18:34:22] - Epoch 7 - Score: 19.7660
[2021-11-17 18:34:22] - Early stop!!
[2021-11-17 18:34:22] - ========== fold: 2 result ==========
[2021-11-17 18:34:22] - Score: 18.3863
[2021-11-17 18:34:22] - ========== fold: 3 training ==========
[2021-11-17 18:41:10] - Epoch 1 - avg_train_loss: 0.6538  avg_val_loss: 0.6508  time: 406s, lr: 0.00010
[2021-11-17 18:41:10] - Epoch 1 - Score: 19.0134
[2021-11-17 18:41:10] - Epoch 1 - Save Best Score: 19.0134 Model
[2021-11-17 18:48:02] - Epoch 2 - avg_train_loss: 0.6470  avg_val_loss: 0.6491  time: 405s, lr: 0.00010
[2021-11-17 18:48:02] - Epoch 2 - Score: 18.7790
[2021-11-17 18:48:02] - Epoch 2 - Save Best Score: 18.7790 Model
[2021-11-17 18:48:05] - Loss decreased 19.01338 -> 18.77898
[2021-11-17 18:54:55] - Epoch 3 - avg_train_loss: 0.6409  avg_val_loss: 0.6516  time: 406s, lr: 0.00010
[2021-11-17 18:54:55] - Epoch 3 - Score: 19.0702
[2021-11-17 19:01:41] - Epoch 4 - avg_train_loss: 0.6346  avg_val_loss: 0.6514  time: 405s, lr: 0.00009
[2021-11-17 19:01:41] - Epoch 4 - Score: 19.0619
[2021-11-17 19:08:27] - Epoch 5 - avg_train_loss: 0.6293  avg_val_loss: 0.6570  time: 407s, lr: 0.00009
[2021-11-17 19:08:27] - Epoch 5 - Score: 19.3917
[2021-11-17 19:15:13] - Epoch 6 - avg_train_loss: 0.6208  avg_val_loss: 0.6582  time: 406s, lr: 0.00009
[2021-11-17 19:15:13] - Epoch 6 - Score: 19.7842
[2021-11-17 19:15:13] - Early stop!!
[2021-11-17 19:15:14] - ========== fold: 3 result ==========
[2021-11-17 19:15:14] - Score: 18.7790
[2021-11-17 19:15:14] - ========== fold: 4 training ==========
[2021-11-17 19:22:03] - Epoch 1 - avg_train_loss: 0.6537  avg_val_loss: 0.6564  time: 407s, lr: 0.00010
[2021-11-17 19:22:03] - Epoch 1 - Score: 19.6410
[2021-11-17 19:22:03] - Epoch 1 - Save Best Score: 19.6410 Model
[2021-11-17 19:28:57] - Epoch 2 - avg_train_loss: 0.6466  avg_val_loss: 0.6511  time: 407s, lr: 0.00010
[2021-11-17 19:28:57] - Epoch 2 - Score: 19.0257
[2021-11-17 19:28:57] - Epoch 2 - Save Best Score: 19.0257 Model
[2021-11-17 19:29:00] - Loss decreased 19.64103 -> 19.02566
[2021-11-17 19:35:51] - Epoch 3 - avg_train_loss: 0.6400  avg_val_loss: 0.6516  time: 407s, lr: 0.00010
[2021-11-17 19:35:51] - Epoch 3 - Score: 19.0361
[2021-11-17 19:42:37] - Epoch 4 - avg_train_loss: 0.6335  avg_val_loss: 0.6491  time: 406s, lr: 0.00009
[2021-11-17 19:42:37] - Epoch 4 - Score: 18.7257
[2021-11-17 19:42:37] - Epoch 4 - Save Best Score: 18.7257 Model
[2021-11-17 19:42:40] - Loss decreased 19.02566 -> 18.72570
[2021-11-17 19:49:31] - Epoch 5 - avg_train_loss: 0.6268  avg_val_loss: 0.6565  time: 406s, lr: 0.00009
[2021-11-17 19:49:31] - Epoch 5 - Score: 19.6091
[2021-11-17 19:56:16] - Epoch 6 - avg_train_loss: 0.6201  avg_val_loss: 0.6602  time: 405s, lr: 0.00009
[2021-11-17 19:56:16] - Epoch 6 - Score: 19.8580
[2021-11-17 20:03:02] - Epoch 7 - avg_train_loss: 0.6102  avg_val_loss: 0.6607  time: 406s, lr: 0.00008
[2021-11-17 20:03:02] - Epoch 7 - Score: 19.8628
[2021-11-17 20:09:48] - Epoch 8 - avg_train_loss: 0.6027  avg_val_loss: 0.6649  time: 406s, lr: 0.00007
[2021-11-17 20:09:48] - Epoch 8 - Score: 20.1745
[2021-11-17 20:09:48] - Early stop!!
[2021-11-17 20:09:49] - ========== fold: 4 result ==========
[2021-11-17 20:09:49] - Score: 18.7257
[2021-11-17 20:09:49] - ========== fold: 5 training ==========
[2021-11-17 20:16:36] - Epoch 1 - avg_train_loss: 0.6534  avg_val_loss: 0.6456  time: 406s, lr: 0.00010
[2021-11-17 20:16:36] - Epoch 1 - Score: 18.3281
[2021-11-17 20:16:36] - Epoch 1 - Save Best Score: 18.3281 Model
[2021-11-17 20:23:29] - Epoch 2 - avg_train_loss: 0.6461  avg_val_loss: 0.6452  time: 405s, lr: 0.00010
[2021-11-17 20:23:29] - Epoch 2 - Score: 18.2808
[2021-11-17 20:23:29] - Epoch 2 - Save Best Score: 18.2808 Model
[2021-11-17 20:23:32] - Loss decreased 18.32814 -> 18.28081
[2021-11-17 20:30:23] - Epoch 3 - avg_train_loss: 0.6405  avg_val_loss: 0.6481  time: 406s, lr: 0.00010
[2021-11-17 20:30:23] - Epoch 3 - Score: 18.6593
[2021-11-17 20:37:08] - Epoch 4 - avg_train_loss: 0.6354  avg_val_loss: 0.6467  time: 406s, lr: 0.00009
[2021-11-17 20:37:08] - Epoch 4 - Score: 18.3532
[2021-11-17 20:43:54] - Epoch 5 - avg_train_loss: 0.6282  avg_val_loss: 0.6459  time: 406s, lr: 0.00009
[2021-11-17 20:43:54] - Epoch 5 - Score: 18.2954
[2021-11-17 20:50:41] - Epoch 6 - avg_train_loss: 0.6205  avg_val_loss: 0.6513  time: 407s, lr: 0.00009
[2021-11-17 20:50:41] - Epoch 6 - Score: 18.8558
[2021-11-17 20:50:41] - Early stop!!
[2021-11-17 20:50:42] - ========== fold: 5 result ==========
[2021-11-17 20:50:42] - Score: 18.2808
[2021-11-17 20:50:42] - ========== fold: 6 training ==========
[2021-11-17 20:57:31] - Epoch 1 - avg_train_loss: 0.6541  avg_val_loss: 0.6487  time: 407s, lr: 0.00010
[2021-11-17 20:57:31] - Epoch 1 - Score: 18.6304
[2021-11-17 20:57:31] - Epoch 1 - Save Best Score: 18.6304 Model
[2021-11-17 21:04:26] - Epoch 2 - avg_train_loss: 0.6457  avg_val_loss: 0.6494  time: 407s, lr: 0.00010
[2021-11-17 21:04:26] - Epoch 2 - Score: 18.7085
[2021-11-17 21:11:12] - Epoch 3 - avg_train_loss: 0.6407  avg_val_loss: 0.6473  time: 406s, lr: 0.00010
[2021-11-17 21:11:12] - Epoch 3 - Score: 18.4661
[2021-11-17 21:11:12] - Epoch 3 - Save Best Score: 18.4661 Model
[2021-11-17 21:11:15] - Loss decreased 18.63040 -> 18.46610
[2021-11-17 21:18:06] - Epoch 4 - avg_train_loss: 0.6341  avg_val_loss: 0.6510  time: 407s, lr: 0.00009
[2021-11-17 21:18:06] - Epoch 4 - Score: 18.8171
[2021-11-17 21:24:52] - Epoch 5 - avg_train_loss: 0.6262  avg_val_loss: 0.6547  time: 406s, lr: 0.00009
[2021-11-17 21:24:52] - Epoch 5 - Score: 19.1654
[2021-11-17 21:31:39] - Epoch 6 - avg_train_loss: 0.6190  avg_val_loss: 0.6538  time: 407s, lr: 0.00009
[2021-11-17 21:31:39] - Epoch 6 - Score: 19.1311
[2021-11-17 21:38:26] - Epoch 7 - avg_train_loss: 0.6096  avg_val_loss: 0.6601  time: 407s, lr: 0.00008
[2021-11-17 21:38:26] - Epoch 7 - Score: 19.7352
[2021-11-17 21:38:26] - Early stop!!
[2021-11-17 21:38:26] - ========== fold: 6 result ==========
[2021-11-17 21:38:26] - Score: 18.4661
[2021-11-17 21:38:26] - ========== fold: 7 training ==========
[2021-11-17 21:45:17] - Epoch 1 - avg_train_loss: 0.6527  avg_val_loss: 0.6472  time: 408s, lr: 0.00010
[2021-11-17 21:45:17] - Epoch 1 - Score: 18.4423
[2021-11-17 21:45:17] - Epoch 1 - Save Best Score: 18.4423 Model
[2021-11-17 21:52:12] - Epoch 2 - avg_train_loss: 0.6466  avg_val_loss: 0.6444  time: 408s, lr: 0.00010
[2021-11-17 21:52:12] - Epoch 2 - Score: 18.1321
[2021-11-17 21:52:12] - Epoch 2 - Save Best Score: 18.1321 Model
[2021-11-17 21:52:16] - Loss decreased 18.44225 -> 18.13206
[2021-11-17 21:59:07] - Epoch 3 - avg_train_loss: 0.6399  avg_val_loss: 0.6437  time: 406s, lr: 0.00010
[2021-11-17 21:59:07] - Epoch 3 - Score: 18.0179
[2021-11-17 21:59:07] - Epoch 3 - Save Best Score: 18.0179 Model
[2021-11-17 21:59:10] - Loss decreased 18.13206 -> 18.01790
[2021-11-17 22:06:02] - Epoch 4 - avg_train_loss: 0.6335  avg_val_loss: 0.6446  time: 408s, lr: 0.00009
[2021-11-17 22:06:02] - Epoch 4 - Score: 18.1736
[2021-11-17 22:12:50] - Epoch 5 - avg_train_loss: 0.6271  avg_val_loss: 0.6434  time: 408s, lr: 0.00009
[2021-11-17 22:12:50] - Epoch 5 - Score: 18.0240
[2021-11-17 22:19:38] - Epoch 6 - avg_train_loss: 0.6179  avg_val_loss: 0.6500  time: 408s, lr: 0.00009
[2021-11-17 22:19:38] - Epoch 6 - Score: 18.7636
[2021-11-17 22:26:25] - Epoch 7 - avg_train_loss: 0.6099  avg_val_loss: 0.6597  time: 407s, lr: 0.00008
[2021-11-17 22:26:25] - Epoch 7 - Score: 19.7626
[2021-11-17 22:26:25] - Early stop!!
[2021-11-17 22:26:26] - ========== fold: 7 result ==========
[2021-11-17 22:26:26] - Score: 18.0179
[2021-11-17 22:26:26] - ========== fold: 8 training ==========
[2021-11-17 22:33:16] - Epoch 1 - avg_train_loss: 0.6544  avg_val_loss: 0.6452  time: 408s, lr: 0.00010
[2021-11-17 22:33:16] - Epoch 1 - Score: 18.2719
[2021-11-17 22:33:16] - Epoch 1 - Save Best Score: 18.2719 Model
[2021-11-17 22:40:10] - Epoch 2 - avg_train_loss: 0.6459  avg_val_loss: 0.6489  time: 407s, lr: 0.00010
[2021-11-17 22:40:10] - Epoch 2 - Score: 18.7610
[2021-11-17 22:46:59] - Epoch 3 - avg_train_loss: 0.6398  avg_val_loss: 0.6469  time: 408s, lr: 0.00010
[2021-11-17 22:46:59] - Epoch 3 - Score: 18.4357
[2021-11-17 22:53:48] - Epoch 4 - avg_train_loss: 0.6329  avg_val_loss: 0.6502  time: 409s, lr: 0.00009
[2021-11-17 22:53:48] - Epoch 4 - Score: 18.8653
[2021-11-17 23:00:36] - Epoch 5 - avg_train_loss: 0.6267  avg_val_loss: 0.6528  time: 409s, lr: 0.00009
[2021-11-17 23:00:36] - Epoch 5 - Score: 19.1898
[2021-11-17 23:00:36] - Early stop!!
[2021-11-17 23:00:37] - ========== fold: 8 result ==========
[2021-11-17 23:00:37] - Score: 18.2719
[2021-11-17 23:00:37] - ========== fold: 9 training ==========
[2021-11-17 23:07:27] - Epoch 1 - avg_train_loss: 0.6521  avg_val_loss: 0.6463  time: 408s, lr: 0.00010
[2021-11-17 23:07:27] - Epoch 1 - Score: 18.4198
[2021-11-17 23:07:27] - Epoch 1 - Save Best Score: 18.4198 Model
[2021-11-17 23:14:24] - Epoch 2 - avg_train_loss: 0.6448  avg_val_loss: 0.6448  time: 410s, lr: 0.00010
[2021-11-17 23:14:24] - Epoch 2 - Score: 18.2258
[2021-11-17 23:14:24] - Epoch 2 - Save Best Score: 18.2258 Model
[2021-11-17 23:14:28] - Loss decreased 18.41977 -> 18.22577
[2021-11-17 23:21:21] - Epoch 3 - avg_train_loss: 0.6376  avg_val_loss: 0.6541  time: 409s, lr: 0.00010
[2021-11-17 23:21:21] - Epoch 3 - Score: 19.3778
[2021-11-17 23:28:10] - Epoch 4 - avg_train_loss: 0.6359  avg_val_loss: 0.6478  time: 408s, lr: 0.00009
[2021-11-17 23:28:10] - Epoch 4 - Score: 18.5966
[2021-11-17 23:34:58] - Epoch 5 - avg_train_loss: 0.6280  avg_val_loss: 0.6483  time: 408s, lr: 0.00009
[2021-11-17 23:34:58] - Epoch 5 - Score: 18.6947
[2021-11-17 23:41:46] - Epoch 6 - avg_train_loss: 0.6199  avg_val_loss: 0.6470  time: 408s, lr: 0.00009
[2021-11-17 23:41:46] - Epoch 6 - Score: 18.4834
[2021-11-17 23:41:46] - Early stop!!
[2021-11-17 23:41:47] - ========== fold: 9 result ==========
[2021-11-17 23:41:47] - Score: 18.2258
[2021-11-17 23:41:47] - ========== CV ==========
[2021-11-17 23:41:47] - Score: 18.4055
