[2021-11-18 08:57:27] - ========== fold: 0 training ==========
[2021-11-18 09:08:49] - Epoch 1 - avg_train_loss: 0.6562  avg_val_loss: 0.6452  time: 668s, lr: 0.00010
[2021-11-18 09:08:49] - Epoch 1 - Score: 18.3360
[2021-11-18 09:08:49] - Epoch 1 - Save Best Score: 18.3360 Model
[2021-11-18 09:11:47] - Epoch 2 - avg_train_loss: 0.6443  avg_val_loss: 0.6464  time: 179s, lr: 0.00010
[2021-11-18 09:11:47] - Epoch 2 - Score: 18.5064
[2021-11-18 09:14:45] - Epoch 3 - avg_train_loss: 0.6365  avg_val_loss: 0.6471  time: 177s, lr: 0.00010
[2021-11-18 09:14:45] - Epoch 3 - Score: 18.5947
[2021-11-18 09:17:42] - Epoch 4 - avg_train_loss: 0.6304  avg_val_loss: 0.6475  time: 177s, lr: 0.00009
[2021-11-18 09:17:42] - Epoch 4 - Score: 18.6023
[2021-11-18 09:20:39] - Epoch 5 - avg_train_loss: 0.6231  avg_val_loss: 0.6538  time: 177s, lr: 0.00009
[2021-11-18 09:20:39] - Epoch 5 - Score: 19.3622
[2021-11-18 09:20:39] - Early stop!!
[2021-11-18 09:20:39] - ========== fold: 0 result ==========
[2021-11-18 09:20:39] - Score: 18.3360
[2021-11-18 09:20:39] - ========== fold: 1 training ==========
[2021-11-18 09:23:38] - Epoch 1 - avg_train_loss: 0.6555  avg_val_loss: 0.6489  time: 179s, lr: 0.00010
[2021-11-18 09:23:38] - Epoch 1 - Score: 18.7109
[2021-11-18 09:23:38] - Epoch 1 - Save Best Score: 18.7109 Model
[2021-11-18 09:26:37] - Epoch 2 - avg_train_loss: 0.6435  avg_val_loss: 0.6500  time: 179s, lr: 0.00010
[2021-11-18 09:26:37] - Epoch 2 - Score: 18.8605
[2021-11-18 09:29:35] - Epoch 3 - avg_train_loss: 0.6372  avg_val_loss: 0.6491  time: 178s, lr: 0.00010
[2021-11-18 09:29:35] - Epoch 3 - Score: 18.7505
[2021-11-18 09:32:33] - Epoch 4 - avg_train_loss: 0.6296  avg_val_loss: 0.6491  time: 178s, lr: 0.00009
[2021-11-18 09:32:33] - Epoch 4 - Score: 18.7110
[2021-11-18 09:35:32] - Epoch 5 - avg_train_loss: 0.6226  avg_val_loss: 0.6537  time: 179s, lr: 0.00009
[2021-11-18 09:35:32] - Epoch 5 - Score: 19.2201
[2021-11-18 09:35:32] - Early stop!!
[2021-11-18 09:35:33] - ========== fold: 1 result ==========
[2021-11-18 09:35:33] - Score: 18.7109
[2021-11-18 09:35:33] - ========== fold: 2 training ==========
[2021-11-18 09:38:34] - Epoch 1 - avg_train_loss: 0.6550  avg_val_loss: 0.6507  time: 181s, lr: 0.00010
[2021-11-18 09:38:34] - Epoch 1 - Score: 18.8064
[2021-11-18 09:38:34] - Epoch 1 - Save Best Score: 18.8064 Model
[2021-11-18 09:41:35] - Epoch 2 - avg_train_loss: 0.6432  avg_val_loss: 0.6492  time: 181s, lr: 0.00010
[2021-11-18 09:41:35] - Epoch 2 - Score: 18.6158
[2021-11-18 09:41:35] - Epoch 2 - Save Best Score: 18.6158 Model
[2021-11-18 09:41:36] - Loss decreased 18.80637 -> 18.61579
[2021-11-18 09:44:37] - Epoch 3 - avg_train_loss: 0.6369  avg_val_loss: 0.6489  time: 181s, lr: 0.00010
[2021-11-18 09:44:37] - Epoch 3 - Score: 18.5792
[2021-11-18 09:44:37] - Epoch 3 - Save Best Score: 18.5792 Model
[2021-11-18 09:44:37] - Loss decreased 18.61579 -> 18.57920
[2021-11-18 09:47:37] - Epoch 4 - avg_train_loss: 0.6295  avg_val_loss: 0.6519  time: 180s, lr: 0.00009
[2021-11-18 09:47:37] - Epoch 4 - Score: 18.9344
[2021-11-18 09:50:37] - Epoch 5 - avg_train_loss: 0.6227  avg_val_loss: 0.6558  time: 180s, lr: 0.00009
[2021-11-18 09:50:37] - Epoch 5 - Score: 19.3815
[2021-11-18 09:53:37] - Epoch 6 - avg_train_loss: 0.6160  avg_val_loss: 0.6562  time: 180s, lr: 0.00009
[2021-11-18 09:53:37] - Epoch 6 - Score: 19.4321
[2021-11-18 09:56:35] - Epoch 7 - avg_train_loss: 0.6088  avg_val_loss: 0.6596  time: 178s, lr: 0.00008
[2021-11-18 09:56:35] - Epoch 7 - Score: 19.8583
[2021-11-18 09:56:35] - Early stop!!
[2021-11-18 09:56:35] - ========== fold: 2 result ==========
[2021-11-18 09:56:35] - Score: 18.5792
[2021-11-18 09:56:35] - ========== fold: 3 training ==========
[2021-11-18 09:59:33] - Epoch 1 - avg_train_loss: 0.6553  avg_val_loss: 0.6527  time: 178s, lr: 0.00010
[2021-11-18 09:59:33] - Epoch 1 - Score: 19.1990
[2021-11-18 09:59:33] - Epoch 1 - Save Best Score: 19.1990 Model
[2021-11-18 10:02:32] - Epoch 2 - avg_train_loss: 0.6429  avg_val_loss: 0.6525  time: 178s, lr: 0.00010
[2021-11-18 10:02:32] - Epoch 2 - Score: 19.1704
[2021-11-18 10:02:32] - Epoch 2 - Save Best Score: 19.1704 Model
[2021-11-18 10:02:32] - Loss decreased 19.19902 -> 19.17043
[2021-11-18 10:05:30] - Epoch 3 - avg_train_loss: 0.6356  avg_val_loss: 0.6552  time: 178s, lr: 0.00010
[2021-11-18 10:05:30] - Epoch 3 - Score: 19.5159
[2021-11-18 10:08:28] - Epoch 4 - avg_train_loss: 0.6286  avg_val_loss: 0.6554  time: 178s, lr: 0.00009
[2021-11-18 10:08:28] - Epoch 4 - Score: 19.4542
[2021-11-18 10:11:27] - Epoch 5 - avg_train_loss: 0.6220  avg_val_loss: 0.6595  time: 179s, lr: 0.00009
[2021-11-18 10:11:27] - Epoch 5 - Score: 19.9142
[2021-11-18 10:14:27] - Epoch 6 - avg_train_loss: 0.6147  avg_val_loss: 0.6648  time: 180s, lr: 0.00009
[2021-11-18 10:14:27] - Epoch 6 - Score: 20.3657
[2021-11-18 10:14:27] - Early stop!!
[2021-11-18 10:14:27] - ========== fold: 3 result ==========
[2021-11-18 10:14:27] - Score: 19.1704
[2021-11-18 10:14:27] - ========== fold: 4 training ==========
[2021-11-18 10:17:26] - Epoch 1 - avg_train_loss: 0.6550  avg_val_loss: 0.6488  time: 179s, lr: 0.00010
[2021-11-18 10:17:26] - Epoch 1 - Score: 18.7134
[2021-11-18 10:17:26] - Epoch 1 - Save Best Score: 18.7134 Model
[2021-11-18 10:20:25] - Epoch 2 - avg_train_loss: 0.6429  avg_val_loss: 0.6499  time: 179s, lr: 0.00010
[2021-11-18 10:20:25] - Epoch 2 - Score: 18.8520
[2021-11-18 10:23:23] - Epoch 3 - avg_train_loss: 0.6356  avg_val_loss: 0.6505  time: 178s, lr: 0.00010
[2021-11-18 10:23:23] - Epoch 3 - Score: 18.9422
[2021-11-18 10:26:22] - Epoch 4 - avg_train_loss: 0.6292  avg_val_loss: 0.6580  time: 179s, lr: 0.00009
[2021-11-18 10:26:22] - Epoch 4 - Score: 19.8362
[2021-11-18 10:29:20] - Epoch 5 - avg_train_loss: 0.6219  avg_val_loss: 0.6567  time: 178s, lr: 0.00009
[2021-11-18 10:29:20] - Epoch 5 - Score: 19.5875
[2021-11-18 10:29:20] - Early stop!!
[2021-11-18 10:29:20] - ========== fold: 4 result ==========
[2021-11-18 10:29:20] - Score: 18.7134
[2021-11-18 10:29:20] - ========== fold: 5 training ==========
[2021-11-18 10:32:19] - Epoch 1 - avg_train_loss: 0.6566  avg_val_loss: 0.6480  time: 179s, lr: 0.00010
[2021-11-18 10:32:19] - Epoch 1 - Score: 18.6461
[2021-11-18 10:32:19] - Epoch 1 - Save Best Score: 18.6461 Model
[2021-11-18 10:35:18] - Epoch 2 - avg_train_loss: 0.6441  avg_val_loss: 0.6453  time: 178s, lr: 0.00010
[2021-11-18 10:35:18] - Epoch 2 - Score: 18.3047
[2021-11-18 10:35:18] - Epoch 2 - Save Best Score: 18.3047 Model
[2021-11-18 10:35:18] - Loss decreased 18.64611 -> 18.30465
[2021-11-18 10:38:16] - Epoch 3 - avg_train_loss: 0.6366  avg_val_loss: 0.6458  time: 178s, lr: 0.00010
[2021-11-18 10:38:16] - Epoch 3 - Score: 18.3577
[2021-11-18 10:41:12] - Epoch 4 - avg_train_loss: 0.6306  avg_val_loss: 0.6458  time: 177s, lr: 0.00009
[2021-11-18 10:41:12] - Epoch 4 - Score: 18.3687
[2021-11-18 10:44:09] - Epoch 5 - avg_train_loss: 0.6236  avg_val_loss: 0.6514  time: 177s, lr: 0.00009
[2021-11-18 10:44:09] - Epoch 5 - Score: 19.0067
[2021-11-18 10:47:07] - Epoch 6 - avg_train_loss: 0.6154  avg_val_loss: 0.6478  time: 177s, lr: 0.00009
[2021-11-18 10:47:07] - Epoch 6 - Score: 18.5283
[2021-11-18 10:47:07] - Early stop!!
[2021-11-18 10:47:07] - ========== fold: 5 result ==========
[2021-11-18 10:47:07] - Score: 18.3047
[2021-11-18 10:47:07] - ========== fold: 6 training ==========
[2021-11-18 10:50:04] - Epoch 1 - avg_train_loss: 0.6558  avg_val_loss: 0.6480  time: 177s, lr: 0.00010
[2021-11-18 10:50:04] - Epoch 1 - Score: 18.5432
[2021-11-18 10:50:04] - Epoch 1 - Save Best Score: 18.5432 Model
[2021-11-18 10:53:01] - Epoch 2 - avg_train_loss: 0.6435  avg_val_loss: 0.6467  time: 176s, lr: 0.00010
[2021-11-18 10:53:01] - Epoch 2 - Score: 18.3875
[2021-11-18 10:53:01] - Epoch 2 - Save Best Score: 18.3875 Model
[2021-11-18 10:53:01] - Loss decreased 18.54318 -> 18.38755
[2021-11-18 10:56:00] - Epoch 3 - avg_train_loss: 0.6369  avg_val_loss: 0.6472  time: 179s, lr: 0.00010
[2021-11-18 10:56:00] - Epoch 3 - Score: 18.4360
[2021-11-18 10:59:02] - Epoch 4 - avg_train_loss: 0.6304  avg_val_loss: 0.6479  time: 181s, lr: 0.00009
[2021-11-18 10:59:02] - Epoch 4 - Score: 18.4906
[2021-11-18 11:02:00] - Epoch 5 - avg_train_loss: 0.6230  avg_val_loss: 0.6500  time: 179s, lr: 0.00009
[2021-11-18 11:02:00] - Epoch 5 - Score: 18.6829
[2021-11-18 11:04:59] - Epoch 6 - avg_train_loss: 0.6151  avg_val_loss: 0.6586  time: 178s, lr: 0.00009
[2021-11-18 11:04:59] - Epoch 6 - Score: 19.7333
[2021-11-18 11:04:59] - Early stop!!
[2021-11-18 11:04:59] - ========== fold: 6 result ==========
[2021-11-18 11:04:59] - Score: 18.3875
[2021-11-18 11:04:59] - ========== fold: 7 training ==========
[2021-11-18 11:07:58] - Epoch 1 - avg_train_loss: 0.6554  avg_val_loss: 0.6465  time: 179s, lr: 0.00010
[2021-11-18 11:07:58] - Epoch 1 - Score: 18.3877
[2021-11-18 11:07:58] - Epoch 1 - Save Best Score: 18.3877 Model
[2021-11-18 11:10:56] - Epoch 2 - avg_train_loss: 0.6444  avg_val_loss: 0.6438  time: 178s, lr: 0.00010
[2021-11-18 11:10:56] - Epoch 2 - Score: 18.0249
[2021-11-18 11:10:56] - Epoch 2 - Save Best Score: 18.0249 Model
[2021-11-18 11:10:56] - Loss decreased 18.38769 -> 18.02489
[2021-11-18 11:13:55] - Epoch 3 - avg_train_loss: 0.6369  avg_val_loss: 0.6486  time: 178s, lr: 0.00010
[2021-11-18 11:13:55] - Epoch 3 - Score: 18.6579
[2021-11-18 11:16:53] - Epoch 4 - avg_train_loss: 0.6297  avg_val_loss: 0.6485  time: 178s, lr: 0.00009
[2021-11-18 11:16:53] - Epoch 4 - Score: 18.5907
[2021-11-18 11:19:52] - Epoch 5 - avg_train_loss: 0.6220  avg_val_loss: 0.6505  time: 179s, lr: 0.00009
[2021-11-18 11:19:52] - Epoch 5 - Score: 18.7488
[2021-11-18 11:22:51] - Epoch 6 - avg_train_loss: 0.6144  avg_val_loss: 0.6541  time: 179s, lr: 0.00009
[2021-11-18 11:22:51] - Epoch 6 - Score: 19.0442
[2021-11-18 11:22:51] - Early stop!!
[2021-11-18 11:22:51] - ========== fold: 7 result ==========
[2021-11-18 11:22:51] - Score: 18.0249
[2021-11-18 11:22:51] - ========== fold: 8 training ==========
[2021-11-18 11:25:50] - Epoch 1 - avg_train_loss: 0.6564  avg_val_loss: 0.6504  time: 179s, lr: 0.00010
[2021-11-18 11:25:50] - Epoch 1 - Score: 18.9125
[2021-11-18 11:25:50] - Epoch 1 - Save Best Score: 18.9125 Model
[2021-11-18 11:28:49] - Epoch 2 - avg_train_loss: 0.6433  avg_val_loss: 0.6508  time: 178s, lr: 0.00010
[2021-11-18 11:28:49] - Epoch 2 - Score: 18.9787
[2021-11-18 11:31:47] - Epoch 3 - avg_train_loss: 0.6363  avg_val_loss: 0.6475  time: 178s, lr: 0.00010
[2021-11-18 11:31:47] - Epoch 3 - Score: 18.5351
[2021-11-18 11:31:47] - Epoch 3 - Save Best Score: 18.5351 Model
[2021-11-18 11:31:47] - Loss decreased 18.91253 -> 18.53505
[2021-11-18 11:34:45] - Epoch 4 - avg_train_loss: 0.6294  avg_val_loss: 0.6510  time: 178s, lr: 0.00009
[2021-11-18 11:34:45] - Epoch 4 - Score: 18.9858
[2021-11-18 11:37:42] - Epoch 5 - avg_train_loss: 0.6224  avg_val_loss: 0.6530  time: 177s, lr: 0.00009
[2021-11-18 11:37:42] - Epoch 5 - Score: 19.1095
[2021-11-18 11:40:39] - Epoch 6 - avg_train_loss: 0.6152  avg_val_loss: 0.6547  time: 178s, lr: 0.00009
[2021-11-18 11:40:39] - Epoch 6 - Score: 19.3347
[2021-11-18 11:43:36] - Epoch 7 - avg_train_loss: 0.6084  avg_val_loss: 0.6589  time: 177s, lr: 0.00008
[2021-11-18 11:43:36] - Epoch 7 - Score: 19.7705
[2021-11-18 11:43:36] - Early stop!!
[2021-11-18 11:43:36] - ========== fold: 8 result ==========
[2021-11-18 11:43:36] - Score: 18.5351
[2021-11-18 11:43:36] - ========== fold: 9 training ==========
[2021-11-18 11:46:34] - Epoch 1 - avg_train_loss: 0.6551  avg_val_loss: 0.6517  time: 178s, lr: 0.00010
[2021-11-18 11:46:34] - Epoch 1 - Score: 19.0874
[2021-11-18 11:46:34] - Epoch 1 - Save Best Score: 19.0874 Model
[2021-11-18 11:49:32] - Epoch 2 - avg_train_loss: 0.6440  avg_val_loss: 0.6506  time: 177s, lr: 0.00010
[2021-11-18 11:49:32] - Epoch 2 - Score: 18.9587
[2021-11-18 11:49:32] - Epoch 2 - Save Best Score: 18.9587 Model
[2021-11-18 11:49:32] - Loss decreased 19.08745 -> 18.95872
[2021-11-18 11:52:29] - Epoch 3 - avg_train_loss: 0.6368  avg_val_loss: 0.6505  time: 177s, lr: 0.00010
[2021-11-18 11:52:29] - Epoch 3 - Score: 18.9444
[2021-11-18 11:52:29] - Epoch 3 - Save Best Score: 18.9444 Model
[2021-11-18 11:52:29] - Loss decreased 18.95872 -> 18.94442
[2021-11-18 11:55:26] - Epoch 4 - avg_train_loss: 0.6298  avg_val_loss: 0.6521  time: 176s, lr: 0.00009
[2021-11-18 11:55:26] - Epoch 4 - Score: 19.1518
[2021-11-18 11:58:23] - Epoch 5 - avg_train_loss: 0.6226  avg_val_loss: 0.6551  time: 178s, lr: 0.00009
[2021-11-18 11:58:23] - Epoch 5 - Score: 19.4107
[2021-11-18 12:01:21] - Epoch 6 - avg_train_loss: 0.6163  avg_val_loss: 0.6594  time: 178s, lr: 0.00009
[2021-11-18 12:01:21] - Epoch 6 - Score: 19.8721
[2021-11-18 12:04:18] - Epoch 7 - avg_train_loss: 0.6090  avg_val_loss: 0.6629  time: 177s, lr: 0.00008
[2021-11-18 12:04:18] - Epoch 7 - Score: 20.2189
[2021-11-18 12:04:18] - Early stop!!
[2021-11-18 12:04:19] - ========== fold: 9 result ==========
[2021-11-18 12:04:19] - Score: 18.9444
[2021-11-18 12:04:19] - ========== CV ==========
[2021-11-18 12:04:19] - Score: 18.5733
