[2021-11-19 04:15:15] - ========== fold: 0 training ==========
[2021-11-19 04:26:30] - Epoch 1 - avg_train_loss: 0.6541  avg_val_loss: 0.6476  time: 655s, lr: 0.00010
[2021-11-19 04:26:30] - Epoch 1 - Score: 18.6786
[2021-11-19 04:26:30] - Epoch 1 - Save Best Score: 18.6786 Model
[2021-11-19 04:30:50] - Epoch 2 - avg_train_loss: 0.6468  avg_val_loss: 0.6545  time: 258s, lr: 0.00010
[2021-11-19 04:30:50] - Epoch 2 - Score: 19.5367
[2021-11-19 04:35:08] - Epoch 3 - avg_train_loss: 0.6412  avg_val_loss: 0.6536  time: 257s, lr: 0.00010
[2021-11-19 04:35:08] - Epoch 3 - Score: 19.3824
[2021-11-19 04:39:25] - Epoch 4 - avg_train_loss: 0.6354  avg_val_loss: 0.6479  time: 258s, lr: 0.00009
[2021-11-19 04:39:25] - Epoch 4 - Score: 18.6812
[2021-11-19 04:43:43] - Epoch 5 - avg_train_loss: 0.6327  avg_val_loss: 0.6459  time: 258s, lr: 0.00009
[2021-11-19 04:43:43] - Epoch 5 - Score: 18.4866
[2021-11-19 04:43:43] - Epoch 5 - Save Best Score: 18.4866 Model
[2021-11-19 04:43:45] - Loss decreased 18.67863 -> 18.48656
[2021-11-19 04:48:04] - Epoch 6 - avg_train_loss: 0.6265  avg_val_loss: 0.6468  time: 258s, lr: 0.00009
[2021-11-19 04:48:04] - Epoch 6 - Score: 18.6043
[2021-11-19 04:52:22] - Epoch 7 - avg_train_loss: 0.6173  avg_val_loss: 0.6583  time: 258s, lr: 0.00008
[2021-11-19 04:52:22] - Epoch 7 - Score: 19.8095
[2021-11-19 04:56:40] - Epoch 8 - avg_train_loss: 0.6110  avg_val_loss: 0.6572  time: 258s, lr: 0.00007
[2021-11-19 04:56:40] - Epoch 8 - Score: 19.6319
[2021-11-19 05:00:58] - Epoch 9 - avg_train_loss: 0.6044  avg_val_loss: 0.6582  time: 258s, lr: 0.00007
[2021-11-19 05:00:58] - Epoch 9 - Score: 19.7682
[2021-11-19 05:00:58] - Early stop!!
[2021-11-19 05:00:58] - ========== fold: 0 result ==========
[2021-11-19 05:00:58] - Score: 18.4866
[2021-11-19 05:00:58] - ========== fold: 1 training ==========
[2021-11-19 05:05:23] - Epoch 1 - avg_train_loss: 0.6518  avg_val_loss: 0.6484  time: 259s, lr: 0.00010
[2021-11-19 05:05:23] - Epoch 1 - Score: 18.5420
[2021-11-19 05:05:23] - Epoch 1 - Save Best Score: 18.5420 Model
[2021-11-19 05:09:45] - Epoch 2 - avg_train_loss: 0.6441  avg_val_loss: 0.6483  time: 259s, lr: 0.00010
[2021-11-19 05:09:45] - Epoch 2 - Score: 18.5234
[2021-11-19 05:09:45] - Epoch 2 - Save Best Score: 18.5234 Model
[2021-11-19 05:09:47] - Loss decreased 18.54197 -> 18.52343
[2021-11-19 05:14:06] - Epoch 3 - avg_train_loss: 0.6395  avg_val_loss: 0.6518  time: 258s, lr: 0.00010
[2021-11-19 05:14:06] - Epoch 3 - Score: 18.9331
[2021-11-19 05:18:23] - Epoch 4 - avg_train_loss: 0.6366  avg_val_loss: 0.6505  time: 257s, lr: 0.00009
[2021-11-19 05:18:23] - Epoch 4 - Score: 18.7940
[2021-11-19 05:22:40] - Epoch 5 - avg_train_loss: 0.6300  avg_val_loss: 0.6522  time: 257s, lr: 0.00009
[2021-11-19 05:22:40] - Epoch 5 - Score: 18.8335
[2021-11-19 05:26:58] - Epoch 6 - avg_train_loss: 0.6232  avg_val_loss: 0.6564  time: 258s, lr: 0.00009
[2021-11-19 05:26:58] - Epoch 6 - Score: 19.4487
[2021-11-19 05:26:58] - Early stop!!
[2021-11-19 05:26:59] - ========== fold: 1 result ==========
[2021-11-19 05:26:59] - Score: 18.5234
[2021-11-19 05:26:59] - ========== fold: 2 training ==========
[2021-11-19 05:31:18] - Epoch 1 - avg_train_loss: 0.6547  avg_val_loss: 0.6510  time: 258s, lr: 0.00010
[2021-11-19 05:31:18] - Epoch 1 - Score: 18.8606
[2021-11-19 05:31:18] - Epoch 1 - Save Best Score: 18.8606 Model
[2021-11-19 05:35:39] - Epoch 2 - avg_train_loss: 0.6467  avg_val_loss: 0.6469  time: 258s, lr: 0.00010
[2021-11-19 05:35:39] - Epoch 2 - Score: 18.2908
[2021-11-19 05:35:39] - Epoch 2 - Save Best Score: 18.2908 Model
[2021-11-19 05:35:40] - Loss decreased 18.86056 -> 18.29082
[2021-11-19 05:40:00] - Epoch 3 - avg_train_loss: 0.6420  avg_val_loss: 0.6492  time: 258s, lr: 0.00010
[2021-11-19 05:40:00] - Epoch 3 - Score: 18.5494
[2021-11-19 05:44:19] - Epoch 4 - avg_train_loss: 0.6372  avg_val_loss: 0.6448  time: 258s, lr: 0.00009
[2021-11-19 05:44:19] - Epoch 4 - Score: 18.0073
[2021-11-19 05:44:19] - Epoch 4 - Save Best Score: 18.0073 Model
[2021-11-19 05:44:20] - Loss decreased 18.29082 -> 18.00728
[2021-11-19 05:48:39] - Epoch 5 - avg_train_loss: 0.6320  avg_val_loss: 0.6450  time: 258s, lr: 0.00009
[2021-11-19 05:48:39] - Epoch 5 - Score: 18.0114
[2021-11-19 05:52:57] - Epoch 6 - avg_train_loss: 0.6258  avg_val_loss: 0.6476  time: 258s, lr: 0.00009
[2021-11-19 05:52:57] - Epoch 6 - Score: 18.3374
[2021-11-19 05:57:15] - Epoch 7 - avg_train_loss: 0.6177  avg_val_loss: 0.6577  time: 258s, lr: 0.00008
[2021-11-19 05:57:15] - Epoch 7 - Score: 19.3722
[2021-11-19 06:01:33] - Epoch 8 - avg_train_loss: 0.6110  avg_val_loss: 0.6609  time: 258s, lr: 0.00007
[2021-11-19 06:01:33] - Epoch 8 - Score: 19.6929
[2021-11-19 06:01:33] - Early stop!!
[2021-11-19 06:01:33] - ========== fold: 2 result ==========
[2021-11-19 06:01:33] - Score: 18.0073
[2021-11-19 06:01:33] - ========== fold: 3 training ==========
[2021-11-19 06:05:54] - Epoch 1 - avg_train_loss: 0.6528  avg_val_loss: 0.6522  time: 259s, lr: 0.00010
[2021-11-19 06:05:54] - Epoch 1 - Score: 19.0508
[2021-11-19 06:05:54] - Epoch 1 - Save Best Score: 19.0508 Model
[2021-11-19 06:10:15] - Epoch 2 - avg_train_loss: 0.6460  avg_val_loss: 0.6501  time: 258s, lr: 0.00010
[2021-11-19 06:10:15] - Epoch 2 - Score: 18.7712
[2021-11-19 06:10:15] - Epoch 2 - Save Best Score: 18.7712 Model
[2021-11-19 06:10:17] - Loss decreased 19.05082 -> 18.77125
[2021-11-19 06:14:36] - Epoch 3 - avg_train_loss: 0.6407  avg_val_loss: 0.6540  time: 258s, lr: 0.00010
[2021-11-19 06:14:36] - Epoch 3 - Score: 19.1191
[2021-11-19 06:18:54] - Epoch 4 - avg_train_loss: 0.6368  avg_val_loss: 0.6501  time: 258s, lr: 0.00009
[2021-11-19 06:18:54] - Epoch 4 - Score: 18.7520
[2021-11-19 06:18:54] - Epoch 4 - Save Best Score: 18.7520 Model
[2021-11-19 06:18:55] - Loss decreased 18.77125 -> 18.75200
[2021-11-19 06:23:15] - Epoch 5 - avg_train_loss: 0.6291  avg_val_loss: 0.6561  time: 258s, lr: 0.00009
[2021-11-19 06:23:15] - Epoch 5 - Score: 19.3980
[2021-11-19 06:27:33] - Epoch 6 - avg_train_loss: 0.6225  avg_val_loss: 0.6589  time: 258s, lr: 0.00009
[2021-11-19 06:27:33] - Epoch 6 - Score: 19.6184
[2021-11-19 06:31:52] - Epoch 7 - avg_train_loss: 0.6146  avg_val_loss: 0.6608  time: 259s, lr: 0.00008
[2021-11-19 06:31:52] - Epoch 7 - Score: 19.5453
[2021-11-19 06:36:10] - Epoch 8 - avg_train_loss: 0.6073  avg_val_loss: 0.6721  time: 258s, lr: 0.00007
[2021-11-19 06:36:10] - Epoch 8 - Score: 20.4827
[2021-11-19 06:36:10] - Early stop!!
[2021-11-19 06:36:11] - ========== fold: 3 result ==========
[2021-11-19 06:36:11] - Score: 18.7520
[2021-11-19 06:36:11] - ========== fold: 4 training ==========
[2021-11-19 06:40:31] - Epoch 1 - avg_train_loss: 0.6527  avg_val_loss: 0.6547  time: 259s, lr: 0.00010
[2021-11-19 06:40:31] - Epoch 1 - Score: 19.3778
[2021-11-19 06:40:31] - Epoch 1 - Save Best Score: 19.3778 Model
[2021-11-19 06:44:52] - Epoch 2 - avg_train_loss: 0.6446  avg_val_loss: 0.6476  time: 258s, lr: 0.00010
[2021-11-19 06:44:52] - Epoch 2 - Score: 18.5757
[2021-11-19 06:44:52] - Epoch 2 - Save Best Score: 18.5757 Model
[2021-11-19 06:44:53] - Loss decreased 19.37784 -> 18.57568
[2021-11-19 06:49:14] - Epoch 3 - avg_train_loss: 0.6404  avg_val_loss: 0.6467  time: 259s, lr: 0.00010
[2021-11-19 06:49:14] - Epoch 3 - Score: 18.4710
[2021-11-19 06:49:14] - Epoch 3 - Save Best Score: 18.4710 Model
[2021-11-19 06:49:15] - Loss decreased 18.57568 -> 18.47103
[2021-11-19 06:53:36] - Epoch 4 - avg_train_loss: 0.6351  avg_val_loss: 0.6492  time: 259s, lr: 0.00009
[2021-11-19 06:53:36] - Epoch 4 - Score: 18.6646
[2021-11-19 06:57:54] - Epoch 5 - avg_train_loss: 0.6311  avg_val_loss: 0.6492  time: 258s, lr: 0.00009
[2021-11-19 06:57:54] - Epoch 5 - Score: 18.6968
[2021-11-19 07:02:13] - Epoch 6 - avg_train_loss: 0.6257  avg_val_loss: 0.6675  time: 259s, lr: 0.00009
[2021-11-19 07:02:13] - Epoch 6 - Score: 20.5498
[2021-11-19 07:06:31] - Epoch 7 - avg_train_loss: 0.6176  avg_val_loss: 0.6596  time: 259s, lr: 0.00008
[2021-11-19 07:06:31] - Epoch 7 - Score: 19.8490
[2021-11-19 07:06:31] - Early stop!!
[2021-11-19 07:06:32] - ========== fold: 4 result ==========
[2021-11-19 07:06:32] - Score: 18.4710
[2021-11-19 07:06:32] - ========== fold: 5 training ==========
[2021-11-19 07:10:52] - Epoch 1 - avg_train_loss: 0.6523  avg_val_loss: 0.6488  time: 259s, lr: 0.00010
[2021-11-19 07:10:52] - Epoch 1 - Score: 18.5964
[2021-11-19 07:10:52] - Epoch 1 - Save Best Score: 18.5964 Model
[2021-11-19 07:15:14] - Epoch 2 - avg_train_loss: 0.6451  avg_val_loss: 0.6500  time: 259s, lr: 0.00010
[2021-11-19 07:15:14] - Epoch 2 - Score: 18.7150
[2021-11-19 07:19:32] - Epoch 3 - avg_train_loss: 0.6413  avg_val_loss: 0.6455  time: 258s, lr: 0.00010
[2021-11-19 07:19:32] - Epoch 3 - Score: 18.1342
[2021-11-19 07:19:32] - Epoch 3 - Save Best Score: 18.1342 Model
[2021-11-19 07:19:34] - Loss decreased 18.59636 -> 18.13423
[2021-11-19 07:23:54] - Epoch 4 - avg_train_loss: 0.6374  avg_val_loss: 0.6458  time: 259s, lr: 0.00009
[2021-11-19 07:23:54] - Epoch 4 - Score: 18.1514
[2021-11-19 07:28:13] - Epoch 5 - avg_train_loss: 0.6304  avg_val_loss: 0.6468  time: 259s, lr: 0.00009
[2021-11-19 07:28:13] - Epoch 5 - Score: 18.2431
[2021-11-19 07:32:31] - Epoch 6 - avg_train_loss: 0.6234  avg_val_loss: 0.6581  time: 258s, lr: 0.00009
[2021-11-19 07:32:31] - Epoch 6 - Score: 19.6137
[2021-11-19 07:36:50] - Epoch 7 - avg_train_loss: 0.6177  avg_val_loss: 0.6472  time: 259s, lr: 0.00008
[2021-11-19 07:36:50] - Epoch 7 - Score: 18.2899
[2021-11-19 07:36:50] - Early stop!!
[2021-11-19 07:36:50] - ========== fold: 5 result ==========
[2021-11-19 07:36:50] - Score: 18.1342
[2021-11-19 07:36:50] - ========== fold: 6 training ==========
[2021-11-19 07:41:12] - Epoch 1 - avg_train_loss: 0.6528  avg_val_loss: 0.6470  time: 260s, lr: 0.00010
[2021-11-19 07:41:12] - Epoch 1 - Score: 18.4738
[2021-11-19 07:41:12] - Epoch 1 - Save Best Score: 18.4738 Model
[2021-11-19 07:45:36] - Epoch 2 - avg_train_loss: 0.6457  avg_val_loss: 0.6450  time: 261s, lr: 0.00010
[2021-11-19 07:45:36] - Epoch 2 - Score: 18.2174
[2021-11-19 07:45:36] - Epoch 2 - Save Best Score: 18.2174 Model
[2021-11-19 07:45:38] - Loss decreased 18.47383 -> 18.21741
[2021-11-19 07:50:00] - Epoch 3 - avg_train_loss: 0.6404  avg_val_loss: 0.6518  time: 261s, lr: 0.00010
[2021-11-19 07:50:00] - Epoch 3 - Score: 18.9495
[2021-11-19 07:54:21] - Epoch 4 - avg_train_loss: 0.6360  avg_val_loss: 0.6486  time: 261s, lr: 0.00009
[2021-11-19 07:54:21] - Epoch 4 - Score: 18.6839
[2021-11-19 07:58:42] - Epoch 5 - avg_train_loss: 0.6301  avg_val_loss: 0.6517  time: 261s, lr: 0.00009
[2021-11-19 07:58:42] - Epoch 5 - Score: 19.0401
[2021-11-19 08:03:03] - Epoch 6 - avg_train_loss: 0.6250  avg_val_loss: 0.6470  time: 261s, lr: 0.00009
[2021-11-19 08:03:03] - Epoch 6 - Score: 18.4593
[2021-11-19 08:03:03] - Early stop!!
[2021-11-19 08:03:04] - ========== fold: 6 result ==========
[2021-11-19 08:03:04] - Score: 18.2174
[2021-11-19 08:03:04] - ========== fold: 7 training ==========
[2021-11-19 08:07:27] - Epoch 1 - avg_train_loss: 0.6535  avg_val_loss: 0.6494  time: 262s, lr: 0.00010
[2021-11-19 08:07:27] - Epoch 1 - Score: 18.6371
[2021-11-19 08:07:27] - Epoch 1 - Save Best Score: 18.6371 Model
[2021-11-19 08:11:51] - Epoch 2 - avg_train_loss: 0.6469  avg_val_loss: 0.6515  time: 261s, lr: 0.00010
[2021-11-19 08:11:51] - Epoch 2 - Score: 18.8983
[2021-11-19 08:16:10] - Epoch 3 - avg_train_loss: 0.6408  avg_val_loss: 0.6445  time: 259s, lr: 0.00010
[2021-11-19 08:16:10] - Epoch 3 - Score: 17.8922
[2021-11-19 08:16:10] - Epoch 3 - Save Best Score: 17.8922 Model
[2021-11-19 08:16:12] - Loss decreased 18.63712 -> 17.89220
[2021-11-19 08:20:33] - Epoch 4 - avg_train_loss: 0.6367  avg_val_loss: 0.6479  time: 260s, lr: 0.00009
[2021-11-19 08:20:33] - Epoch 4 - Score: 18.4345
[2021-11-19 08:24:53] - Epoch 5 - avg_train_loss: 0.6309  avg_val_loss: 0.6497  time: 260s, lr: 0.00009
[2021-11-19 08:24:53] - Epoch 5 - Score: 18.6089
[2021-11-19 08:29:13] - Epoch 6 - avg_train_loss: 0.6226  avg_val_loss: 0.6474  time: 260s, lr: 0.00009
[2021-11-19 08:29:13] - Epoch 6 - Score: 18.3649
[2021-11-19 08:33:33] - Epoch 7 - avg_train_loss: 0.6173  avg_val_loss: 0.6614  time: 260s, lr: 0.00008
[2021-11-19 08:33:33] - Epoch 7 - Score: 19.4972
[2021-11-19 08:33:33] - Early stop!!
[2021-11-19 08:33:34] - ========== fold: 7 result ==========
[2021-11-19 08:33:34] - Score: 17.8922
[2021-11-19 08:33:34] - ========== fold: 8 training ==========
[2021-11-19 08:37:56] - Epoch 1 - avg_train_loss: 0.6551  avg_val_loss: 0.6526  time: 261s, lr: 0.00010
[2021-11-19 08:37:56] - Epoch 1 - Score: 19.2408
[2021-11-19 08:37:56] - Epoch 1 - Save Best Score: 19.2408 Model
[2021-11-19 08:42:19] - Epoch 2 - avg_train_loss: 0.6460  avg_val_loss: 0.6459  time: 260s, lr: 0.00010
[2021-11-19 08:42:19] - Epoch 2 - Score: 18.4097
[2021-11-19 08:42:19] - Epoch 2 - Save Best Score: 18.4097 Model
[2021-11-19 08:42:21] - Loss decreased 19.24077 -> 18.40968
[2021-11-19 08:46:43] - Epoch 3 - avg_train_loss: 0.6420  avg_val_loss: 0.6423  time: 260s, lr: 0.00010
[2021-11-19 08:46:43] - Epoch 3 - Score: 17.9149
[2021-11-19 08:46:43] - Epoch 3 - Save Best Score: 17.9149 Model
[2021-11-19 08:46:44] - Loss decreased 18.40968 -> 17.91493
[2021-11-19 08:51:06] - Epoch 4 - avg_train_loss: 0.6381  avg_val_loss: 0.6470  time: 260s, lr: 0.00009
[2021-11-19 08:51:06] - Epoch 4 - Score: 18.5492
[2021-11-19 08:55:26] - Epoch 5 - avg_train_loss: 0.6317  avg_val_loss: 0.6507  time: 260s, lr: 0.00009
[2021-11-19 08:55:26] - Epoch 5 - Score: 18.9596
[2021-11-19 08:59:47] - Epoch 6 - avg_train_loss: 0.6241  avg_val_loss: 0.6482  time: 261s, lr: 0.00009
[2021-11-19 08:59:47] - Epoch 6 - Score: 18.5756
[2021-11-19 09:04:07] - Epoch 7 - avg_train_loss: 0.6157  avg_val_loss: 0.6500  time: 260s, lr: 0.00008
[2021-11-19 09:04:07] - Epoch 7 - Score: 18.7906
[2021-11-19 09:04:07] - Early stop!!
[2021-11-19 09:04:08] - ========== fold: 8 result ==========
[2021-11-19 09:04:08] - Score: 17.9149
[2021-11-19 09:04:08] - ========== fold: 9 training ==========
[2021-11-19 09:08:30] - Epoch 1 - avg_train_loss: 0.6537  avg_val_loss: 0.6470  time: 261s, lr: 0.00010
[2021-11-19 09:08:30] - Epoch 1 - Score: 18.4676
[2021-11-19 09:08:30] - Epoch 1 - Save Best Score: 18.4676 Model
[2021-11-19 09:12:54] - Epoch 2 - avg_train_loss: 0.6454  avg_val_loss: 0.6410  time: 261s, lr: 0.00010
[2021-11-19 09:12:54] - Epoch 2 - Score: 17.6744
[2021-11-19 09:12:54] - Epoch 2 - Save Best Score: 17.6744 Model
[2021-11-19 09:12:56] - Loss decreased 18.46759 -> 17.67445
[2021-11-19 09:17:17] - Epoch 3 - avg_train_loss: 0.6424  avg_val_loss: 0.6414  time: 259s, lr: 0.00010
[2021-11-19 09:17:17] - Epoch 3 - Score: 17.6904
[2021-11-19 09:21:36] - Epoch 4 - avg_train_loss: 0.6391  avg_val_loss: 0.6484  time: 259s, lr: 0.00009
[2021-11-19 09:21:36] - Epoch 4 - Score: 18.6476
[2021-11-19 09:25:56] - Epoch 5 - avg_train_loss: 0.6330  avg_val_loss: 0.6440  time: 260s, lr: 0.00009
[2021-11-19 09:25:56] - Epoch 5 - Score: 18.0313
[2021-11-19 09:30:16] - Epoch 6 - avg_train_loss: 0.6262  avg_val_loss: 0.6454  time: 260s, lr: 0.00009
[2021-11-19 09:30:16] - Epoch 6 - Score: 18.2386
[2021-11-19 09:30:16] - Early stop!!
[2021-11-19 09:30:17] - ========== fold: 9 result ==========
[2021-11-19 09:30:17] - Score: 17.6744
[2021-11-19 09:30:17] - ========== CV ==========
[2021-11-19 09:30:17] - Score: 18.2103
