[2021-11-20 10:26:49] - ========== fold: 0 training ==========
[2021-11-20 10:37:41] - Epoch 1 - avg_train_loss: 0.6523  avg_val_loss: 0.6457  time: 647s, lr: 0.00010
[2021-11-20 10:37:41] - Epoch 1 - Score: 18.4588
[2021-11-20 10:37:41] - Epoch 1 - Save Best Score: 18.4588 Model
[2021-11-20 10:40:33] - Epoch 2 - avg_train_loss: 0.6404  avg_val_loss: 0.6479  time: 170s, lr: 0.00010
[2021-11-20 10:40:33] - Epoch 2 - Score: 18.6933
[2021-11-20 10:43:22] - Epoch 3 - avg_train_loss: 0.6329  avg_val_loss: 0.6471  time: 169s, lr: 0.00010
[2021-11-20 10:43:22] - Epoch 3 - Score: 18.6191
[2021-11-20 10:46:10] - Epoch 4 - avg_train_loss: 0.6248  avg_val_loss: 0.6523  time: 168s, lr: 0.00009
[2021-11-20 10:46:10] - Epoch 4 - Score: 19.2087
[2021-11-20 10:48:57] - Epoch 5 - avg_train_loss: 0.6163  avg_val_loss: 0.6587  time: 167s, lr: 0.00009
[2021-11-20 10:48:57] - Epoch 5 - Score: 19.8513
[2021-11-20 10:48:57] - Early stop!!
[2021-11-20 10:48:57] - ========== fold: 0 result ==========
[2021-11-20 10:48:57] - Score: 18.4588
[2021-11-20 10:48:57] - ========== fold: 1 training ==========
[2021-11-20 10:51:44] - Epoch 1 - avg_train_loss: 0.6521  avg_val_loss: 0.6518  time: 167s, lr: 0.00010
[2021-11-20 10:51:44] - Epoch 1 - Score: 18.8979
[2021-11-20 10:51:44] - Epoch 1 - Save Best Score: 18.8979 Model
[2021-11-20 10:54:31] - Epoch 2 - avg_train_loss: 0.6393  avg_val_loss: 0.6505  time: 166s, lr: 0.00010
[2021-11-20 10:54:31] - Epoch 2 - Score: 18.7828
[2021-11-20 10:54:31] - Epoch 2 - Save Best Score: 18.7828 Model
[2021-11-20 10:54:31] - Loss decreased 18.89785 -> 18.78282
[2021-11-20 10:57:19] - Epoch 3 - avg_train_loss: 0.6318  avg_val_loss: 0.6524  time: 166s, lr: 0.00010
[2021-11-20 10:57:19] - Epoch 3 - Score: 18.9892
[2021-11-20 11:00:05] - Epoch 4 - avg_train_loss: 0.6249  avg_val_loss: 0.6500  time: 166s, lr: 0.00009
[2021-11-20 11:00:05] - Epoch 4 - Score: 18.6913
[2021-11-20 11:00:05] - Epoch 4 - Save Best Score: 18.6913 Model
[2021-11-20 11:00:06] - Loss decreased 18.78282 -> 18.69128
[2021-11-20 11:02:53] - Epoch 5 - avg_train_loss: 0.6164  avg_val_loss: 0.6531  time: 166s, lr: 0.00009
[2021-11-20 11:02:53] - Epoch 5 - Score: 19.0617
[2021-11-20 11:05:40] - Epoch 6 - avg_train_loss: 0.6097  avg_val_loss: 0.6663  time: 167s, lr: 0.00009
[2021-11-20 11:05:40] - Epoch 6 - Score: 20.1998
[2021-11-20 11:08:25] - Epoch 7 - avg_train_loss: 0.6026  avg_val_loss: 0.6642  time: 165s, lr: 0.00008
[2021-11-20 11:08:25] - Epoch 7 - Score: 19.8998
[2021-11-20 11:11:10] - Epoch 8 - avg_train_loss: 0.5998  avg_val_loss: 0.6639  time: 165s, lr: 0.00007
[2021-11-20 11:11:10] - Epoch 8 - Score: 19.9980
[2021-11-20 11:11:10] - Early stop!!
[2021-11-20 11:11:10] - ========== fold: 1 result ==========
[2021-11-20 11:11:10] - Score: 18.6913
[2021-11-20 11:11:10] - ========== fold: 2 training ==========
[2021-11-20 11:13:56] - Epoch 1 - avg_train_loss: 0.6519  avg_val_loss: 0.6460  time: 165s, lr: 0.00010
[2021-11-20 11:13:56] - Epoch 1 - Score: 18.2181
[2021-11-20 11:13:56] - Epoch 1 - Save Best Score: 18.2181 Model
[2021-11-20 11:16:47] - Epoch 2 - avg_train_loss: 0.6399  avg_val_loss: 0.6491  time: 170s, lr: 0.00010
[2021-11-20 11:16:47] - Epoch 2 - Score: 18.5928
[2021-11-20 11:19:35] - Epoch 3 - avg_train_loss: 0.6327  avg_val_loss: 0.6467  time: 168s, lr: 0.00010
[2021-11-20 11:19:35] - Epoch 3 - Score: 18.2496
[2021-11-20 11:22:23] - Epoch 4 - avg_train_loss: 0.6247  avg_val_loss: 0.6511  time: 169s, lr: 0.00009
[2021-11-20 11:22:23] - Epoch 4 - Score: 18.6899
[2021-11-20 11:25:16] - Epoch 5 - avg_train_loss: 0.6160  avg_val_loss: 0.6532  time: 173s, lr: 0.00009
[2021-11-20 11:25:16] - Epoch 5 - Score: 19.0224
[2021-11-20 11:25:16] - Early stop!!
[2021-11-20 11:25:16] - ========== fold: 2 result ==========
[2021-11-20 11:25:16] - Score: 18.2181
[2021-11-20 11:25:16] - ========== fold: 3 training ==========
[2021-11-20 11:28:09] - Epoch 1 - avg_train_loss: 0.6522  avg_val_loss: 0.6532  time: 172s, lr: 0.00010
[2021-11-20 11:28:09] - Epoch 1 - Score: 19.1460
[2021-11-20 11:28:09] - Epoch 1 - Save Best Score: 19.1460 Model
[2021-11-20 11:31:01] - Epoch 2 - avg_train_loss: 0.6397  avg_val_loss: 0.6555  time: 171s, lr: 0.00010
[2021-11-20 11:31:01] - Epoch 2 - Score: 19.3803
[2021-11-20 11:33:51] - Epoch 3 - avg_train_loss: 0.6316  avg_val_loss: 0.6560  time: 170s, lr: 0.00010
[2021-11-20 11:33:51] - Epoch 3 - Score: 19.3738
[2021-11-20 11:36:38] - Epoch 4 - avg_train_loss: 0.6238  avg_val_loss: 0.6589  time: 168s, lr: 0.00009
[2021-11-20 11:36:38] - Epoch 4 - Score: 19.6892
[2021-11-20 11:39:26] - Epoch 5 - avg_train_loss: 0.6157  avg_val_loss: 0.6620  time: 167s, lr: 0.00009
[2021-11-20 11:39:26] - Epoch 5 - Score: 19.9252
[2021-11-20 11:39:26] - Early stop!!
[2021-11-20 11:39:26] - ========== fold: 3 result ==========
[2021-11-20 11:39:26] - Score: 19.1460
[2021-11-20 11:39:26] - ========== fold: 4 training ==========
[2021-11-20 11:42:14] - Epoch 1 - avg_train_loss: 0.6527  avg_val_loss: 0.6458  time: 167s, lr: 0.00010
[2021-11-20 11:42:14] - Epoch 1 - Score: 18.2961
[2021-11-20 11:42:14] - Epoch 1 - Save Best Score: 18.2961 Model
[2021-11-20 11:45:02] - Epoch 2 - avg_train_loss: 0.6410  avg_val_loss: 0.6472  time: 168s, lr: 0.00010
[2021-11-20 11:45:02] - Epoch 2 - Score: 18.5154
[2021-11-20 11:47:51] - Epoch 3 - avg_train_loss: 0.6326  avg_val_loss: 0.6456  time: 169s, lr: 0.00010
[2021-11-20 11:47:51] - Epoch 3 - Score: 18.2605
[2021-11-20 11:47:51] - Epoch 3 - Save Best Score: 18.2605 Model
[2021-11-20 11:47:52] - Loss decreased 18.29606 -> 18.26050
[2021-11-20 11:50:43] - Epoch 4 - avg_train_loss: 0.6243  avg_val_loss: 0.6498  time: 171s, lr: 0.00009
[2021-11-20 11:50:43] - Epoch 4 - Score: 18.8000
[2021-11-20 11:53:32] - Epoch 5 - avg_train_loss: 0.6178  avg_val_loss: 0.6586  time: 169s, lr: 0.00009
[2021-11-20 11:53:32] - Epoch 5 - Score: 19.6146
[2021-11-20 11:56:18] - Epoch 6 - avg_train_loss: 0.6092  avg_val_loss: 0.6538  time: 166s, lr: 0.00009
[2021-11-20 11:56:18] - Epoch 6 - Score: 19.1380
[2021-11-20 11:59:03] - Epoch 7 - avg_train_loss: 0.6041  avg_val_loss: 0.6537  time: 166s, lr: 0.00008
[2021-11-20 11:59:03] - Epoch 7 - Score: 19.1948
[2021-11-20 11:59:03] - Early stop!!
[2021-11-20 11:59:04] - ========== fold: 4 result ==========
[2021-11-20 11:59:04] - Score: 18.2605
[2021-11-20 11:59:04] - ========== fold: 5 training ==========
[2021-11-20 12:01:50] - Epoch 1 - avg_train_loss: 0.6522  avg_val_loss: 0.6464  time: 166s, lr: 0.00010
[2021-11-20 12:01:50] - Epoch 1 - Score: 18.2323
[2021-11-20 12:01:50] - Epoch 1 - Save Best Score: 18.2323 Model
[2021-11-20 12:04:39] - Epoch 2 - avg_train_loss: 0.6416  avg_val_loss: 0.6459  time: 168s, lr: 0.00010
[2021-11-20 12:04:39] - Epoch 2 - Score: 18.1987
[2021-11-20 12:04:39] - Epoch 2 - Save Best Score: 18.1987 Model
[2021-11-20 12:04:40] - Loss decreased 18.23225 -> 18.19869
[2021-11-20 12:07:28] - Epoch 3 - avg_train_loss: 0.6335  avg_val_loss: 0.6470  time: 168s, lr: 0.00010
[2021-11-20 12:07:28] - Epoch 3 - Score: 18.3227
[2021-11-20 12:10:16] - Epoch 4 - avg_train_loss: 0.6260  avg_val_loss: 0.6477  time: 168s, lr: 0.00009
[2021-11-20 12:10:16] - Epoch 4 - Score: 18.3417
[2021-11-20 12:13:06] - Epoch 5 - avg_train_loss: 0.6176  avg_val_loss: 0.6484  time: 170s, lr: 0.00009
[2021-11-20 12:13:06] - Epoch 5 - Score: 18.4289
[2021-11-20 12:16:07] - Epoch 6 - avg_train_loss: 0.6104  avg_val_loss: 0.6515  time: 181s, lr: 0.00009
[2021-11-20 12:16:07] - Epoch 6 - Score: 18.7985
[2021-11-20 12:16:07] - Early stop!!
[2021-11-20 12:16:07] - ========== fold: 5 result ==========
[2021-11-20 12:16:07] - Score: 18.1987
[2021-11-20 12:16:07] - ========== fold: 6 training ==========
[2021-11-20 12:19:09] - Epoch 1 - avg_train_loss: 0.6526  avg_val_loss: 0.6494  time: 181s, lr: 0.00010
[2021-11-20 12:19:09] - Epoch 1 - Score: 18.7585
[2021-11-20 12:19:09] - Epoch 1 - Save Best Score: 18.7585 Model
[2021-11-20 12:22:08] - Epoch 2 - avg_train_loss: 0.6407  avg_val_loss: 0.6513  time: 178s, lr: 0.00010
[2021-11-20 12:22:08] - Epoch 2 - Score: 18.9519
[2021-11-20 12:25:06] - Epoch 3 - avg_train_loss: 0.6323  avg_val_loss: 0.6496  time: 178s, lr: 0.00010
[2021-11-20 12:25:06] - Epoch 3 - Score: 18.7852
[2021-11-20 12:28:06] - Epoch 4 - avg_train_loss: 0.6243  avg_val_loss: 0.6577  time: 181s, lr: 0.00009
[2021-11-20 12:28:06] - Epoch 4 - Score: 19.6287
[2021-11-20 12:31:08] - Epoch 5 - avg_train_loss: 0.6174  avg_val_loss: 0.6553  time: 182s, lr: 0.00009
[2021-11-20 12:31:08] - Epoch 5 - Score: 19.3207
[2021-11-20 12:31:08] - Early stop!!
[2021-11-20 12:31:08] - ========== fold: 6 result ==========
[2021-11-20 12:31:08] - Score: 18.7585
[2021-11-20 12:31:08] - ========== fold: 7 training ==========
[2021-11-20 12:34:09] - Epoch 1 - avg_train_loss: 0.6523  avg_val_loss: 0.6484  time: 180s, lr: 0.00010
[2021-11-20 12:34:09] - Epoch 1 - Score: 18.4795
[2021-11-20 12:34:09] - Epoch 1 - Save Best Score: 18.4795 Model
[2021-11-20 12:37:09] - Epoch 2 - avg_train_loss: 0.6407  avg_val_loss: 0.6449  time: 179s, lr: 0.00010
[2021-11-20 12:37:09] - Epoch 2 - Score: 18.0483
[2021-11-20 12:37:10] - Epoch 2 - Save Best Score: 18.0483 Model
[2021-11-20 12:37:10] - Loss decreased 18.47954 -> 18.04834
[2021-11-20 12:40:10] - Epoch 3 - avg_train_loss: 0.6330  avg_val_loss: 0.6451  time: 180s, lr: 0.00010
[2021-11-20 12:40:10] - Epoch 3 - Score: 18.0705
[2021-11-20 12:43:10] - Epoch 4 - avg_train_loss: 0.6251  avg_val_loss: 0.6463  time: 180s, lr: 0.00009
[2021-11-20 12:43:10] - Epoch 4 - Score: 18.1978
[2021-11-20 12:46:12] - Epoch 5 - avg_train_loss: 0.6173  avg_val_loss: 0.6508  time: 182s, lr: 0.00009
[2021-11-20 12:46:12] - Epoch 5 - Score: 18.5672
[2021-11-20 12:49:12] - Epoch 6 - avg_train_loss: 0.6096  avg_val_loss: 0.6574  time: 179s, lr: 0.00009
[2021-11-20 12:49:12] - Epoch 6 - Score: 19.4058
[2021-11-20 12:49:12] - Early stop!!
[2021-11-20 12:49:12] - ========== fold: 7 result ==========
[2021-11-20 12:49:12] - Score: 18.0483
[2021-11-20 12:49:12] - ========== fold: 8 training ==========
[2021-11-20 12:52:11] - Epoch 1 - avg_train_loss: 0.6530  avg_val_loss: 0.6448  time: 179s, lr: 0.00010
[2021-11-20 12:52:11] - Epoch 1 - Score: 18.2361
[2021-11-20 12:52:11] - Epoch 1 - Save Best Score: 18.2361 Model
[2021-11-20 12:55:15] - Epoch 2 - avg_train_loss: 0.6413  avg_val_loss: 0.6441  time: 184s, lr: 0.00010
[2021-11-20 12:55:15] - Epoch 2 - Score: 18.1406
[2021-11-20 12:55:15] - Epoch 2 - Save Best Score: 18.1406 Model
[2021-11-20 12:55:16] - Loss decreased 18.23610 -> 18.14063
[2021-11-20 12:58:22] - Epoch 3 - avg_train_loss: 0.6339  avg_val_loss: 0.6448  time: 185s, lr: 0.00010
[2021-11-20 12:58:22] - Epoch 3 - Score: 18.2525
[2021-11-20 13:01:29] - Epoch 4 - avg_train_loss: 0.6253  avg_val_loss: 0.6539  time: 187s, lr: 0.00009
[2021-11-20 13:01:29] - Epoch 4 - Score: 19.2248
[2021-11-20 13:04:36] - Epoch 5 - avg_train_loss: 0.6170  avg_val_loss: 0.6500  time: 187s, lr: 0.00009
[2021-11-20 13:04:36] - Epoch 5 - Score: 18.7678
[2021-11-20 13:07:42] - Epoch 6 - avg_train_loss: 0.6100  avg_val_loss: 0.6582  time: 186s, lr: 0.00009
[2021-11-20 13:07:42] - Epoch 6 - Score: 19.6267
[2021-11-20 13:07:42] - Early stop!!
[2021-11-20 13:07:42] - ========== fold: 8 result ==========
[2021-11-20 13:07:42] - Score: 18.1406
[2021-11-20 13:07:42] - ========== fold: 9 training ==========
[2021-11-20 13:10:48] - Epoch 1 - avg_train_loss: 0.6520  avg_val_loss: 0.6464  time: 186s, lr: 0.00010
[2021-11-20 13:10:48] - Epoch 1 - Score: 18.3834
[2021-11-20 13:10:48] - Epoch 1 - Save Best Score: 18.3834 Model
[2021-11-20 13:13:55] - Epoch 2 - avg_train_loss: 0.6401  avg_val_loss: 0.6454  time: 185s, lr: 0.00010
[2021-11-20 13:13:55] - Epoch 2 - Score: 18.1952
[2021-11-20 13:13:55] - Epoch 2 - Save Best Score: 18.1952 Model
[2021-11-20 13:13:55] - Loss decreased 18.38336 -> 18.19516
[2021-11-20 13:17:01] - Epoch 3 - avg_train_loss: 0.6327  avg_val_loss: 0.6442  time: 184s, lr: 0.00010
[2021-11-20 13:17:01] - Epoch 3 - Score: 18.0577
[2021-11-20 13:17:01] - Epoch 3 - Save Best Score: 18.0577 Model
[2021-11-20 13:17:01] - Loss decreased 18.19516 -> 18.05771
[2021-11-20 13:20:07] - Epoch 4 - avg_train_loss: 0.6236  avg_val_loss: 0.6454  time: 185s, lr: 0.00009
[2021-11-20 13:20:07] - Epoch 4 - Score: 18.1635
[2021-11-20 13:23:13] - Epoch 5 - avg_train_loss: 0.6168  avg_val_loss: 0.6498  time: 186s, lr: 0.00009
[2021-11-20 13:23:13] - Epoch 5 - Score: 18.6744
[2021-11-20 13:26:19] - Epoch 6 - avg_train_loss: 0.6090  avg_val_loss: 0.6539  time: 186s, lr: 0.00009
[2021-11-20 13:26:19] - Epoch 6 - Score: 19.0366
[2021-11-20 13:29:26] - Epoch 7 - avg_train_loss: 0.6046  avg_val_loss: 0.6592  time: 187s, lr: 0.00008
[2021-11-20 13:29:26] - Epoch 7 - Score: 19.7529
[2021-11-20 13:29:26] - Early stop!!
[2021-11-20 13:29:26] - ========== fold: 9 result ==========
[2021-11-20 13:29:26] - Score: 18.0577
[2021-11-20 13:29:26] - ========== CV ==========
[2021-11-20 13:29:26] - Score: 18.4011
