[2021-11-12 12:26:55] - ========== fold: 0 training ==========
[2021-11-12 12:44:17] - ========== fold: 0 training ==========
[2021-11-12 13:22:29] - Epoch 1 - avg_train_loss: 35.4589  avg_val_loss: 28.9387  time: 2277s, lr: 0.00010
[2021-11-12 13:22:29] - Epoch 1 - Score: 29.0741
[2021-11-12 13:22:29] - Epoch 1 - Save Best Score: 29.0741 Model
[2021-11-12 13:25:14] - Epoch 2 - avg_train_loss: 25.1087  avg_val_loss: 21.6988  time: 165s, lr: 0.00010
[2021-11-12 13:25:14] - Epoch 2 - Score: 21.8258
[2021-11-12 13:25:14] - Epoch 2 - Save Best Score: 21.8258 Model
[2021-11-12 13:27:58] - Epoch 3 - avg_train_loss: 19.9926  avg_val_loss: 19.5063  time: 164s, lr: 0.00009
[2021-11-12 13:27:58] - Epoch 3 - Score: 19.6196
[2021-11-12 13:27:58] - Epoch 3 - Save Best Score: 19.6196 Model
[2021-11-12 13:30:43] - Epoch 4 - avg_train_loss: 18.4166  avg_val_loss: 19.0708  time: 165s, lr: 0.00009
[2021-11-12 13:30:43] - Epoch 4 - Score: 19.1937
[2021-11-12 13:30:43] - Epoch 4 - Save Best Score: 19.1937 Model
[2021-11-12 13:33:27] - Epoch 5 - avg_train_loss: 18.0195  avg_val_loss: 18.8462  time: 164s, lr: 0.00009
[2021-11-12 13:33:27] - Epoch 5 - Score: 18.9382
[2021-11-12 13:33:27] - Epoch 5 - Save Best Score: 18.9382 Model
[2021-11-12 13:36:12] - Epoch 6 - avg_train_loss: 17.7153  avg_val_loss: 18.7455  time: 165s, lr: 0.00008
[2021-11-12 13:36:12] - Epoch 6 - Score: 18.8377
[2021-11-12 13:36:12] - Epoch 6 - Save Best Score: 18.8377 Model
[2021-11-12 13:38:57] - Epoch 7 - avg_train_loss: 17.4131  avg_val_loss: 18.6080  time: 165s, lr: 0.00007
[2021-11-12 13:38:57] - Epoch 7 - Score: 18.6831
[2021-11-12 13:38:57] - Epoch 7 - Save Best Score: 18.6831 Model
[2021-11-12 13:41:42] - Epoch 8 - avg_train_loss: 17.0437  avg_val_loss: 18.9287  time: 165s, lr: 0.00007
[2021-11-12 13:41:42] - Epoch 8 - Score: 19.0432
[2021-11-12 13:44:27] - Epoch 9 - avg_train_loss: 16.7638  avg_val_loss: 18.8685  time: 165s, lr: 0.00006
[2021-11-12 13:44:27] - Epoch 9 - Score: 18.9815
[2021-11-12 13:47:12] - Epoch 10 - avg_train_loss: 16.4347  avg_val_loss: 19.2125  time: 165s, lr: 0.00005
[2021-11-12 13:47:12] - Epoch 10 - Score: 19.3170
[2021-11-12 13:49:57] - Epoch 11 - avg_train_loss: 16.2052  avg_val_loss: 18.9689  time: 165s, lr: 0.00004
[2021-11-12 13:49:57] - Epoch 11 - Score: 19.0715
[2021-11-12 13:52:41] - Epoch 12 - avg_train_loss: 15.8945  avg_val_loss: 18.9684  time: 164s, lr: 0.00004
[2021-11-12 13:52:41] - Epoch 12 - Score: 19.0606
[2021-11-12 13:55:26] - Epoch 13 - avg_train_loss: 15.5059  avg_val_loss: 19.0346  time: 164s, lr: 0.00003
[2021-11-12 13:55:26] - Epoch 13 - Score: 19.1260
[2021-11-12 13:58:10] - Epoch 14 - avg_train_loss: 15.1976  avg_val_loss: 19.7718  time: 164s, lr: 0.00002
[2021-11-12 13:58:10] - Epoch 14 - Score: 19.8811
[2021-11-12 14:00:54] - Epoch 15 - avg_train_loss: 15.0187  avg_val_loss: 19.0209  time: 164s, lr: 0.00002
[2021-11-12 14:00:54] - Epoch 15 - Score: 19.1242
[2021-11-12 14:03:39] - Epoch 16 - avg_train_loss: 14.8605  avg_val_loss: 19.4344  time: 165s, lr: 0.00001
[2021-11-12 14:03:39] - Epoch 16 - Score: 19.5170
[2021-11-12 14:06:23] - Epoch 17 - avg_train_loss: 14.8134  avg_val_loss: 19.1203  time: 164s, lr: 0.00001
[2021-11-12 14:06:23] - Epoch 17 - Score: 19.2197
[2021-11-12 14:09:08] - Epoch 18 - avg_train_loss: 14.7314  avg_val_loss: 18.9840  time: 165s, lr: 0.00000
[2021-11-12 14:09:08] - Epoch 18 - Score: 19.0794
[2021-11-12 14:11:53] - Epoch 19 - avg_train_loss: 14.5763  avg_val_loss: 19.4837  time: 165s, lr: 0.00000
[2021-11-12 14:11:53] - Epoch 19 - Score: 19.5855
[2021-11-12 14:14:37] - Epoch 20 - avg_train_loss: 14.6028  avg_val_loss: 19.1249  time: 165s, lr: 0.00010
[2021-11-12 14:14:37] - Epoch 20 - Score: 19.2435
[2021-11-12 14:14:37] - ========== fold: 0 result ==========
[2021-11-12 14:14:37] - Score: 18.6831
[2021-11-12 14:14:37] - ========== fold: 1 training ==========
[2021-11-12 14:17:22] - Epoch 1 - avg_train_loss: 35.3360  avg_val_loss: 27.6170  time: 165s, lr: 0.00010
[2021-11-12 14:17:22] - Epoch 1 - Score: 27.8039
[2021-11-12 14:17:22] - Epoch 1 - Save Best Score: 27.8039 Model
[2021-11-12 14:20:07] - Epoch 2 - avg_train_loss: 24.7505  avg_val_loss: 24.0173  time: 164s, lr: 0.00010
[2021-11-12 14:20:07] - Epoch 2 - Score: 24.2059
[2021-11-12 14:20:07] - Epoch 2 - Save Best Score: 24.2059 Model
[2021-11-12 14:22:52] - Epoch 3 - avg_train_loss: 19.7656  avg_val_loss: 19.2256  time: 165s, lr: 0.00009
[2021-11-12 14:22:52] - Epoch 3 - Score: 19.3947
[2021-11-12 14:22:52] - Epoch 3 - Save Best Score: 19.3947 Model
[2021-11-12 14:25:37] - Epoch 4 - avg_train_loss: 18.2679  avg_val_loss: 19.3497  time: 165s, lr: 0.00009
[2021-11-12 14:25:37] - Epoch 4 - Score: 19.5526
[2021-11-12 14:28:21] - Epoch 5 - avg_train_loss: 17.8235  avg_val_loss: 18.9055  time: 165s, lr: 0.00009
[2021-11-12 14:28:21] - Epoch 5 - Score: 19.0865
[2021-11-12 14:28:21] - Epoch 5 - Save Best Score: 19.0865 Model
[2021-11-12 14:31:06] - Epoch 6 - avg_train_loss: 17.4834  avg_val_loss: 18.9354  time: 164s, lr: 0.00008
[2021-11-12 14:31:06] - Epoch 6 - Score: 19.0744
[2021-11-12 14:31:06] - Epoch 6 - Save Best Score: 19.0744 Model
[2021-11-12 14:33:51] - Epoch 7 - avg_train_loss: 17.2693  avg_val_loss: 18.8960  time: 165s, lr: 0.00007
[2021-11-12 14:33:51] - Epoch 7 - Score: 19.0424
[2021-11-12 14:33:51] - Epoch 7 - Save Best Score: 19.0424 Model
[2021-11-12 14:36:36] - Epoch 8 - avg_train_loss: 16.8795  avg_val_loss: 19.4285  time: 165s, lr: 0.00007
[2021-11-12 14:36:36] - Epoch 8 - Score: 19.5865
[2021-11-12 14:39:21] - Epoch 9 - avg_train_loss: 16.6474  avg_val_loss: 18.8745  time: 165s, lr: 0.00006
[2021-11-12 14:39:21] - Epoch 9 - Score: 18.9688
[2021-11-12 14:39:21] - Epoch 9 - Save Best Score: 18.9688 Model
[2021-11-12 14:42:05] - Epoch 10 - avg_train_loss: 16.3770  avg_val_loss: 19.3030  time: 165s, lr: 0.00005
[2021-11-12 14:42:05] - Epoch 10 - Score: 19.4409
[2021-11-12 14:44:50] - Epoch 11 - avg_train_loss: 15.8854  avg_val_loss: 19.9969  time: 164s, lr: 0.00004
[2021-11-12 14:44:50] - Epoch 11 - Score: 20.1481
[2021-11-12 14:47:34] - Epoch 12 - avg_train_loss: 15.6937  avg_val_loss: 19.0270  time: 165s, lr: 0.00004
[2021-11-12 14:47:34] - Epoch 12 - Score: 19.1833
[2021-11-12 14:50:19] - Epoch 13 - avg_train_loss: 15.4955  avg_val_loss: 18.8984  time: 164s, lr: 0.00003
[2021-11-12 14:50:19] - Epoch 13 - Score: 19.0270
[2021-11-12 14:53:03] - Epoch 14 - avg_train_loss: 15.1759  avg_val_loss: 19.4201  time: 164s, lr: 0.00002
[2021-11-12 14:53:03] - Epoch 14 - Score: 19.5779
[2021-11-12 14:55:47] - Epoch 15 - avg_train_loss: 15.1486  avg_val_loss: 19.2863  time: 164s, lr: 0.00002
[2021-11-12 14:55:47] - Epoch 15 - Score: 19.4345
[2021-11-12 14:58:32] - Epoch 16 - avg_train_loss: 14.7317  avg_val_loss: 19.4381  time: 165s, lr: 0.00001
[2021-11-12 14:58:32] - Epoch 16 - Score: 19.6005
[2021-11-12 15:01:17] - Epoch 17 - avg_train_loss: 14.5968  avg_val_loss: 19.3663  time: 165s, lr: 0.00001
[2021-11-12 15:01:17] - Epoch 17 - Score: 19.5242
[2021-11-12 15:04:01] - Epoch 18 - avg_train_loss: 14.5051  avg_val_loss: 19.3066  time: 165s, lr: 0.00000
[2021-11-12 15:04:01] - Epoch 18 - Score: 19.4633
[2021-11-12 15:06:46] - Epoch 19 - avg_train_loss: 14.5542  avg_val_loss: 19.2992  time: 165s, lr: 0.00000
[2021-11-12 15:06:46] - Epoch 19 - Score: 19.4429
[2021-11-12 15:09:30] - Epoch 20 - avg_train_loss: 14.5084  avg_val_loss: 19.3285  time: 164s, lr: 0.00010
[2021-11-12 15:09:30] - Epoch 20 - Score: 19.4944
[2021-11-12 15:09:30] - ========== fold: 1 result ==========
[2021-11-12 15:09:30] - Score: 18.9688
[2021-11-12 15:09:30] - ========== fold: 2 training ==========
[2021-11-12 15:12:16] - Epoch 1 - avg_train_loss: 35.2428  avg_val_loss: 29.6724  time: 165s, lr: 0.00010
[2021-11-12 15:12:16] - Epoch 1 - Score: 29.8193
[2021-11-12 15:12:16] - Epoch 1 - Save Best Score: 29.8193 Model
[2021-11-12 15:15:01] - Epoch 2 - avg_train_loss: 24.9702  avg_val_loss: 21.8047  time: 166s, lr: 0.00010
[2021-11-12 15:15:01] - Epoch 2 - Score: 21.9624
[2021-11-12 15:15:01] - Epoch 2 - Save Best Score: 21.9624 Model
[2021-11-12 15:17:46] - Epoch 3 - avg_train_loss: 19.8395  avg_val_loss: 19.4741  time: 165s, lr: 0.00009
[2021-11-12 15:17:46] - Epoch 3 - Score: 19.6352
[2021-11-12 15:17:46] - Epoch 3 - Save Best Score: 19.6352 Model
[2021-11-12 15:20:31] - Epoch 4 - avg_train_loss: 18.3864  avg_val_loss: 18.7021  time: 165s, lr: 0.00009
[2021-11-12 15:20:31] - Epoch 4 - Score: 18.8447
[2021-11-12 15:20:31] - Epoch 4 - Save Best Score: 18.8447 Model
[2021-11-12 15:23:15] - Epoch 5 - avg_train_loss: 17.8671  avg_val_loss: 19.0037  time: 164s, lr: 0.00009
[2021-11-12 15:23:15] - Epoch 5 - Score: 19.1199
[2021-11-12 15:26:00] - Epoch 6 - avg_train_loss: 17.5714  avg_val_loss: 18.8706  time: 165s, lr: 0.00008
[2021-11-12 15:26:00] - Epoch 6 - Score: 19.0281
[2021-11-12 15:28:45] - Epoch 7 - avg_train_loss: 17.2798  avg_val_loss: 19.1061  time: 165s, lr: 0.00007
[2021-11-12 15:28:45] - Epoch 7 - Score: 19.2658
[2021-11-12 15:31:30] - Epoch 8 - avg_train_loss: 17.0396  avg_val_loss: 18.9122  time: 165s, lr: 0.00007
[2021-11-12 15:31:30] - Epoch 8 - Score: 19.0367
[2021-11-12 15:34:15] - Epoch 9 - avg_train_loss: 16.7946  avg_val_loss: 19.2338  time: 165s, lr: 0.00006
[2021-11-12 15:34:15] - Epoch 9 - Score: 19.4063
[2021-11-12 15:37:00] - Epoch 10 - avg_train_loss: 16.5676  avg_val_loss: 19.2289  time: 165s, lr: 0.00005
[2021-11-12 15:37:00] - Epoch 10 - Score: 19.3681
[2021-11-12 15:39:45] - Epoch 11 - avg_train_loss: 16.1371  avg_val_loss: 18.9392  time: 165s, lr: 0.00004
[2021-11-12 15:39:45] - Epoch 11 - Score: 19.0854
[2021-11-12 15:42:31] - Epoch 12 - avg_train_loss: 15.9470  avg_val_loss: 19.0522  time: 165s, lr: 0.00004
[2021-11-12 15:42:31] - Epoch 12 - Score: 19.2104
[2021-11-12 15:45:15] - Epoch 13 - avg_train_loss: 15.7170  avg_val_loss: 19.1432  time: 165s, lr: 0.00003
[2021-11-12 15:45:15] - Epoch 13 - Score: 19.3240
[2021-11-12 15:47:59] - Epoch 14 - avg_train_loss: 15.2529  avg_val_loss: 18.8611  time: 164s, lr: 0.00002
[2021-11-12 15:47:59] - Epoch 14 - Score: 18.9986
[2021-11-12 15:50:44] - Epoch 15 - avg_train_loss: 15.1401  avg_val_loss: 19.2330  time: 164s, lr: 0.00002
[2021-11-12 15:50:44] - Epoch 15 - Score: 19.3680
[2021-11-12 15:53:28] - Epoch 16 - avg_train_loss: 14.8669  avg_val_loss: 19.3580  time: 164s, lr: 0.00001
[2021-11-12 15:53:28] - Epoch 16 - Score: 19.5117
[2021-11-12 15:56:12] - Epoch 17 - avg_train_loss: 14.8529  avg_val_loss: 19.1796  time: 164s, lr: 0.00001
[2021-11-12 15:56:12] - Epoch 17 - Score: 19.3284
[2021-11-12 15:58:57] - Epoch 18 - avg_train_loss: 15.0071  avg_val_loss: 19.2623  time: 165s, lr: 0.00000
[2021-11-12 15:58:57] - Epoch 18 - Score: 19.3988
[2021-11-12 16:01:42] - Epoch 19 - avg_train_loss: 14.9075  avg_val_loss: 19.6126  time: 165s, lr: 0.00000
[2021-11-12 16:01:42] - Epoch 19 - Score: 19.7398
[2021-11-12 16:04:27] - Epoch 20 - avg_train_loss: 14.5641  avg_val_loss: 18.9953  time: 165s, lr: 0.00010
[2021-11-12 16:04:27] - Epoch 20 - Score: 19.1310
[2021-11-12 16:04:27] - ========== fold: 2 result ==========
[2021-11-12 16:04:27] - Score: 18.8447
[2021-11-12 16:04:27] - ========== fold: 3 training ==========
[2021-11-12 16:07:12] - Epoch 1 - avg_train_loss: 35.3404  avg_val_loss: 28.6464  time: 165s, lr: 0.00010
[2021-11-12 16:07:12] - Epoch 1 - Score: 28.7268
[2021-11-12 16:07:12] - Epoch 1 - Save Best Score: 28.7268 Model
[2021-11-12 16:09:57] - Epoch 2 - avg_train_loss: 24.8997  avg_val_loss: 21.2369  time: 165s, lr: 0.00010
[2021-11-12 16:09:57] - Epoch 2 - Score: 21.3248
[2021-11-12 16:09:57] - Epoch 2 - Save Best Score: 21.3248 Model
[2021-11-12 16:12:42] - Epoch 3 - avg_train_loss: 19.9229  avg_val_loss: 19.0173  time: 165s, lr: 0.00009
[2021-11-12 16:12:42] - Epoch 3 - Score: 19.1106
[2021-11-12 16:12:42] - Epoch 3 - Save Best Score: 19.1106 Model
[2021-11-12 16:15:28] - Epoch 4 - avg_train_loss: 18.4770  avg_val_loss: 18.1954  time: 166s, lr: 0.00009
[2021-11-12 16:15:28] - Epoch 4 - Score: 18.2820
[2021-11-12 16:15:28] - Epoch 4 - Save Best Score: 18.2820 Model
[2021-11-12 16:18:14] - Epoch 5 - avg_train_loss: 18.0922  avg_val_loss: 18.3442  time: 166s, lr: 0.00009
[2021-11-12 16:18:14] - Epoch 5 - Score: 18.4329
[2021-11-12 16:20:59] - Epoch 6 - avg_train_loss: 17.6355  avg_val_loss: 18.4733  time: 166s, lr: 0.00008
[2021-11-12 16:20:59] - Epoch 6 - Score: 18.5578
[2021-11-12 16:23:45] - Epoch 7 - avg_train_loss: 17.3560  avg_val_loss: 18.4202  time: 165s, lr: 0.00007
[2021-11-12 16:23:45] - Epoch 7 - Score: 18.5402
[2021-11-12 16:26:30] - Epoch 8 - avg_train_loss: 17.0457  avg_val_loss: 18.8631  time: 165s, lr: 0.00007
[2021-11-12 16:26:30] - Epoch 8 - Score: 18.9651
[2021-11-12 16:29:16] - Epoch 9 - avg_train_loss: 16.7353  avg_val_loss: 18.8036  time: 166s, lr: 0.00006
[2021-11-12 16:29:16] - Epoch 9 - Score: 18.9407
[2021-11-12 16:32:02] - Epoch 10 - avg_train_loss: 16.4226  avg_val_loss: 19.2410  time: 166s, lr: 0.00005
[2021-11-12 16:32:02] - Epoch 10 - Score: 19.3616
[2021-11-12 16:34:47] - Epoch 11 - avg_train_loss: 16.0347  avg_val_loss: 18.9826  time: 165s, lr: 0.00004
[2021-11-12 16:34:47] - Epoch 11 - Score: 19.0984
[2021-11-12 16:37:33] - Epoch 12 - avg_train_loss: 15.9471  avg_val_loss: 18.9264  time: 166s, lr: 0.00004
[2021-11-12 16:37:33] - Epoch 12 - Score: 19.0563
[2021-11-12 16:40:18] - Epoch 13 - avg_train_loss: 15.5454  avg_val_loss: 18.8312  time: 165s, lr: 0.00003
[2021-11-12 16:40:18] - Epoch 13 - Score: 18.9342
[2021-11-12 16:43:03] - Epoch 14 - avg_train_loss: 15.3622  avg_val_loss: 19.0876  time: 166s, lr: 0.00002
[2021-11-12 16:43:03] - Epoch 14 - Score: 19.2358
[2021-11-12 16:45:49] - Epoch 15 - avg_train_loss: 15.2201  avg_val_loss: 18.8615  time: 166s, lr: 0.00002
[2021-11-12 16:45:49] - Epoch 15 - Score: 19.0082
[2021-11-12 16:48:35] - Epoch 16 - avg_train_loss: 15.1627  avg_val_loss: 19.0451  time: 166s, lr: 0.00001
[2021-11-12 16:48:35] - Epoch 16 - Score: 19.1699
[2021-11-12 16:51:21] - Epoch 17 - avg_train_loss: 14.8066  avg_val_loss: 19.1032  time: 166s, lr: 0.00001
[2021-11-12 16:51:21] - Epoch 17 - Score: 19.2353
[2021-11-12 16:54:07] - Epoch 18 - avg_train_loss: 14.8317  avg_val_loss: 18.8892  time: 166s, lr: 0.00000
[2021-11-12 16:54:07] - Epoch 18 - Score: 19.0263
[2021-11-12 16:56:53] - Epoch 19 - avg_train_loss: 14.6114  avg_val_loss: 18.6974  time: 166s, lr: 0.00000
[2021-11-12 16:56:53] - Epoch 19 - Score: 18.8491
[2021-11-12 16:59:39] - Epoch 20 - avg_train_loss: 14.4927  avg_val_loss: 19.0835  time: 166s, lr: 0.00010
[2021-11-12 16:59:39] - Epoch 20 - Score: 19.1941
[2021-11-12 16:59:39] - ========== fold: 3 result ==========
[2021-11-12 16:59:39] - Score: 18.2820
[2021-11-12 16:59:39] - ========== fold: 4 training ==========
[2021-11-12 17:02:26] - Epoch 1 - avg_train_loss: 35.2889  avg_val_loss: 28.7740  time: 166s, lr: 0.00010
[2021-11-12 17:02:26] - Epoch 1 - Score: 28.9339
[2021-11-12 17:02:26] - Epoch 1 - Save Best Score: 28.9339 Model
[2021-11-12 17:05:12] - Epoch 2 - avg_train_loss: 24.9040  avg_val_loss: 21.9813  time: 166s, lr: 0.00010
[2021-11-12 17:05:12] - Epoch 2 - Score: 22.1378
[2021-11-12 17:05:12] - Epoch 2 - Save Best Score: 22.1378 Model
[2021-11-12 17:07:57] - Epoch 3 - avg_train_loss: 19.7794  avg_val_loss: 19.0728  time: 166s, lr: 0.00009
[2021-11-12 17:07:57] - Epoch 3 - Score: 19.1919
[2021-11-12 17:07:57] - Epoch 3 - Save Best Score: 19.1919 Model
[2021-11-12 17:10:43] - Epoch 4 - avg_train_loss: 18.4144  avg_val_loss: 19.0251  time: 166s, lr: 0.00009
[2021-11-12 17:10:43] - Epoch 4 - Score: 19.1212
[2021-11-12 17:10:43] - Epoch 4 - Save Best Score: 19.1212 Model
[2021-11-12 17:13:29] - Epoch 5 - avg_train_loss: 18.0726  avg_val_loss: 18.8462  time: 166s, lr: 0.00009
[2021-11-12 17:13:29] - Epoch 5 - Score: 18.9522
[2021-11-12 17:13:29] - Epoch 5 - Save Best Score: 18.9522 Model
[2021-11-12 17:16:15] - Epoch 6 - avg_train_loss: 17.6740  avg_val_loss: 18.7180  time: 166s, lr: 0.00008
[2021-11-12 17:16:15] - Epoch 6 - Score: 18.8216
[2021-11-12 17:16:15] - Epoch 6 - Save Best Score: 18.8216 Model
[2021-11-12 17:19:00] - Epoch 7 - avg_train_loss: 17.4572  avg_val_loss: 18.6311  time: 165s, lr: 0.00007
[2021-11-12 17:19:00] - Epoch 7 - Score: 18.7265
[2021-11-12 17:19:00] - Epoch 7 - Save Best Score: 18.7265 Model
[2021-11-12 17:21:46] - Epoch 8 - avg_train_loss: 17.1298  avg_val_loss: 19.0647  time: 165s, lr: 0.00007
[2021-11-12 17:21:46] - Epoch 8 - Score: 19.1557
[2021-11-12 17:24:31] - Epoch 9 - avg_train_loss: 16.8131  avg_val_loss: 18.9355  time: 166s, lr: 0.00006
[2021-11-12 17:24:31] - Epoch 9 - Score: 19.0376
[2021-11-12 17:27:17] - Epoch 10 - avg_train_loss: 16.4272  avg_val_loss: 18.8516  time: 166s, lr: 0.00005
[2021-11-12 17:27:17] - Epoch 10 - Score: 18.9369
[2021-11-12 17:30:03] - Epoch 11 - avg_train_loss: 16.1931  avg_val_loss: 18.8767  time: 166s, lr: 0.00004
[2021-11-12 17:30:03] - Epoch 11 - Score: 18.9669
[2021-11-12 17:32:48] - Epoch 12 - avg_train_loss: 16.0294  avg_val_loss: 19.0670  time: 165s, lr: 0.00004
[2021-11-12 17:32:48] - Epoch 12 - Score: 19.1522
[2021-11-12 17:35:33] - Epoch 13 - avg_train_loss: 15.7236  avg_val_loss: 19.1898  time: 165s, lr: 0.00003
[2021-11-12 17:35:33] - Epoch 13 - Score: 19.2782
[2021-11-12 17:38:19] - Epoch 14 - avg_train_loss: 15.4648  avg_val_loss: 19.4243  time: 166s, lr: 0.00002
[2021-11-12 17:38:19] - Epoch 14 - Score: 19.5361
[2021-11-12 17:41:04] - Epoch 15 - avg_train_loss: 15.1879  avg_val_loss: 19.3318  time: 165s, lr: 0.00002
[2021-11-12 17:41:04] - Epoch 15 - Score: 19.4137
[2021-11-12 17:43:49] - Epoch 16 - avg_train_loss: 15.0799  avg_val_loss: 19.3898  time: 165s, lr: 0.00001
[2021-11-12 17:43:49] - Epoch 16 - Score: 19.4724
[2021-11-12 17:46:35] - Epoch 17 - avg_train_loss: 14.8332  avg_val_loss: 19.5012  time: 165s, lr: 0.00001
[2021-11-12 17:46:35] - Epoch 17 - Score: 19.5795
[2021-11-12 17:49:20] - Epoch 18 - avg_train_loss: 14.9578  avg_val_loss: 19.6038  time: 166s, lr: 0.00000
[2021-11-12 17:49:20] - Epoch 18 - Score: 19.7030
[2021-11-12 17:52:06] - Epoch 19 - avg_train_loss: 14.6369  avg_val_loss: 19.6292  time: 166s, lr: 0.00000
[2021-11-12 17:52:06] - Epoch 19 - Score: 19.7256
[2021-11-12 17:54:52] - Epoch 20 - avg_train_loss: 14.7350  avg_val_loss: 19.2131  time: 166s, lr: 0.00010
[2021-11-12 17:54:52] - Epoch 20 - Score: 19.3061
[2021-11-12 17:54:52] - ========== fold: 4 result ==========
[2021-11-12 17:54:52] - Score: 18.7265
[2021-11-12 17:54:52] - ========== CV ==========
[2021-11-12 17:54:52] - Score: 18.7025
