[2021-11-23 03:22:19] - ========== fold: 0 training ==========
[2021-11-23 03:27:22] - ========== fold: 0 training ==========
[2021-11-23 03:29:50] - Epoch 1 - avg_train_loss: 0.6752  avg_val_loss: 0.6676  time: 138s, lr: 0.00010
[2021-11-23 03:29:50] - Epoch 1 - Score: 21.1989
[2021-11-23 03:29:50] - Epoch 1 - Save Best Score: 21.1989 Model
[2021-11-23 03:30:12] - Epoch 2 - avg_train_loss: 0.6621  avg_val_loss: 0.6588  time: 20s, lr: 0.00010
[2021-11-23 03:30:12] - Epoch 2 - Score: 20.2516
[2021-11-23 03:30:12] - Epoch 2 - Save Best Score: 20.2516 Model
[2021-11-23 03:30:12] - Loss decreased 21.19889 -> 20.25162
[2021-11-23 03:30:13] - ========== fold: 0 result ==========
[2021-11-23 03:30:13] - Score: 20.2516
[2021-11-23 03:30:13] - ========== fold: 1 training ==========
[2021-11-23 03:32:04] - ========== fold: 0 training ==========
[2021-11-23 03:52:07] - Epoch 1 - avg_train_loss: 0.6593  avg_val_loss: 0.6475  time: 1199s, lr: 0.00010
[2021-11-23 03:52:07] - Epoch 1 - Score: 18.6682
[2021-11-23 03:52:07] - Epoch 1 - Save Best Score: 18.6682 Model
[2021-11-23 03:55:25] - Epoch 2 - avg_train_loss: 0.6538  avg_val_loss: 0.6467  time: 197s, lr: 0.00010
[2021-11-23 03:55:25] - Epoch 2 - Score: 18.5620
[2021-11-23 03:55:25] - Epoch 2 - Save Best Score: 18.5620 Model
[2021-11-23 03:55:26] - Loss decreased 18.66823 -> 18.56199
[2021-11-23 03:58:44] - Epoch 3 - avg_train_loss: 0.6507  avg_val_loss: 0.6454  time: 198s, lr: 0.00010
[2021-11-23 03:58:44] - Epoch 3 - Score: 18.4322
[2021-11-23 03:58:44] - Epoch 3 - Save Best Score: 18.4322 Model
[2021-11-23 03:58:45] - Loss decreased 18.56199 -> 18.43225
[2021-11-23 04:02:05] - Epoch 4 - avg_train_loss: 0.6494  avg_val_loss: 0.6440  time: 199s, lr: 0.00009
[2021-11-23 04:02:05] - Epoch 4 - Score: 18.2391
[2021-11-23 04:02:05] - Epoch 4 - Save Best Score: 18.2391 Model
[2021-11-23 04:02:05] - Loss decreased 18.43225 -> 18.23911
[2021-11-23 04:05:24] - Epoch 5 - avg_train_loss: 0.6471  avg_val_loss: 0.6442  time: 198s, lr: 0.00009
[2021-11-23 04:05:24] - Epoch 5 - Score: 18.2666
[2021-11-23 04:08:42] - Epoch 6 - avg_train_loss: 0.6448  avg_val_loss: 0.6460  time: 198s, lr: 0.00009
[2021-11-23 04:08:42] - Epoch 6 - Score: 18.4855
[2021-11-23 04:12:02] - Epoch 7 - avg_train_loss: 0.6438  avg_val_loss: 0.6448  time: 200s, lr: 0.00008
[2021-11-23 04:12:02] - Epoch 7 - Score: 18.3547
[2021-11-23 04:15:23] - Epoch 8 - avg_train_loss: 0.6409  avg_val_loss: 0.6470  time: 201s, lr: 0.00007
[2021-11-23 04:15:23] - Epoch 8 - Score: 18.6179
[2021-11-23 04:15:23] - Early stop!!
[2021-11-23 04:15:23] - ========== fold: 0 result ==========
[2021-11-23 04:15:23] - Score: 18.2391
[2021-11-23 04:15:23] - ========== fold: 1 training ==========
[2021-11-23 04:18:44] - Epoch 1 - avg_train_loss: 0.6595  avg_val_loss: 0.6514  time: 200s, lr: 0.00010
[2021-11-23 04:18:44] - Epoch 1 - Score: 18.9022
[2021-11-23 04:18:44] - Epoch 1 - Save Best Score: 18.9022 Model
[2021-11-23 04:22:06] - Epoch 2 - avg_train_loss: 0.6542  avg_val_loss: 0.6519  time: 200s, lr: 0.00010
[2021-11-23 04:22:06] - Epoch 2 - Score: 18.9746
[2021-11-23 04:25:26] - Epoch 3 - avg_train_loss: 0.6520  avg_val_loss: 0.6498  time: 200s, lr: 0.00010
[2021-11-23 04:25:26] - Epoch 3 - Score: 18.7073
[2021-11-23 04:25:26] - Epoch 3 - Save Best Score: 18.7073 Model
[2021-11-23 04:25:26] - Loss decreased 18.90220 -> 18.70734
[2021-11-23 04:28:48] - Epoch 4 - avg_train_loss: 0.6494  avg_val_loss: 0.6542  time: 201s, lr: 0.00009
[2021-11-23 04:28:48] - Epoch 4 - Score: 19.2443
[2021-11-23 04:32:09] - Epoch 5 - avg_train_loss: 0.6484  avg_val_loss: 0.6499  time: 201s, lr: 0.00009
[2021-11-23 04:32:09] - Epoch 5 - Score: 18.6823
[2021-11-23 04:32:09] - Epoch 5 - Save Best Score: 18.6823 Model
[2021-11-23 04:32:09] - Loss decreased 18.70734 -> 18.68227
[2021-11-23 04:35:30] - Epoch 6 - avg_train_loss: 0.6450  avg_val_loss: 0.6487  time: 200s, lr: 0.00009
[2021-11-23 04:35:30] - Epoch 6 - Score: 18.5507
[2021-11-23 04:35:30] - Epoch 6 - Save Best Score: 18.5507 Model
[2021-11-23 04:35:30] - Loss decreased 18.68227 -> 18.55069
[2021-11-23 04:38:47] - Epoch 7 - avg_train_loss: 0.6416  avg_val_loss: 0.6552  time: 196s, lr: 0.00008
[2021-11-23 04:38:47] - Epoch 7 - Score: 19.2179
[2021-11-23 04:42:02] - Epoch 8 - avg_train_loss: 0.6401  avg_val_loss: 0.6493  time: 195s, lr: 0.00007
[2021-11-23 04:42:02] - Epoch 8 - Score: 18.5926
[2021-11-23 04:45:18] - Epoch 9 - avg_train_loss: 0.6385  avg_val_loss: 0.6563  time: 195s, lr: 0.00007
[2021-11-23 04:45:18] - Epoch 9 - Score: 19.4128
[2021-11-23 04:48:32] - Epoch 10 - avg_train_loss: 0.6369  avg_val_loss: 0.6552  time: 195s, lr: 0.00006
[2021-11-23 04:48:32] - Epoch 10 - Score: 19.2967
[2021-11-23 04:48:32] - Early stop!!
[2021-11-23 04:48:32] - ========== fold: 1 result ==========
[2021-11-23 04:48:32] - Score: 18.5507
[2021-11-23 04:48:32] - ========== fold: 2 training ==========
[2021-11-23 04:51:48] - Epoch 1 - avg_train_loss: 0.6605  avg_val_loss: 0.6505  time: 195s, lr: 0.00010
[2021-11-23 04:51:48] - Epoch 1 - Score: 18.7612
[2021-11-23 04:51:48] - Epoch 1 - Save Best Score: 18.7612 Model
[2021-11-23 04:55:03] - Epoch 2 - avg_train_loss: 0.6535  avg_val_loss: 0.6453  time: 194s, lr: 0.00010
[2021-11-23 04:55:03] - Epoch 2 - Score: 18.1193
[2021-11-23 04:55:03] - Epoch 2 - Save Best Score: 18.1193 Model
[2021-11-23 04:55:04] - Loss decreased 18.76117 -> 18.11926
[2021-11-23 04:58:21] - Epoch 3 - avg_train_loss: 0.6519  avg_val_loss: 0.6458  time: 197s, lr: 0.00010
[2021-11-23 04:58:21] - Epoch 3 - Score: 18.1621
[2021-11-23 05:01:39] - Epoch 4 - avg_train_loss: 0.6491  avg_val_loss: 0.6457  time: 198s, lr: 0.00009
[2021-11-23 05:01:39] - Epoch 4 - Score: 18.1545
[2021-11-23 05:04:58] - Epoch 5 - avg_train_loss: 0.6468  avg_val_loss: 0.6462  time: 199s, lr: 0.00009
[2021-11-23 05:04:58] - Epoch 5 - Score: 18.1891
[2021-11-23 05:08:16] - Epoch 6 - avg_train_loss: 0.6449  avg_val_loss: 0.6479  time: 199s, lr: 0.00009
[2021-11-23 05:08:16] - Epoch 6 - Score: 18.4069
[2021-11-23 05:08:16] - Early stop!!
[2021-11-23 05:08:17] - ========== fold: 2 result ==========
[2021-11-23 05:08:17] - Score: 18.1193
[2021-11-23 05:08:17] - ========== fold: 3 training ==========
[2021-11-23 05:11:36] - Epoch 1 - avg_train_loss: 0.6585  avg_val_loss: 0.6537  time: 199s, lr: 0.00010
[2021-11-23 05:11:36] - Epoch 1 - Score: 19.2360
[2021-11-23 05:11:36] - Epoch 1 - Save Best Score: 19.2360 Model
[2021-11-23 05:14:55] - Epoch 2 - avg_train_loss: 0.6548  avg_val_loss: 0.6510  time: 198s, lr: 0.00010
[2021-11-23 05:14:55] - Epoch 2 - Score: 18.8886
[2021-11-23 05:14:55] - Epoch 2 - Save Best Score: 18.8886 Model
[2021-11-23 05:14:55] - Loss decreased 19.23599 -> 18.88862
[2021-11-23 05:18:14] - Epoch 3 - avg_train_loss: 0.6508  avg_val_loss: 0.6503  time: 198s, lr: 0.00010
[2021-11-23 05:18:14] - Epoch 3 - Score: 18.7695
[2021-11-23 05:18:14] - Epoch 3 - Save Best Score: 18.7695 Model
[2021-11-23 05:18:15] - Loss decreased 18.88862 -> 18.76952
[2021-11-23 05:21:33] - Epoch 4 - avg_train_loss: 0.6489  avg_val_loss: 0.6519  time: 198s, lr: 0.00009
[2021-11-23 05:21:33] - Epoch 4 - Score: 18.9761
[2021-11-23 05:24:51] - Epoch 5 - avg_train_loss: 0.6457  avg_val_loss: 0.6511  time: 197s, lr: 0.00009
[2021-11-23 05:24:51] - Epoch 5 - Score: 18.9025
[2021-11-23 05:28:08] - Epoch 6 - avg_train_loss: 0.6429  avg_val_loss: 0.6556  time: 197s, lr: 0.00009
[2021-11-23 05:28:08] - Epoch 6 - Score: 19.3428
[2021-11-23 05:31:26] - Epoch 7 - avg_train_loss: 0.6427  avg_val_loss: 0.6567  time: 198s, lr: 0.00008
[2021-11-23 05:31:26] - Epoch 7 - Score: 19.4841
[2021-11-23 05:31:26] - Early stop!!
[2021-11-23 05:31:26] - ========== fold: 3 result ==========
[2021-11-23 05:31:26] - Score: 18.7695
[2021-11-23 05:31:26] - ========== fold: 4 training ==========
[2021-11-23 05:34:45] - Epoch 1 - avg_train_loss: 0.6598  avg_val_loss: 0.6458  time: 199s, lr: 0.00010
[2021-11-23 05:34:45] - Epoch 1 - Score: 18.3095
[2021-11-23 05:34:45] - Epoch 1 - Save Best Score: 18.3095 Model
[2021-11-23 05:38:04] - Epoch 2 - avg_train_loss: 0.6540  avg_val_loss: 0.6481  time: 198s, lr: 0.00010
[2021-11-23 05:38:04] - Epoch 2 - Score: 18.6241
[2021-11-23 05:41:23] - Epoch 3 - avg_train_loss: 0.6516  avg_val_loss: 0.6459  time: 198s, lr: 0.00010
[2021-11-23 05:41:23] - Epoch 3 - Score: 18.3572
[2021-11-23 05:44:43] - Epoch 4 - avg_train_loss: 0.6492  avg_val_loss: 0.6463  time: 200s, lr: 0.00009
[2021-11-23 05:44:43] - Epoch 4 - Score: 18.3481
[2021-11-23 05:48:03] - Epoch 5 - avg_train_loss: 0.6470  avg_val_loss: 0.6472  time: 200s, lr: 0.00009
[2021-11-23 05:48:03] - Epoch 5 - Score: 18.4991
[2021-11-23 05:48:03] - Early stop!!
[2021-11-23 05:48:03] - ========== fold: 4 result ==========
[2021-11-23 05:48:03] - Score: 18.3095
[2021-11-23 05:48:03] - ========== fold: 5 training ==========
[2021-11-23 05:51:26] - Epoch 1 - avg_train_loss: 0.6598  avg_val_loss: 0.6485  time: 202s, lr: 0.00010
[2021-11-23 05:51:26] - Epoch 1 - Score: 18.5177
[2021-11-23 05:51:26] - Epoch 1 - Save Best Score: 18.5177 Model
[2021-11-23 05:54:47] - Epoch 2 - avg_train_loss: 0.6541  avg_val_loss: 0.6453  time: 201s, lr: 0.00010
[2021-11-23 05:54:47] - Epoch 2 - Score: 18.1111
[2021-11-23 05:54:47] - Epoch 2 - Save Best Score: 18.1111 Model
[2021-11-23 05:54:48] - Loss decreased 18.51769 -> 18.11106
[2021-11-23 05:58:08] - Epoch 3 - avg_train_loss: 0.6523  avg_val_loss: 0.6437  time: 200s, lr: 0.00010
[2021-11-23 05:58:08] - Epoch 3 - Score: 17.9193
[2021-11-23 05:58:08] - Epoch 3 - Save Best Score: 17.9193 Model
[2021-11-23 05:58:08] - Loss decreased 18.11106 -> 17.91928
[2021-11-23 06:01:28] - Epoch 4 - avg_train_loss: 0.6492  avg_val_loss: 0.6454  time: 199s, lr: 0.00009
[2021-11-23 06:01:28] - Epoch 4 - Score: 18.1397
[2021-11-23 06:04:48] - Epoch 5 - avg_train_loss: 0.6482  avg_val_loss: 0.6408  time: 201s, lr: 0.00009
[2021-11-23 06:04:48] - Epoch 5 - Score: 17.5144
[2021-11-23 06:04:48] - Epoch 5 - Save Best Score: 17.5144 Model
[2021-11-23 06:04:49] - Loss decreased 17.91928 -> 17.51439
[2021-11-23 06:08:09] - Epoch 6 - avg_train_loss: 0.6453  avg_val_loss: 0.6479  time: 199s, lr: 0.00009
[2021-11-23 06:08:09] - Epoch 6 - Score: 18.4340
[2021-11-23 06:11:29] - Epoch 7 - avg_train_loss: 0.6424  avg_val_loss: 0.6437  time: 200s, lr: 0.00008
[2021-11-23 06:11:29] - Epoch 7 - Score: 17.9214
[2021-11-23 06:14:49] - Epoch 8 - avg_train_loss: 0.6401  avg_val_loss: 0.6471  time: 200s, lr: 0.00007
[2021-11-23 06:14:49] - Epoch 8 - Score: 18.3254
[2021-11-23 06:18:09] - Epoch 9 - avg_train_loss: 0.6383  avg_val_loss: 0.6468  time: 200s, lr: 0.00007
[2021-11-23 06:18:09] - Epoch 9 - Score: 18.3250
[2021-11-23 06:18:09] - Early stop!!
[2021-11-23 06:18:09] - ========== fold: 5 result ==========
[2021-11-23 06:18:09] - Score: 17.5144
[2021-11-23 06:18:09] - ========== fold: 6 training ==========
[2021-11-23 06:21:30] - Epoch 1 - avg_train_loss: 0.6587  avg_val_loss: 0.6493  time: 201s, lr: 0.00010
[2021-11-23 06:21:30] - Epoch 1 - Score: 18.7671
[2021-11-23 06:21:30] - Epoch 1 - Save Best Score: 18.7671 Model
[2021-11-23 06:24:51] - Epoch 2 - avg_train_loss: 0.6537  avg_val_loss: 0.6493  time: 200s, lr: 0.00010
[2021-11-23 06:24:51] - Epoch 2 - Score: 18.7534
[2021-11-23 06:24:51] - Epoch 2 - Save Best Score: 18.7534 Model
[2021-11-23 06:24:52] - Loss decreased 18.76708 -> 18.75340
[2021-11-23 06:28:13] - Epoch 3 - avg_train_loss: 0.6509  avg_val_loss: 0.6461  time: 201s, lr: 0.00010
[2021-11-23 06:28:13] - Epoch 3 - Score: 18.3550
[2021-11-23 06:28:13] - Epoch 3 - Save Best Score: 18.3550 Model
[2021-11-23 06:28:14] - Loss decreased 18.75340 -> 18.35502
[2021-11-23 06:31:35] - Epoch 4 - avg_train_loss: 0.6490  avg_val_loss: 0.6478  time: 201s, lr: 0.00009
[2021-11-23 06:31:35] - Epoch 4 - Score: 18.5725
[2021-11-23 06:34:56] - Epoch 5 - avg_train_loss: 0.6476  avg_val_loss: 0.6494  time: 201s, lr: 0.00009
[2021-11-23 06:34:56] - Epoch 5 - Score: 18.7564
[2021-11-23 06:38:18] - Epoch 6 - avg_train_loss: 0.6446  avg_val_loss: 0.6490  time: 202s, lr: 0.00009
[2021-11-23 06:38:18] - Epoch 6 - Score: 18.7112
[2021-11-23 06:41:40] - Epoch 7 - avg_train_loss: 0.6416  avg_val_loss: 0.6471  time: 202s, lr: 0.00008
[2021-11-23 06:41:40] - Epoch 7 - Score: 18.4646
[2021-11-23 06:41:40] - Early stop!!
[2021-11-23 06:41:40] - ========== fold: 6 result ==========
[2021-11-23 06:41:40] - Score: 18.3550
[2021-11-23 06:41:40] - ========== fold: 7 training ==========
[2021-11-23 06:45:02] - Epoch 1 - avg_train_loss: 0.6597  avg_val_loss: 0.6482  time: 201s, lr: 0.00010
[2021-11-23 06:45:02] - Epoch 1 - Score: 18.4628
[2021-11-23 06:45:02] - Epoch 1 - Save Best Score: 18.4628 Model
[2021-11-23 06:48:24] - Epoch 2 - avg_train_loss: 0.6539  avg_val_loss: 0.6463  time: 201s, lr: 0.00010
[2021-11-23 06:48:24] - Epoch 2 - Score: 18.2007
[2021-11-23 06:48:24] - Epoch 2 - Save Best Score: 18.2007 Model
[2021-11-23 06:48:24] - Loss decreased 18.46279 -> 18.20071
[2021-11-23 06:51:46] - Epoch 3 - avg_train_loss: 0.6513  avg_val_loss: 0.6436  time: 202s, lr: 0.00010
[2021-11-23 06:51:46] - Epoch 3 - Score: 17.8653
[2021-11-23 06:51:46] - Epoch 3 - Save Best Score: 17.8653 Model
[2021-11-23 06:51:47] - Loss decreased 18.20071 -> 17.86526
[2021-11-23 06:55:08] - Epoch 4 - avg_train_loss: 0.6504  avg_val_loss: 0.6416  time: 201s, lr: 0.00009
[2021-11-23 06:55:08] - Epoch 4 - Score: 17.6146
[2021-11-23 06:55:08] - Epoch 4 - Save Best Score: 17.6146 Model
[2021-11-23 06:55:08] - Loss decreased 17.86526 -> 17.61455
[2021-11-23 06:58:31] - Epoch 5 - avg_train_loss: 0.6462  avg_val_loss: 0.6467  time: 202s, lr: 0.00009
[2021-11-23 06:58:31] - Epoch 5 - Score: 18.2671
[2021-11-23 07:01:56] - Epoch 6 - avg_train_loss: 0.6441  avg_val_loss: 0.6464  time: 204s, lr: 0.00009
[2021-11-23 07:01:56] - Epoch 6 - Score: 18.2065
[2021-11-23 07:05:21] - Epoch 7 - avg_train_loss: 0.6423  avg_val_loss: 0.6459  time: 206s, lr: 0.00008
[2021-11-23 07:05:21] - Epoch 7 - Score: 18.0904
[2021-11-23 07:08:47] - Epoch 8 - avg_train_loss: 0.6397  avg_val_loss: 0.6460  time: 206s, lr: 0.00007
[2021-11-23 07:08:47] - Epoch 8 - Score: 18.1672
[2021-11-23 07:08:47] - Early stop!!
[2021-11-23 07:08:47] - ========== fold: 7 result ==========
[2021-11-23 07:08:47] - Score: 17.6146
[2021-11-23 07:08:47] - ========== fold: 8 training ==========
[2021-11-23 07:12:14] - Epoch 1 - avg_train_loss: 0.6589  avg_val_loss: 0.6461  time: 206s, lr: 0.00010
[2021-11-23 07:12:14] - Epoch 1 - Score: 18.4157
[2021-11-23 07:12:14] - Epoch 1 - Save Best Score: 18.4157 Model
[2021-11-23 07:15:40] - Epoch 2 - avg_train_loss: 0.6542  avg_val_loss: 0.6438  time: 205s, lr: 0.00010
[2021-11-23 07:15:40] - Epoch 2 - Score: 18.1110
[2021-11-23 07:15:40] - Epoch 2 - Save Best Score: 18.1110 Model
[2021-11-23 07:15:41] - Loss decreased 18.41574 -> 18.11099
[2021-11-23 07:19:06] - Epoch 3 - avg_train_loss: 0.6514  avg_val_loss: 0.6416  time: 205s, lr: 0.00010
[2021-11-23 07:19:06] - Epoch 3 - Score: 17.8547
[2021-11-23 07:19:06] - Epoch 3 - Save Best Score: 17.8547 Model
[2021-11-23 07:19:06] - Loss decreased 18.11099 -> 17.85467
[2021-11-23 07:22:31] - Epoch 4 - avg_train_loss: 0.6492  avg_val_loss: 0.6472  time: 204s, lr: 0.00009
[2021-11-23 07:22:31] - Epoch 4 - Score: 18.4991
[2021-11-23 07:25:56] - Epoch 5 - avg_train_loss: 0.6481  avg_val_loss: 0.6426  time: 205s, lr: 0.00009
[2021-11-23 07:25:56] - Epoch 5 - Score: 17.9444
[2021-11-23 07:29:21] - Epoch 6 - avg_train_loss: 0.6465  avg_val_loss: 0.6423  time: 205s, lr: 0.00009
[2021-11-23 07:29:21] - Epoch 6 - Score: 17.8488
[2021-11-23 07:29:21] - Epoch 6 - Save Best Score: 17.8488 Model
[2021-11-23 07:29:22] - Loss decreased 17.85467 -> 17.84876
[2021-11-23 07:32:48] - Epoch 7 - avg_train_loss: 0.6438  avg_val_loss: 0.6460  time: 205s, lr: 0.00008
[2021-11-23 07:32:48] - Epoch 7 - Score: 18.3170
[2021-11-23 07:36:12] - Epoch 8 - avg_train_loss: 0.6418  avg_val_loss: 0.6461  time: 204s, lr: 0.00007
[2021-11-23 07:36:12] - Epoch 8 - Score: 18.3035
[2021-11-23 07:39:37] - Epoch 9 - avg_train_loss: 0.6385  avg_val_loss: 0.6472  time: 205s, lr: 0.00007
[2021-11-23 07:39:37] - Epoch 9 - Score: 18.3936
[2021-11-23 07:43:02] - Epoch 10 - avg_train_loss: 0.6375  avg_val_loss: 0.6464  time: 204s, lr: 0.00006
[2021-11-23 07:43:02] - Epoch 10 - Score: 18.2946
[2021-11-23 07:43:02] - Early stop!!
[2021-11-23 07:43:02] - ========== fold: 8 result ==========
[2021-11-23 07:43:02] - Score: 17.8488
[2021-11-23 07:43:02] - ========== fold: 9 training ==========
[2021-11-23 07:46:26] - Epoch 1 - avg_train_loss: 0.6589  avg_val_loss: 0.6463  time: 204s, lr: 0.00010
[2021-11-23 07:46:26] - Epoch 1 - Score: 18.3468
[2021-11-23 07:46:26] - Epoch 1 - Save Best Score: 18.3468 Model
[2021-11-23 07:49:49] - Epoch 2 - avg_train_loss: 0.6539  avg_val_loss: 0.6454  time: 202s, lr: 0.00010
[2021-11-23 07:49:49] - Epoch 2 - Score: 18.2384
[2021-11-23 07:49:49] - Epoch 2 - Save Best Score: 18.2384 Model
[2021-11-23 07:49:49] - Loss decreased 18.34682 -> 18.23839
[2021-11-23 07:53:15] - Epoch 3 - avg_train_loss: 0.6514  avg_val_loss: 0.6451  time: 205s, lr: 0.00010
[2021-11-23 07:53:15] - Epoch 3 - Score: 18.1903
[2021-11-23 07:53:15] - Epoch 3 - Save Best Score: 18.1903 Model
[2021-11-23 07:53:16] - Loss decreased 18.23839 -> 18.19030
[2021-11-23 07:56:42] - Epoch 4 - avg_train_loss: 0.6503  avg_val_loss: 0.6426  time: 206s, lr: 0.00009
[2021-11-23 07:56:42] - Epoch 4 - Score: 17.8976
[2021-11-23 07:56:42] - Epoch 4 - Save Best Score: 17.8976 Model
[2021-11-23 07:56:42] - Loss decreased 18.19030 -> 17.89758
[2021-11-23 08:00:08] - Epoch 5 - avg_train_loss: 0.6474  avg_val_loss: 0.6452  time: 205s, lr: 0.00009
[2021-11-23 08:00:08] - Epoch 5 - Score: 18.2541
[2021-11-23 08:03:32] - Epoch 6 - avg_train_loss: 0.6446  avg_val_loss: 0.6445  time: 204s, lr: 0.00009
[2021-11-23 08:03:32] - Epoch 6 - Score: 18.0649
[2021-11-23 08:06:58] - Epoch 7 - avg_train_loss: 0.6418  avg_val_loss: 0.6455  time: 205s, lr: 0.00008
[2021-11-23 08:06:58] - Epoch 7 - Score: 18.2133
[2021-11-23 08:10:22] - Epoch 8 - avg_train_loss: 0.6391  avg_val_loss: 0.6461  time: 204s, lr: 0.00007
[2021-11-23 08:10:22] - Epoch 8 - Score: 18.3580
[2021-11-23 08:10:22] - Early stop!!
[2021-11-23 08:10:22] - ========== fold: 9 result ==========
[2021-11-23 08:10:22] - Score: 17.8976
[2021-11-23 08:10:22] - ========== CV ==========
[2021-11-23 08:10:22] - Score: 18.1259
