[2021-11-23 08:14:59] - ========== fold: 0 training ==========
[2021-11-23 08:28:34] - Epoch 1 - avg_train_loss: 0.6578  avg_val_loss: 0.6456  time: 800s, lr: 0.00010
[2021-11-23 08:28:34] - Epoch 1 - Score: 18.4231
[2021-11-23 08:28:34] - Epoch 1 - Save Best Score: 18.4231 Model
[2021-11-23 08:32:28] - Epoch 2 - avg_train_loss: 0.6519  avg_val_loss: 0.6490  time: 233s, lr: 0.00010
[2021-11-23 08:32:28] - Epoch 2 - Score: 18.8722
[2021-11-23 08:36:20] - Epoch 3 - avg_train_loss: 0.6489  avg_val_loss: 0.6463  time: 232s, lr: 0.00010
[2021-11-23 08:36:20] - Epoch 3 - Score: 18.5486
[2021-11-23 08:40:13] - Epoch 4 - avg_train_loss: 0.6472  avg_val_loss: 0.6446  time: 233s, lr: 0.00009
[2021-11-23 08:40:13] - Epoch 4 - Score: 18.3233
[2021-11-23 08:40:13] - Epoch 4 - Save Best Score: 18.3233 Model
[2021-11-23 08:40:14] - Loss decreased 18.42307 -> 18.32334
[2021-11-23 08:44:07] - Epoch 5 - avg_train_loss: 0.6450  avg_val_loss: 0.6437  time: 233s, lr: 0.00009
[2021-11-23 08:44:07] - Epoch 5 - Score: 18.2176
[2021-11-23 08:44:07] - Epoch 5 - Save Best Score: 18.2176 Model
[2021-11-23 08:44:08] - Loss decreased 18.32334 -> 18.21764
[2021-11-23 08:48:00] - Epoch 6 - avg_train_loss: 0.6421  avg_val_loss: 0.6472  time: 232s, lr: 0.00009
[2021-11-23 08:48:00] - Epoch 6 - Score: 18.6475
[2021-11-23 08:51:54] - Epoch 7 - avg_train_loss: 0.6403  avg_val_loss: 0.6502  time: 234s, lr: 0.00008
[2021-11-23 08:51:54] - Epoch 7 - Score: 19.0289
[2021-11-23 08:55:49] - Epoch 8 - avg_train_loss: 0.6373  avg_val_loss: 0.6480  time: 236s, lr: 0.00007
[2021-11-23 08:55:49] - Epoch 8 - Score: 18.6551
[2021-11-23 08:59:43] - Epoch 9 - avg_train_loss: 0.6362  avg_val_loss: 0.6486  time: 234s, lr: 0.00007
[2021-11-23 08:59:43] - Epoch 9 - Score: 18.8229
[2021-11-23 08:59:43] - Early stop!!
[2021-11-23 08:59:43] - ========== fold: 0 result ==========
[2021-11-23 08:59:43] - Score: 18.2176
[2021-11-23 08:59:43] - ========== fold: 1 training ==========
[2021-11-23 09:03:36] - Epoch 1 - avg_train_loss: 0.6578  avg_val_loss: 0.6496  time: 232s, lr: 0.00010
[2021-11-23 09:03:36] - Epoch 1 - Score: 18.6738
[2021-11-23 09:03:36] - Epoch 1 - Save Best Score: 18.6738 Model
[2021-11-23 09:07:30] - Epoch 2 - avg_train_loss: 0.6524  avg_val_loss: 0.6477  time: 233s, lr: 0.00010
[2021-11-23 09:07:30] - Epoch 2 - Score: 18.4082
[2021-11-23 09:07:30] - Epoch 2 - Save Best Score: 18.4082 Model
[2021-11-23 09:07:31] - Loss decreased 18.67378 -> 18.40819
[2021-11-23 09:11:19] - Epoch 3 - avg_train_loss: 0.6499  avg_val_loss: 0.6522  time: 228s, lr: 0.00010
[2021-11-23 09:11:19] - Epoch 3 - Score: 18.9995
[2021-11-23 09:15:07] - Epoch 4 - avg_train_loss: 0.6482  avg_val_loss: 0.6475  time: 228s, lr: 0.00009
[2021-11-23 09:15:07] - Epoch 4 - Score: 18.3822
[2021-11-23 09:15:07] - Epoch 4 - Save Best Score: 18.3822 Model
[2021-11-23 09:15:08] - Loss decreased 18.40819 -> 18.38215
[2021-11-23 09:18:56] - Epoch 5 - avg_train_loss: 0.6450  avg_val_loss: 0.6459  time: 228s, lr: 0.00009
[2021-11-23 09:18:56] - Epoch 5 - Score: 18.1877
[2021-11-23 09:18:56] - Epoch 5 - Save Best Score: 18.1877 Model
[2021-11-23 09:18:56] - Loss decreased 18.38215 -> 18.18773
[2021-11-23 09:22:46] - Epoch 6 - avg_train_loss: 0.6415  avg_val_loss: 0.6498  time: 229s, lr: 0.00009
[2021-11-23 09:22:46] - Epoch 6 - Score: 18.6572
[2021-11-23 09:26:34] - Epoch 7 - avg_train_loss: 0.6395  avg_val_loss: 0.6481  time: 228s, lr: 0.00008
[2021-11-23 09:26:34] - Epoch 7 - Score: 18.4309
[2021-11-23 09:30:23] - Epoch 8 - avg_train_loss: 0.6371  avg_val_loss: 0.6511  time: 229s, lr: 0.00007
[2021-11-23 09:30:23] - Epoch 8 - Score: 18.8379
[2021-11-23 09:34:12] - Epoch 9 - avg_train_loss: 0.6354  avg_val_loss: 0.6503  time: 229s, lr: 0.00007
[2021-11-23 09:34:12] - Epoch 9 - Score: 18.6877
[2021-11-23 09:34:12] - Early stop!!
[2021-11-23 09:34:12] - ========== fold: 1 result ==========
[2021-11-23 09:34:12] - Score: 18.1877
[2021-11-23 09:34:12] - ========== fold: 2 training ==========
[2021-11-23 09:38:02] - Epoch 1 - avg_train_loss: 0.6588  avg_val_loss: 0.6457  time: 229s, lr: 0.00010
[2021-11-23 09:38:02] - Epoch 1 - Score: 18.1794
[2021-11-23 09:38:02] - Epoch 1 - Save Best Score: 18.1794 Model
[2021-11-23 09:41:51] - Epoch 2 - avg_train_loss: 0.6518  avg_val_loss: 0.6442  time: 229s, lr: 0.00010
[2021-11-23 09:41:51] - Epoch 2 - Score: 17.9854
[2021-11-23 09:41:51] - Epoch 2 - Save Best Score: 17.9854 Model
[2021-11-23 09:41:52] - Loss decreased 18.17938 -> 17.98538
[2021-11-23 09:45:40] - Epoch 3 - avg_train_loss: 0.6495  avg_val_loss: 0.6474  time: 228s, lr: 0.00010
[2021-11-23 09:45:40] - Epoch 3 - Score: 18.3698
[2021-11-23 09:49:29] - Epoch 4 - avg_train_loss: 0.6470  avg_val_loss: 0.6456  time: 229s, lr: 0.00009
[2021-11-23 09:49:29] - Epoch 4 - Score: 18.1473
[2021-11-23 09:53:18] - Epoch 5 - avg_train_loss: 0.6442  avg_val_loss: 0.6473  time: 229s, lr: 0.00009
[2021-11-23 09:53:18] - Epoch 5 - Score: 18.3654
[2021-11-23 09:57:08] - Epoch 6 - avg_train_loss: 0.6422  avg_val_loss: 0.6518  time: 230s, lr: 0.00009
[2021-11-23 09:57:08] - Epoch 6 - Score: 18.8291
[2021-11-23 09:57:08] - Early stop!!
[2021-11-23 09:57:08] - ========== fold: 2 result ==========
[2021-11-23 09:57:08] - Score: 17.9854
[2021-11-23 09:57:08] - ========== fold: 3 training ==========
[2021-11-23 10:00:57] - Epoch 1 - avg_train_loss: 0.6567  avg_val_loss: 0.6505  time: 229s, lr: 0.00010
[2021-11-23 10:00:57] - Epoch 1 - Score: 18.8188
[2021-11-23 10:00:57] - Epoch 1 - Save Best Score: 18.8188 Model
[2021-11-23 10:04:47] - Epoch 2 - avg_train_loss: 0.6532  avg_val_loss: 0.6482  time: 229s, lr: 0.00010
[2021-11-23 10:04:47] - Epoch 2 - Score: 18.5153
[2021-11-23 10:04:47] - Epoch 2 - Save Best Score: 18.5153 Model
[2021-11-23 10:04:48] - Loss decreased 18.81883 -> 18.51529
[2021-11-23 10:08:38] - Epoch 3 - avg_train_loss: 0.6487  avg_val_loss: 0.6490  time: 230s, lr: 0.00010
[2021-11-23 10:08:38] - Epoch 3 - Score: 18.6079
[2021-11-23 10:12:27] - Epoch 4 - avg_train_loss: 0.6472  avg_val_loss: 0.6488  time: 229s, lr: 0.00009
[2021-11-23 10:12:27] - Epoch 4 - Score: 18.5725
[2021-11-23 10:16:16] - Epoch 5 - avg_train_loss: 0.6441  avg_val_loss: 0.6537  time: 229s, lr: 0.00009
[2021-11-23 10:16:16] - Epoch 5 - Score: 19.1798
[2021-11-23 10:20:04] - Epoch 6 - avg_train_loss: 0.6412  avg_val_loss: 0.6562  time: 229s, lr: 0.00009
[2021-11-23 10:20:04] - Epoch 6 - Score: 19.2995
[2021-11-23 10:20:04] - Early stop!!
[2021-11-23 10:20:05] - ========== fold: 3 result ==========
[2021-11-23 10:20:05] - Score: 18.5153
[2021-11-23 10:20:05] - ========== fold: 4 training ==========
[2021-11-23 10:23:54] - Epoch 1 - avg_train_loss: 0.6584  avg_val_loss: 0.6452  time: 229s, lr: 0.00010
[2021-11-23 10:23:54] - Epoch 1 - Score: 18.2569
[2021-11-23 10:23:54] - Epoch 1 - Save Best Score: 18.2569 Model
[2021-11-23 10:27:44] - Epoch 2 - avg_train_loss: 0.6530  avg_val_loss: 0.6474  time: 230s, lr: 0.00010
[2021-11-23 10:27:44] - Epoch 2 - Score: 18.5369
[2021-11-23 10:31:35] - Epoch 3 - avg_train_loss: 0.6501  avg_val_loss: 0.6457  time: 231s, lr: 0.00010
[2021-11-23 10:31:35] - Epoch 3 - Score: 18.3100
[2021-11-23 10:35:25] - Epoch 4 - avg_train_loss: 0.6472  avg_val_loss: 0.6460  time: 230s, lr: 0.00009
[2021-11-23 10:35:25] - Epoch 4 - Score: 18.3561
[2021-11-23 10:39:17] - Epoch 5 - avg_train_loss: 0.6452  avg_val_loss: 0.6469  time: 232s, lr: 0.00009
[2021-11-23 10:39:17] - Epoch 5 - Score: 18.4761
[2021-11-23 10:39:17] - Early stop!!
[2021-11-23 10:39:17] - ========== fold: 4 result ==========
[2021-11-23 10:39:17] - Score: 18.2569
[2021-11-23 10:39:17] - ========== fold: 5 training ==========
[2021-11-23 10:43:10] - Epoch 1 - avg_train_loss: 0.6582  avg_val_loss: 0.6456  time: 232s, lr: 0.00010
[2021-11-23 10:43:10] - Epoch 1 - Score: 18.1707
[2021-11-23 10:43:10] - Epoch 1 - Save Best Score: 18.1707 Model
[2021-11-23 10:47:01] - Epoch 2 - avg_train_loss: 0.6533  avg_val_loss: 0.6458  time: 230s, lr: 0.00010
[2021-11-23 10:47:01] - Epoch 2 - Score: 18.1954
[2021-11-23 10:50:51] - Epoch 3 - avg_train_loss: 0.6501  avg_val_loss: 0.6441  time: 230s, lr: 0.00010
[2021-11-23 10:50:51] - Epoch 3 - Score: 17.9616
[2021-11-23 10:50:51] - Epoch 3 - Save Best Score: 17.9616 Model
[2021-11-23 10:50:52] - Loss decreased 18.17070 -> 17.96159
[2021-11-23 10:54:42] - Epoch 4 - avg_train_loss: 0.6482  avg_val_loss: 0.6429  time: 230s, lr: 0.00009
[2021-11-23 10:54:42] - Epoch 4 - Score: 17.8025
[2021-11-23 10:54:42] - Epoch 4 - Save Best Score: 17.8025 Model
[2021-11-23 10:54:42] - Loss decreased 17.96159 -> 17.80253
[2021-11-23 10:58:34] - Epoch 5 - avg_train_loss: 0.6454  avg_val_loss: 0.6441  time: 231s, lr: 0.00009
[2021-11-23 10:58:34] - Epoch 5 - Score: 18.0077
[2021-11-23 11:02:24] - Epoch 6 - avg_train_loss: 0.6435  avg_val_loss: 0.6411  time: 230s, lr: 0.00009
[2021-11-23 11:02:24] - Epoch 6 - Score: 17.5555
[2021-11-23 11:02:24] - Epoch 6 - Save Best Score: 17.5555 Model
[2021-11-23 11:02:25] - Loss decreased 17.80253 -> 17.55548
[2021-11-23 11:06:16] - Epoch 7 - avg_train_loss: 0.6412  avg_val_loss: 0.6431  time: 231s, lr: 0.00008
[2021-11-23 11:06:16] - Epoch 7 - Score: 17.8189
[2021-11-23 11:10:07] - Epoch 8 - avg_train_loss: 0.6376  avg_val_loss: 0.6435  time: 231s, lr: 0.00007
[2021-11-23 11:10:07] - Epoch 8 - Score: 17.8630
[2021-11-23 11:13:57] - Epoch 9 - avg_train_loss: 0.6356  avg_val_loss: 0.6433  time: 230s, lr: 0.00007
[2021-11-23 11:13:57] - Epoch 9 - Score: 17.8579
[2021-11-23 11:17:48] - Epoch 10 - avg_train_loss: 0.6334  avg_val_loss: 0.6475  time: 231s, lr: 0.00006
[2021-11-23 11:17:48] - Epoch 10 - Score: 18.3872
[2021-11-23 11:17:48] - Early stop!!
[2021-11-23 11:17:48] - ========== fold: 5 result ==========
[2021-11-23 11:17:48] - Score: 17.5555
[2021-11-23 11:17:48] - ========== fold: 6 training ==========
[2021-11-23 11:21:38] - Epoch 1 - avg_train_loss: 0.6573  avg_val_loss: 0.6472  time: 230s, lr: 0.00010
[2021-11-23 11:21:38] - Epoch 1 - Score: 18.4967
[2021-11-23 11:21:38] - Epoch 1 - Save Best Score: 18.4967 Model
[2021-11-23 11:25:29] - Epoch 2 - avg_train_loss: 0.6520  avg_val_loss: 0.6477  time: 230s, lr: 0.00010
[2021-11-23 11:25:29] - Epoch 2 - Score: 18.5578
[2021-11-23 11:29:19] - Epoch 3 - avg_train_loss: 0.6491  avg_val_loss: 0.6440  time: 230s, lr: 0.00010
[2021-11-23 11:29:19] - Epoch 3 - Score: 18.0972
[2021-11-23 11:29:19] - Epoch 3 - Save Best Score: 18.0972 Model
[2021-11-23 11:29:20] - Loss decreased 18.49670 -> 18.09715
[2021-11-23 11:33:12] - Epoch 4 - avg_train_loss: 0.6469  avg_val_loss: 0.6468  time: 231s, lr: 0.00009
[2021-11-23 11:33:12] - Epoch 4 - Score: 18.4537
[2021-11-23 11:37:03] - Epoch 5 - avg_train_loss: 0.6447  avg_val_loss: 0.6494  time: 231s, lr: 0.00009
[2021-11-23 11:37:03] - Epoch 5 - Score: 18.7696
[2021-11-23 11:40:52] - Epoch 6 - avg_train_loss: 0.6417  avg_val_loss: 0.6474  time: 229s, lr: 0.00009
[2021-11-23 11:40:52] - Epoch 6 - Score: 18.5385
[2021-11-23 11:44:42] - Epoch 7 - avg_train_loss: 0.6389  avg_val_loss: 0.6470  time: 230s, lr: 0.00008
[2021-11-23 11:44:42] - Epoch 7 - Score: 18.4501
[2021-11-23 11:44:42] - Early stop!!
[2021-11-23 11:44:42] - ========== fold: 6 result ==========
[2021-11-23 11:44:42] - Score: 18.0972
[2021-11-23 11:44:42] - ========== fold: 7 training ==========
[2021-11-23 11:48:32] - Epoch 1 - avg_train_loss: 0.6581  avg_val_loss: 0.6468  time: 230s, lr: 0.00010
[2021-11-23 11:48:32] - Epoch 1 - Score: 18.2891
[2021-11-23 11:48:32] - Epoch 1 - Save Best Score: 18.2891 Model
[2021-11-23 11:52:21] - Epoch 2 - avg_train_loss: 0.6523  avg_val_loss: 0.6443  time: 228s, lr: 0.00010
[2021-11-23 11:52:21] - Epoch 2 - Score: 17.9280
[2021-11-23 11:52:21] - Epoch 2 - Save Best Score: 17.9280 Model
[2021-11-23 11:52:22] - Loss decreased 18.28906 -> 17.92798
[2021-11-23 11:56:13] - Epoch 3 - avg_train_loss: 0.6499  avg_val_loss: 0.6423  time: 230s, lr: 0.00010
[2021-11-23 11:56:13] - Epoch 3 - Score: 17.7024
[2021-11-23 11:56:13] - Epoch 3 - Save Best Score: 17.7024 Model
[2021-11-23 11:56:13] - Loss decreased 17.92798 -> 17.70243
[2021-11-23 12:00:03] - Epoch 4 - avg_train_loss: 0.6483  avg_val_loss: 0.6419  time: 230s, lr: 0.00009
[2021-11-23 12:00:03] - Epoch 4 - Score: 17.6392
[2021-11-23 12:00:03] - Epoch 4 - Save Best Score: 17.6392 Model
[2021-11-23 12:00:04] - Loss decreased 17.70243 -> 17.63917
[2021-11-23 12:03:54] - Epoch 5 - avg_train_loss: 0.6444  avg_val_loss: 0.6461  time: 230s, lr: 0.00009
[2021-11-23 12:03:54] - Epoch 5 - Score: 18.1830
[2021-11-23 12:07:45] - Epoch 6 - avg_train_loss: 0.6420  avg_val_loss: 0.6452  time: 231s, lr: 0.00009
[2021-11-23 12:07:45] - Epoch 6 - Score: 18.0978
[2021-11-23 12:11:35] - Epoch 7 - avg_train_loss: 0.6405  avg_val_loss: 0.6469  time: 230s, lr: 0.00008
[2021-11-23 12:11:35] - Epoch 7 - Score: 18.2483
[2021-11-23 12:15:25] - Epoch 8 - avg_train_loss: 0.6363  avg_val_loss: 0.6442  time: 231s, lr: 0.00007
[2021-11-23 12:15:25] - Epoch 8 - Score: 17.9441
[2021-11-23 12:15:25] - Early stop!!
[2021-11-23 12:15:25] - ========== fold: 7 result ==========
[2021-11-23 12:15:25] - Score: 17.6392
[2021-11-23 12:15:25] - ========== fold: 8 training ==========
[2021-11-23 12:19:19] - Epoch 1 - avg_train_loss: 0.6575  avg_val_loss: 0.6442  time: 233s, lr: 0.00010
[2021-11-23 12:19:19] - Epoch 1 - Score: 18.1740
[2021-11-23 12:19:19] - Epoch 1 - Save Best Score: 18.1740 Model
[2021-11-23 12:23:10] - Epoch 2 - avg_train_loss: 0.6525  avg_val_loss: 0.6438  time: 231s, lr: 0.00010
[2021-11-23 12:23:10] - Epoch 2 - Score: 18.1296
[2021-11-23 12:23:10] - Epoch 2 - Save Best Score: 18.1296 Model
[2021-11-23 12:23:11] - Loss decreased 18.17400 -> 18.12961
[2021-11-23 12:27:02] - Epoch 3 - avg_train_loss: 0.6493  avg_val_loss: 0.6393  time: 231s, lr: 0.00010
[2021-11-23 12:27:02] - Epoch 3 - Score: 17.5553
[2021-11-23 12:27:02] - Epoch 3 - Save Best Score: 17.5553 Model
[2021-11-23 12:27:03] - Loss decreased 18.12961 -> 17.55532
[2021-11-23 12:30:53] - Epoch 4 - avg_train_loss: 0.6474  avg_val_loss: 0.6467  time: 230s, lr: 0.00009
[2021-11-23 12:30:53] - Epoch 4 - Score: 18.4771
[2021-11-23 12:34:45] - Epoch 5 - avg_train_loss: 0.6459  avg_val_loss: 0.6422  time: 231s, lr: 0.00009
[2021-11-23 12:34:45] - Epoch 5 - Score: 17.9457
[2021-11-23 12:38:36] - Epoch 6 - avg_train_loss: 0.6443  avg_val_loss: 0.6425  time: 232s, lr: 0.00009
[2021-11-23 12:38:36] - Epoch 6 - Score: 17.9292
[2021-11-23 12:42:27] - Epoch 7 - avg_train_loss: 0.6409  avg_val_loss: 0.6432  time: 231s, lr: 0.00008
[2021-11-23 12:42:27] - Epoch 7 - Score: 18.0269
[2021-11-23 12:42:27] - Early stop!!
[2021-11-23 12:42:28] - ========== fold: 8 result ==========
[2021-11-23 12:42:28] - Score: 17.5553
[2021-11-23 12:42:28] - ========== fold: 9 training ==========
[2021-11-23 12:46:18] - Epoch 1 - avg_train_loss: 0.6579  avg_val_loss: 0.6472  time: 230s, lr: 0.00010
[2021-11-23 12:46:18] - Epoch 1 - Score: 18.4757
[2021-11-23 12:46:18] - Epoch 1 - Save Best Score: 18.4757 Model
[2021-11-23 12:50:08] - Epoch 2 - avg_train_loss: 0.6515  avg_val_loss: 0.6431  time: 229s, lr: 0.00010
[2021-11-23 12:50:08] - Epoch 2 - Score: 17.9292
[2021-11-23 12:50:08] - Epoch 2 - Save Best Score: 17.9292 Model
[2021-11-23 12:50:09] - Loss decreased 18.47567 -> 17.92924
[2021-11-23 12:54:00] - Epoch 3 - avg_train_loss: 0.6499  avg_val_loss: 0.6430  time: 230s, lr: 0.00010
[2021-11-23 12:54:00] - Epoch 3 - Score: 17.9396
[2021-11-23 12:57:49] - Epoch 4 - avg_train_loss: 0.6473  avg_val_loss: 0.6396  time: 229s, lr: 0.00009
[2021-11-23 12:57:49] - Epoch 4 - Score: 17.5117
[2021-11-23 12:57:49] - Epoch 4 - Save Best Score: 17.5117 Model
[2021-11-23 12:57:50] - Loss decreased 17.92924 -> 17.51168
[2021-11-23 13:01:40] - Epoch 5 - avg_train_loss: 0.6451  avg_val_loss: 0.6436  time: 230s, lr: 0.00009
[2021-11-23 13:01:40] - Epoch 5 - Score: 18.0151
[2021-11-23 13:05:30] - Epoch 6 - avg_train_loss: 0.6431  avg_val_loss: 0.6430  time: 230s, lr: 0.00009
[2021-11-23 13:05:30] - Epoch 6 - Score: 17.9615
[2021-11-23 13:09:21] - Epoch 7 - avg_train_loss: 0.6418  avg_val_loss: 0.6417  time: 231s, lr: 0.00008
[2021-11-23 13:09:21] - Epoch 7 - Score: 17.8196
