[2021-11-24 07:46:49] - ========== fold: 0 training ==========
[2021-11-24 07:59:02] - Epoch 1 - avg_train_loss: 0.6597  avg_val_loss: 0.6463  time: 722s, lr: 0.00010
[2021-11-24 07:59:02] - Epoch 1 - Score: 18.5251
[2021-11-24 07:59:02] - Epoch 1 - Save Best Score: 18.5251 Model
[2021-11-24 08:02:38] - Epoch 2 - avg_train_loss: 0.6544  avg_val_loss: 0.6446  time: 216s, lr: 0.00010
[2021-11-24 08:02:38] - Epoch 2 - Score: 18.3000
[2021-11-24 08:02:38] - Epoch 2 - Save Best Score: 18.3000 Model
[2021-11-24 08:02:38] - Loss decreased 18.52511 -> 18.29999
[2021-11-24 08:06:15] - Epoch 3 - avg_train_loss: 0.6511  avg_val_loss: 0.6433  time: 216s, lr: 0.00010
[2021-11-24 08:06:15] - Epoch 3 - Score: 18.1261
[2021-11-24 08:06:15] - Epoch 3 - Save Best Score: 18.1261 Model
[2021-11-24 08:06:15] - Loss decreased 18.29999 -> 18.12611
[2021-11-24 08:09:52] - Epoch 4 - avg_train_loss: 0.6501  avg_val_loss: 0.6433  time: 217s, lr: 0.00009
[2021-11-24 08:09:52] - Epoch 4 - Score: 18.1389
[2021-11-24 08:13:29] - Epoch 5 - avg_train_loss: 0.6492  avg_val_loss: 0.6402  time: 217s, lr: 0.00009
[2021-11-24 08:13:29] - Epoch 5 - Score: 17.7376
[2021-11-24 08:13:29] - Epoch 5 - Save Best Score: 17.7376 Model
[2021-11-24 08:13:29] - Loss decreased 18.12611 -> 17.73765
[2021-11-24 08:17:08] - Epoch 6 - avg_train_loss: 0.6464  avg_val_loss: 0.6439  time: 219s, lr: 0.00009
[2021-11-24 08:17:08] - Epoch 6 - Score: 18.2268
[2021-11-24 08:20:47] - Epoch 7 - avg_train_loss: 0.6451  avg_val_loss: 0.6406  time: 219s, lr: 0.00008
[2021-11-24 08:20:47] - Epoch 7 - Score: 17.8035
[2021-11-24 08:24:28] - Epoch 8 - avg_train_loss: 0.6435  avg_val_loss: 0.6428  time: 221s, lr: 0.00007
[2021-11-24 08:24:28] - Epoch 8 - Score: 18.0943
[2021-11-24 08:28:07] - Epoch 9 - avg_train_loss: 0.6420  avg_val_loss: 0.6424  time: 219s, lr: 0.00007
[2021-11-24 08:28:07] - Epoch 9 - Score: 18.0430
[2021-11-24 08:28:07] - Early stop!!
[2021-11-24 08:28:07] - ========== fold: 0 result ==========
[2021-11-24 08:28:07] - Score: 17.7376
[2021-11-24 08:28:07] - ========== fold: 1 training ==========
[2021-11-24 08:31:47] - Epoch 1 - avg_train_loss: 0.6590  avg_val_loss: 0.6498  time: 220s, lr: 0.00010
[2021-11-24 08:31:47] - Epoch 1 - Score: 18.7005
[2021-11-24 08:31:47] - Epoch 1 - Save Best Score: 18.7005 Model
[2021-11-24 08:35:26] - Epoch 2 - avg_train_loss: 0.6539  avg_val_loss: 0.6514  time: 218s, lr: 0.00010
[2021-11-24 08:35:26] - Epoch 2 - Score: 18.8999
[2021-11-24 08:39:03] - Epoch 3 - avg_train_loss: 0.6527  avg_val_loss: 0.6491  time: 217s, lr: 0.00010
[2021-11-24 08:39:03] - Epoch 3 - Score: 18.6111
[2021-11-24 08:39:03] - Epoch 3 - Save Best Score: 18.6111 Model
[2021-11-24 08:39:03] - Loss decreased 18.70046 -> 18.61106
[2021-11-24 08:42:41] - Epoch 4 - avg_train_loss: 0.6511  avg_val_loss: 0.6487  time: 218s, lr: 0.00009
[2021-11-24 08:42:41] - Epoch 4 - Score: 18.5491
[2021-11-24 08:42:41] - Epoch 4 - Save Best Score: 18.5491 Model
[2021-11-24 08:42:41] - Loss decreased 18.61106 -> 18.54907
[2021-11-24 08:46:19] - Epoch 5 - avg_train_loss: 0.6486  avg_val_loss: 0.6476  time: 218s, lr: 0.00009
[2021-11-24 08:46:19] - Epoch 5 - Score: 18.4053
[2021-11-24 08:46:19] - Epoch 5 - Save Best Score: 18.4053 Model
[2021-11-24 08:46:19] - Loss decreased 18.54907 -> 18.40527
[2021-11-24 08:49:56] - Epoch 6 - avg_train_loss: 0.6469  avg_val_loss: 0.6526  time: 217s, lr: 0.00009
[2021-11-24 08:49:56] - Epoch 6 - Score: 19.0291
[2021-11-24 08:53:36] - Epoch 7 - avg_train_loss: 0.6451  avg_val_loss: 0.6492  time: 219s, lr: 0.00008
[2021-11-24 08:53:36] - Epoch 7 - Score: 18.6181
[2021-11-24 08:57:15] - Epoch 8 - avg_train_loss: 0.6442  avg_val_loss: 0.6491  time: 219s, lr: 0.00007
[2021-11-24 08:57:15] - Epoch 8 - Score: 18.6061
[2021-11-24 09:00:54] - Epoch 9 - avg_train_loss: 0.6417  avg_val_loss: 0.6504  time: 219s, lr: 0.00007
[2021-11-24 09:00:54] - Epoch 9 - Score: 18.7408
[2021-11-24 09:00:54] - Early stop!!
[2021-11-24 09:00:54] - ========== fold: 1 result ==========
[2021-11-24 09:00:54] - Score: 18.4053
[2021-11-24 09:00:54] - ========== fold: 2 training ==========
[2021-11-24 09:04:38] - Epoch 1 - avg_train_loss: 0.6596  avg_val_loss: 0.6505  time: 224s, lr: 0.00010
[2021-11-24 09:04:38] - Epoch 1 - Score: 18.7719
[2021-11-24 09:04:38] - Epoch 1 - Save Best Score: 18.7719 Model
[2021-11-24 09:08:17] - Epoch 2 - avg_train_loss: 0.6536  avg_val_loss: 0.6452  time: 220s, lr: 0.00010
[2021-11-24 09:08:17] - Epoch 2 - Score: 18.1072
[2021-11-24 09:08:18] - Epoch 2 - Save Best Score: 18.1072 Model
[2021-11-24 09:08:18] - Loss decreased 18.77186 -> 18.10719
[2021-11-24 09:11:57] - Epoch 3 - avg_train_loss: 0.6514  avg_val_loss: 0.6447  time: 220s, lr: 0.00010
[2021-11-24 09:11:57] - Epoch 3 - Score: 18.0290
[2021-11-24 09:11:57] - Epoch 3 - Save Best Score: 18.0290 Model
[2021-11-24 09:11:57] - Loss decreased 18.10719 -> 18.02904
[2021-11-24 09:15:36] - Epoch 4 - avg_train_loss: 0.6504  avg_val_loss: 0.6452  time: 219s, lr: 0.00009
[2021-11-24 09:15:36] - Epoch 4 - Score: 18.0894
[2021-11-24 09:19:14] - Epoch 5 - avg_train_loss: 0.6492  avg_val_loss: 0.6452  time: 218s, lr: 0.00009
[2021-11-24 09:19:14] - Epoch 5 - Score: 18.1076
[2021-11-24 09:22:53] - Epoch 6 - avg_train_loss: 0.6478  avg_val_loss: 0.6475  time: 219s, lr: 0.00009
[2021-11-24 09:22:53] - Epoch 6 - Score: 18.4095
[2021-11-24 09:26:33] - Epoch 7 - avg_train_loss: 0.6441  avg_val_loss: 0.6456  time: 220s, lr: 0.00008
[2021-11-24 09:26:33] - Epoch 7 - Score: 18.1317
[2021-11-24 09:26:33] - Early stop!!
[2021-11-24 09:26:34] - ========== fold: 2 result ==========
[2021-11-24 09:26:34] - Score: 18.0290
[2021-11-24 09:26:34] - ========== fold: 3 training ==========
[2021-11-24 09:30:13] - Epoch 1 - avg_train_loss: 0.6605  avg_val_loss: 0.6523  time: 219s, lr: 0.00010
[2021-11-24 09:30:13] - Epoch 1 - Score: 19.0551
[2021-11-24 09:30:13] - Epoch 1 - Save Best Score: 19.0551 Model
[2021-11-24 09:33:52] - Epoch 2 - avg_train_loss: 0.6542  avg_val_loss: 0.6495  time: 219s, lr: 0.00010
[2021-11-24 09:33:52] - Epoch 2 - Score: 18.6911
[2021-11-24 09:33:52] - Epoch 2 - Save Best Score: 18.6911 Model
[2021-11-24 09:33:52] - Loss decreased 19.05506 -> 18.69108
[2021-11-24 09:37:32] - Epoch 3 - avg_train_loss: 0.6523  avg_val_loss: 0.6475  time: 219s, lr: 0.00010
[2021-11-24 09:37:32] - Epoch 3 - Score: 18.4414
[2021-11-24 09:37:32] - Epoch 3 - Save Best Score: 18.4414 Model
[2021-11-24 09:37:32] - Loss decreased 18.69108 -> 18.44141
[2021-11-24 09:41:12] - Epoch 4 - avg_train_loss: 0.6502  avg_val_loss: 0.6473  time: 220s, lr: 0.00009
[2021-11-24 09:41:12] - Epoch 4 - Score: 18.4152
[2021-11-24 09:41:12] - Epoch 4 - Save Best Score: 18.4152 Model
[2021-11-24 09:41:12] - Loss decreased 18.44141 -> 18.41524
[2021-11-24 09:44:52] - Epoch 5 - avg_train_loss: 0.6474  avg_val_loss: 0.6478  time: 220s, lr: 0.00009
[2021-11-24 09:44:52] - Epoch 5 - Score: 18.4762
[2021-11-24 09:48:32] - Epoch 6 - avg_train_loss: 0.6465  avg_val_loss: 0.6486  time: 220s, lr: 0.00009
[2021-11-24 09:48:32] - Epoch 6 - Score: 18.5587
[2021-11-24 09:52:13] - Epoch 7 - avg_train_loss: 0.6452  avg_val_loss: 0.6484  time: 221s, lr: 0.00008
[2021-11-24 09:52:13] - Epoch 7 - Score: 18.5241
[2021-11-24 09:55:54] - Epoch 8 - avg_train_loss: 0.6436  avg_val_loss: 0.6516  time: 221s, lr: 0.00007
[2021-11-24 09:55:54] - Epoch 8 - Score: 18.9043
[2021-11-24 09:55:54] - Early stop!!
[2021-11-24 09:55:54] - ========== fold: 3 result ==========
[2021-11-24 09:55:54] - Score: 18.4152
[2021-11-24 09:55:54] - ========== fold: 4 training ==========
[2021-11-24 09:59:35] - Epoch 1 - avg_train_loss: 0.6604  avg_val_loss: 0.6500  time: 220s, lr: 0.00010
[2021-11-24 09:59:35] - Epoch 1 - Score: 18.8518
[2021-11-24 09:59:35] - Epoch 1 - Save Best Score: 18.8518 Model
[2021-11-24 10:03:17] - Epoch 2 - avg_train_loss: 0.6546  avg_val_loss: 0.6475  time: 222s, lr: 0.00010
[2021-11-24 10:03:17] - Epoch 2 - Score: 18.5362
[2021-11-24 10:03:17] - Epoch 2 - Save Best Score: 18.5362 Model
[2021-11-24 10:03:17] - Loss decreased 18.85178 -> 18.53621
[2021-11-24 10:06:58] - Epoch 3 - avg_train_loss: 0.6510  avg_val_loss: 0.6506  time: 221s, lr: 0.00010
[2021-11-24 10:06:58] - Epoch 3 - Score: 18.9438
[2021-11-24 10:10:39] - Epoch 4 - avg_train_loss: 0.6503  avg_val_loss: 0.6489  time: 222s, lr: 0.00009
[2021-11-24 10:10:39] - Epoch 4 - Score: 18.7297
[2021-11-24 10:14:23] - Epoch 5 - avg_train_loss: 0.6478  avg_val_loss: 0.6458  time: 224s, lr: 0.00009
[2021-11-24 10:14:23] - Epoch 5 - Score: 18.3398
[2021-11-24 10:14:23] - Epoch 5 - Save Best Score: 18.3398 Model
[2021-11-24 10:14:23] - Loss decreased 18.53621 -> 18.33983
[2021-11-24 10:18:05] - Epoch 6 - avg_train_loss: 0.6475  avg_val_loss: 0.6487  time: 221s, lr: 0.00009
[2021-11-24 10:18:05] - Epoch 6 - Score: 18.7036
[2021-11-24 10:21:47] - Epoch 7 - avg_train_loss: 0.6449  avg_val_loss: 0.6461  time: 222s, lr: 0.00008
[2021-11-24 10:21:47] - Epoch 7 - Score: 18.3649
[2021-11-24 10:25:29] - Epoch 8 - avg_train_loss: 0.6446  avg_val_loss: 0.6487  time: 222s, lr: 0.00007
[2021-11-24 10:25:29] - Epoch 8 - Score: 18.7020
[2021-11-24 10:29:11] - Epoch 9 - avg_train_loss: 0.6439  avg_val_loss: 0.6508  time: 222s, lr: 0.00007
[2021-11-24 10:29:11] - Epoch 9 - Score: 18.9616
[2021-11-24 10:29:11] - Early stop!!
[2021-11-24 10:29:11] - ========== fold: 4 result ==========
[2021-11-24 10:29:11] - Score: 18.3398
[2021-11-24 10:29:11] - ========== fold: 5 training ==========
[2021-11-24 10:32:55] - Epoch 1 - avg_train_loss: 0.6601  avg_val_loss: 0.6476  time: 223s, lr: 0.00010
[2021-11-24 10:32:55] - Epoch 1 - Score: 18.4032
[2021-11-24 10:32:55] - Epoch 1 - Save Best Score: 18.4032 Model
[2021-11-24 10:36:37] - Epoch 2 - avg_train_loss: 0.6546  avg_val_loss: 0.6453  time: 222s, lr: 0.00010
[2021-11-24 10:36:37] - Epoch 2 - Score: 18.1121
[2021-11-24 10:36:37] - Epoch 2 - Save Best Score: 18.1121 Model
[2021-11-24 10:36:37] - Loss decreased 18.40320 -> 18.11205
[2021-11-24 10:40:19] - Epoch 3 - avg_train_loss: 0.6512  avg_val_loss: 0.6419  time: 222s, lr: 0.00010
[2021-11-24 10:40:19] - Epoch 3 - Score: 17.6791
[2021-11-24 10:40:19] - Epoch 3 - Save Best Score: 17.6791 Model
[2021-11-24 10:40:19] - Loss decreased 18.11205 -> 17.67906
[2021-11-24 10:44:00] - Epoch 4 - avg_train_loss: 0.6505  avg_val_loss: 0.6441  time: 221s, lr: 0.00009
[2021-11-24 10:44:00] - Epoch 4 - Score: 17.9541
[2021-11-24 10:47:41] - Epoch 5 - avg_train_loss: 0.6479  avg_val_loss: 0.6437  time: 221s, lr: 0.00009
[2021-11-24 10:47:41] - Epoch 5 - Score: 17.9172
[2021-11-24 10:51:23] - Epoch 6 - avg_train_loss: 0.6465  avg_val_loss: 0.6447  time: 222s, lr: 0.00009
[2021-11-24 10:51:23] - Epoch 6 - Score: 18.0427
[2021-11-24 10:55:05] - Epoch 7 - avg_train_loss: 0.6456  avg_val_loss: 0.6427  time: 222s, lr: 0.00008
[2021-11-24 10:55:05] - Epoch 7 - Score: 17.7943
[2021-11-24 10:55:05] - Early stop!!
[2021-11-24 10:55:05] - ========== fold: 5 result ==========
[2021-11-24 10:55:05] - Score: 17.6791
[2021-11-24 10:55:05] - ========== fold: 6 training ==========
[2021-11-24 10:58:48] - Epoch 1 - avg_train_loss: 0.6592  avg_val_loss: 0.6506  time: 222s, lr: 0.00010
[2021-11-24 10:58:48] - Epoch 1 - Score: 18.9255
[2021-11-24 10:58:48] - Epoch 1 - Save Best Score: 18.9255 Model
[2021-11-24 11:02:31] - Epoch 2 - avg_train_loss: 0.6545  avg_val_loss: 0.6487  time: 223s, lr: 0.00010
[2021-11-24 11:02:31] - Epoch 2 - Score: 18.6876
[2021-11-24 11:02:31] - Epoch 2 - Save Best Score: 18.6876 Model
[2021-11-24 11:02:31] - Loss decreased 18.92551 -> 18.68756
[2021-11-24 11:06:12] - Epoch 3 - avg_train_loss: 0.6519  avg_val_loss: 0.6469  time: 221s, lr: 0.00010
[2021-11-24 11:06:12] - Epoch 3 - Score: 18.4594
[2021-11-24 11:06:12] - Epoch 3 - Save Best Score: 18.4594 Model
[2021-11-24 11:06:12] - Loss decreased 18.68756 -> 18.45940
[2021-11-24 11:09:54] - Epoch 4 - avg_train_loss: 0.6503  avg_val_loss: 0.6485  time: 222s, lr: 0.00009
[2021-11-24 11:09:54] - Epoch 4 - Score: 18.6722
[2021-11-24 11:13:35] - Epoch 5 - avg_train_loss: 0.6490  avg_val_loss: 0.6470  time: 221s, lr: 0.00009
[2021-11-24 11:13:35] - Epoch 5 - Score: 18.4743
[2021-11-24 11:17:16] - Epoch 6 - avg_train_loss: 0.6472  avg_val_loss: 0.6444  time: 220s, lr: 0.00009
[2021-11-24 11:17:16] - Epoch 6 - Score: 18.1298
[2021-11-24 11:17:16] - Epoch 6 - Save Best Score: 18.1298 Model
[2021-11-24 11:17:16] - Loss decreased 18.45940 -> 18.12980
[2021-11-24 11:20:56] - Epoch 7 - avg_train_loss: 0.6467  avg_val_loss: 0.6458  time: 220s, lr: 0.00008
[2021-11-24 11:20:56] - Epoch 7 - Score: 18.3081
[2021-11-24 11:24:37] - Epoch 8 - avg_train_loss: 0.6431  avg_val_loss: 0.6478  time: 220s, lr: 0.00007
[2021-11-24 11:24:37] - Epoch 8 - Score: 18.5713
[2021-11-24 11:28:17] - Epoch 9 - avg_train_loss: 0.6416  avg_val_loss: 0.6464  time: 221s, lr: 0.00007
[2021-11-24 11:28:17] - Epoch 9 - Score: 18.3674
[2021-11-24 11:31:57] - Epoch 10 - avg_train_loss: 0.6401  avg_val_loss: 0.6498  time: 220s, lr: 0.00006
[2021-11-24 11:31:57] - Epoch 10 - Score: 18.7488
[2021-11-24 11:31:57] - Early stop!!
[2021-11-24 11:31:57] - ========== fold: 6 result ==========
[2021-11-24 11:31:57] - Score: 18.1298
[2021-11-24 11:31:57] - ========== fold: 7 training ==========
[2021-11-24 11:35:39] - Epoch 1 - avg_train_loss: 0.6603  avg_val_loss: 0.6486  time: 221s, lr: 0.00010
[2021-11-24 11:35:39] - Epoch 1 - Score: 18.5401
[2021-11-24 11:35:39] - Epoch 1 - Save Best Score: 18.5401 Model
[2021-11-24 11:39:20] - Epoch 2 - avg_train_loss: 0.6544  avg_val_loss: 0.6452  time: 221s, lr: 0.00010
[2021-11-24 11:39:20] - Epoch 2 - Score: 18.0877
[2021-11-24 11:39:20] - Epoch 2 - Save Best Score: 18.0877 Model
[2021-11-24 11:39:20] - Loss decreased 18.54009 -> 18.08766
[2021-11-24 11:43:01] - Epoch 3 - avg_train_loss: 0.6520  avg_val_loss: 0.6459  time: 221s, lr: 0.00010
[2021-11-24 11:43:01] - Epoch 3 - Score: 18.1714
[2021-11-24 11:46:43] - Epoch 4 - avg_train_loss: 0.6503  avg_val_loss: 0.6420  time: 221s, lr: 0.00009
[2021-11-24 11:46:43] - Epoch 4 - Score: 17.6689
[2021-11-24 11:46:43] - Epoch 4 - Save Best Score: 17.6689 Model
[2021-11-24 11:46:43] - Loss decreased 18.08766 -> 17.66887
[2021-11-24 11:50:23] - Epoch 5 - avg_train_loss: 0.6492  avg_val_loss: 0.6414  time: 220s, lr: 0.00009
[2021-11-24 11:50:23] - Epoch 5 - Score: 17.5921
[2021-11-24 11:50:23] - Epoch 5 - Save Best Score: 17.5921 Model
[2021-11-24 11:50:23] - Loss decreased 17.66887 -> 17.59206
[2021-11-24 11:54:05] - Epoch 6 - avg_train_loss: 0.6489  avg_val_loss: 0.6426  time: 222s, lr: 0.00009
[2021-11-24 11:54:05] - Epoch 6 - Score: 17.7430
[2021-11-24 11:57:48] - Epoch 7 - avg_train_loss: 0.6474  avg_val_loss: 0.6425  time: 222s, lr: 0.00008
[2021-11-24 11:57:48] - Epoch 7 - Score: 17.7452
[2021-11-24 12:01:30] - Epoch 8 - avg_train_loss: 0.6434  avg_val_loss: 0.6405  time: 222s, lr: 0.00007
[2021-11-24 12:01:30] - Epoch 8 - Score: 17.4619
[2021-11-24 12:01:30] - Epoch 8 - Save Best Score: 17.4619 Model
[2021-11-24 12:01:30] - Loss decreased 17.59206 -> 17.46188
[2021-11-24 12:05:12] - Epoch 9 - avg_train_loss: 0.6429  avg_val_loss: 0.6431  time: 222s, lr: 0.00007
[2021-11-24 12:05:12] - Epoch 9 - Score: 17.8262
[2021-11-24 12:08:54] - Epoch 10 - avg_train_loss: 0.6406  avg_val_loss: 0.6429  time: 222s, lr: 0.00006
[2021-11-24 12:08:54] - Epoch 10 - Score: 17.8038
[2021-11-24 12:12:36] - Epoch 11 - avg_train_loss: 0.6399  avg_val_loss: 0.6448  time: 222s, lr: 0.00005
[2021-11-24 12:12:36] - Epoch 11 - Score: 18.0405
[2021-11-24 12:16:18] - Epoch 12 - avg_train_loss: 0.6389  avg_val_loss: 0.6440  time: 222s, lr: 0.00004
[2021-11-24 12:16:18] - Epoch 12 - Score: 17.9164
[2021-11-24 12:16:18] - Early stop!!
[2021-11-24 12:16:18] - ========== fold: 7 result ==========
[2021-11-24 12:16:18] - Score: 17.4619
[2021-11-24 12:16:18] - ========== fold: 8 training ==========
[2021-11-24 12:20:00] - Epoch 1 - avg_train_loss: 0.6609  avg_val_loss: 0.6457  time: 222s, lr: 0.00010
[2021-11-24 12:20:00] - Epoch 1 - Score: 18.3609
[2021-11-24 12:20:00] - Epoch 1 - Save Best Score: 18.3609 Model
[2021-11-24 12:23:41] - Epoch 2 - avg_train_loss: 0.6548  avg_val_loss: 0.6459  time: 221s, lr: 0.00010
[2021-11-24 12:23:41] - Epoch 2 - Score: 18.4131
[2021-11-24 12:27:21] - Epoch 3 - avg_train_loss: 0.6528  avg_val_loss: 0.6416  time: 220s, lr: 0.00010
[2021-11-24 12:27:21] - Epoch 3 - Score: 17.8424
[2021-11-24 12:27:21] - Epoch 3 - Save Best Score: 17.8424 Model
[2021-11-24 12:27:21] - Loss decreased 18.36090 -> 17.84243
[2021-11-24 12:31:02] - Epoch 4 - avg_train_loss: 0.6508  avg_val_loss: 0.6425  time: 221s, lr: 0.00009
[2021-11-24 12:31:02] - Epoch 4 - Score: 17.9632
[2021-11-24 12:34:42] - Epoch 5 - avg_train_loss: 0.6486  avg_val_loss: 0.6412  time: 220s, lr: 0.00009
[2021-11-24 12:34:42] - Epoch 5 - Score: 17.7987
[2021-11-24 12:34:42] - Epoch 5 - Save Best Score: 17.7987 Model
[2021-11-24 12:34:42] - Loss decreased 17.84243 -> 17.79868
[2021-11-24 12:38:21] - Epoch 6 - avg_train_loss: 0.6460  avg_val_loss: 0.6435  time: 219s, lr: 0.00009
[2021-11-24 12:38:21] - Epoch 6 - Score: 18.1024
[2021-11-24 12:42:02] - Epoch 7 - avg_train_loss: 0.6449  avg_val_loss: 0.6420  time: 220s, lr: 0.00008
[2021-11-24 12:42:02] - Epoch 7 - Score: 17.9083
[2021-11-24 12:45:43] - Epoch 8 - avg_train_loss: 0.6421  avg_val_loss: 0.6414  time: 221s, lr: 0.00007
[2021-11-24 12:45:43] - Epoch 8 - Score: 17.8370
[2021-11-24 12:49:24] - Epoch 9 - avg_train_loss: 0.6412  avg_val_loss: 0.6423  time: 221s, lr: 0.00007
[2021-11-24 12:49:24] - Epoch 9 - Score: 17.9382
[2021-11-24 12:49:24] - Early stop!!
[2021-11-24 12:49:24] - ========== fold: 8 result ==========
[2021-11-24 12:49:24] - Score: 17.7987
[2021-11-24 12:49:24] - ========== fold: 9 training ==========
[2021-11-24 12:53:07] - Epoch 1 - avg_train_loss: 0.6594  avg_val_loss: 0.6455  time: 223s, lr: 0.00010
[2021-11-24 12:53:07] - Epoch 1 - Score: 18.2583
[2021-11-24 12:53:07] - Epoch 1 - Save Best Score: 18.2583 Model
[2021-11-24 12:56:49] - Epoch 2 - avg_train_loss: 0.6544  avg_val_loss: 0.6429  time: 222s, lr: 0.00010
[2021-11-24 12:56:49] - Epoch 2 - Score: 17.9128
[2021-11-24 12:56:49] - Epoch 2 - Save Best Score: 17.9128 Model
[2021-11-24 12:56:49] - Loss decreased 18.25830 -> 17.91282
[2021-11-24 13:00:29] - Epoch 3 - avg_train_loss: 0.6518  avg_val_loss: 0.6422  time: 221s, lr: 0.00010
[2021-11-24 13:00:29] - Epoch 3 - Score: 17.8382
[2021-11-24 13:00:29] - Epoch 3 - Save Best Score: 17.8382 Model
[2021-11-24 13:00:29] - Loss decreased 17.91282 -> 17.83819
[2021-11-24 13:04:10] - Epoch 4 - avg_train_loss: 0.6498  avg_val_loss: 0.6422  time: 220s, lr: 0.00009
[2021-11-24 13:04:10] - Epoch 4 - Score: 17.8295
[2021-11-24 13:04:10] - Epoch 4 - Save Best Score: 17.8295 Model
[2021-11-24 13:04:10] - Loss decreased 17.83819 -> 17.82947
[2021-11-24 13:07:51] - Epoch 5 - avg_train_loss: 0.6500  avg_val_loss: 0.6450  time: 221s, lr: 0.00009
[2021-11-24 13:07:51] - Epoch 5 - Score: 18.2005
[2021-11-24 13:11:31] - Epoch 6 - avg_train_loss: 0.6469  avg_val_loss: 0.6418  time: 221s, lr: 0.00009
[2021-11-24 13:11:31] - Epoch 6 - Score: 17.8028
[2021-11-24 13:11:31] - Epoch 6 - Save Best Score: 17.8028 Model
[2021-11-24 13:11:31] - Loss decreased 17.82947 -> 17.80276
[2021-11-24 13:15:12] - Epoch 7 - avg_train_loss: 0.6447  avg_val_loss: 0.6440  time: 220s, lr: 0.00008
[2021-11-24 13:15:12] - Epoch 7 - Score: 18.0964
[2021-11-24 13:18:52] - Epoch 8 - avg_train_loss: 0.6429  avg_val_loss: 0.6415  time: 220s, lr: 0.00007
[2021-11-24 13:18:52] - Epoch 8 - Score: 17.7342
[2021-11-24 13:18:52] - Epoch 8 - Save Best Score: 17.7342 Model
[2021-11-24 13:18:52] - Loss decreased 17.80276 -> 17.73422
[2021-11-24 13:22:32] - Epoch 9 - avg_train_loss: 0.6425  avg_val_loss: 0.6428  time: 219s, lr: 0.00007
[2021-11-24 13:22:32] - Epoch 9 - Score: 17.9059
[2021-11-24 13:26:12] - Epoch 10 - avg_train_loss: 0.6414  avg_val_loss: 0.6431  time: 221s, lr: 0.00006
[2021-11-24 13:26:12] - Epoch 10 - Score: 17.9420
[2021-11-24 13:29:54] - Epoch 11 - avg_train_loss: 0.6386  avg_val_loss: 0.6429  time: 222s, lr: 0.00005
[2021-11-24 13:29:54] - Epoch 11 - Score: 17.9366
[2021-11-24 13:33:35] - Epoch 12 - avg_train_loss: 0.6375  avg_val_loss: 0.6442  time: 221s, lr: 0.00004
[2021-11-24 13:33:35] - Epoch 12 - Score: 18.0480
[2021-11-24 13:33:35] - Early stop!!
[2021-11-24 13:33:35] - ========== fold: 9 result ==========
[2021-11-24 13:33:35] - Score: 17.7342
[2021-11-24 13:33:35] - ========== CV ==========
[2021-11-24 13:33:35] - Score: 17.9760
