[2021-11-24 07:55:20] - ========== fold: 0 training ==========
[2021-11-24 08:06:23] - Epoch 1 - avg_train_loss: 0.6605  avg_val_loss: 0.6485  time: 650s, lr: 0.00010
[2021-11-24 08:06:23] - Epoch 1 - Score: 18.7833
[2021-11-24 08:06:23] - Epoch 1 - Save Best Score: 18.7833 Model
[2021-11-24 08:10:41] - Epoch 2 - avg_train_loss: 0.6547  avg_val_loss: 0.6459  time: 258s, lr: 0.00010
[2021-11-24 08:10:41] - Epoch 2 - Score: 18.4598
[2021-11-24 08:10:41] - Epoch 2 - Save Best Score: 18.4598 Model
[2021-11-24 08:10:41] - Loss decreased 18.78335 -> 18.45977
[2021-11-24 08:15:02] - Epoch 3 - avg_train_loss: 0.6508  avg_val_loss: 0.6464  time: 261s, lr: 0.00010
[2021-11-24 08:15:02] - Epoch 3 - Score: 18.5604
[2021-11-24 08:19:21] - Epoch 4 - avg_train_loss: 0.6497  avg_val_loss: 0.6459  time: 260s, lr: 0.00009
[2021-11-24 08:19:21] - Epoch 4 - Score: 18.4934
[2021-11-24 08:23:43] - Epoch 5 - avg_train_loss: 0.6483  avg_val_loss: 0.6451  time: 261s, lr: 0.00009
[2021-11-24 08:23:43] - Epoch 5 - Score: 18.3671
[2021-11-24 08:23:43] - Epoch 5 - Save Best Score: 18.3671 Model
[2021-11-24 08:23:43] - Loss decreased 18.45977 -> 18.36706
[2021-11-24 08:28:05] - Epoch 6 - avg_train_loss: 0.6451  avg_val_loss: 0.6478  time: 262s, lr: 0.00009
[2021-11-24 08:28:05] - Epoch 6 - Score: 18.7318
[2021-11-24 08:32:29] - Epoch 7 - avg_train_loss: 0.6430  avg_val_loss: 0.6456  time: 264s, lr: 0.00008
[2021-11-24 08:32:29] - Epoch 7 - Score: 18.4447
[2021-11-24 08:36:49] - Epoch 8 - avg_train_loss: 0.6411  avg_val_loss: 0.6467  time: 260s, lr: 0.00007
[2021-11-24 08:36:49] - Epoch 8 - Score: 18.5741
[2021-11-24 08:41:08] - Epoch 9 - avg_train_loss: 0.6396  avg_val_loss: 0.6466  time: 259s, lr: 0.00007
[2021-11-24 08:41:08] - Epoch 9 - Score: 18.5356
[2021-11-24 08:41:08] - Early stop!!
[2021-11-24 08:41:08] - ========== fold: 0 result ==========
[2021-11-24 08:41:08] - Score: 18.3671
[2021-11-24 08:41:08] - ========== fold: 1 training ==========
[2021-11-24 08:45:29] - Epoch 1 - avg_train_loss: 0.6601  avg_val_loss: 0.6515  time: 261s, lr: 0.00010
[2021-11-24 08:45:29] - Epoch 1 - Score: 18.9110
[2021-11-24 08:45:29] - Epoch 1 - Save Best Score: 18.9110 Model
[2021-11-24 08:49:51] - Epoch 2 - avg_train_loss: 0.6544  avg_val_loss: 0.6526  time: 262s, lr: 0.00010
[2021-11-24 08:49:51] - Epoch 2 - Score: 19.0551
[2021-11-24 08:54:14] - Epoch 3 - avg_train_loss: 0.6524  avg_val_loss: 0.6492  time: 263s, lr: 0.00010
[2021-11-24 08:54:14] - Epoch 3 - Score: 18.6378
[2021-11-24 08:54:14] - Epoch 3 - Save Best Score: 18.6378 Model
[2021-11-24 08:54:14] - Loss decreased 18.91104 -> 18.63778
[2021-11-24 08:58:38] - Epoch 4 - avg_train_loss: 0.6510  avg_val_loss: 0.6518  time: 264s, lr: 0.00009
[2021-11-24 08:58:38] - Epoch 4 - Score: 18.9557
[2021-11-24 09:03:03] - Epoch 5 - avg_train_loss: 0.6482  avg_val_loss: 0.6499  time: 265s, lr: 0.00009
[2021-11-24 09:03:03] - Epoch 5 - Score: 18.6919
[2021-11-24 09:07:26] - Epoch 6 - avg_train_loss: 0.6457  avg_val_loss: 0.6507  time: 263s, lr: 0.00009
[2021-11-24 09:07:26] - Epoch 6 - Score: 18.8044
[2021-11-24 09:11:52] - Epoch 7 - avg_train_loss: 0.6437  avg_val_loss: 0.6504  time: 266s, lr: 0.00008
[2021-11-24 09:11:52] - Epoch 7 - Score: 18.7362
[2021-11-24 09:11:52] - Early stop!!
[2021-11-24 09:11:52] - ========== fold: 1 result ==========
[2021-11-24 09:11:52] - Score: 18.6378
[2021-11-24 09:11:52] - ========== fold: 2 training ==========
[2021-11-24 09:16:16] - Epoch 1 - avg_train_loss: 0.6609  avg_val_loss: 0.6500  time: 264s, lr: 0.00010
[2021-11-24 09:16:16] - Epoch 1 - Score: 18.7126
[2021-11-24 09:16:16] - Epoch 1 - Save Best Score: 18.7126 Model
[2021-11-24 09:20:42] - Epoch 2 - avg_train_loss: 0.6551  avg_val_loss: 0.6487  time: 266s, lr: 0.00010
[2021-11-24 09:20:42] - Epoch 2 - Score: 18.5488
[2021-11-24 09:20:42] - Epoch 2 - Save Best Score: 18.5488 Model
[2021-11-24 09:20:42] - Loss decreased 18.71261 -> 18.54876
[2021-11-24 09:25:08] - Epoch 3 - avg_train_loss: 0.6523  avg_val_loss: 0.6498  time: 265s, lr: 0.00010
[2021-11-24 09:25:08] - Epoch 3 - Score: 18.6889
[2021-11-24 09:29:33] - Epoch 4 - avg_train_loss: 0.6490  avg_val_loss: 0.6474  time: 265s, lr: 0.00009
[2021-11-24 09:29:33] - Epoch 4 - Score: 18.4051
[2021-11-24 09:29:33] - Epoch 4 - Save Best Score: 18.4051 Model
[2021-11-24 09:29:33] - Loss decreased 18.54876 -> 18.40510
[2021-11-24 09:33:57] - Epoch 5 - avg_train_loss: 0.6468  avg_val_loss: 0.6475  time: 265s, lr: 0.00009
[2021-11-24 09:33:57] - Epoch 5 - Score: 18.3928
[2021-11-24 09:33:57] - Epoch 5 - Save Best Score: 18.3928 Model
[2021-11-24 09:33:58] - Loss decreased 18.40510 -> 18.39280
[2021-11-24 09:38:22] - Epoch 6 - avg_train_loss: 0.6459  avg_val_loss: 0.6504  time: 264s, lr: 0.00009
[2021-11-24 09:38:22] - Epoch 6 - Score: 18.7556
[2021-11-24 09:42:46] - Epoch 7 - avg_train_loss: 0.6441  avg_val_loss: 0.6481  time: 264s, lr: 0.00008
[2021-11-24 09:42:46] - Epoch 7 - Score: 18.4488
[2021-11-24 09:47:12] - Epoch 8 - avg_train_loss: 0.6421  avg_val_loss: 0.6539  time: 267s, lr: 0.00007
[2021-11-24 09:47:12] - Epoch 8 - Score: 19.1078
[2021-11-24 09:51:38] - Epoch 9 - avg_train_loss: 0.6378  avg_val_loss: 0.6508  time: 266s, lr: 0.00007
[2021-11-24 09:51:38] - Epoch 9 - Score: 18.7428
[2021-11-24 09:51:38] - Early stop!!
[2021-11-24 09:51:38] - ========== fold: 2 result ==========
[2021-11-24 09:51:38] - Score: 18.3928
[2021-11-24 09:51:38] - ========== fold: 3 training ==========
[2021-11-24 09:56:06] - Epoch 1 - avg_train_loss: 0.6603  avg_val_loss: 0.6527  time: 268s, lr: 0.00010
[2021-11-24 09:56:06] - Epoch 1 - Score: 19.1013
[2021-11-24 09:56:06] - Epoch 1 - Save Best Score: 19.1013 Model
[2021-11-24 10:00:32] - Epoch 2 - avg_train_loss: 0.6544  avg_val_loss: 0.6524  time: 266s, lr: 0.00010
[2021-11-24 10:00:32] - Epoch 2 - Score: 19.0648
[2021-11-24 10:00:32] - Epoch 2 - Save Best Score: 19.0648 Model
[2021-11-24 10:00:32] - Loss decreased 19.10133 -> 19.06482
[2021-11-24 10:05:00] - Epoch 3 - avg_train_loss: 0.6524  avg_val_loss: 0.6519  time: 267s, lr: 0.00010
[2021-11-24 10:05:00] - Epoch 3 - Score: 19.0007
[2021-11-24 10:05:00] - Epoch 3 - Save Best Score: 19.0007 Model
[2021-11-24 10:05:00] - Loss decreased 19.06482 -> 19.00071
[2021-11-24 10:09:27] - Epoch 4 - avg_train_loss: 0.6499  avg_val_loss: 0.6517  time: 267s, lr: 0.00009
[2021-11-24 10:09:27] - Epoch 4 - Score: 18.9547
[2021-11-24 10:09:27] - Epoch 4 - Save Best Score: 18.9547 Model
[2021-11-24 10:09:27] - Loss decreased 19.00071 -> 18.95468
[2021-11-24 10:13:51] - Epoch 5 - avg_train_loss: 0.6469  avg_val_loss: 0.6524  time: 264s, lr: 0.00009
[2021-11-24 10:13:51] - Epoch 5 - Score: 19.0286
[2021-11-24 10:18:17] - Epoch 6 - avg_train_loss: 0.6456  avg_val_loss: 0.6541  time: 266s, lr: 0.00009
[2021-11-24 10:18:17] - Epoch 6 - Score: 19.2362
[2021-11-24 10:22:43] - Epoch 7 - avg_train_loss: 0.6443  avg_val_loss: 0.6515  time: 266s, lr: 0.00008
[2021-11-24 10:22:43] - Epoch 7 - Score: 18.9262
[2021-11-24 10:22:43] - Epoch 7 - Save Best Score: 18.9262 Model
[2021-11-24 10:22:43] - Loss decreased 18.95468 -> 18.92618
[2021-11-24 10:27:08] - Epoch 8 - avg_train_loss: 0.6420  avg_val_loss: 0.6566  time: 265s, lr: 0.00007
[2021-11-24 10:27:08] - Epoch 8 - Score: 19.5047
[2021-11-24 10:31:34] - Epoch 9 - avg_train_loss: 0.6385  avg_val_loss: 0.6573  time: 266s, lr: 0.00007
[2021-11-24 10:31:34] - Epoch 9 - Score: 19.5104
[2021-11-24 10:36:01] - Epoch 10 - avg_train_loss: 0.6364  avg_val_loss: 0.6577  time: 267s, lr: 0.00006
[2021-11-24 10:36:01] - Epoch 10 - Score: 19.4560
[2021-11-24 10:40:27] - Epoch 11 - avg_train_loss: 0.6360  avg_val_loss: 0.6651  time: 267s, lr: 0.00005
[2021-11-24 10:40:27] - Epoch 11 - Score: 20.0905
[2021-11-24 10:40:27] - Early stop!!
[2021-11-24 10:40:27] - ========== fold: 3 result ==========
[2021-11-24 10:40:27] - Score: 18.9262
[2021-11-24 10:40:27] - ========== fold: 4 training ==========
[2021-11-24 10:44:54] - Epoch 1 - avg_train_loss: 0.6603  avg_val_loss: 0.6501  time: 267s, lr: 0.00010
[2021-11-24 10:44:54] - Epoch 1 - Score: 18.8610
[2021-11-24 10:44:54] - Epoch 1 - Save Best Score: 18.8610 Model
[2021-11-24 10:49:21] - Epoch 2 - avg_train_loss: 0.6540  avg_val_loss: 0.6505  time: 266s, lr: 0.00010
[2021-11-24 10:49:21] - Epoch 2 - Score: 18.9103
[2021-11-24 10:53:50] - Epoch 3 - avg_train_loss: 0.6529  avg_val_loss: 0.6476  time: 269s, lr: 0.00010
[2021-11-24 10:53:50] - Epoch 3 - Score: 18.5603
[2021-11-24 10:53:50] - Epoch 3 - Save Best Score: 18.5603 Model
[2021-11-24 10:53:51] - Loss decreased 18.86098 -> 18.56027
[2021-11-24 10:58:19] - Epoch 4 - avg_train_loss: 0.6502  avg_val_loss: 0.6460  time: 268s, lr: 0.00009
[2021-11-24 10:58:19] - Epoch 4 - Score: 18.3437
[2021-11-24 10:58:19] - Epoch 4 - Save Best Score: 18.3437 Model
[2021-11-24 10:58:19] - Loss decreased 18.56027 -> 18.34369
[2021-11-24 11:02:47] - Epoch 5 - avg_train_loss: 0.6484  avg_val_loss: 0.6485  time: 268s, lr: 0.00009
[2021-11-24 11:02:47] - Epoch 5 - Score: 18.6622
[2021-11-24 11:07:14] - Epoch 6 - avg_train_loss: 0.6474  avg_val_loss: 0.6479  time: 267s, lr: 0.00009
[2021-11-24 11:07:14] - Epoch 6 - Score: 18.5944
[2021-11-24 11:11:41] - Epoch 7 - avg_train_loss: 0.6434  avg_val_loss: 0.6482  time: 267s, lr: 0.00008
[2021-11-24 11:11:41] - Epoch 7 - Score: 18.6339
[2021-11-24 11:16:09] - Epoch 8 - avg_train_loss: 0.6418  avg_val_loss: 0.6518  time: 268s, lr: 0.00007
[2021-11-24 11:16:09] - Epoch 8 - Score: 19.0539
[2021-11-24 11:16:09] - Early stop!!
[2021-11-24 11:16:09] - ========== fold: 4 result ==========
[2021-11-24 11:16:09] - Score: 18.3437
[2021-11-24 11:16:09] - ========== fold: 5 training ==========
[2021-11-24 11:20:35] - Epoch 1 - avg_train_loss: 0.6602  avg_val_loss: 0.6469  time: 265s, lr: 0.00010
[2021-11-24 11:20:35] - Epoch 1 - Score: 18.3200
[2021-11-24 11:20:35] - Epoch 1 - Save Best Score: 18.3200 Model
[2021-11-24 11:25:00] - Epoch 2 - avg_train_loss: 0.6556  avg_val_loss: 0.6463  time: 266s, lr: 0.00010
[2021-11-24 11:25:00] - Epoch 2 - Score: 18.2451
[2021-11-24 11:25:00] - Epoch 2 - Save Best Score: 18.2451 Model
[2021-11-24 11:25:00] - Loss decreased 18.32000 -> 18.24514
[2021-11-24 11:29:27] - Epoch 3 - avg_train_loss: 0.6520  avg_val_loss: 0.6473  time: 266s, lr: 0.00010
[2021-11-24 11:29:27] - Epoch 3 - Score: 18.3653
[2021-11-24 11:33:54] - Epoch 4 - avg_train_loss: 0.6500  avg_val_loss: 0.6464  time: 267s, lr: 0.00009
[2021-11-24 11:33:54] - Epoch 4 - Score: 18.2541
[2021-11-24 11:38:21] - Epoch 5 - avg_train_loss: 0.6482  avg_val_loss: 0.6448  time: 267s, lr: 0.00009
[2021-11-24 11:38:21] - Epoch 5 - Score: 18.0486
[2021-11-24 11:38:21] - Epoch 5 - Save Best Score: 18.0486 Model
[2021-11-24 11:38:21] - Loss decreased 18.24514 -> 18.04864
[2021-11-24 11:42:45] - Epoch 6 - avg_train_loss: 0.6472  avg_val_loss: 0.6466  time: 263s, lr: 0.00009
[2021-11-24 11:42:45] - Epoch 6 - Score: 18.3039
[2021-11-24 11:47:14] - Epoch 7 - avg_train_loss: 0.6442  avg_val_loss: 0.6461  time: 269s, lr: 0.00008
[2021-11-24 11:47:14] - Epoch 7 - Score: 18.1961
[2021-11-24 11:51:43] - Epoch 8 - avg_train_loss: 0.6405  avg_val_loss: 0.6459  time: 269s, lr: 0.00007
[2021-11-24 11:51:43] - Epoch 8 - Score: 18.1267
[2021-11-24 11:56:11] - Epoch 9 - avg_train_loss: 0.6396  avg_val_loss: 0.6445  time: 268s, lr: 0.00007
[2021-11-24 11:56:11] - Epoch 9 - Score: 17.9846
[2021-11-24 11:56:11] - Epoch 9 - Save Best Score: 17.9846 Model
[2021-11-24 11:56:11] - Loss decreased 18.04864 -> 17.98458
[2021-11-24 12:00:39] - Epoch 10 - avg_train_loss: 0.6393  avg_val_loss: 0.6480  time: 268s, lr: 0.00006
[2021-11-24 12:00:39] - Epoch 10 - Score: 18.4183
[2021-11-24 12:05:08] - Epoch 11 - avg_train_loss: 0.6365  avg_val_loss: 0.6474  time: 269s, lr: 0.00005
[2021-11-24 12:05:08] - Epoch 11 - Score: 18.2791
[2021-11-24 12:09:37] - Epoch 12 - avg_train_loss: 0.6378  avg_val_loss: 0.6469  time: 269s, lr: 0.00004
[2021-11-24 12:09:37] - Epoch 12 - Score: 18.2295
[2021-11-24 12:14:08] - Epoch 13 - avg_train_loss: 0.6323  avg_val_loss: 0.6483  time: 271s, lr: 0.00004
[2021-11-24 12:14:08] - Epoch 13 - Score: 18.4526
[2021-11-24 12:14:08] - Early stop!!
[2021-11-24 12:14:08] - ========== fold: 5 result ==========
[2021-11-24 12:14:08] - Score: 17.9846
[2021-11-24 12:14:08] - ========== fold: 6 training ==========
[2021-11-24 12:18:36] - Epoch 1 - avg_train_loss: 0.6606  avg_val_loss: 0.6493  time: 268s, lr: 0.00010
[2021-11-24 12:18:36] - Epoch 1 - Score: 18.7495
[2021-11-24 12:18:36] - Epoch 1 - Save Best Score: 18.7495 Model
[2021-11-24 12:23:04] - Epoch 2 - avg_train_loss: 0.6543  avg_val_loss: 0.6482  time: 267s, lr: 0.00010
[2021-11-24 12:23:04] - Epoch 2 - Score: 18.6383
[2021-11-24 12:23:04] - Epoch 2 - Save Best Score: 18.6383 Model
[2021-11-24 12:23:04] - Loss decreased 18.74955 -> 18.63834
[2021-11-24 12:27:29] - Epoch 3 - avg_train_loss: 0.6520  avg_val_loss: 0.6451  time: 265s, lr: 0.00010
[2021-11-24 12:27:29] - Epoch 3 - Score: 18.2251
[2021-11-24 12:27:29] - Epoch 3 - Save Best Score: 18.2251 Model
[2021-11-24 12:27:29] - Loss decreased 18.63834 -> 18.22511
[2021-11-24 12:31:55] - Epoch 4 - avg_train_loss: 0.6498  avg_val_loss: 0.6493  time: 266s, lr: 0.00009
[2021-11-24 12:31:55] - Epoch 4 - Score: 18.7648
[2021-11-24 12:36:21] - Epoch 5 - avg_train_loss: 0.6487  avg_val_loss: 0.6482  time: 266s, lr: 0.00009
[2021-11-24 12:36:21] - Epoch 5 - Score: 18.6161
[2021-11-24 12:40:47] - Epoch 6 - avg_train_loss: 0.6454  avg_val_loss: 0.6456  time: 266s, lr: 0.00009
[2021-11-24 12:40:47] - Epoch 6 - Score: 18.2893
[2021-11-24 12:45:13] - Epoch 7 - avg_train_loss: 0.6437  avg_val_loss: 0.6470  time: 266s, lr: 0.00008
[2021-11-24 12:45:13] - Epoch 7 - Score: 18.4859
[2021-11-24 12:45:13] - Early stop!!
[2021-11-24 12:45:13] - ========== fold: 6 result ==========
[2021-11-24 12:45:13] - Score: 18.2251
[2021-11-24 12:45:13] - ========== fold: 7 training ==========
[2021-11-24 12:49:37] - Epoch 1 - avg_train_loss: 0.6613  avg_val_loss: 0.6506  time: 264s, lr: 0.00010
[2021-11-24 12:49:37] - Epoch 1 - Score: 18.7768
[2021-11-24 12:49:37] - Epoch 1 - Save Best Score: 18.7768 Model
[2021-11-24 12:54:02] - Epoch 2 - avg_train_loss: 0.6560  avg_val_loss: 0.6472  time: 264s, lr: 0.00010
[2021-11-24 12:54:02] - Epoch 2 - Score: 18.3527
[2021-11-24 12:54:02] - Epoch 2 - Save Best Score: 18.3527 Model
[2021-11-24 12:54:02] - Loss decreased 18.77685 -> 18.35267
[2021-11-24 12:58:26] - Epoch 3 - avg_train_loss: 0.6521  avg_val_loss: 0.6461  time: 264s, lr: 0.00010
[2021-11-24 12:58:26] - Epoch 3 - Score: 18.2022
[2021-11-24 12:58:26] - Epoch 3 - Save Best Score: 18.2022 Model
[2021-11-24 12:58:26] - Loss decreased 18.35267 -> 18.20219
[2021-11-24 13:02:52] - Epoch 4 - avg_train_loss: 0.6502  avg_val_loss: 0.6457  time: 265s, lr: 0.00009
[2021-11-24 13:02:52] - Epoch 4 - Score: 18.1588
[2021-11-24 13:02:52] - Epoch 4 - Save Best Score: 18.1588 Model
[2021-11-24 13:02:52] - Loss decreased 18.20219 -> 18.15879
[2021-11-24 13:07:18] - Epoch 5 - avg_train_loss: 0.6478  avg_val_loss: 0.6444  time: 266s, lr: 0.00009
[2021-11-24 13:07:18] - Epoch 5 - Score: 17.9877
[2021-11-24 13:07:18] - Epoch 5 - Save Best Score: 17.9877 Model
[2021-11-24 13:07:18] - Loss decreased 18.15879 -> 17.98775
[2021-11-24 13:11:45] - Epoch 6 - avg_train_loss: 0.6467  avg_val_loss: 0.6448  time: 266s, lr: 0.00009
[2021-11-24 13:11:45] - Epoch 6 - Score: 18.0311
[2021-11-24 13:16:11] - Epoch 7 - avg_train_loss: 0.6447  avg_val_loss: 0.6461  time: 266s, lr: 0.00008
[2021-11-24 13:16:11] - Epoch 7 - Score: 18.2056
[2021-11-24 13:20:37] - Epoch 8 - avg_train_loss: 0.6426  avg_val_loss: 0.6441  time: 266s, lr: 0.00007
[2021-11-24 13:20:37] - Epoch 8 - Score: 17.9403
[2021-11-24 13:20:37] - Epoch 8 - Save Best Score: 17.9403 Model
[2021-11-24 13:20:37] - Loss decreased 17.98775 -> 17.94031
[2021-11-24 13:25:00] - Epoch 9 - avg_train_loss: 0.6408  avg_val_loss: 0.6450  time: 263s, lr: 0.00007
[2021-11-24 13:25:00] - Epoch 9 - Score: 18.0436
[2021-11-24 13:29:25] - Epoch 10 - avg_train_loss: 0.6392  avg_val_loss: 0.6459  time: 264s, lr: 0.00006
[2021-11-24 13:29:25] - Epoch 10 - Score: 18.1674
[2021-11-24 13:33:47] - Epoch 11 - avg_train_loss: 0.6360  avg_val_loss: 0.6437  time: 263s, lr: 0.00005
[2021-11-24 13:33:47] - Epoch 11 - Score: 17.9074
[2021-11-24 13:33:47] - Epoch 11 - Save Best Score: 17.9074 Model
[2021-11-24 13:33:47] - Loss decreased 17.94031 -> 17.90735
[2021-11-24 13:38:12] - Epoch 12 - avg_train_loss: 0.6343  avg_val_loss: 0.6463  time: 264s, lr: 0.00004
[2021-11-24 13:38:12] - Epoch 12 - Score: 18.2339
[2021-11-24 13:42:37] - Epoch 13 - avg_train_loss: 0.6322  avg_val_loss: 0.6452  time: 265s, lr: 0.00004
[2021-11-24 13:42:37] - Epoch 13 - Score: 18.0612
[2021-11-24 13:47:01] - Epoch 14 - avg_train_loss: 0.6305  avg_val_loss: 0.6462  time: 264s, lr: 0.00003
[2021-11-24 13:47:01] - Epoch 14 - Score: 18.1810
[2021-11-24 13:51:25] - Epoch 15 - avg_train_loss: 0.6310  avg_val_loss: 0.6465  time: 264s, lr: 0.00002
[2021-11-24 13:51:25] - Epoch 15 - Score: 18.2503
[2021-11-24 13:51:25] - Early stop!!
[2021-11-24 13:51:25] - ========== fold: 7 result ==========
[2021-11-24 13:51:25] - Score: 17.9074
[2021-11-24 13:51:25] - ========== fold: 8 training ==========
[2021-11-24 13:55:54] - Epoch 1 - avg_train_loss: 0.6602  avg_val_loss: 0.6474  time: 269s, lr: 0.00010
[2021-11-24 13:55:54] - Epoch 1 - Score: 18.5894
[2021-11-24 13:55:54] - Epoch 1 - Save Best Score: 18.5894 Model
[2021-11-24 14:00:21] - Epoch 2 - avg_train_loss: 0.6544  avg_val_loss: 0.6460  time: 267s, lr: 0.00010
[2021-11-24 14:00:21] - Epoch 2 - Score: 18.4135
[2021-11-24 14:00:21] - Epoch 2 - Save Best Score: 18.4135 Model
[2021-11-24 14:00:21] - Loss decreased 18.58943 -> 18.41352
[2021-11-24 14:04:51] - Epoch 3 - avg_train_loss: 0.6519  avg_val_loss: 0.6462  time: 269s, lr: 0.00010
[2021-11-24 14:04:51] - Epoch 3 - Score: 18.4421
[2021-11-24 14:09:18] - Epoch 4 - avg_train_loss: 0.6501  avg_val_loss: 0.6430  time: 268s, lr: 0.00009
[2021-11-24 14:09:18] - Epoch 4 - Score: 18.0350
[2021-11-24 14:09:18] - Epoch 4 - Save Best Score: 18.0350 Model
[2021-11-24 14:09:18] - Loss decreased 18.41352 -> 18.03498
[2021-11-24 14:13:46] - Epoch 5 - avg_train_loss: 0.6470  avg_val_loss: 0.6462  time: 267s, lr: 0.00009
[2021-11-24 14:13:46] - Epoch 5 - Score: 18.4543
[2021-11-24 14:18:13] - Epoch 6 - avg_train_loss: 0.6463  avg_val_loss: 0.6483  time: 268s, lr: 0.00009
[2021-11-24 14:18:13] - Epoch 6 - Score: 18.6956
[2021-11-24 14:22:42] - Epoch 7 - avg_train_loss: 0.6434  avg_val_loss: 0.6454  time: 268s, lr: 0.00008
[2021-11-24 14:22:42] - Epoch 7 - Score: 18.3451
[2021-11-24 14:27:10] - Epoch 8 - avg_train_loss: 0.6405  avg_val_loss: 0.6476  time: 269s, lr: 0.00007
[2021-11-24 14:27:10] - Epoch 8 - Score: 18.5763
[2021-11-24 14:27:10] - Early stop!!
[2021-11-24 14:27:10] - ========== fold: 8 result ==========
[2021-11-24 14:27:10] - Score: 18.0350
[2021-11-24 14:27:10] - ========== fold: 9 training ==========
[2021-11-24 14:31:40] - Epoch 1 - avg_train_loss: 0.6599  avg_val_loss: 0.6461  time: 269s, lr: 0.00010
[2021-11-24 14:31:40] - Epoch 1 - Score: 18.3359
[2021-11-24 14:31:40] - Epoch 1 - Save Best Score: 18.3359 Model
[2021-11-24 14:36:11] - Epoch 2 - avg_train_loss: 0.6547  avg_val_loss: 0.6476  time: 270s, lr: 0.00010
[2021-11-24 14:36:11] - Epoch 2 - Score: 18.5236
[2021-11-24 14:40:41] - Epoch 3 - avg_train_loss: 0.6534  avg_val_loss: 0.6444  time: 270s, lr: 0.00010
[2021-11-24 14:40:41] - Epoch 3 - Score: 18.1240
[2021-11-24 14:40:41] - Epoch 3 - Save Best Score: 18.1240 Model
[2021-11-24 14:40:41] - Loss decreased 18.33590 -> 18.12397
[2021-11-24 14:45:09] - Epoch 4 - avg_train_loss: 0.6493  avg_val_loss: 0.6438  time: 268s, lr: 0.00009
[2021-11-24 14:45:09] - Epoch 4 - Score: 18.0310
[2021-11-24 14:45:09] - Epoch 4 - Save Best Score: 18.0310 Model
