[2021-11-24 01:49:37] - ========== fold: 0 training ==========
[2021-11-24 01:59:49] - Epoch 1 - avg_train_loss: 0.6578  avg_val_loss: 0.6455  time: 597s, lr: 0.00010
[2021-11-24 01:59:49] - Epoch 1 - Score: 18.4153
[2021-11-24 01:59:49] - Epoch 1 - Save Best Score: 18.4153 Model
[2021-11-24 02:03:37] - Epoch 2 - avg_train_loss: 0.6511  avg_val_loss: 0.6500  time: 227s, lr: 0.00010
[2021-11-24 02:03:37] - Epoch 2 - Score: 19.0038
[2021-11-24 02:07:23] - Epoch 3 - avg_train_loss: 0.6485  avg_val_loss: 0.6471  time: 225s, lr: 0.00010
[2021-11-24 02:07:23] - Epoch 3 - Score: 18.6227
[2021-11-24 02:11:09] - Epoch 4 - avg_train_loss: 0.6458  avg_val_loss: 0.6441  time: 227s, lr: 0.00009
[2021-11-24 02:11:09] - Epoch 4 - Score: 18.2528
[2021-11-24 02:11:09] - Epoch 4 - Save Best Score: 18.2528 Model
[2021-11-24 02:11:10] - Loss decreased 18.41532 -> 18.25282
[2021-11-24 02:14:56] - Epoch 5 - avg_train_loss: 0.6440  avg_val_loss: 0.6433  time: 226s, lr: 0.00009
[2021-11-24 02:14:56] - Epoch 5 - Score: 18.1548
[2021-11-24 02:14:56] - Epoch 5 - Save Best Score: 18.1548 Model
[2021-11-24 02:14:57] - Loss decreased 18.25282 -> 18.15480
[2021-11-24 02:18:42] - Epoch 6 - avg_train_loss: 0.6399  avg_val_loss: 0.6454  time: 225s, lr: 0.00009
[2021-11-24 02:18:42] - Epoch 6 - Score: 18.4001
[2021-11-24 02:22:28] - Epoch 7 - avg_train_loss: 0.6383  avg_val_loss: 0.6466  time: 226s, lr: 0.00008
[2021-11-24 02:22:28] - Epoch 7 - Score: 18.5658
[2021-11-24 02:26:14] - Epoch 8 - avg_train_loss: 0.6349  avg_val_loss: 0.6517  time: 226s, lr: 0.00007
[2021-11-24 02:26:14] - Epoch 8 - Score: 19.1124
[2021-11-24 02:30:00] - Epoch 9 - avg_train_loss: 0.6345  avg_val_loss: 0.6469  time: 226s, lr: 0.00007
[2021-11-24 02:30:00] - Epoch 9 - Score: 18.6195
[2021-11-24 02:30:00] - Early stop!!
[2021-11-24 02:30:00] - ========== fold: 0 result ==========
[2021-11-24 02:30:00] - Score: 18.1548
[2021-11-24 02:30:00] - ========== fold: 1 training ==========
[2021-11-24 02:33:50] - Epoch 1 - avg_train_loss: 0.6576  avg_val_loss: 0.6504  time: 229s, lr: 0.00010
[2021-11-24 02:33:50] - Epoch 1 - Score: 18.7832
[2021-11-24 02:33:50] - Epoch 1 - Save Best Score: 18.7832 Model
[2021-11-24 02:37:41] - Epoch 2 - avg_train_loss: 0.6520  avg_val_loss: 0.6488  time: 230s, lr: 0.00010
[2021-11-24 02:37:41] - Epoch 2 - Score: 18.5728
[2021-11-24 02:37:41] - Epoch 2 - Save Best Score: 18.5728 Model
[2021-11-24 02:37:41] - Loss decreased 18.78324 -> 18.57281
[2021-11-24 02:41:31] - Epoch 3 - avg_train_loss: 0.6493  avg_val_loss: 0.6529  time: 229s, lr: 0.00010
[2021-11-24 02:41:31] - Epoch 3 - Score: 19.0975
[2021-11-24 02:45:19] - Epoch 4 - avg_train_loss: 0.6464  avg_val_loss: 0.6466  time: 228s, lr: 0.00009
[2021-11-24 02:45:19] - Epoch 4 - Score: 18.2754
[2021-11-24 02:45:19] - Epoch 4 - Save Best Score: 18.2754 Model
[2021-11-24 02:45:19] - Loss decreased 18.57281 -> 18.27538
[2021-11-24 02:49:08] - Epoch 5 - avg_train_loss: 0.6436  avg_val_loss: 0.6470  time: 228s, lr: 0.00009
[2021-11-24 02:49:08] - Epoch 5 - Score: 18.3139
[2021-11-24 02:52:57] - Epoch 6 - avg_train_loss: 0.6400  avg_val_loss: 0.6512  time: 229s, lr: 0.00009
[2021-11-24 02:52:57] - Epoch 6 - Score: 18.7491
[2021-11-24 02:56:45] - Epoch 7 - avg_train_loss: 0.6377  avg_val_loss: 0.6507  time: 228s, lr: 0.00008
[2021-11-24 02:56:45] - Epoch 7 - Score: 18.7378
[2021-11-24 03:00:34] - Epoch 8 - avg_train_loss: 0.6347  avg_val_loss: 0.6540  time: 229s, lr: 0.00007
[2021-11-24 03:00:34] - Epoch 8 - Score: 19.1150
[2021-11-24 03:00:34] - Early stop!!
[2021-11-24 03:00:34] - ========== fold: 1 result ==========
[2021-11-24 03:00:34] - Score: 18.2754
[2021-11-24 03:00:34] - ========== fold: 2 training ==========
[2021-11-24 03:04:23] - Epoch 1 - avg_train_loss: 0.6579  avg_val_loss: 0.6456  time: 229s, lr: 0.00010
[2021-11-24 03:04:23] - Epoch 1 - Score: 18.1730
[2021-11-24 03:04:23] - Epoch 1 - Save Best Score: 18.1730 Model
[2021-11-24 03:08:14] - Epoch 2 - avg_train_loss: 0.6516  avg_val_loss: 0.6457  time: 230s, lr: 0.00010
[2021-11-24 03:08:14] - Epoch 2 - Score: 18.1800
[2021-11-24 03:12:02] - Epoch 3 - avg_train_loss: 0.6484  avg_val_loss: 0.6453  time: 228s, lr: 0.00010
[2021-11-24 03:12:02] - Epoch 3 - Score: 18.1120
[2021-11-24 03:12:02] - Epoch 3 - Save Best Score: 18.1120 Model
[2021-11-24 03:12:02] - Loss decreased 18.17302 -> 18.11201
[2021-11-24 03:15:52] - Epoch 4 - avg_train_loss: 0.6458  avg_val_loss: 0.6507  time: 229s, lr: 0.00009
[2021-11-24 03:15:52] - Epoch 4 - Score: 18.7634
[2021-11-24 03:19:40] - Epoch 5 - avg_train_loss: 0.6428  avg_val_loss: 0.6443  time: 228s, lr: 0.00009
[2021-11-24 03:19:40] - Epoch 5 - Score: 17.9884
[2021-11-24 03:19:40] - Epoch 5 - Save Best Score: 17.9884 Model
[2021-11-24 03:19:40] - Loss decreased 18.11201 -> 17.98843
[2021-11-24 03:23:29] - Epoch 6 - avg_train_loss: 0.6395  avg_val_loss: 0.6506  time: 228s, lr: 0.00009
[2021-11-24 03:23:29] - Epoch 6 - Score: 18.7769
[2021-11-24 03:27:17] - Epoch 7 - avg_train_loss: 0.6376  avg_val_loss: 0.6525  time: 228s, lr: 0.00008
[2021-11-24 03:27:17] - Epoch 7 - Score: 18.8757
[2021-11-24 03:31:05] - Epoch 8 - avg_train_loss: 0.6338  avg_val_loss: 0.6483  time: 228s, lr: 0.00007
[2021-11-24 03:31:05] - Epoch 8 - Score: 18.4614
[2021-11-24 03:34:54] - Epoch 9 - avg_train_loss: 0.6344  avg_val_loss: 0.6482  time: 229s, lr: 0.00007
[2021-11-24 03:34:54] - Epoch 9 - Score: 18.4405
[2021-11-24 03:34:54] - Early stop!!
[2021-11-24 03:34:55] - ========== fold: 2 result ==========
[2021-11-24 03:34:55] - Score: 17.9884
[2021-11-24 03:34:55] - ========== fold: 3 training ==========
[2021-11-24 03:38:46] - Epoch 1 - avg_train_loss: 0.6574  avg_val_loss: 0.6513  time: 231s, lr: 0.00010
[2021-11-24 03:38:46] - Epoch 1 - Score: 18.9176
[2021-11-24 03:38:46] - Epoch 1 - Save Best Score: 18.9176 Model
[2021-11-24 03:42:35] - Epoch 2 - avg_train_loss: 0.6516  avg_val_loss: 0.6503  time: 228s, lr: 0.00010
[2021-11-24 03:42:35] - Epoch 2 - Score: 18.7882
[2021-11-24 03:42:35] - Epoch 2 - Save Best Score: 18.7882 Model
[2021-11-24 03:42:36] - Loss decreased 18.91758 -> 18.78821
[2021-11-24 03:46:26] - Epoch 3 - avg_train_loss: 0.6483  avg_val_loss: 0.6537  time: 229s, lr: 0.00010
[2021-11-24 03:46:26] - Epoch 3 - Score: 19.2121
[2021-11-24 03:50:17] - Epoch 4 - avg_train_loss: 0.6456  avg_val_loss: 0.6536  time: 231s, lr: 0.00009
[2021-11-24 03:50:17] - Epoch 4 - Score: 19.0656
[2021-11-24 03:54:06] - Epoch 5 - avg_train_loss: 0.6433  avg_val_loss: 0.6532  time: 229s, lr: 0.00009
[2021-11-24 03:54:06] - Epoch 5 - Score: 19.0691
[2021-11-24 03:57:56] - Epoch 6 - avg_train_loss: 0.6400  avg_val_loss: 0.6536  time: 229s, lr: 0.00009
[2021-11-24 03:57:56] - Epoch 6 - Score: 19.0861
[2021-11-24 03:57:56] - Early stop!!
[2021-11-24 03:57:56] - ========== fold: 3 result ==========
[2021-11-24 03:57:56] - Score: 18.7882
[2021-11-24 03:57:56] - ========== fold: 4 training ==========
[2021-11-24 04:01:44] - Epoch 1 - avg_train_loss: 0.6570  avg_val_loss: 0.6497  time: 228s, lr: 0.00010
[2021-11-24 04:01:44] - Epoch 1 - Score: 18.8091
[2021-11-24 04:01:44] - Epoch 1 - Save Best Score: 18.8091 Model
[2021-11-24 04:05:35] - Epoch 2 - avg_train_loss: 0.6524  avg_val_loss: 0.6449  time: 229s, lr: 0.00010
[2021-11-24 04:05:35] - Epoch 2 - Score: 18.2272
[2021-11-24 04:05:35] - Epoch 2 - Save Best Score: 18.2272 Model
[2021-11-24 04:05:35] - Loss decreased 18.80913 -> 18.22717
[2021-11-24 04:09:23] - Epoch 3 - avg_train_loss: 0.6490  avg_val_loss: 0.6457  time: 228s, lr: 0.00010
[2021-11-24 04:09:23] - Epoch 3 - Score: 18.3325
[2021-11-24 04:13:10] - Epoch 4 - avg_train_loss: 0.6459  avg_val_loss: 0.6467  time: 227s, lr: 0.00009
[2021-11-24 04:13:10] - Epoch 4 - Score: 18.4892
[2021-11-24 04:16:59] - Epoch 5 - avg_train_loss: 0.6428  avg_val_loss: 0.6478  time: 228s, lr: 0.00009
[2021-11-24 04:16:59] - Epoch 5 - Score: 18.5715
[2021-11-24 04:20:46] - Epoch 6 - avg_train_loss: 0.6407  avg_val_loss: 0.6481  time: 227s, lr: 0.00009
[2021-11-24 04:20:46] - Epoch 6 - Score: 18.6109
[2021-11-24 04:20:46] - Early stop!!
[2021-11-24 04:20:46] - ========== fold: 4 result ==========
[2021-11-24 04:20:46] - Score: 18.2272
[2021-11-24 04:20:46] - ========== fold: 5 training ==========
[2021-11-24 04:24:36] - Epoch 1 - avg_train_loss: 0.6584  avg_val_loss: 0.6460  time: 230s, lr: 0.00010
[2021-11-24 04:24:36] - Epoch 1 - Score: 18.2062
[2021-11-24 04:24:36] - Epoch 1 - Save Best Score: 18.2062 Model
[2021-11-24 04:28:27] - Epoch 2 - avg_train_loss: 0.6522  avg_val_loss: 0.6472  time: 230s, lr: 0.00010
[2021-11-24 04:28:27] - Epoch 2 - Score: 18.3740
[2021-11-24 04:32:17] - Epoch 3 - avg_train_loss: 0.6494  avg_val_loss: 0.6404  time: 230s, lr: 0.00010
[2021-11-24 04:32:17] - Epoch 3 - Score: 17.4886
[2021-11-24 04:32:17] - Epoch 3 - Save Best Score: 17.4886 Model
[2021-11-24 04:32:17] - Loss decreased 18.20617 -> 17.48865
[2021-11-24 04:36:07] - Epoch 4 - avg_train_loss: 0.6466  avg_val_loss: 0.6389  time: 230s, lr: 0.00009
[2021-11-24 04:36:07] - Epoch 4 - Score: 17.2909
[2021-11-24 04:36:07] - Epoch 4 - Save Best Score: 17.2909 Model
[2021-11-24 04:36:08] - Loss decreased 17.48865 -> 17.29092
[2021-11-24 04:39:58] - Epoch 5 - avg_train_loss: 0.6428  avg_val_loss: 0.6420  time: 229s, lr: 0.00009
[2021-11-24 04:39:58] - Epoch 5 - Score: 17.7147
[2021-11-24 04:43:47] - Epoch 6 - avg_train_loss: 0.6405  avg_val_loss: 0.6412  time: 230s, lr: 0.00009
[2021-11-24 04:43:47] - Epoch 6 - Score: 17.5777
[2021-11-24 04:47:37] - Epoch 7 - avg_train_loss: 0.6375  avg_val_loss: 0.6451  time: 229s, lr: 0.00008
[2021-11-24 04:47:37] - Epoch 7 - Score: 18.0827
[2021-11-24 04:51:27] - Epoch 8 - avg_train_loss: 0.6353  avg_val_loss: 0.6441  time: 230s, lr: 0.00007
[2021-11-24 04:51:27] - Epoch 8 - Score: 17.9517
[2021-11-24 04:51:27] - Early stop!!
[2021-11-24 04:51:27] - ========== fold: 5 result ==========
[2021-11-24 04:51:27] - Score: 17.2909
[2021-11-24 04:51:27] - ========== fold: 6 training ==========
[2021-11-24 04:55:16] - Epoch 1 - avg_train_loss: 0.6569  avg_val_loss: 0.6499  time: 228s, lr: 0.00010
[2021-11-24 04:55:16] - Epoch 1 - Score: 18.8397
[2021-11-24 04:55:16] - Epoch 1 - Save Best Score: 18.8397 Model
[2021-11-24 04:59:05] - Epoch 2 - avg_train_loss: 0.6518  avg_val_loss: 0.6467  time: 228s, lr: 0.00010
[2021-11-24 04:59:05] - Epoch 2 - Score: 18.4395
[2021-11-24 04:59:05] - Epoch 2 - Save Best Score: 18.4395 Model
[2021-11-24 04:59:05] - Loss decreased 18.83974 -> 18.43953
[2021-11-24 05:02:53] - Epoch 3 - avg_train_loss: 0.6483  avg_val_loss: 0.6475  time: 227s, lr: 0.00010
[2021-11-24 05:02:53] - Epoch 3 - Score: 18.5374
[2021-11-24 05:06:40] - Epoch 4 - avg_train_loss: 0.6459  avg_val_loss: 0.6473  time: 227s, lr: 0.00009
[2021-11-24 05:06:40] - Epoch 4 - Score: 18.5127
[2021-11-24 05:10:29] - Epoch 5 - avg_train_loss: 0.6427  avg_val_loss: 0.6508  time: 229s, lr: 0.00009
[2021-11-24 05:10:29] - Epoch 5 - Score: 18.9310
[2021-11-24 05:14:21] - Epoch 6 - avg_train_loss: 0.6389  avg_val_loss: 0.6473  time: 232s, lr: 0.00009
[2021-11-24 05:14:21] - Epoch 6 - Score: 18.4999
[2021-11-24 05:14:21] - Early stop!!
[2021-11-24 05:14:21] - ========== fold: 6 result ==========
[2021-11-24 05:14:21] - Score: 18.4395
[2021-11-24 05:14:21] - ========== fold: 7 training ==========
[2021-11-24 05:18:14] - Epoch 1 - avg_train_loss: 0.6576  avg_val_loss: 0.6474  time: 232s, lr: 0.00010
[2021-11-24 05:18:14] - Epoch 1 - Score: 18.3619
[2021-11-24 05:18:14] - Epoch 1 - Save Best Score: 18.3619 Model
[2021-11-24 05:22:02] - Epoch 2 - avg_train_loss: 0.6521  avg_val_loss: 0.6443  time: 227s, lr: 0.00010
[2021-11-24 05:22:02] - Epoch 2 - Score: 17.9334
[2021-11-24 05:22:02] - Epoch 2 - Save Best Score: 17.9334 Model
[2021-11-24 05:22:02] - Loss decreased 18.36189 -> 17.93339
[2021-11-24 05:25:52] - Epoch 3 - avg_train_loss: 0.6487  avg_val_loss: 0.6420  time: 229s, lr: 0.00010
[2021-11-24 05:25:52] - Epoch 3 - Score: 17.6741
[2021-11-24 05:25:52] - Epoch 3 - Save Best Score: 17.6741 Model
[2021-11-24 05:25:52] - Loss decreased 17.93339 -> 17.67414
[2021-11-24 05:29:42] - Epoch 4 - avg_train_loss: 0.6474  avg_val_loss: 0.6440  time: 229s, lr: 0.00009
[2021-11-24 05:29:42] - Epoch 4 - Score: 17.9329
[2021-11-24 05:33:32] - Epoch 5 - avg_train_loss: 0.6434  avg_val_loss: 0.6435  time: 230s, lr: 0.00009
[2021-11-24 05:33:32] - Epoch 5 - Score: 17.8692
[2021-11-24 05:37:20] - Epoch 6 - avg_train_loss: 0.6405  avg_val_loss: 0.6427  time: 228s, lr: 0.00009
[2021-11-24 05:37:20] - Epoch 6 - Score: 17.7450
[2021-11-24 05:41:09] - Epoch 7 - avg_train_loss: 0.6384  avg_val_loss: 0.6442  time: 229s, lr: 0.00008
[2021-11-24 05:41:09] - Epoch 7 - Score: 17.8850
[2021-11-24 05:41:09] - Early stop!!
[2021-11-24 05:41:09] - ========== fold: 7 result ==========
[2021-11-24 05:41:09] - Score: 17.6741
[2021-11-24 05:41:09] - ========== fold: 8 training ==========
[2021-11-24 05:45:00] - Epoch 1 - avg_train_loss: 0.6572  avg_val_loss: 0.6437  time: 230s, lr: 0.00010
[2021-11-24 05:45:00] - Epoch 1 - Score: 18.1145
[2021-11-24 05:45:00] - Epoch 1 - Save Best Score: 18.1145 Model
[2021-11-24 05:48:47] - Epoch 2 - avg_train_loss: 0.6523  avg_val_loss: 0.6401  time: 226s, lr: 0.00010
[2021-11-24 05:48:47] - Epoch 2 - Score: 17.6429
[2021-11-24 05:48:47] - Epoch 2 - Save Best Score: 17.6429 Model
[2021-11-24 05:48:47] - Loss decreased 18.11448 -> 17.64293
[2021-11-24 05:52:36] - Epoch 3 - avg_train_loss: 0.6490  avg_val_loss: 0.6396  time: 228s, lr: 0.00010
[2021-11-24 05:52:36] - Epoch 3 - Score: 17.5709
[2021-11-24 05:52:36] - Epoch 3 - Save Best Score: 17.5709 Model
[2021-11-24 05:52:36] - Loss decreased 17.64293 -> 17.57095
[2021-11-24 05:56:26] - Epoch 4 - avg_train_loss: 0.6450  avg_val_loss: 0.6394  time: 230s, lr: 0.00009
[2021-11-24 05:56:26] - Epoch 4 - Score: 17.5529
[2021-11-24 05:56:26] - Epoch 4 - Save Best Score: 17.5529 Model
[2021-11-24 05:56:26] - Loss decreased 17.57095 -> 17.55292
[2021-11-24 06:00:17] - Epoch 5 - avg_train_loss: 0.6436  avg_val_loss: 0.6497  time: 230s, lr: 0.00009
[2021-11-24 06:00:17] - Epoch 5 - Score: 18.8489
[2021-11-24 06:04:08] - Epoch 6 - avg_train_loss: 0.6424  avg_val_loss: 0.6424  time: 231s, lr: 0.00009
[2021-11-24 06:04:08] - Epoch 6 - Score: 17.9851
[2021-11-24 06:08:00] - Epoch 7 - avg_train_loss: 0.6396  avg_val_loss: 0.6421  time: 232s, lr: 0.00008
[2021-11-24 06:08:00] - Epoch 7 - Score: 17.8953
[2021-11-24 06:11:51] - Epoch 8 - avg_train_loss: 0.6358  avg_val_loss: 0.6462  time: 231s, lr: 0.00007
[2021-11-24 06:11:51] - Epoch 8 - Score: 18.3933
[2021-11-24 06:11:51] - Early stop!!
[2021-11-24 06:11:51] - ========== fold: 8 result ==========
[2021-11-24 06:11:51] - Score: 17.5529
[2021-11-24 06:11:51] - ========== fold: 9 training ==========
[2021-11-24 06:15:43] - Epoch 1 - avg_train_loss: 0.6578  avg_val_loss: 0.6507  time: 232s, lr: 0.00010
[2021-11-24 06:15:43] - Epoch 1 - Score: 18.8990
[2021-11-24 06:15:43] - Epoch 1 - Save Best Score: 18.8990 Model
[2021-11-24 06:19:34] - Epoch 2 - avg_train_loss: 0.6512  avg_val_loss: 0.6422  time: 230s, lr: 0.00010
[2021-11-24 06:19:34] - Epoch 2 - Score: 17.8014
[2021-11-24 06:19:34] - Epoch 2 - Save Best Score: 17.8014 Model
[2021-11-24 06:19:35] - Loss decreased 18.89897 -> 17.80135
[2021-11-24 06:23:26] - Epoch 3 - avg_train_loss: 0.6488  avg_val_loss: 0.6444  time: 230s, lr: 0.00010
[2021-11-24 06:23:26] - Epoch 3 - Score: 18.1321
[2021-11-24 06:27:18] - Epoch 4 - avg_train_loss: 0.6467  avg_val_loss: 0.6414  time: 233s, lr: 0.00009
[2021-11-24 06:27:18] - Epoch 4 - Score: 17.7445
[2021-11-24 06:27:18] - Epoch 4 - Save Best Score: 17.7445 Model
[2021-11-24 06:27:19] - Loss decreased 17.80135 -> 17.74453
[2021-11-24 06:31:11] - Epoch 5 - avg_train_loss: 0.6435  avg_val_loss: 0.6452  time: 232s, lr: 0.00009
[2021-11-24 06:31:11] - Epoch 5 - Score: 18.1725
[2021-11-24 06:35:03] - Epoch 6 - avg_train_loss: 0.6411  avg_val_loss: 0.6426  time: 232s, lr: 0.00009
[2021-11-24 06:35:03] - Epoch 6 - Score: 17.8951
[2021-11-24 06:38:55] - Epoch 7 - avg_train_loss: 0.6396  avg_val_loss: 0.6421  time: 232s, lr: 0.00008
[2021-11-24 06:38:55] - Epoch 7 - Score: 17.8209
[2021-11-24 06:42:48] - Epoch 8 - avg_train_loss: 0.6341  avg_val_loss: 0.6435  time: 232s, lr: 0.00007
[2021-11-24 06:42:48] - Epoch 8 - Score: 18.0093
[2021-11-24 06:42:48] - Early stop!!
[2021-11-24 06:42:48] - ========== fold: 9 result ==========
[2021-11-24 06:42:48] - Score: 17.7445
[2021-11-24 06:42:48] - ========== CV ==========
[2021-11-24 06:42:48] - Score: 18.0187
