[2021-11-26 16:24:06] - ========== fold: 0 training ==========
[2021-11-26 16:44:37] - Epoch 1 - avg_train_loss: 0.6549  avg_val_loss: 0.6494  time: 1216s, lr: 0.00010
[2021-11-26 16:44:37] - Epoch 1 - Score: 18.9035
[2021-11-26 16:44:37] - Epoch 1 - Save Best Score: 18.9035 Model
[2021-11-26 16:48:03] - Epoch 2 - avg_train_loss: 0.6481  avg_val_loss: 0.6458  time: 206s, lr: 0.00010
[2021-11-26 16:48:03] - Epoch 2 - Score: 18.4625
[2021-11-26 16:48:03] - Epoch 2 - Save Best Score: 18.4625 Model
[2021-11-26 16:48:04] - Loss decreased 18.90349 -> 18.46249
[2021-11-26 16:51:30] - Epoch 3 - avg_train_loss: 0.6442  avg_val_loss: 0.6477  time: 205s, lr: 0.00010
[2021-11-26 16:51:30] - Epoch 3 - Score: 18.7204
[2021-11-26 16:54:54] - Epoch 4 - avg_train_loss: 0.6408  avg_val_loss: 0.6463  time: 204s, lr: 0.00009
[2021-11-26 16:54:54] - Epoch 4 - Score: 18.5439
[2021-11-26 16:58:20] - Epoch 5 - avg_train_loss: 0.6373  avg_val_loss: 0.6444  time: 206s, lr: 0.00009
[2021-11-26 16:58:20] - Epoch 5 - Score: 18.2710
[2021-11-26 16:58:20] - Epoch 5 - Save Best Score: 18.2710 Model
[2021-11-26 16:58:20] - Loss decreased 18.46249 -> 18.27100
[2021-11-26 17:01:46] - Epoch 6 - avg_train_loss: 0.6333  avg_val_loss: 0.6465  time: 206s, lr: 0.00009
[2021-11-26 17:01:46] - Epoch 6 - Score: 18.5696
[2021-11-26 17:05:11] - Epoch 7 - avg_train_loss: 0.6291  avg_val_loss: 0.6444  time: 205s, lr: 0.00008
[2021-11-26 17:05:11] - Epoch 7 - Score: 18.2846
[2021-11-26 17:08:40] - Epoch 8 - avg_train_loss: 0.6270  avg_val_loss: 0.6476  time: 209s, lr: 0.00007
[2021-11-26 17:08:40] - Epoch 8 - Score: 18.6463
[2021-11-26 17:12:05] - Epoch 9 - avg_train_loss: 0.6234  avg_val_loss: 0.6459  time: 204s, lr: 0.00007
[2021-11-26 17:12:05] - Epoch 9 - Score: 18.4697
[2021-11-26 17:12:05] - Early stop!!
[2021-11-26 17:12:05] - ========== fold: 0 result ==========
[2021-11-26 17:12:05] - Score: 18.2710
[2021-11-26 17:12:05] - ========== fold: 1 training ==========
[2021-11-26 17:15:33] - Epoch 1 - avg_train_loss: 0.6543  avg_val_loss: 0.6490  time: 208s, lr: 0.00010
[2021-11-26 17:15:33] - Epoch 1 - Score: 18.6145
[2021-11-26 17:15:33] - Epoch 1 - Save Best Score: 18.6145 Model
[2021-11-26 17:19:02] - Epoch 2 - avg_train_loss: 0.6480  avg_val_loss: 0.6532  time: 208s, lr: 0.00010
[2021-11-26 17:19:02] - Epoch 2 - Score: 19.1152
[2021-11-26 17:22:32] - Epoch 3 - avg_train_loss: 0.6436  avg_val_loss: 0.6490  time: 210s, lr: 0.00010
[2021-11-26 17:22:32] - Epoch 3 - Score: 18.6022
[2021-11-26 17:22:32] - Epoch 3 - Save Best Score: 18.6022 Model
[2021-11-26 17:22:32] - Loss decreased 18.61450 -> 18.60215
[2021-11-26 17:26:00] - Epoch 4 - avg_train_loss: 0.6398  avg_val_loss: 0.6530  time: 207s, lr: 0.00009
[2021-11-26 17:26:00] - Epoch 4 - Score: 19.0540
[2021-11-26 17:29:26] - Epoch 5 - avg_train_loss: 0.6370  avg_val_loss: 0.6553  time: 206s, lr: 0.00009
[2021-11-26 17:29:26] - Epoch 5 - Score: 19.3890
[2021-11-26 17:32:53] - Epoch 6 - avg_train_loss: 0.6334  avg_val_loss: 0.6630  time: 207s, lr: 0.00009
[2021-11-26 17:32:53] - Epoch 6 - Score: 20.2098
[2021-11-26 17:36:19] - Epoch 7 - avg_train_loss: 0.6294  avg_val_loss: 0.6627  time: 206s, lr: 0.00008
[2021-11-26 17:36:19] - Epoch 7 - Score: 20.0443
[2021-11-26 17:36:19] - Early stop!!
[2021-11-26 17:36:19] - ========== fold: 1 result ==========
[2021-11-26 17:36:19] - Score: 18.6022
[2021-11-26 17:36:19] - ========== fold: 2 training ==========
[2021-11-26 17:39:47] - Epoch 1 - avg_train_loss: 0.6557  avg_val_loss: 0.6470  time: 207s, lr: 0.00010
[2021-11-26 17:39:47] - Epoch 1 - Score: 18.3342
[2021-11-26 17:39:47] - Epoch 1 - Save Best Score: 18.3342 Model
[2021-11-26 17:43:13] - Epoch 2 - avg_train_loss: 0.6482  avg_val_loss: 0.6472  time: 206s, lr: 0.00010
[2021-11-26 17:43:13] - Epoch 2 - Score: 18.3728
[2021-11-26 17:46:39] - Epoch 3 - avg_train_loss: 0.6430  avg_val_loss: 0.6443  time: 206s, lr: 0.00010
[2021-11-26 17:46:39] - Epoch 3 - Score: 17.9992
[2021-11-26 17:46:39] - Epoch 3 - Save Best Score: 17.9992 Model
[2021-11-26 17:46:39] - Loss decreased 18.33419 -> 17.99923
[2021-11-26 17:50:05] - Epoch 4 - avg_train_loss: 0.6395  avg_val_loss: 0.6452  time: 205s, lr: 0.00009
[2021-11-26 17:50:05] - Epoch 4 - Score: 18.0880
[2021-11-26 17:53:29] - Epoch 5 - avg_train_loss: 0.6365  avg_val_loss: 0.6482  time: 205s, lr: 0.00009
[2021-11-26 17:53:29] - Epoch 5 - Score: 18.4883
[2021-11-26 17:56:55] - Epoch 6 - avg_train_loss: 0.6332  avg_val_loss: 0.6503  time: 205s, lr: 0.00009
[2021-11-26 17:56:55] - Epoch 6 - Score: 18.6861
[2021-11-26 18:00:21] - Epoch 7 - avg_train_loss: 0.6298  avg_val_loss: 0.6472  time: 206s, lr: 0.00008
[2021-11-26 18:00:21] - Epoch 7 - Score: 18.3133
[2021-11-26 18:00:21] - Early stop!!
[2021-11-26 18:00:21] - ========== fold: 2 result ==========
[2021-11-26 18:00:21] - Score: 17.9992
[2021-11-26 18:00:21] - ========== fold: 3 training ==========
[2021-11-26 18:03:47] - Epoch 1 - avg_train_loss: 0.6560  avg_val_loss: 0.6522  time: 206s, lr: 0.00010
[2021-11-26 18:03:47] - Epoch 1 - Score: 19.0489
[2021-11-26 18:03:47] - Epoch 1 - Save Best Score: 19.0489 Model
[2021-11-26 18:07:13] - Epoch 2 - avg_train_loss: 0.6482  avg_val_loss: 0.6489  time: 205s, lr: 0.00010
[2021-11-26 18:07:13] - Epoch 2 - Score: 18.6289
[2021-11-26 18:07:13] - Epoch 2 - Save Best Score: 18.6289 Model
[2021-11-26 18:07:13] - Loss decreased 19.04889 -> 18.62888
[2021-11-26 18:10:37] - Epoch 3 - avg_train_loss: 0.6443  avg_val_loss: 0.6567  time: 204s, lr: 0.00010
[2021-11-26 18:10:37] - Epoch 3 - Score: 19.4805
[2021-11-26 18:14:04] - Epoch 4 - avg_train_loss: 0.6400  avg_val_loss: 0.6686  time: 207s, lr: 0.00009
[2021-11-26 18:14:04] - Epoch 4 - Score: 20.5376
[2021-11-26 18:17:30] - Epoch 5 - avg_train_loss: 0.6362  avg_val_loss: 0.6537  time: 206s, lr: 0.00009
[2021-11-26 18:17:30] - Epoch 5 - Score: 19.0790
[2021-11-26 18:20:56] - Epoch 6 - avg_train_loss: 0.6325  avg_val_loss: 0.6557  time: 206s, lr: 0.00009
[2021-11-26 18:20:56] - Epoch 6 - Score: 19.2405
[2021-11-26 18:20:56] - Early stop!!
[2021-11-26 18:20:56] - ========== fold: 3 result ==========
[2021-11-26 18:20:56] - Score: 18.6289
[2021-11-26 18:20:56] - ========== fold: 4 training ==========
[2021-11-26 18:24:24] - Epoch 1 - avg_train_loss: 0.6559  avg_val_loss: 0.6481  time: 207s, lr: 0.00010
[2021-11-26 18:24:24] - Epoch 1 - Score: 18.6054
[2021-11-26 18:24:24] - Epoch 1 - Save Best Score: 18.6054 Model
[2021-11-26 18:27:53] - Epoch 2 - avg_train_loss: 0.6486  avg_val_loss: 0.6461  time: 208s, lr: 0.00010
[2021-11-26 18:27:53] - Epoch 2 - Score: 18.3454
[2021-11-26 18:27:53] - Epoch 2 - Save Best Score: 18.3454 Model
[2021-11-26 18:27:53] - Loss decreased 18.60542 -> 18.34543
[2021-11-26 18:31:22] - Epoch 3 - avg_train_loss: 0.6453  avg_val_loss: 0.6442  time: 208s, lr: 0.00010
[2021-11-26 18:31:22] - Epoch 3 - Score: 18.1062
[2021-11-26 18:31:22] - Epoch 3 - Save Best Score: 18.1062 Model
[2021-11-26 18:31:22] - Loss decreased 18.34543 -> 18.10618
[2021-11-26 18:34:52] - Epoch 4 - avg_train_loss: 0.6428  avg_val_loss: 0.6450  time: 209s, lr: 0.00009
[2021-11-26 18:34:52] - Epoch 4 - Score: 18.2197
[2021-11-26 18:38:19] - Epoch 5 - avg_train_loss: 0.6381  avg_val_loss: 0.6460  time: 207s, lr: 0.00009
[2021-11-26 18:38:19] - Epoch 5 - Score: 18.3508
[2021-11-26 18:41:46] - Epoch 6 - avg_train_loss: 0.6333  avg_val_loss: 0.6485  time: 207s, lr: 0.00009
[2021-11-26 18:41:46] - Epoch 6 - Score: 18.6444
[2021-11-26 18:45:14] - Epoch 7 - avg_train_loss: 0.6308  avg_val_loss: 0.6517  time: 208s, lr: 0.00008
[2021-11-26 18:45:14] - Epoch 7 - Score: 18.9778
[2021-11-26 18:45:14] - Early stop!!
[2021-11-26 18:45:14] - ========== fold: 4 result ==========
[2021-11-26 18:45:14] - Score: 18.1062
[2021-11-26 18:45:14] - ========== fold: 5 training ==========
[2021-11-26 18:48:44] - Epoch 1 - avg_train_loss: 0.6560  avg_val_loss: 0.6475  time: 210s, lr: 0.00010
[2021-11-26 18:48:44] - Epoch 1 - Score: 18.3935
[2021-11-26 18:48:44] - Epoch 1 - Save Best Score: 18.3935 Model
[2021-11-26 18:52:12] - Epoch 2 - avg_train_loss: 0.6487  avg_val_loss: 0.6477  time: 207s, lr: 0.00010
[2021-11-26 18:52:12] - Epoch 2 - Score: 18.4303
[2021-11-26 18:55:41] - Epoch 3 - avg_train_loss: 0.6457  avg_val_loss: 0.6456  time: 209s, lr: 0.00010
[2021-11-26 18:55:41] - Epoch 3 - Score: 18.1494
[2021-11-26 18:55:41] - Epoch 3 - Save Best Score: 18.1494 Model
[2021-11-26 18:55:41] - Loss decreased 18.39347 -> 18.14941
[2021-11-26 18:59:08] - Epoch 4 - avg_train_loss: 0.6410  avg_val_loss: 0.6431  time: 207s, lr: 0.00009
[2021-11-26 18:59:08] - Epoch 4 - Score: 17.8213
[2021-11-26 18:59:09] - Epoch 4 - Save Best Score: 17.8213 Model
[2021-11-26 18:59:09] - Loss decreased 18.14941 -> 17.82135
[2021-11-26 19:02:35] - Epoch 5 - avg_train_loss: 0.6373  avg_val_loss: 0.6437  time: 205s, lr: 0.00009
[2021-11-26 19:02:35] - Epoch 5 - Score: 17.8911
[2021-11-26 19:06:00] - Epoch 6 - avg_train_loss: 0.6352  avg_val_loss: 0.6454  time: 206s, lr: 0.00009
[2021-11-26 19:06:00] - Epoch 6 - Score: 18.1153
[2021-11-26 19:09:27] - Epoch 7 - avg_train_loss: 0.6285  avg_val_loss: 0.6494  time: 207s, lr: 0.00008
[2021-11-26 19:09:27] - Epoch 7 - Score: 18.5363
[2021-11-26 19:12:54] - Epoch 8 - avg_train_loss: 0.6279  avg_val_loss: 0.6539  time: 207s, lr: 0.00007
[2021-11-26 19:12:54] - Epoch 8 - Score: 18.9462
[2021-11-26 19:12:54] - Early stop!!
[2021-11-26 19:12:54] - ========== fold: 5 result ==========
[2021-11-26 19:12:54] - Score: 17.8213
[2021-11-26 19:12:54] - ========== fold: 6 training ==========
[2021-11-26 19:16:20] - Epoch 1 - avg_train_loss: 0.6555  avg_val_loss: 0.6489  time: 206s, lr: 0.00010
[2021-11-26 19:16:20] - Epoch 1 - Score: 18.7080
[2021-11-26 19:16:20] - Epoch 1 - Save Best Score: 18.7080 Model
[2021-11-26 19:19:46] - Epoch 2 - avg_train_loss: 0.6485  avg_val_loss: 0.6468  time: 205s, lr: 0.00010
[2021-11-26 19:19:46] - Epoch 2 - Score: 18.4423
[2021-11-26 19:19:46] - Epoch 2 - Save Best Score: 18.4423 Model
[2021-11-26 19:19:46] - Loss decreased 18.70801 -> 18.44233
[2021-11-26 19:23:12] - Epoch 3 - avg_train_loss: 0.6451  avg_val_loss: 0.6475  time: 205s, lr: 0.00010
[2021-11-26 19:23:12] - Epoch 3 - Score: 18.5422
[2021-11-26 19:26:37] - Epoch 4 - avg_train_loss: 0.6417  avg_val_loss: 0.6484  time: 205s, lr: 0.00009
[2021-11-26 19:26:37] - Epoch 4 - Score: 18.6532
[2021-11-26 19:30:01] - Epoch 5 - avg_train_loss: 0.6383  avg_val_loss: 0.6467  time: 204s, lr: 0.00009
[2021-11-26 19:30:01] - Epoch 5 - Score: 18.4466
[2021-11-26 19:33:26] - Epoch 6 - avg_train_loss: 0.6334  avg_val_loss: 0.6477  time: 205s, lr: 0.00009
[2021-11-26 19:33:26] - Epoch 6 - Score: 18.5510
[2021-11-26 19:33:26] - Early stop!!
[2021-11-26 19:33:26] - ========== fold: 6 result ==========
[2021-11-26 19:33:26] - Score: 18.4423
[2021-11-26 19:33:26] - ========== fold: 7 training ==========
[2021-11-26 19:36:53] - Epoch 1 - avg_train_loss: 0.6571  avg_val_loss: 0.6450  time: 206s, lr: 0.00010
[2021-11-26 19:36:53] - Epoch 1 - Score: 18.0570
[2021-11-26 19:36:53] - Epoch 1 - Save Best Score: 18.0570 Model
[2021-11-26 19:40:18] - Epoch 2 - avg_train_loss: 0.6498  avg_val_loss: 0.6438  time: 205s, lr: 0.00010
[2021-11-26 19:40:18] - Epoch 2 - Score: 17.9025
[2021-11-26 19:40:18] - Epoch 2 - Save Best Score: 17.9025 Model
[2021-11-26 19:40:19] - Loss decreased 18.05702 -> 17.90252
[2021-11-26 19:43:46] - Epoch 3 - avg_train_loss: 0.6451  avg_val_loss: 0.6436  time: 206s, lr: 0.00010
[2021-11-26 19:43:46] - Epoch 3 - Score: 17.8713
[2021-11-26 19:43:46] - Epoch 3 - Save Best Score: 17.8713 Model
[2021-11-26 19:43:46] - Loss decreased 17.90252 -> 17.87133
[2021-11-26 19:47:13] - Epoch 4 - avg_train_loss: 0.6420  avg_val_loss: 0.6424  time: 206s, lr: 0.00009
[2021-11-26 19:47:13] - Epoch 4 - Score: 17.6856
[2021-11-26 19:47:13] - Epoch 4 - Save Best Score: 17.6856 Model
[2021-11-26 19:47:13] - Loss decreased 17.87133 -> 17.68559
[2021-11-26 19:50:41] - Epoch 5 - avg_train_loss: 0.6391  avg_val_loss: 0.6406  time: 207s, lr: 0.00009
[2021-11-26 19:50:41] - Epoch 5 - Score: 17.4703
[2021-11-26 19:50:41] - Epoch 5 - Save Best Score: 17.4703 Model
[2021-11-26 19:50:41] - Loss decreased 17.68559 -> 17.47033
[2021-11-26 19:54:07] - Epoch 6 - avg_train_loss: 0.6352  avg_val_loss: 0.6471  time: 206s, lr: 0.00009
[2021-11-26 19:54:07] - Epoch 6 - Score: 18.2847
[2021-11-26 19:57:32] - Epoch 7 - avg_train_loss: 0.6302  avg_val_loss: 0.6472  time: 205s, lr: 0.00008
[2021-11-26 19:57:32] - Epoch 7 - Score: 18.3248
[2021-11-26 20:00:57] - Epoch 8 - avg_train_loss: 0.6274  avg_val_loss: 0.6471  time: 205s, lr: 0.00007
[2021-11-26 20:00:57] - Epoch 8 - Score: 18.3039
[2021-11-26 20:04:22] - Epoch 9 - avg_train_loss: 0.6210  avg_val_loss: 0.6552  time: 205s, lr: 0.00007
[2021-11-26 20:04:22] - Epoch 9 - Score: 19.3215
[2021-11-26 20:04:22] - Early stop!!
[2021-11-26 20:04:22] - ========== fold: 7 result ==========
[2021-11-26 20:04:22] - Score: 17.4703
[2021-11-26 20:04:22] - ========== fold: 8 training ==========
[2021-11-26 20:07:47] - Epoch 1 - avg_train_loss: 0.6565  avg_val_loss: 0.6444  time: 205s, lr: 0.00010
[2021-11-26 20:07:47] - Epoch 1 - Score: 18.1982
[2021-11-26 20:07:47] - Epoch 1 - Save Best Score: 18.1982 Model
[2021-11-26 20:11:12] - Epoch 2 - avg_train_loss: 0.6488  avg_val_loss: 0.6463  time: 204s, lr: 0.00010
[2021-11-26 20:11:12] - Epoch 2 - Score: 18.4398
[2021-11-26 20:14:38] - Epoch 3 - avg_train_loss: 0.6427  avg_val_loss: 0.6443  time: 205s, lr: 0.00010
[2021-11-26 20:14:38] - Epoch 3 - Score: 18.1726
[2021-11-26 20:14:38] - Epoch 3 - Save Best Score: 18.1726 Model
[2021-11-26 20:14:38] - Loss decreased 18.19824 -> 18.17262
[2021-11-26 20:18:06] - Epoch 4 - avg_train_loss: 0.6409  avg_val_loss: 0.6442  time: 207s, lr: 0.00009
[2021-11-26 20:18:06] - Epoch 4 - Score: 18.1576
[2021-11-26 20:18:06] - Epoch 4 - Save Best Score: 18.1576 Model
[2021-11-26 20:18:06] - Loss decreased 18.17262 -> 18.15763
[2021-11-26 20:21:32] - Epoch 5 - avg_train_loss: 0.6391  avg_val_loss: 0.6447  time: 205s, lr: 0.00009
[2021-11-26 20:21:32] - Epoch 5 - Score: 18.2148
[2021-11-26 20:24:58] - Epoch 6 - avg_train_loss: 0.6347  avg_val_loss: 0.6462  time: 205s, lr: 0.00009
[2021-11-26 20:24:58] - Epoch 6 - Score: 18.3370
[2021-11-26 20:28:23] - Epoch 7 - avg_train_loss: 0.6299  avg_val_loss: 0.6464  time: 205s, lr: 0.00008
[2021-11-26 20:28:23] - Epoch 7 - Score: 18.3387
[2021-11-26 20:31:48] - Epoch 8 - avg_train_loss: 0.6262  avg_val_loss: 0.6509  time: 205s, lr: 0.00007
[2021-11-26 20:31:48] - Epoch 8 - Score: 18.9134
[2021-11-26 20:31:48] - Early stop!!
[2021-11-26 20:31:48] - ========== fold: 8 result ==========
[2021-11-26 20:31:48] - Score: 18.1576
[2021-11-26 20:31:48] - ========== fold: 9 training ==========
[2021-11-26 20:35:13] - Epoch 1 - avg_train_loss: 0.6566  avg_val_loss: 0.6439  time: 204s, lr: 0.00010
[2021-11-26 20:35:13] - Epoch 1 - Score: 18.0523
[2021-11-26 20:35:13] - Epoch 1 - Save Best Score: 18.0523 Model
[2021-11-26 20:38:37] - Epoch 2 - avg_train_loss: 0.6491  avg_val_loss: 0.6431  time: 204s, lr: 0.00010
[2021-11-26 20:38:37] - Epoch 2 - Score: 17.9572
[2021-11-26 20:38:37] - Epoch 2 - Save Best Score: 17.9572 Model
[2021-11-26 20:38:38] - Loss decreased 18.05231 -> 17.95718
[2021-11-26 20:42:02] - Epoch 3 - avg_train_loss: 0.6459  avg_val_loss: 0.6428  time: 204s, lr: 0.00010
[2021-11-26 20:42:02] - Epoch 3 - Score: 17.9199
[2021-11-26 20:42:02] - Epoch 3 - Save Best Score: 17.9199 Model
[2021-11-26 20:42:03] - Loss decreased 17.95718 -> 17.91992
[2021-11-26 20:45:27] - Epoch 4 - avg_train_loss: 0.6417  avg_val_loss: 0.6418  time: 204s, lr: 0.00009
[2021-11-26 20:45:27] - Epoch 4 - Score: 17.7894
[2021-11-26 20:45:27] - Epoch 4 - Save Best Score: 17.7894 Model
[2021-11-26 20:45:27] - Loss decreased 17.91992 -> 17.78945
[2021-11-26 20:48:52] - Epoch 5 - avg_train_loss: 0.6394  avg_val_loss: 0.6401  time: 204s, lr: 0.00009
[2021-11-26 20:48:52] - Epoch 5 - Score: 17.6278
[2021-11-26 20:48:52] - Epoch 5 - Save Best Score: 17.6278 Model
[2021-11-26 20:48:52] - Loss decreased 17.78945 -> 17.62781
[2021-11-26 20:52:18] - Epoch 6 - avg_train_loss: 0.6337  avg_val_loss: 0.6446  time: 206s, lr: 0.00009
[2021-11-26 20:52:18] - Epoch 6 - Score: 18.1676
[2021-11-26 20:55:43] - Epoch 7 - avg_train_loss: 0.6317  avg_val_loss: 0.6442  time: 204s, lr: 0.00008
[2021-11-26 20:55:43] - Epoch 7 - Score: 18.1037
[2021-11-26 20:59:07] - Epoch 8 - avg_train_loss: 0.6276  avg_val_loss: 0.6478  time: 205s, lr: 0.00007
[2021-11-26 20:59:07] - Epoch 8 - Score: 18.5284
[2021-11-26 21:02:33] - Epoch 9 - avg_train_loss: 0.6258  avg_val_loss: 0.6469  time: 205s, lr: 0.00007
[2021-11-26 21:02:33] - Epoch 9 - Score: 18.3103
[2021-11-26 21:02:33] - Early stop!!
[2021-11-26 21:02:33] - ========== fold: 9 result ==========
[2021-11-26 21:02:33] - Score: 17.6278
[2021-11-26 21:02:33] - ========== CV ==========
[2021-11-26 21:02:33] - Score: 18.1166
