[2021-11-26 10:43:32] - ========== fold: 0 training ==========
[2021-11-26 11:04:22] - Epoch 1 - avg_train_loss: 0.6546  avg_val_loss: 0.6452  time: 1236s, lr: 0.00010
[2021-11-26 11:04:22] - Epoch 1 - Score: 18.3856
[2021-11-26 11:04:22] - Epoch 1 - Save Best Score: 18.3856 Model
[2021-11-26 11:07:58] - Epoch 2 - avg_train_loss: 0.6466  avg_val_loss: 0.6463  time: 215s, lr: 0.00010
[2021-11-26 11:07:58] - Epoch 2 - Score: 18.5026
[2021-11-26 11:11:33] - Epoch 3 - avg_train_loss: 0.6413  avg_val_loss: 0.6430  time: 215s, lr: 0.00010
[2021-11-26 11:11:33] - Epoch 3 - Score: 18.1059
[2021-11-26 11:11:33] - Epoch 3 - Save Best Score: 18.1059 Model
[2021-11-26 11:11:33] - Loss decreased 18.38563 -> 18.10592
[2021-11-26 11:15:07] - Epoch 4 - avg_train_loss: 0.6355  avg_val_loss: 0.6440  time: 214s, lr: 0.00009
[2021-11-26 11:15:07] - Epoch 4 - Score: 18.2388
[2021-11-26 11:18:42] - Epoch 5 - avg_train_loss: 0.6314  avg_val_loss: 0.6470  time: 215s, lr: 0.00009
[2021-11-26 11:18:42] - Epoch 5 - Score: 18.5876
[2021-11-26 11:22:16] - Epoch 6 - avg_train_loss: 0.6254  avg_val_loss: 0.6472  time: 214s, lr: 0.00009
[2021-11-26 11:22:16] - Epoch 6 - Score: 18.6388
[2021-11-26 11:25:51] - Epoch 7 - avg_train_loss: 0.6203  avg_val_loss: 0.6492  time: 215s, lr: 0.00008
[2021-11-26 11:25:51] - Epoch 7 - Score: 18.7921
[2021-11-26 11:25:51] - Early stop!!
[2021-11-26 11:25:51] - ========== fold: 0 result ==========
[2021-11-26 11:25:51] - Score: 18.1059
[2021-11-26 11:25:51] - ========== fold: 1 training ==========
[2021-11-26 11:29:25] - Epoch 1 - avg_train_loss: 0.6551  avg_val_loss: 0.6488  time: 214s, lr: 0.00010
[2021-11-26 11:29:25] - Epoch 1 - Score: 18.5747
[2021-11-26 11:29:26] - Epoch 1 - Save Best Score: 18.5747 Model
[2021-11-26 11:33:01] - Epoch 2 - avg_train_loss: 0.6466  avg_val_loss: 0.6503  time: 214s, lr: 0.00010
[2021-11-26 11:33:01] - Epoch 2 - Score: 18.7498
[2021-11-26 11:36:34] - Epoch 3 - avg_train_loss: 0.6400  avg_val_loss: 0.6500  time: 214s, lr: 0.00010
[2021-11-26 11:36:34] - Epoch 3 - Score: 18.6941
[2021-11-26 11:40:10] - Epoch 4 - avg_train_loss: 0.6354  avg_val_loss: 0.6494  time: 215s, lr: 0.00009
[2021-11-26 11:40:10] - Epoch 4 - Score: 18.6259
[2021-11-26 11:43:45] - Epoch 5 - avg_train_loss: 0.6292  avg_val_loss: 0.6531  time: 216s, lr: 0.00009
[2021-11-26 11:43:45] - Epoch 5 - Score: 19.0062
[2021-11-26 11:43:45] - Early stop!!
[2021-11-26 11:43:46] - ========== fold: 1 result ==========
[2021-11-26 11:43:46] - Score: 18.5747
[2021-11-26 11:43:46] - ========== fold: 2 training ==========
[2021-11-26 11:47:22] - Epoch 1 - avg_train_loss: 0.6546  avg_val_loss: 0.6443  time: 216s, lr: 0.00010
[2021-11-26 11:47:22] - Epoch 1 - Score: 17.9986
[2021-11-26 11:47:22] - Epoch 1 - Save Best Score: 17.9986 Model
[2021-11-26 11:50:58] - Epoch 2 - avg_train_loss: 0.6463  avg_val_loss: 0.6444  time: 215s, lr: 0.00010
[2021-11-26 11:50:58] - Epoch 2 - Score: 17.9864
[2021-11-26 11:50:58] - Epoch 2 - Save Best Score: 17.9864 Model
[2021-11-26 11:50:59] - Loss decreased 17.99862 -> 17.98641
[2021-11-26 11:54:34] - Epoch 3 - avg_train_loss: 0.6409  avg_val_loss: 0.6488  time: 214s, lr: 0.00010
[2021-11-26 11:54:34] - Epoch 3 - Score: 18.4717
[2021-11-26 11:58:08] - Epoch 4 - avg_train_loss: 0.6362  avg_val_loss: 0.6449  time: 214s, lr: 0.00009
[2021-11-26 11:58:08] - Epoch 4 - Score: 18.0528
[2021-11-26 12:01:43] - Epoch 5 - avg_train_loss: 0.6289  avg_val_loss: 0.6497  time: 215s, lr: 0.00009
[2021-11-26 12:01:43] - Epoch 5 - Score: 18.6073
[2021-11-26 12:05:18] - Epoch 6 - avg_train_loss: 0.6240  avg_val_loss: 0.6521  time: 215s, lr: 0.00009
[2021-11-26 12:05:18] - Epoch 6 - Score: 18.8546
[2021-11-26 12:05:18] - Early stop!!
[2021-11-26 12:05:18] - ========== fold: 2 result ==========
[2021-11-26 12:05:18] - Score: 17.9864
[2021-11-26 12:05:18] - ========== fold: 3 training ==========
[2021-11-26 12:08:53] - Epoch 1 - avg_train_loss: 0.6540  avg_val_loss: 0.6485  time: 215s, lr: 0.00010
[2021-11-26 12:08:53] - Epoch 1 - Score: 18.5604
[2021-11-26 12:08:53] - Epoch 1 - Save Best Score: 18.5604 Model
[2021-11-26 12:12:29] - Epoch 2 - avg_train_loss: 0.6455  avg_val_loss: 0.6498  time: 215s, lr: 0.00010
[2021-11-26 12:12:29] - Epoch 2 - Score: 18.7357
[2021-11-26 12:16:04] - Epoch 3 - avg_train_loss: 0.6400  avg_val_loss: 0.6584  time: 215s, lr: 0.00010
[2021-11-26 12:16:04] - Epoch 3 - Score: 19.7256
[2021-11-26 12:19:38] - Epoch 4 - avg_train_loss: 0.6347  avg_val_loss: 0.6619  time: 215s, lr: 0.00009
[2021-11-26 12:19:38] - Epoch 4 - Score: 19.9774
[2021-11-26 12:23:14] - Epoch 5 - avg_train_loss: 0.6286  avg_val_loss: 0.6565  time: 215s, lr: 0.00009
[2021-11-26 12:23:14] - Epoch 5 - Score: 19.3979
[2021-11-26 12:23:14] - Early stop!!
[2021-11-26 12:23:14] - ========== fold: 3 result ==========
[2021-11-26 12:23:14] - Score: 18.5604
[2021-11-26 12:23:14] - ========== fold: 4 training ==========
[2021-11-26 12:26:49] - Epoch 1 - avg_train_loss: 0.6564  avg_val_loss: 0.6439  time: 215s, lr: 0.00010
[2021-11-26 12:26:49] - Epoch 1 - Score: 18.0751
[2021-11-26 12:26:49] - Epoch 1 - Save Best Score: 18.0751 Model
[2021-11-26 12:30:24] - Epoch 2 - avg_train_loss: 0.6468  avg_val_loss: 0.6448  time: 214s, lr: 0.00010
[2021-11-26 12:30:24] - Epoch 2 - Score: 18.2093
[2021-11-26 12:33:58] - Epoch 3 - avg_train_loss: 0.6415  avg_val_loss: 0.6435  time: 214s, lr: 0.00010
[2021-11-26 12:33:58] - Epoch 3 - Score: 18.0309
[2021-11-26 12:33:58] - Epoch 3 - Save Best Score: 18.0309 Model
[2021-11-26 12:33:58] - Loss decreased 18.07505 -> 18.03086
[2021-11-26 12:37:33] - Epoch 4 - avg_train_loss: 0.6360  avg_val_loss: 0.6473  time: 214s, lr: 0.00009
[2021-11-26 12:37:33] - Epoch 4 - Score: 18.4923
[2021-11-26 12:41:07] - Epoch 5 - avg_train_loss: 0.6299  avg_val_loss: 0.6521  time: 213s, lr: 0.00009
[2021-11-26 12:41:07] - Epoch 5 - Score: 18.9814
[2021-11-26 12:44:41] - Epoch 6 - avg_train_loss: 0.6236  avg_val_loss: 0.6496  time: 215s, lr: 0.00009
[2021-11-26 12:44:41] - Epoch 6 - Score: 18.7342
[2021-11-26 12:48:15] - Epoch 7 - avg_train_loss: 0.6199  avg_val_loss: 0.6544  time: 214s, lr: 0.00008
[2021-11-26 12:48:15] - Epoch 7 - Score: 19.2049
[2021-11-26 12:48:15] - Early stop!!
[2021-11-26 12:48:15] - ========== fold: 4 result ==========
[2021-11-26 12:48:15] - Score: 18.0309
[2021-11-26 12:48:15] - ========== fold: 5 training ==========
[2021-11-26 12:51:51] - Epoch 1 - avg_train_loss: 0.6564  avg_val_loss: 0.6451  time: 215s, lr: 0.00010
[2021-11-26 12:51:51] - Epoch 1 - Score: 18.0665
[2021-11-26 12:51:51] - Epoch 1 - Save Best Score: 18.0665 Model
[2021-11-26 12:55:25] - Epoch 2 - avg_train_loss: 0.6464  avg_val_loss: 0.6412  time: 214s, lr: 0.00010
[2021-11-26 12:55:25] - Epoch 2 - Score: 17.5653
[2021-11-26 12:55:25] - Epoch 2 - Save Best Score: 17.5653 Model
[2021-11-26 12:55:26] - Loss decreased 18.06648 -> 17.56534
[2021-11-26 12:59:01] - Epoch 3 - avg_train_loss: 0.6421  avg_val_loss: 0.6431  time: 214s, lr: 0.00010
[2021-11-26 12:59:01] - Epoch 3 - Score: 17.8471
[2021-11-26 13:02:37] - Epoch 4 - avg_train_loss: 0.6363  avg_val_loss: 0.6438  time: 216s, lr: 0.00009
[2021-11-26 13:02:37] - Epoch 4 - Score: 17.9293
[2021-11-26 13:06:09] - Epoch 5 - avg_train_loss: 0.6310  avg_val_loss: 0.6469  time: 213s, lr: 0.00009
[2021-11-26 13:06:09] - Epoch 5 - Score: 18.2509
[2021-11-26 13:09:43] - Epoch 6 - avg_train_loss: 0.6253  avg_val_loss: 0.6437  time: 214s, lr: 0.00009
[2021-11-26 13:09:43] - Epoch 6 - Score: 17.8878
[2021-11-26 13:09:43] - Early stop!!
[2021-11-26 13:09:44] - ========== fold: 5 result ==========
[2021-11-26 13:09:44] - Score: 17.5653
[2021-11-26 13:09:44] - ========== fold: 6 training ==========
[2021-11-26 13:13:18] - Epoch 1 - avg_train_loss: 0.6545  avg_val_loss: 0.6494  time: 214s, lr: 0.00010
[2021-11-26 13:13:18] - Epoch 1 - Score: 18.7887
[2021-11-26 13:13:18] - Epoch 1 - Save Best Score: 18.7887 Model
[2021-11-26 13:16:53] - Epoch 2 - avg_train_loss: 0.6456  avg_val_loss: 0.6477  time: 213s, lr: 0.00010
[2021-11-26 13:16:53] - Epoch 2 - Score: 18.5422
[2021-11-26 13:16:53] - Epoch 2 - Save Best Score: 18.5422 Model
[2021-11-26 13:16:53] - Loss decreased 18.78868 -> 18.54215
[2021-11-26 13:20:28] - Epoch 3 - avg_train_loss: 0.6419  avg_val_loss: 0.6481  time: 215s, lr: 0.00010
[2021-11-26 13:20:28] - Epoch 3 - Score: 18.6068
[2021-11-26 13:24:01] - Epoch 4 - avg_train_loss: 0.6359  avg_val_loss: 0.6489  time: 212s, lr: 0.00009
[2021-11-26 13:24:01] - Epoch 4 - Score: 18.6581
[2021-11-26 13:27:34] - Epoch 5 - avg_train_loss: 0.6298  avg_val_loss: 0.6543  time: 213s, lr: 0.00009
[2021-11-26 13:27:34] - Epoch 5 - Score: 19.3164
[2021-11-26 13:31:07] - Epoch 6 - avg_train_loss: 0.6247  avg_val_loss: 0.6465  time: 213s, lr: 0.00009
[2021-11-26 13:31:07] - Epoch 6 - Score: 18.3616
[2021-11-26 13:31:07] - Epoch 6 - Save Best Score: 18.3616 Model
[2021-11-26 13:31:08] - Loss decreased 18.54215 -> 18.36163
[2021-11-26 13:34:41] - Epoch 7 - avg_train_loss: 0.6185  avg_val_loss: 0.6548  time: 213s, lr: 0.00008
[2021-11-26 13:34:41] - Epoch 7 - Score: 19.2655
[2021-11-26 13:38:15] - Epoch 8 - avg_train_loss: 0.6156  avg_val_loss: 0.6534  time: 214s, lr: 0.00007
[2021-11-26 13:38:15] - Epoch 8 - Score: 19.1687
[2021-11-26 13:41:48] - Epoch 9 - avg_train_loss: 0.6132  avg_val_loss: 0.6523  time: 214s, lr: 0.00007
[2021-11-26 13:41:48] - Epoch 9 - Score: 18.9473
[2021-11-26 13:45:22] - Epoch 10 - avg_train_loss: 0.6100  avg_val_loss: 0.6510  time: 214s, lr: 0.00006
[2021-11-26 13:45:22] - Epoch 10 - Score: 18.8463
[2021-11-26 13:45:22] - Early stop!!
[2021-11-26 13:45:22] - ========== fold: 6 result ==========
[2021-11-26 13:45:22] - Score: 18.3616
[2021-11-26 13:45:22] - ========== fold: 7 training ==========
[2021-11-26 13:48:56] - Epoch 1 - avg_train_loss: 0.6550  avg_val_loss: 0.6434  time: 213s, lr: 0.00010
[2021-11-26 13:48:56] - Epoch 1 - Score: 17.8224
[2021-11-26 13:48:56] - Epoch 1 - Save Best Score: 17.8224 Model
[2021-11-26 13:52:29] - Epoch 2 - avg_train_loss: 0.6476  avg_val_loss: 0.6458  time: 213s, lr: 0.00010
[2021-11-26 13:52:29] - Epoch 2 - Score: 18.1265
[2021-11-26 13:56:02] - Epoch 3 - avg_train_loss: 0.6417  avg_val_loss: 0.6433  time: 213s, lr: 0.00010
[2021-11-26 13:56:02] - Epoch 3 - Score: 17.8083
[2021-11-26 13:56:02] - Epoch 3 - Save Best Score: 17.8083 Model
[2021-11-26 13:56:03] - Loss decreased 17.82236 -> 17.80831
[2021-11-26 13:59:37] - Epoch 4 - avg_train_loss: 0.6356  avg_val_loss: 0.6442  time: 214s, lr: 0.00009
[2021-11-26 13:59:37] - Epoch 4 - Score: 17.7722
[2021-11-26 13:59:37] - Epoch 4 - Save Best Score: 17.7722 Model
[2021-11-26 13:59:38] - Loss decreased 17.80831 -> 17.77225
[2021-11-26 14:03:13] - Epoch 5 - avg_train_loss: 0.6319  avg_val_loss: 0.6461  time: 214s, lr: 0.00009
[2021-11-26 14:03:13] - Epoch 5 - Score: 18.1128
[2021-11-26 14:06:46] - Epoch 6 - avg_train_loss: 0.6245  avg_val_loss: 0.6468  time: 213s, lr: 0.00009
[2021-11-26 14:06:46] - Epoch 6 - Score: 18.1568
[2021-11-26 14:10:18] - Epoch 7 - avg_train_loss: 0.6199  avg_val_loss: 0.6489  time: 212s, lr: 0.00008
[2021-11-26 14:10:18] - Epoch 7 - Score: 18.4212
[2021-11-26 14:13:51] - Epoch 8 - avg_train_loss: 0.6163  avg_val_loss: 0.6459  time: 213s, lr: 0.00007
[2021-11-26 14:13:51] - Epoch 8 - Score: 17.9926
[2021-11-26 14:13:51] - Early stop!!
[2021-11-26 14:13:52] - ========== fold: 7 result ==========
[2021-11-26 14:13:52] - Score: 17.7722
[2021-11-26 14:13:52] - ========== fold: 8 training ==========
[2021-11-26 14:17:25] - Epoch 1 - avg_train_loss: 0.6544  avg_val_loss: 0.6459  time: 213s, lr: 0.00010
[2021-11-26 14:17:25] - Epoch 1 - Score: 18.3935
[2021-11-26 14:17:25] - Epoch 1 - Save Best Score: 18.3935 Model
[2021-11-26 14:20:59] - Epoch 2 - avg_train_loss: 0.6474  avg_val_loss: 0.6454  time: 213s, lr: 0.00010
[2021-11-26 14:20:59] - Epoch 2 - Score: 18.3516
[2021-11-26 14:20:59] - Epoch 2 - Save Best Score: 18.3516 Model
[2021-11-26 14:20:59] - Loss decreased 18.39346 -> 18.35160
[2021-11-26 14:24:33] - Epoch 3 - avg_train_loss: 0.6404  avg_val_loss: 0.6425  time: 213s, lr: 0.00010
[2021-11-26 14:24:33] - Epoch 3 - Score: 17.9607
[2021-11-26 14:24:33] - Epoch 3 - Save Best Score: 17.9607 Model
[2021-11-26 14:24:34] - Loss decreased 18.35160 -> 17.96066
[2021-11-26 14:28:09] - Epoch 4 - avg_train_loss: 0.6356  avg_val_loss: 0.6493  time: 215s, lr: 0.00009
[2021-11-26 14:28:09] - Epoch 4 - Score: 18.7682
[2021-11-26 14:31:44] - Epoch 5 - avg_train_loss: 0.6283  avg_val_loss: 0.6478  time: 214s, lr: 0.00009
[2021-11-26 14:31:44] - Epoch 5 - Score: 18.3444
[2021-11-26 14:35:18] - Epoch 6 - avg_train_loss: 0.6248  avg_val_loss: 0.6493  time: 214s, lr: 0.00009
[2021-11-26 14:35:18] - Epoch 6 - Score: 18.7180
[2021-11-26 14:38:54] - Epoch 7 - avg_train_loss: 0.6206  avg_val_loss: 0.6557  time: 216s, lr: 0.00008
[2021-11-26 14:38:54] - Epoch 7 - Score: 19.3522
[2021-11-26 14:38:54] - Early stop!!
[2021-11-26 14:38:54] - ========== fold: 8 result ==========
[2021-11-26 14:38:54] - Score: 17.9607
[2021-11-26 14:38:54] - ========== fold: 9 training ==========
[2021-11-26 14:42:29] - Epoch 1 - avg_train_loss: 0.6552  avg_val_loss: 0.6517  time: 214s, lr: 0.00010
[2021-11-26 14:42:29] - Epoch 1 - Score: 19.0143
[2021-11-26 14:42:29] - Epoch 1 - Save Best Score: 19.0143 Model
[2021-11-26 14:46:04] - Epoch 2 - avg_train_loss: 0.6467  avg_val_loss: 0.6407  time: 215s, lr: 0.00010
[2021-11-26 14:46:04] - Epoch 2 - Score: 17.6308
[2021-11-26 14:46:04] - Epoch 2 - Save Best Score: 17.6308 Model
[2021-11-26 14:46:05] - Loss decreased 19.01427 -> 17.63077
[2021-11-26 14:49:40] - Epoch 3 - avg_train_loss: 0.6423  avg_val_loss: 0.6441  time: 215s, lr: 0.00010
[2021-11-26 14:49:40] - Epoch 3 - Score: 18.0523
[2021-11-26 14:53:14] - Epoch 4 - avg_train_loss: 0.6370  avg_val_loss: 0.6463  time: 214s, lr: 0.00009
[2021-11-26 14:53:14] - Epoch 4 - Score: 18.2232
[2021-11-26 14:56:47] - Epoch 5 - avg_train_loss: 0.6303  avg_val_loss: 0.6456  time: 214s, lr: 0.00009
[2021-11-26 14:56:47] - Epoch 5 - Score: 18.2865
[2021-11-26 15:00:21] - Epoch 6 - avg_train_loss: 0.6249  avg_val_loss: 0.6433  time: 214s, lr: 0.00009
[2021-11-26 15:00:21] - Epoch 6 - Score: 18.0026
[2021-11-26 15:00:21] - Early stop!!
[2021-11-26 15:00:21] - ========== fold: 9 result ==========
[2021-11-26 15:00:21] - Score: 17.6308
[2021-11-26 15:00:21] - ========== CV ==========
[2021-11-26 15:00:21] - Score: 18.0581
