[2021-11-26 03:15:48] - ========== fold: 0 training ==========
[2021-11-26 03:29:25] - Epoch 1 - avg_train_loss: 0.6593  avg_val_loss: 0.6475  time: 791s, lr: 0.00010
[2021-11-26 03:29:25] - Epoch 1 - Score: 18.6696
[2021-11-26 03:29:25] - Epoch 1 - Save Best Score: 18.6696 Model
[2021-11-26 03:34:29] - Epoch 2 - avg_train_loss: 0.6548  avg_val_loss: 0.6466  time: 301s, lr: 0.00010
[2021-11-26 03:34:29] - Epoch 2 - Score: 18.5589
[2021-11-26 03:34:29] - Epoch 2 - Save Best Score: 18.5589 Model
[2021-11-26 03:34:31] - Loss decreased 18.66955 -> 18.55889
[2021-11-26 03:39:28] - Epoch 3 - avg_train_loss: 0.6507  avg_val_loss: 0.6502  time: 295s, lr: 0.00010
[2021-11-26 03:39:28] - Epoch 3 - Score: 19.0300
[2021-11-26 03:44:22] - Epoch 4 - avg_train_loss: 0.6490  avg_val_loss: 0.6460  time: 294s, lr: 0.00009
[2021-11-26 03:44:22] - Epoch 4 - Score: 18.4852
[2021-11-26 03:44:22] - Epoch 4 - Save Best Score: 18.4852 Model
[2021-11-26 03:44:24] - Loss decreased 18.55889 -> 18.48520
[2021-11-26 03:49:22] - Epoch 5 - avg_train_loss: 0.6467  avg_val_loss: 0.6492  time: 296s, lr: 0.00009
[2021-11-26 03:49:22] - Epoch 5 - Score: 18.9073
[2021-11-26 03:54:18] - Epoch 6 - avg_train_loss: 0.6428  avg_val_loss: 0.6441  time: 297s, lr: 0.00009
[2021-11-26 03:54:18] - Epoch 6 - Score: 18.2630
[2021-11-26 03:54:18] - Epoch 6 - Save Best Score: 18.2630 Model
[2021-11-26 03:54:20] - Loss decreased 18.48520 -> 18.26303
[2021-11-26 03:59:20] - Epoch 7 - avg_train_loss: 0.6378  avg_val_loss: 0.6465  time: 298s, lr: 0.00008
[2021-11-26 03:59:20] - Epoch 7 - Score: 18.5589
[2021-11-26 04:04:17] - Epoch 8 - avg_train_loss: 0.6335  avg_val_loss: 0.6512  time: 297s, lr: 0.00007
[2021-11-26 04:04:17] - Epoch 8 - Score: 19.1323
[2021-11-26 04:09:15] - Epoch 9 - avg_train_loss: 0.6286  avg_val_loss: 0.6470  time: 298s, lr: 0.00007
[2021-11-26 04:09:15] - Epoch 9 - Score: 18.6028
[2021-11-26 04:14:14] - Epoch 10 - avg_train_loss: 0.6250  avg_val_loss: 0.6507  time: 299s, lr: 0.00006
[2021-11-26 04:14:14] - Epoch 10 - Score: 19.0692
[2021-11-26 04:14:14] - Early stop!!
[2021-11-26 04:14:15] - ========== fold: 0 result ==========
[2021-11-26 04:14:15] - Score: 18.2630
[2021-11-26 04:14:15] - ========== fold: 1 training ==========
[2021-11-26 04:19:18] - Epoch 1 - avg_train_loss: 0.6575  avg_val_loss: 0.6486  time: 299s, lr: 0.00010
[2021-11-26 04:19:18] - Epoch 1 - Score: 18.5446
[2021-11-26 04:19:18] - Epoch 1 - Save Best Score: 18.5446 Model
[2021-11-26 04:24:23] - Epoch 2 - avg_train_loss: 0.6525  avg_val_loss: 0.6521  time: 302s, lr: 0.00010
[2021-11-26 04:24:23] - Epoch 2 - Score: 19.0087
[2021-11-26 04:29:22] - Epoch 3 - avg_train_loss: 0.6506  avg_val_loss: 0.6501  time: 299s, lr: 0.00010
[2021-11-26 04:29:22] - Epoch 3 - Score: 18.7455
[2021-11-26 04:34:20] - Epoch 4 - avg_train_loss: 0.6472  avg_val_loss: 0.6569  time: 298s, lr: 0.00009
[2021-11-26 04:34:20] - Epoch 4 - Score: 19.5797
[2021-11-26 04:39:19] - Epoch 5 - avg_train_loss: 0.6456  avg_val_loss: 0.6552  time: 299s, lr: 0.00009
[2021-11-26 04:39:19] - Epoch 5 - Score: 19.3513
[2021-11-26 04:39:19] - Early stop!!
[2021-11-26 04:39:20] - ========== fold: 1 result ==========
[2021-11-26 04:39:20] - Score: 18.5446
[2021-11-26 04:39:20] - ========== fold: 2 training ==========
[2021-11-26 04:44:20] - Epoch 1 - avg_train_loss: 0.6575  avg_val_loss: 0.6451  time: 298s, lr: 0.00010
[2021-11-26 04:44:20] - Epoch 1 - Score: 18.0936
[2021-11-26 04:44:20] - Epoch 1 - Save Best Score: 18.0936 Model
[2021-11-26 04:49:21] - Epoch 2 - avg_train_loss: 0.6522  avg_val_loss: 0.6474  time: 298s, lr: 0.00010
[2021-11-26 04:49:21] - Epoch 2 - Score: 18.3970
[2021-11-26 04:54:18] - Epoch 3 - avg_train_loss: 0.6496  avg_val_loss: 0.6499  time: 297s, lr: 0.00010
[2021-11-26 04:54:18] - Epoch 3 - Score: 18.6935
[2021-11-26 04:59:16] - Epoch 4 - avg_train_loss: 0.6471  avg_val_loss: 0.6540  time: 298s, lr: 0.00009
[2021-11-26 04:59:16] - Epoch 4 - Score: 19.1664
[2021-11-26 05:04:15] - Epoch 5 - avg_train_loss: 0.6457  avg_val_loss: 0.6467  time: 299s, lr: 0.00009
[2021-11-26 05:04:15] - Epoch 5 - Score: 18.2812
[2021-11-26 05:04:15] - Early stop!!
[2021-11-26 05:04:16] - ========== fold: 2 result ==========
[2021-11-26 05:04:16] - Score: 18.0936
[2021-11-26 05:04:16] - ========== fold: 3 training ==========
[2021-11-26 05:09:17] - Epoch 1 - avg_train_loss: 0.6590  avg_val_loss: 0.6528  time: 299s, lr: 0.00010
[2021-11-26 05:09:17] - Epoch 1 - Score: 19.1270
[2021-11-26 05:09:17] - Epoch 1 - Save Best Score: 19.1270 Model
[2021-11-26 05:14:23] - Epoch 2 - avg_train_loss: 0.6526  avg_val_loss: 0.6643  time: 302s, lr: 0.00010
[2021-11-26 05:14:23] - Epoch 2 - Score: 20.5094
[2021-11-26 05:19:22] - Epoch 3 - avg_train_loss: 0.6516  avg_val_loss: 0.6490  time: 299s, lr: 0.00010
[2021-11-26 05:19:22] - Epoch 3 - Score: 18.6310
[2021-11-26 05:19:22] - Epoch 3 - Save Best Score: 18.6310 Model
[2021-11-26 05:19:24] - Loss decreased 19.12698 -> 18.63103
[2021-11-26 05:24:25] - Epoch 4 - avg_train_loss: 0.6488  avg_val_loss: 0.6502  time: 300s, lr: 0.00009
[2021-11-26 05:24:25] - Epoch 4 - Score: 18.7984
[2021-11-26 05:29:25] - Epoch 5 - avg_train_loss: 0.6444  avg_val_loss: 0.6512  time: 300s, lr: 0.00009
[2021-11-26 05:29:25] - Epoch 5 - Score: 18.9136
[2021-11-26 05:34:25] - Epoch 6 - avg_train_loss: 0.6417  avg_val_loss: 0.6502  time: 299s, lr: 0.00009
[2021-11-26 05:34:25] - Epoch 6 - Score: 18.7610
[2021-11-26 05:39:25] - Epoch 7 - avg_train_loss: 0.6394  avg_val_loss: 0.6540  time: 300s, lr: 0.00008
[2021-11-26 05:39:25] - Epoch 7 - Score: 19.2338
[2021-11-26 05:39:25] - Early stop!!
[2021-11-26 05:39:25] - ========== fold: 3 result ==========
[2021-11-26 05:39:25] - Score: 18.6310
[2021-11-26 05:39:25] - ========== fold: 4 training ==========
[2021-11-26 05:44:26] - Epoch 1 - avg_train_loss: 0.6582  avg_val_loss: 0.6476  time: 298s, lr: 0.00010
[2021-11-26 05:44:26] - Epoch 1 - Score: 18.5434
[2021-11-26 05:44:26] - Epoch 1 - Save Best Score: 18.5434 Model
[2021-11-26 05:49:31] - Epoch 2 - avg_train_loss: 0.6527  avg_val_loss: 0.6496  time: 301s, lr: 0.00010
[2021-11-26 05:49:31] - Epoch 2 - Score: 18.8128
[2021-11-26 05:54:32] - Epoch 3 - avg_train_loss: 0.6509  avg_val_loss: 0.6466  time: 301s, lr: 0.00010
[2021-11-26 05:54:32] - Epoch 3 - Score: 18.4100
[2021-11-26 05:54:32] - Epoch 3 - Save Best Score: 18.4100 Model
[2021-11-26 05:54:34] - Loss decreased 18.54341 -> 18.41001
[2021-11-26 05:59:36] - Epoch 4 - avg_train_loss: 0.6469  avg_val_loss: 0.6471  time: 300s, lr: 0.00009
[2021-11-26 05:59:36] - Epoch 4 - Score: 18.4919
[2021-11-26 06:04:38] - Epoch 5 - avg_train_loss: 0.6436  avg_val_loss: 0.6461  time: 302s, lr: 0.00009
[2021-11-26 06:04:38] - Epoch 5 - Score: 18.3590
[2021-11-26 06:04:38] - Epoch 5 - Save Best Score: 18.3590 Model
[2021-11-26 06:04:40] - Loss decreased 18.41001 -> 18.35897
[2021-11-26 06:09:42] - Epoch 6 - avg_train_loss: 0.6416  avg_val_loss: 0.6490  time: 300s, lr: 0.00009
[2021-11-26 06:09:42] - Epoch 6 - Score: 18.7094
[2021-11-26 06:14:42] - Epoch 7 - avg_train_loss: 0.6364  avg_val_loss: 0.6469  time: 300s, lr: 0.00008
[2021-11-26 06:14:42] - Epoch 7 - Score: 18.3982
[2021-11-26 06:19:41] - Epoch 8 - avg_train_loss: 0.6346  avg_val_loss: 0.6595  time: 299s, lr: 0.00007
[2021-11-26 06:19:41] - Epoch 8 - Score: 19.8380
[2021-11-26 06:24:40] - Epoch 9 - avg_train_loss: 0.6315  avg_val_loss: 0.6496  time: 299s, lr: 0.00007
[2021-11-26 06:24:40] - Epoch 9 - Score: 18.7663
[2021-11-26 06:24:40] - Early stop!!
[2021-11-26 06:24:41] - ========== fold: 4 result ==========
[2021-11-26 06:24:41] - Score: 18.3590
[2021-11-26 06:24:41] - ========== fold: 5 training ==========
[2021-11-26 06:29:43] - Epoch 1 - avg_train_loss: 0.6587  avg_val_loss: 0.6491  time: 300s, lr: 0.00010
[2021-11-26 06:29:43] - Epoch 1 - Score: 18.6027
[2021-11-26 06:29:43] - Epoch 1 - Save Best Score: 18.6027 Model
[2021-11-26 06:34:48] - Epoch 2 - avg_train_loss: 0.6538  avg_val_loss: 0.6461  time: 302s, lr: 0.00010
[2021-11-26 06:34:48] - Epoch 2 - Score: 18.2098
[2021-11-26 06:34:48] - Epoch 2 - Save Best Score: 18.2098 Model
[2021-11-26 06:34:50] - Loss decreased 18.60267 -> 18.20985
[2021-11-26 06:39:51] - Epoch 3 - avg_train_loss: 0.6495  avg_val_loss: 0.6459  time: 299s, lr: 0.00010
[2021-11-26 06:39:51] - Epoch 3 - Score: 18.2039
[2021-11-26 06:39:51] - Epoch 3 - Save Best Score: 18.2039 Model
[2021-11-26 06:39:52] - Loss decreased 18.20985 -> 18.20390
[2021-11-26 06:44:55] - Epoch 4 - avg_train_loss: 0.6458  avg_val_loss: 0.6523  time: 301s, lr: 0.00009
[2021-11-26 06:44:55] - Epoch 4 - Score: 18.9539
[2021-11-26 06:49:55] - Epoch 5 - avg_train_loss: 0.6438  avg_val_loss: 0.6509  time: 300s, lr: 0.00009
[2021-11-26 06:49:55] - Epoch 5 - Score: 18.7933
[2021-11-26 06:54:55] - Epoch 6 - avg_train_loss: 0.6396  avg_val_loss: 0.6493  time: 300s, lr: 0.00009
[2021-11-26 06:54:55] - Epoch 6 - Score: 18.5162
[2021-11-26 06:59:55] - Epoch 7 - avg_train_loss: 0.6381  avg_val_loss: 0.6482  time: 300s, lr: 0.00008
[2021-11-26 06:59:55] - Epoch 7 - Score: 18.4998
[2021-11-26 06:59:55] - Early stop!!
[2021-11-26 06:59:55] - ========== fold: 5 result ==========
[2021-11-26 06:59:55] - Score: 18.2039
[2021-11-26 06:59:55] - ========== fold: 6 training ==========
[2021-11-26 07:04:57] - Epoch 1 - avg_train_loss: 0.6596  avg_val_loss: 0.6493  time: 300s, lr: 0.00010
[2021-11-26 07:04:57] - Epoch 1 - Score: 18.7515
[2021-11-26 07:04:57] - Epoch 1 - Save Best Score: 18.7515 Model
[2021-11-26 07:10:02] - Epoch 2 - avg_train_loss: 0.6531  avg_val_loss: 0.6459  time: 301s, lr: 0.00010
[2021-11-26 07:10:02] - Epoch 2 - Score: 18.3282
[2021-11-26 07:10:02] - Epoch 2 - Save Best Score: 18.3282 Model
[2021-11-26 07:10:04] - Loss decreased 18.75151 -> 18.32817
[2021-11-26 07:15:07] - Epoch 3 - avg_train_loss: 0.6509  avg_val_loss: 0.6501  time: 301s, lr: 0.00010
[2021-11-26 07:15:07] - Epoch 3 - Score: 18.8638
[2021-11-26 07:20:10] - Epoch 4 - avg_train_loss: 0.6476  avg_val_loss: 0.6491  time: 303s, lr: 0.00009
[2021-11-26 07:20:10] - Epoch 4 - Score: 18.7206
[2021-11-26 07:25:10] - Epoch 5 - avg_train_loss: 0.6466  avg_val_loss: 0.6453  time: 300s, lr: 0.00009
[2021-11-26 07:25:10] - Epoch 5 - Score: 18.2432
[2021-11-26 07:25:10] - Epoch 5 - Save Best Score: 18.2432 Model
[2021-11-26 07:25:11] - Loss decreased 18.32817 -> 18.24316
[2021-11-26 07:30:14] - Epoch 6 - avg_train_loss: 0.6446  avg_val_loss: 0.6460  time: 301s, lr: 0.00009
[2021-11-26 07:30:14] - Epoch 6 - Score: 18.3417
[2021-11-26 07:35:13] - Epoch 7 - avg_train_loss: 0.6403  avg_val_loss: 0.6520  time: 299s, lr: 0.00008
[2021-11-26 07:35:13] - Epoch 7 - Score: 19.1008
[2021-11-26 07:40:14] - Epoch 8 - avg_train_loss: 0.6357  avg_val_loss: 0.6543  time: 301s, lr: 0.00007
[2021-11-26 07:40:14] - Epoch 8 - Score: 19.3688
[2021-11-26 07:45:15] - Epoch 9 - avg_train_loss: 0.6310  avg_val_loss: 0.6478  time: 301s, lr: 0.00007
[2021-11-26 07:45:15] - Epoch 9 - Score: 18.5816
[2021-11-26 07:45:15] - Early stop!!
[2021-11-26 07:45:16] - ========== fold: 6 result ==========
[2021-11-26 07:45:16] - Score: 18.2432
[2021-11-26 07:45:16] - ========== fold: 7 training ==========
[2021-11-26 07:50:19] - Epoch 1 - avg_train_loss: 0.6599  avg_val_loss: 0.6481  time: 301s, lr: 0.00010
[2021-11-26 07:50:19] - Epoch 1 - Score: 18.4620
[2021-11-26 07:50:19] - Epoch 1 - Save Best Score: 18.4620 Model
[2021-11-26 07:55:23] - Epoch 2 - avg_train_loss: 0.6544  avg_val_loss: 0.6489  time: 301s, lr: 0.00010
[2021-11-26 07:55:23] - Epoch 2 - Score: 18.5871
[2021-11-26 08:00:24] - Epoch 3 - avg_train_loss: 0.6509  avg_val_loss: 0.6466  time: 301s, lr: 0.00010
[2021-11-26 08:00:24] - Epoch 3 - Score: 18.2897
[2021-11-26 08:00:24] - Epoch 3 - Save Best Score: 18.2897 Model
[2021-11-26 08:00:26] - Loss decreased 18.46199 -> 18.28970
[2021-11-26 08:05:30] - Epoch 4 - avg_train_loss: 0.6486  avg_val_loss: 0.6436  time: 302s, lr: 0.00009
[2021-11-26 08:05:30] - Epoch 4 - Score: 17.8657
[2021-11-26 08:05:30] - Epoch 4 - Save Best Score: 17.8657 Model
[2021-11-26 08:05:32] - Loss decreased 18.28970 -> 17.86567
[2021-11-26 08:10:38] - Epoch 5 - avg_train_loss: 0.6451  avg_val_loss: 0.6471  time: 304s, lr: 0.00009
[2021-11-26 08:10:38] - Epoch 5 - Score: 18.3496
[2021-11-26 08:15:40] - Epoch 6 - avg_train_loss: 0.6432  avg_val_loss: 0.6490  time: 302s, lr: 0.00009
[2021-11-26 08:15:40] - Epoch 6 - Score: 18.5223
[2021-11-26 08:20:41] - Epoch 7 - avg_train_loss: 0.6388  avg_val_loss: 0.6487  time: 301s, lr: 0.00008
[2021-11-26 08:20:41] - Epoch 7 - Score: 18.5645
[2021-11-26 08:25:41] - Epoch 8 - avg_train_loss: 0.6359  avg_val_loss: 0.6500  time: 300s, lr: 0.00007
[2021-11-26 08:25:41] - Epoch 8 - Score: 18.6325
[2021-11-26 08:25:41] - Early stop!!
[2021-11-26 08:25:42] - ========== fold: 7 result ==========
[2021-11-26 08:25:42] - Score: 17.8657
[2021-11-26 08:25:42] - ========== fold: 8 training ==========
[2021-11-26 08:30:45] - Epoch 1 - avg_train_loss: 0.6577  avg_val_loss: 0.6505  time: 301s, lr: 0.00010
[2021-11-26 08:30:45] - Epoch 1 - Score: 18.9952
[2021-11-26 08:30:45] - Epoch 1 - Save Best Score: 18.9952 Model
[2021-11-26 08:35:50] - Epoch 2 - avg_train_loss: 0.6536  avg_val_loss: 0.6483  time: 301s, lr: 0.00010
[2021-11-26 08:35:50] - Epoch 2 - Score: 18.6824
[2021-11-26 08:35:50] - Epoch 2 - Save Best Score: 18.6824 Model
[2021-11-26 08:35:51] - Loss decreased 18.99518 -> 18.68236
[2021-11-26 08:40:54] - Epoch 3 - avg_train_loss: 0.6492  avg_val_loss: 0.6454  time: 300s, lr: 0.00010
[2021-11-26 08:40:54] - Epoch 3 - Score: 18.3114
[2021-11-26 08:40:54] - Epoch 3 - Save Best Score: 18.3114 Model
[2021-11-26 08:40:55] - Loss decreased 18.68236 -> 18.31143
[2021-11-26 08:45:59] - Epoch 4 - avg_train_loss: 0.6466  avg_val_loss: 0.6442  time: 301s, lr: 0.00009
[2021-11-26 08:45:59] - Epoch 4 - Score: 18.1758
[2021-11-26 08:45:59] - Epoch 4 - Save Best Score: 18.1758 Model
[2021-11-26 08:46:00] - Loss decreased 18.31143 -> 18.17580
[2021-11-26 08:51:02] - Epoch 5 - avg_train_loss: 0.6430  avg_val_loss: 0.6457  time: 300s, lr: 0.00009
[2021-11-26 08:51:02] - Epoch 5 - Score: 18.3863
[2021-11-26 08:56:02] - Epoch 6 - avg_train_loss: 0.6407  avg_val_loss: 0.6445  time: 300s, lr: 0.00009
[2021-11-26 08:56:02] - Epoch 6 - Score: 18.1819
[2021-11-26 09:01:01] - Epoch 7 - avg_train_loss: 0.6399  avg_val_loss: 0.6499  time: 299s, lr: 0.00008
[2021-11-26 09:01:01] - Epoch 7 - Score: 18.7877
[2021-11-26 09:06:01] - Epoch 8 - avg_train_loss: 0.6346  avg_val_loss: 0.6438  time: 300s, lr: 0.00007
[2021-11-26 09:06:01] - Epoch 8 - Score: 18.1458
[2021-11-26 09:06:01] - Epoch 8 - Save Best Score: 18.1458 Model
[2021-11-26 09:06:02] - Loss decreased 18.17580 -> 18.14583
[2021-11-26 09:11:05] - Epoch 9 - avg_train_loss: 0.6316  avg_val_loss: 0.6513  time: 300s, lr: 0.00007
[2021-11-26 09:11:05] - Epoch 9 - Score: 19.0448
[2021-11-26 09:16:04] - Epoch 10 - avg_train_loss: 0.6261  avg_val_loss: 0.6476  time: 299s, lr: 0.00006
[2021-11-26 09:16:04] - Epoch 10 - Score: 18.5691
[2021-11-26 09:21:05] - Epoch 11 - avg_train_loss: 0.6253  avg_val_loss: 0.6521  time: 301s, lr: 0.00005
[2021-11-26 09:21:05] - Epoch 11 - Score: 19.0334
[2021-11-26 09:26:07] - Epoch 12 - avg_train_loss: 0.6193  avg_val_loss: 0.6475  time: 302s, lr: 0.00004
[2021-11-26 09:26:07] - Epoch 12 - Score: 18.4989
[2021-11-26 09:26:07] - Early stop!!
[2021-11-26 09:26:08] - ========== fold: 8 result ==========
[2021-11-26 09:26:08] - Score: 18.1458
[2021-11-26 09:26:08] - ========== fold: 9 training ==========
[2021-11-26 09:31:13] - Epoch 1 - avg_train_loss: 0.6603  avg_val_loss: 0.6459  time: 303s, lr: 0.00010
[2021-11-26 09:31:13] - Epoch 1 - Score: 18.3207
[2021-11-26 09:31:13] - Epoch 1 - Save Best Score: 18.3207 Model
[2021-11-26 09:36:19] - Epoch 2 - avg_train_loss: 0.6538  avg_val_loss: 0.6450  time: 302s, lr: 0.00010
[2021-11-26 09:36:19] - Epoch 2 - Score: 18.1844
[2021-11-26 09:36:19] - Epoch 2 - Save Best Score: 18.1844 Model
[2021-11-26 09:36:20] - Loss decreased 18.32070 -> 18.18443
[2021-11-26 09:41:24] - Epoch 3 - avg_train_loss: 0.6515  avg_val_loss: 0.6514  time: 302s, lr: 0.00010
[2021-11-26 09:41:24] - Epoch 3 - Score: 19.0292
[2021-11-26 09:46:26] - Epoch 4 - avg_train_loss: 0.6556  avg_val_loss: 0.6539  time: 302s, lr: 0.00009
[2021-11-26 09:46:26] - Epoch 4 - Score: 19.3266
[2021-11-26 09:51:26] - Epoch 5 - avg_train_loss: 0.6479  avg_val_loss: 0.6402  time: 301s, lr: 0.00009
[2021-11-26 09:51:26] - Epoch 5 - Score: 17.5977
[2021-11-26 09:51:26] - Epoch 5 - Save Best Score: 17.5977 Model
[2021-11-26 09:51:29] - Loss decreased 18.18443 -> 17.59768
[2021-11-26 09:56:33] - Epoch 6 - avg_train_loss: 0.6449  avg_val_loss: 0.6412  time: 303s, lr: 0.00009
[2021-11-26 09:56:33] - Epoch 6 - Score: 17.7265
[2021-11-26 10:01:35] - Epoch 7 - avg_train_loss: 0.6424  avg_val_loss: 0.6413  time: 302s, lr: 0.00008
[2021-11-26 10:01:35] - Epoch 7 - Score: 17.7341
[2021-11-26 10:06:38] - Epoch 8 - avg_train_loss: 0.6368  avg_val_loss: 0.6391  time: 303s, lr: 0.00007
[2021-11-26 10:06:38] - Epoch 8 - Score: 17.4429
[2021-11-26 10:06:38] - Epoch 8 - Save Best Score: 17.4429 Model
[2021-11-26 10:06:39] - Loss decreased 17.59768 -> 17.44292
[2021-11-26 10:11:44] - Epoch 9 - avg_train_loss: 0.6340  avg_val_loss: 0.6428  time: 303s, lr: 0.00007
[2021-11-26 10:11:44] - Epoch 9 - Score: 17.9488
[2021-11-26 10:16:47] - Epoch 10 - avg_train_loss: 0.6289  avg_val_loss: 0.6479  time: 304s, lr: 0.00006
[2021-11-26 10:16:47] - Epoch 10 - Score: 18.5735
[2021-11-26 10:21:39] - Epoch 11 - avg_train_loss: 0.6280  avg_val_loss: 0.6444  time: 292s, lr: 0.00005
[2021-11-26 10:21:39] - Epoch 11 - Score: 18.1396
[2021-11-26 10:26:28] - Epoch 12 - avg_train_loss: 0.6224  avg_val_loss: 0.6415  time: 289s, lr: 0.00004
[2021-11-26 10:26:28] - Epoch 12 - Score: 17.7712
[2021-11-26 10:26:28] - Early stop!!
[2021-11-26 10:26:29] - ========== fold: 9 result ==========
[2021-11-26 10:26:29] - Score: 17.4429
[2021-11-26 10:26:29] - ========== CV ==========
[2021-11-26 10:26:29] - Score: 18.1821
