[2021-11-28 22:29:48] - ========== fold: 0 training ==========
[2021-11-28 22:36:42] - ========== fold: 0 training ==========
[2021-11-28 22:56:04] - Epoch 1 - avg_train_loss: 0.6574  avg_val_loss: 0.6498  time: 1147s, lr: 0.00010
[2021-11-28 22:56:04] - Epoch 1 - Score: 18.9549
[2021-11-28 22:56:04] - Epoch 1 - Save Best Score: 18.9549 Model
[2021-11-28 23:00:05] - Epoch 2 - avg_train_loss: 0.6511  avg_val_loss: 0.6475  time: 240s, lr: 0.00010
[2021-11-28 23:00:05] - Epoch 2 - Score: 18.6730
[2021-11-28 23:00:05] - Epoch 2 - Save Best Score: 18.6730 Model
[2021-11-28 23:00:05] - Loss decreased 18.95490 -> 18.67303
[2021-11-28 23:04:02] - Epoch 3 - avg_train_loss: 0.6480  avg_val_loss: 0.6484  time: 236s, lr: 0.00010
[2021-11-28 23:04:02] - Epoch 3 - Score: 18.7583
[2021-11-28 23:07:58] - Epoch 4 - avg_train_loss: 0.6461  avg_val_loss: 0.6498  time: 236s, lr: 0.00009
[2021-11-28 23:07:58] - Epoch 4 - Score: 18.9539
[2021-11-28 23:11:53] - Epoch 5 - avg_train_loss: 0.6434  avg_val_loss: 0.6470  time: 235s, lr: 0.00009
[2021-11-28 23:11:53] - Epoch 5 - Score: 18.5816
[2021-11-28 23:11:53] - Epoch 5 - Save Best Score: 18.5816 Model
[2021-11-28 23:11:53] - Loss decreased 18.67303 -> 18.58164
[2021-11-28 23:15:48] - Epoch 6 - avg_train_loss: 0.6399  avg_val_loss: 0.6472  time: 234s, lr: 0.00009
[2021-11-28 23:15:48] - Epoch 6 - Score: 18.6245
[2021-11-28 23:19:43] - Epoch 7 - avg_train_loss: 0.6369  avg_val_loss: 0.6489  time: 234s, lr: 0.00008
[2021-11-28 23:19:43] - Epoch 7 - Score: 18.8600
[2021-11-28 23:23:36] - Epoch 8 - avg_train_loss: 0.6342  avg_val_loss: 0.6474  time: 234s, lr: 0.00007
[2021-11-28 23:23:36] - Epoch 8 - Score: 18.6614
[2021-11-28 23:27:31] - Epoch 9 - avg_train_loss: 0.6298  avg_val_loss: 0.6495  time: 234s, lr: 0.00007
[2021-11-28 23:27:31] - Epoch 9 - Score: 18.8453
[2021-11-28 23:27:31] - Early stop!!
[2021-11-28 23:27:31] - ========== fold: 0 result ==========
[2021-11-28 23:27:31] - Score: 18.5816
[2021-11-28 23:27:31] - ========== fold: 1 training ==========
[2021-11-28 23:31:26] - Epoch 1 - avg_train_loss: 0.6569  avg_val_loss: 0.6505  time: 235s, lr: 0.00010
[2021-11-28 23:31:26] - Epoch 1 - Score: 18.7886
[2021-11-28 23:31:26] - Epoch 1 - Save Best Score: 18.7886 Model
[2021-11-28 23:35:23] - Epoch 2 - avg_train_loss: 0.6512  avg_val_loss: 0.6537  time: 236s, lr: 0.00010
[2021-11-28 23:35:23] - Epoch 2 - Score: 19.1620
[2021-11-28 23:39:20] - Epoch 3 - avg_train_loss: 0.6481  avg_val_loss: 0.6533  time: 237s, lr: 0.00010
[2021-11-28 23:39:20] - Epoch 3 - Score: 19.1283
[2021-11-28 23:43:16] - Epoch 4 - avg_train_loss: 0.6456  avg_val_loss: 0.6521  time: 236s, lr: 0.00009
[2021-11-28 23:43:16] - Epoch 4 - Score: 18.9768
[2021-11-28 23:47:13] - Epoch 5 - avg_train_loss: 0.6420  avg_val_loss: 0.6518  time: 237s, lr: 0.00009
[2021-11-28 23:47:13] - Epoch 5 - Score: 18.9589
[2021-11-28 23:47:13] - Early stop!!
[2021-11-28 23:47:13] - ========== fold: 1 result ==========
[2021-11-28 23:47:13] - Score: 18.7886
[2021-11-28 23:47:13] - ========== fold: 2 training ==========
[2021-11-28 23:51:09] - Epoch 1 - avg_train_loss: 0.6558  avg_val_loss: 0.6537  time: 235s, lr: 0.00010
[2021-11-28 23:51:09] - Epoch 1 - Score: 19.1956
[2021-11-28 23:51:09] - Epoch 1 - Save Best Score: 19.1956 Model
[2021-11-28 23:55:06] - Epoch 2 - avg_train_loss: 0.6512  avg_val_loss: 0.6507  time: 236s, lr: 0.00010
[2021-11-28 23:55:06] - Epoch 2 - Score: 18.7934
[2021-11-28 23:55:06] - Epoch 2 - Save Best Score: 18.7934 Model
[2021-11-28 23:55:06] - Loss decreased 19.19555 -> 18.79336
[2021-11-28 23:59:02] - Epoch 3 - avg_train_loss: 0.6481  avg_val_loss: 0.6476  time: 235s, lr: 0.00010
[2021-11-28 23:59:02] - Epoch 3 - Score: 18.3940
[2021-11-28 23:59:02] - Epoch 3 - Save Best Score: 18.3940 Model
[2021-11-28 23:59:02] - Loss decreased 18.79336 -> 18.39399
[2021-11-29 00:02:59] - Epoch 4 - avg_train_loss: 0.6455  avg_val_loss: 0.6492  time: 236s, lr: 0.00009
[2021-11-29 00:02:59] - Epoch 4 - Score: 18.6110
[2021-11-29 00:06:55] - Epoch 5 - avg_train_loss: 0.6421  avg_val_loss: 0.6507  time: 236s, lr: 0.00009
[2021-11-29 00:06:55] - Epoch 5 - Score: 18.7504
[2021-11-29 00:10:53] - Epoch 6 - avg_train_loss: 0.6401  avg_val_loss: 0.6539  time: 238s, lr: 0.00009
[2021-11-29 00:10:53] - Epoch 6 - Score: 19.1809
[2021-11-29 00:14:49] - Epoch 7 - avg_train_loss: 0.6354  avg_val_loss: 0.6554  time: 236s, lr: 0.00008
[2021-11-29 00:14:49] - Epoch 7 - Score: 19.2497
[2021-11-29 00:14:49] - Early stop!!
[2021-11-29 00:14:49] - ========== fold: 2 result ==========
[2021-11-29 00:14:49] - Score: 18.3940
[2021-11-29 00:14:49] - ========== fold: 3 training ==========
[2021-11-29 00:18:46] - Epoch 1 - avg_train_loss: 0.6561  avg_val_loss: 0.6536  time: 236s, lr: 0.00010
[2021-11-29 00:18:46] - Epoch 1 - Score: 19.1403
[2021-11-29 00:18:46] - Epoch 1 - Save Best Score: 19.1403 Model
[2021-11-29 00:22:42] - Epoch 2 - avg_train_loss: 0.6506  avg_val_loss: 0.6599  time: 235s, lr: 0.00010
[2021-11-29 00:22:42] - Epoch 2 - Score: 19.8811
[2021-11-29 00:26:38] - Epoch 3 - avg_train_loss: 0.6478  avg_val_loss: 0.6545  time: 236s, lr: 0.00010
[2021-11-29 00:26:38] - Epoch 3 - Score: 19.3062
[2021-11-29 00:30:40] - Epoch 4 - avg_train_loss: 0.6445  avg_val_loss: 0.6626  time: 242s, lr: 0.00009
[2021-11-29 00:30:40] - Epoch 4 - Score: 20.1798
[2021-11-29 00:34:45] - Epoch 5 - avg_train_loss: 0.6423  avg_val_loss: 0.6558  time: 245s, lr: 0.00009
[2021-11-29 00:34:45] - Epoch 5 - Score: 19.4718
[2021-11-29 00:34:45] - Early stop!!
[2021-11-29 00:34:45] - ========== fold: 3 result ==========
[2021-11-29 00:34:45] - Score: 19.1403
[2021-11-29 00:34:45] - ========== fold: 4 training ==========
[2021-11-29 00:38:51] - Epoch 1 - avg_train_loss: 0.6569  avg_val_loss: 0.6514  time: 245s, lr: 0.00010
[2021-11-29 00:38:51] - Epoch 1 - Score: 19.0037
[2021-11-29 00:38:51] - Epoch 1 - Save Best Score: 19.0037 Model
[2021-11-29 00:42:58] - Epoch 2 - avg_train_loss: 0.6509  avg_val_loss: 0.6539  time: 246s, lr: 0.00010
[2021-11-29 00:42:58] - Epoch 2 - Score: 19.3215
[2021-11-29 00:47:06] - Epoch 3 - avg_train_loss: 0.6482  avg_val_loss: 0.6509  time: 248s, lr: 0.00010
[2021-11-29 00:47:06] - Epoch 3 - Score: 18.9761
[2021-11-29 00:47:06] - Epoch 3 - Save Best Score: 18.9761 Model
[2021-11-29 00:47:06] - Loss decreased 19.00366 -> 18.97611
[2021-11-29 00:51:12] - Epoch 4 - avg_train_loss: 0.6462  avg_val_loss: 0.6464  time: 245s, lr: 0.00009
[2021-11-29 00:51:12] - Epoch 4 - Score: 18.3671
[2021-11-29 00:51:12] - Epoch 4 - Save Best Score: 18.3671 Model
[2021-11-29 00:51:13] - Loss decreased 18.97611 -> 18.36711
[2021-11-29 00:55:18] - Epoch 5 - avg_train_loss: 0.6436  avg_val_loss: 0.6499  time: 245s, lr: 0.00009
[2021-11-29 00:55:18] - Epoch 5 - Score: 18.8429
[2021-11-29 00:59:24] - Epoch 6 - avg_train_loss: 0.6401  avg_val_loss: 0.6491  time: 246s, lr: 0.00009
[2021-11-29 00:59:24] - Epoch 6 - Score: 18.6991
[2021-11-29 01:03:30] - Epoch 7 - avg_train_loss: 0.6383  avg_val_loss: 0.6544  time: 246s, lr: 0.00008
[2021-11-29 01:03:30] - Epoch 7 - Score: 19.3044
[2021-11-29 01:07:36] - Epoch 8 - avg_train_loss: 0.6325  avg_val_loss: 0.6564  time: 246s, lr: 0.00007
[2021-11-29 01:07:36] - Epoch 8 - Score: 19.4702
[2021-11-29 01:07:36] - Early stop!!
[2021-11-29 01:07:36] - ========== fold: 4 result ==========
[2021-11-29 01:07:36] - Score: 18.3671
[2021-11-29 01:07:36] - ========== fold: 5 training ==========
[2021-11-29 01:11:42] - Epoch 1 - avg_train_loss: 0.6562  avg_val_loss: 0.6448  time: 245s, lr: 0.00010
[2021-11-29 01:11:42] - Epoch 1 - Score: 18.0351
[2021-11-29 01:11:42] - Epoch 1 - Save Best Score: 18.0351 Model
[2021-11-29 01:15:49] - Epoch 2 - avg_train_loss: 0.6504  avg_val_loss: 0.6461  time: 246s, lr: 0.00010
[2021-11-29 01:15:49] - Epoch 2 - Score: 18.2207
[2021-11-29 01:19:54] - Epoch 3 - avg_train_loss: 0.6486  avg_val_loss: 0.6488  time: 246s, lr: 0.00010
[2021-11-29 01:19:54] - Epoch 3 - Score: 18.5802
[2021-11-29 01:23:59] - Epoch 4 - avg_train_loss: 0.6450  avg_val_loss: 0.6506  time: 245s, lr: 0.00009
[2021-11-29 01:23:59] - Epoch 4 - Score: 18.7783
[2021-11-29 01:28:05] - Epoch 5 - avg_train_loss: 0.6434  avg_val_loss: 0.6465  time: 246s, lr: 0.00009
[2021-11-29 01:28:05] - Epoch 5 - Score: 18.2036
[2021-11-29 01:28:05] - Early stop!!
[2021-11-29 01:28:05] - ========== fold: 5 result ==========
[2021-11-29 01:28:05] - Score: 18.0351
[2021-11-29 01:28:05] - ========== fold: 6 training ==========
[2021-11-29 01:32:13] - Epoch 1 - avg_train_loss: 0.6565  avg_val_loss: 0.6499  time: 247s, lr: 0.00010
[2021-11-29 01:32:13] - Epoch 1 - Score: 18.7978
[2021-11-29 01:32:13] - Epoch 1 - Save Best Score: 18.7978 Model
[2021-11-29 01:36:20] - Epoch 2 - avg_train_loss: 0.6501  avg_val_loss: 0.6480  time: 246s, lr: 0.00010
[2021-11-29 01:36:20] - Epoch 2 - Score: 18.5799
[2021-11-29 01:36:20] - Epoch 2 - Save Best Score: 18.5799 Model
[2021-11-29 01:36:21] - Loss decreased 18.79783 -> 18.57992
[2021-11-29 01:40:27] - Epoch 3 - avg_train_loss: 0.6476  avg_val_loss: 0.6478  time: 246s, lr: 0.00010
[2021-11-29 01:40:27] - Epoch 3 - Score: 18.5652
[2021-11-29 01:40:27] - Epoch 3 - Save Best Score: 18.5652 Model
[2021-11-29 01:40:27] - Loss decreased 18.57992 -> 18.56522
[2021-11-29 01:44:34] - Epoch 4 - avg_train_loss: 0.6451  avg_val_loss: 0.6439  time: 246s, lr: 0.00009
[2021-11-29 01:44:34] - Epoch 4 - Score: 18.0678
[2021-11-29 01:44:34] - Epoch 4 - Save Best Score: 18.0678 Model
[2021-11-29 01:44:34] - Loss decreased 18.56522 -> 18.06776
[2021-11-29 01:48:40] - Epoch 5 - avg_train_loss: 0.6424  avg_val_loss: 0.6485  time: 245s, lr: 0.00009
[2021-11-29 01:48:40] - Epoch 5 - Score: 18.6417
[2021-11-29 01:52:45] - Epoch 6 - avg_train_loss: 0.6404  avg_val_loss: 0.6472  time: 245s, lr: 0.00009
[2021-11-29 01:52:45] - Epoch 6 - Score: 18.4429
[2021-11-29 01:56:51] - Epoch 7 - avg_train_loss: 0.6357  avg_val_loss: 0.6536  time: 246s, lr: 0.00008
[2021-11-29 01:56:51] - Epoch 7 - Score: 19.2311
[2021-11-29 02:00:57] - Epoch 8 - avg_train_loss: 0.6307  avg_val_loss: 0.6496  time: 246s, lr: 0.00007
[2021-11-29 02:00:57] - Epoch 8 - Score: 18.7654
[2021-11-29 02:00:57] - Early stop!!
[2021-11-29 02:00:57] - ========== fold: 6 result ==========
[2021-11-29 02:00:57] - Score: 18.0678
[2021-11-29 02:00:57] - ========== fold: 7 training ==========
[2021-11-29 02:05:03] - Epoch 1 - avg_train_loss: 0.6564  avg_val_loss: 0.6497  time: 245s, lr: 0.00010
[2021-11-29 02:05:03] - Epoch 1 - Score: 18.6313
[2021-11-29 02:05:03] - Epoch 1 - Save Best Score: 18.6313 Model
[2021-11-29 02:09:08] - Epoch 2 - avg_train_loss: 0.6515  avg_val_loss: 0.6497  time: 245s, lr: 0.00010
[2021-11-29 02:09:08] - Epoch 2 - Score: 18.6726
[2021-11-29 02:13:13] - Epoch 3 - avg_train_loss: 0.6485  avg_val_loss: 0.6538  time: 244s, lr: 0.00010
[2021-11-29 02:13:13] - Epoch 3 - Score: 19.0884
[2021-11-29 02:17:17] - Epoch 4 - avg_train_loss: 0.6464  avg_val_loss: 0.6478  time: 244s, lr: 0.00009
[2021-11-29 02:17:17] - Epoch 4 - Score: 18.4219
[2021-11-29 02:17:17] - Epoch 4 - Save Best Score: 18.4219 Model
[2021-11-29 02:17:18] - Loss decreased 18.63128 -> 18.42192
[2021-11-29 02:21:23] - Epoch 5 - avg_train_loss: 0.6431  avg_val_loss: 0.6459  time: 245s, lr: 0.00009
[2021-11-29 02:21:23] - Epoch 5 - Score: 18.1477
[2021-11-29 02:21:23] - Epoch 5 - Save Best Score: 18.1477 Model
[2021-11-29 02:21:24] - Loss decreased 18.42192 -> 18.14774
[2021-11-29 02:25:29] - Epoch 6 - avg_train_loss: 0.6393  avg_val_loss: 0.6463  time: 245s, lr: 0.00009
[2021-11-29 02:25:30] - Epoch 6 - Score: 18.2325
[2021-11-29 02:29:34] - Epoch 7 - avg_train_loss: 0.6368  avg_val_loss: 0.6480  time: 245s, lr: 0.00008
[2021-11-29 02:29:34] - Epoch 7 - Score: 18.3888
[2021-11-29 02:33:40] - Epoch 8 - avg_train_loss: 0.6328  avg_val_loss: 0.6511  time: 246s, lr: 0.00007
[2021-11-29 02:33:40] - Epoch 8 - Score: 18.5602
[2021-11-29 02:37:46] - Epoch 9 - avg_train_loss: 0.6296  avg_val_loss: 0.6504  time: 246s, lr: 0.00007
[2021-11-29 02:37:46] - Epoch 9 - Score: 18.6476
[2021-11-29 02:37:46] - Early stop!!
[2021-11-29 02:37:46] - ========== fold: 7 result ==========
[2021-11-29 02:37:46] - Score: 18.1477
[2021-11-29 02:37:46] - ========== fold: 8 training ==========
[2021-11-29 02:41:54] - Epoch 1 - avg_train_loss: 0.6554  avg_val_loss: 0.6482  time: 247s, lr: 0.00010
[2021-11-29 02:41:54] - Epoch 1 - Score: 18.6925
[2021-11-29 02:41:54] - Epoch 1 - Save Best Score: 18.6925 Model
[2021-11-29 02:46:02] - Epoch 2 - avg_train_loss: 0.6509  avg_val_loss: 0.6457  time: 247s, lr: 0.00010
[2021-11-29 02:46:02] - Epoch 2 - Score: 18.3243
[2021-11-29 02:46:02] - Epoch 2 - Save Best Score: 18.3243 Model
[2021-11-29 02:46:03] - Loss decreased 18.69253 -> 18.32432
[2021-11-29 02:50:11] - Epoch 3 - avg_train_loss: 0.6475  avg_val_loss: 0.6483  time: 248s, lr: 0.00010
[2021-11-29 02:50:11] - Epoch 3 - Score: 18.6824
[2021-11-29 02:54:19] - Epoch 4 - avg_train_loss: 0.6456  avg_val_loss: 0.6464  time: 248s, lr: 0.00009
[2021-11-29 02:54:19] - Epoch 4 - Score: 18.4105
[2021-11-29 02:58:26] - Epoch 5 - avg_train_loss: 0.6435  avg_val_loss: 0.6460  time: 247s, lr: 0.00009
[2021-11-29 02:58:26] - Epoch 5 - Score: 18.3840
[2021-11-29 03:02:31] - Epoch 6 - avg_train_loss: 0.6385  avg_val_loss: 0.6550  time: 245s, lr: 0.00009
[2021-11-29 03:02:31] - Epoch 6 - Score: 19.2037
[2021-11-29 03:02:31] - Early stop!!
[2021-11-29 03:02:31] - ========== fold: 8 result ==========
[2021-11-29 03:02:31] - Score: 18.3243
[2021-11-29 03:02:31] - ========== fold: 9 training ==========
[2021-11-29 03:06:33] - Epoch 1 - avg_train_loss: 0.6559  avg_val_loss: 0.6473  time: 242s, lr: 0.00010
[2021-11-29 03:06:33] - Epoch 1 - Score: 18.4884
[2021-11-29 03:06:33] - Epoch 1 - Save Best Score: 18.4884 Model
[2021-11-29 03:10:34] - Epoch 2 - avg_train_loss: 0.6510  avg_val_loss: 0.6467  time: 240s, lr: 0.00010
[2021-11-29 03:10:34] - Epoch 2 - Score: 18.4015
[2021-11-29 03:10:34] - Epoch 2 - Save Best Score: 18.4015 Model
[2021-11-29 03:10:35] - Loss decreased 18.48843 -> 18.40154
[2021-11-29 03:14:33] - Epoch 3 - avg_train_loss: 0.6492  avg_val_loss: 0.6486  time: 238s, lr: 0.00010
[2021-11-29 03:14:33] - Epoch 3 - Score: 18.6768
[2021-11-29 03:18:32] - Epoch 4 - avg_train_loss: 0.6457  avg_val_loss: 0.6485  time: 239s, lr: 0.00009
[2021-11-29 03:18:32] - Epoch 4 - Score: 18.5714
[2021-11-29 03:22:29] - Epoch 5 - avg_train_loss: 0.6427  avg_val_loss: 0.6478  time: 237s, lr: 0.00009
[2021-11-29 03:22:29] - Epoch 5 - Score: 18.5707
[2021-11-29 03:26:27] - Epoch 6 - avg_train_loss: 0.6409  avg_val_loss: 0.6534  time: 238s, lr: 0.00009
[2021-11-29 03:26:27] - Epoch 6 - Score: 19.2387
[2021-11-29 03:26:27] - Early stop!!
[2021-11-29 03:26:27] - ========== fold: 9 result ==========
[2021-11-29 03:26:27] - Score: 18.4015
[2021-11-29 03:26:27] - ========== CV ==========
[2021-11-29 03:26:27] - Score: 18.4277
