[2021-11-30 10:57:57] - ========== fold: 0 training ==========
[2021-11-30 11:09:21] - Epoch 1 - avg_train_loss: 0.6610  avg_val_loss: 0.6503  time: 643s, lr: 0.00010
[2021-11-30 11:09:21] - Epoch 1 - Score: 18.8402
[2021-11-30 11:09:21] - Epoch 1 - Save Best Score: 18.8402 Model
[2021-11-30 11:13:37] - Epoch 2 - avg_train_loss: 0.6531  avg_val_loss: 0.6552  time: 253s, lr: 0.00010
[2021-11-30 11:13:37] - Epoch 2 - Score: 19.4373
[2021-11-30 11:17:47] - Epoch 3 - avg_train_loss: 0.6523  avg_val_loss: 0.6570  time: 250s, lr: 0.00010
[2021-11-30 11:17:47] - Epoch 3 - Score: 19.6600
[2021-11-30 11:21:57] - Epoch 4 - avg_train_loss: 0.6486  avg_val_loss: 0.6504  time: 250s, lr: 0.00009
[2021-11-30 11:21:57] - Epoch 4 - Score: 18.8573
[2021-11-30 11:26:07] - Epoch 5 - avg_train_loss: 0.6435  avg_val_loss: 0.6542  time: 250s, lr: 0.00009
[2021-11-30 11:26:07] - Epoch 5 - Score: 19.2914
[2021-11-30 11:26:07] - Early stop!!
[2021-11-30 11:26:08] - ========== fold: 0 result ==========
[2021-11-30 11:26:08] - Score: 18.8402
[2021-11-30 11:26:08] - ========== fold: 1 training ==========
[2021-11-30 11:30:21] - Epoch 1 - avg_train_loss: 0.6600  avg_val_loss: 0.6611  time: 250s, lr: 0.00010
[2021-11-30 11:30:21] - Epoch 1 - Score: 20.1518
[2021-11-30 11:30:21] - Epoch 1 - Save Best Score: 20.1518 Model
[2021-11-30 11:34:36] - Epoch 2 - avg_train_loss: 0.6529  avg_val_loss: 0.6547  time: 252s, lr: 0.00010
[2021-11-30 11:34:36] - Epoch 2 - Score: 19.3584
[2021-11-30 11:34:36] - Epoch 2 - Save Best Score: 19.3584 Model
[2021-11-30 11:34:37] - Loss decreased 20.15176 -> 19.35844
[2021-11-30 11:38:50] - Epoch 3 - avg_train_loss: 0.6511  avg_val_loss: 0.6495  time: 251s, lr: 0.00010
[2021-11-30 11:38:50] - Epoch 3 - Score: 18.7352
[2021-11-30 11:38:50] - Epoch 3 - Save Best Score: 18.7352 Model
[2021-11-30 11:38:51] - Loss decreased 19.35844 -> 18.73517
[2021-11-30 11:43:03] - Epoch 4 - avg_train_loss: 0.6496  avg_val_loss: 0.6493  time: 251s, lr: 0.00009
[2021-11-30 11:43:03] - Epoch 4 - Score: 18.7174
[2021-11-30 11:43:03] - Epoch 4 - Save Best Score: 18.7174 Model
[2021-11-30 11:43:04] - Loss decreased 18.73517 -> 18.71738
[2021-11-30 11:47:17] - Epoch 5 - avg_train_loss: 0.6465  avg_val_loss: 0.6488  time: 251s, lr: 0.00009
[2021-11-30 11:47:17] - Epoch 5 - Score: 18.6297
[2021-11-30 11:47:17] - Epoch 5 - Save Best Score: 18.6297 Model
[2021-11-30 11:47:18] - Loss decreased 18.71738 -> 18.62970
[2021-11-30 11:51:31] - Epoch 6 - avg_train_loss: 0.6403  avg_val_loss: 0.6550  time: 251s, lr: 0.00009
[2021-11-30 11:51:31] - Epoch 6 - Score: 19.2467
[2021-11-30 11:55:41] - Epoch 7 - avg_train_loss: 0.6379  avg_val_loss: 0.6495  time: 250s, lr: 0.00008
[2021-11-30 11:55:41] - Epoch 7 - Score: 18.6760
[2021-11-30 11:59:52] - Epoch 8 - avg_train_loss: 0.6347  avg_val_loss: 0.6553  time: 251s, lr: 0.00007
[2021-11-30 11:59:52] - Epoch 8 - Score: 19.2175
[2021-11-30 12:04:03] - Epoch 9 - avg_train_loss: 0.6290  avg_val_loss: 0.6587  time: 251s, lr: 0.00007
[2021-11-30 12:04:03] - Epoch 9 - Score: 19.4920
[2021-11-30 12:04:03] - Early stop!!
[2021-11-30 12:04:04] - ========== fold: 1 result ==========
[2021-11-30 12:04:04] - Score: 18.6297
[2021-11-30 12:04:04] - ========== fold: 2 training ==========
[2021-11-30 12:08:17] - Epoch 1 - avg_train_loss: 0.6592  avg_val_loss: 0.6503  time: 251s, lr: 0.00010
[2021-11-30 12:08:17] - Epoch 1 - Score: 18.8896
[2021-11-30 12:08:17] - Epoch 1 - Save Best Score: 18.8896 Model
[2021-11-30 12:12:32] - Epoch 2 - avg_train_loss: 0.6559  avg_val_loss: 0.6485  time: 252s, lr: 0.00010
[2021-11-30 12:12:32] - Epoch 2 - Score: 18.6585
[2021-11-30 12:12:32] - Epoch 2 - Save Best Score: 18.6585 Model
[2021-11-30 12:12:33] - Loss decreased 18.88959 -> 18.65851
[2021-11-30 12:16:46] - Epoch 3 - avg_train_loss: 0.6497  avg_val_loss: 0.6526  time: 252s, lr: 0.00010
[2021-11-30 12:16:46] - Epoch 3 - Score: 19.1118
[2021-11-30 12:20:57] - Epoch 4 - avg_train_loss: 0.6481  avg_val_loss: 0.6459  time: 251s, lr: 0.00009
[2021-11-30 12:20:57] - Epoch 4 - Score: 18.3215
[2021-11-30 12:20:57] - Epoch 4 - Save Best Score: 18.3215 Model
[2021-11-30 12:20:59] - Loss decreased 18.65851 -> 18.32154
[2021-11-30 12:25:12] - Epoch 5 - avg_train_loss: 0.6445  avg_val_loss: 0.6470  time: 252s, lr: 0.00009
[2021-11-30 12:25:12] - Epoch 5 - Score: 18.4554
[2021-11-30 12:29:23] - Epoch 6 - avg_train_loss: 0.6406  avg_val_loss: 0.6479  time: 251s, lr: 0.00009
[2021-11-30 12:29:23] - Epoch 6 - Score: 18.5308
[2021-11-30 12:33:34] - Epoch 7 - avg_train_loss: 0.6354  avg_val_loss: 0.6446  time: 251s, lr: 0.00008
[2021-11-30 12:33:34] - Epoch 7 - Score: 18.1395
[2021-11-30 12:33:34] - Epoch 7 - Save Best Score: 18.1395 Model
[2021-11-30 12:33:36] - Loss decreased 18.32154 -> 18.13945
[2021-11-30 12:37:49] - Epoch 8 - avg_train_loss: 0.6314  avg_val_loss: 0.6512  time: 252s, lr: 0.00007
[2021-11-30 12:37:49] - Epoch 8 - Score: 18.9060
[2021-11-30 12:42:01] - Epoch 9 - avg_train_loss: 0.6262  avg_val_loss: 0.6510  time: 252s, lr: 0.00007
[2021-11-30 12:42:01] - Epoch 9 - Score: 18.8785
[2021-11-30 12:46:12] - Epoch 10 - avg_train_loss: 0.6196  avg_val_loss: 0.6543  time: 252s, lr: 0.00006
[2021-11-30 12:46:12] - Epoch 10 - Score: 19.1372
[2021-11-30 12:50:24] - Epoch 11 - avg_train_loss: 0.6176  avg_val_loss: 0.6526  time: 252s, lr: 0.00005
[2021-11-30 12:50:24] - Epoch 11 - Score: 19.0106
[2021-11-30 12:50:24] - Early stop!!
[2021-11-30 12:50:25] - ========== fold: 2 result ==========
[2021-11-30 12:50:25] - Score: 18.1395
[2021-11-30 12:50:25] - ========== fold: 3 training ==========
[2021-11-30 12:54:38] - Epoch 1 - avg_train_loss: 0.6599  avg_val_loss: 0.6485  time: 251s, lr: 0.00010
[2021-11-30 12:54:38] - Epoch 1 - Score: 18.5827
[2021-11-30 12:54:38] - Epoch 1 - Save Best Score: 18.5827 Model
[2021-11-30 12:58:53] - Epoch 2 - avg_train_loss: 0.6543  avg_val_loss: 0.6494  time: 252s, lr: 0.00010
[2021-11-30 12:58:53] - Epoch 2 - Score: 18.6840
[2021-11-30 13:03:05] - Epoch 3 - avg_train_loss: 0.6508  avg_val_loss: 0.6462  time: 252s, lr: 0.00010
[2021-11-30 13:03:05] - Epoch 3 - Score: 18.2547
[2021-11-30 13:03:05] - Epoch 3 - Save Best Score: 18.2547 Model
[2021-11-30 13:03:07] - Loss decreased 18.58266 -> 18.25475
[2021-11-30 13:07:19] - Epoch 4 - avg_train_loss: 0.6465  avg_val_loss: 0.6547  time: 251s, lr: 0.00009
[2021-11-30 13:07:19] - Epoch 4 - Score: 19.3558
[2021-11-30 13:11:30] - Epoch 5 - avg_train_loss: 0.6432  avg_val_loss: 0.6538  time: 251s, lr: 0.00009
[2021-11-30 13:11:30] - Epoch 5 - Score: 19.2093
[2021-11-30 13:15:41] - Epoch 6 - avg_train_loss: 0.6412  avg_val_loss: 0.6484  time: 251s, lr: 0.00009
[2021-11-30 13:15:41] - Epoch 6 - Score: 18.5266
[2021-11-30 13:19:53] - Epoch 7 - avg_train_loss: 0.6359  avg_val_loss: 0.6486  time: 252s, lr: 0.00008
[2021-11-30 13:19:53] - Epoch 7 - Score: 18.4798
[2021-11-30 13:19:53] - Early stop!!
[2021-11-30 13:19:54] - ========== fold: 3 result ==========
[2021-11-30 13:19:54] - Score: 18.2547
[2021-11-30 13:19:54] - ========== fold: 4 training ==========
[2021-11-30 13:24:07] - Epoch 1 - avg_train_loss: 0.6579  avg_val_loss: 0.6473  time: 252s, lr: 0.00010
[2021-11-30 13:24:07] - Epoch 1 - Score: 18.4788
[2021-11-30 13:24:07] - Epoch 1 - Save Best Score: 18.4788 Model
[2021-11-30 13:28:23] - Epoch 2 - avg_train_loss: 0.6537  avg_val_loss: 0.6472  time: 253s, lr: 0.00010
[2021-11-30 13:28:23] - Epoch 2 - Score: 18.4475
[2021-11-30 13:28:23] - Epoch 2 - Save Best Score: 18.4475 Model
[2021-11-30 13:28:24] - Loss decreased 18.47878 -> 18.44747
[2021-11-30 13:32:37] - Epoch 3 - avg_train_loss: 0.6505  avg_val_loss: 0.6434  time: 252s, lr: 0.00010
[2021-11-30 13:32:37] - Epoch 3 - Score: 18.0111
[2021-11-30 13:32:37] - Epoch 3 - Save Best Score: 18.0111 Model
[2021-11-30 13:32:39] - Loss decreased 18.44747 -> 18.01109
[2021-11-30 13:36:54] - Epoch 4 - avg_train_loss: 0.6474  avg_val_loss: 0.6456  time: 253s, lr: 0.00009
[2021-11-30 13:36:54] - Epoch 4 - Score: 18.3070
[2021-11-30 13:41:06] - Epoch 5 - avg_train_loss: 0.6438  avg_val_loss: 0.6481  time: 253s, lr: 0.00009
[2021-11-30 13:41:06] - Epoch 5 - Score: 18.6035
[2021-11-30 13:45:19] - Epoch 6 - avg_train_loss: 0.6422  avg_val_loss: 0.6453  time: 253s, lr: 0.00009
[2021-11-30 13:45:19] - Epoch 6 - Score: 18.2513
[2021-11-30 13:49:32] - Epoch 7 - avg_train_loss: 0.6373  avg_val_loss: 0.6466  time: 253s, lr: 0.00008
[2021-11-30 13:49:32] - Epoch 7 - Score: 18.4325
[2021-11-30 13:49:32] - Early stop!!
[2021-11-30 13:49:32] - ========== fold: 4 result ==========
[2021-11-30 13:49:32] - Score: 18.0111
[2021-11-30 13:49:32] - ========== CV ==========
[2021-11-30 13:49:32] - Score: 18.3777
