[2021-11-29 09:05:59] - ========== fold: 0 training ==========
[2021-11-29 09:26:42] - Epoch 1 - avg_train_loss: 0.6570  avg_val_loss: 0.6495  time: 1210s, lr: 0.00010
[2021-11-29 09:26:42] - Epoch 1 - Score: 18.7395
[2021-11-29 09:26:42] - Epoch 1 - Save Best Score: 18.7395 Model
[2021-11-29 09:30:56] - Epoch 2 - avg_train_loss: 0.6480  avg_val_loss: 0.6454  time: 251s, lr: 0.00010
[2021-11-29 09:30:56] - Epoch 2 - Score: 18.2231
[2021-11-29 09:30:56] - Epoch 2 - Save Best Score: 18.2231 Model
[2021-11-29 09:30:58] - Loss decreased 18.73948 -> 18.22309
[2021-11-29 09:35:09] - Epoch 3 - avg_train_loss: 0.6431  avg_val_loss: 0.6467  time: 250s, lr: 0.00010
[2021-11-29 09:35:09] - Epoch 3 - Score: 18.3779
[2021-11-29 09:39:17] - Epoch 4 - avg_train_loss: 0.6370  avg_val_loss: 0.6481  time: 249s, lr: 0.00009
[2021-11-29 09:39:17] - Epoch 4 - Score: 18.5768
[2021-11-29 09:43:27] - Epoch 5 - avg_train_loss: 0.6322  avg_val_loss: 0.6495  time: 249s, lr: 0.00009
[2021-11-29 09:43:27] - Epoch 5 - Score: 18.7509
[2021-11-29 09:47:36] - Epoch 6 - avg_train_loss: 0.6243  avg_val_loss: 0.6502  time: 249s, lr: 0.00009
[2021-11-29 09:47:36] - Epoch 6 - Score: 18.7751
[2021-11-29 09:47:36] - Early stop!!
[2021-11-29 09:47:37] - ========== fold: 0 result ==========
[2021-11-29 09:47:37] - Score: 18.2231
[2021-11-29 09:47:37] - ========== fold: 1 training ==========
[2021-11-29 09:51:49] - Epoch 1 - avg_train_loss: 0.6577  avg_val_loss: 0.6499  time: 250s, lr: 0.00010
[2021-11-29 09:51:49] - Epoch 1 - Score: 18.7951
[2021-11-29 09:51:49] - Epoch 1 - Save Best Score: 18.7951 Model
[2021-11-29 09:56:02] - Epoch 2 - avg_train_loss: 0.6495  avg_val_loss: 0.6525  time: 250s, lr: 0.00010
[2021-11-29 09:56:02] - Epoch 2 - Score: 19.1082
[2021-11-29 10:00:12] - Epoch 3 - avg_train_loss: 0.6438  avg_val_loss: 0.6523  time: 250s, lr: 0.00010
[2021-11-29 10:00:12] - Epoch 3 - Score: 19.1118
[2021-11-29 10:04:23] - Epoch 4 - avg_train_loss: 0.6372  avg_val_loss: 0.6493  time: 251s, lr: 0.00009
[2021-11-29 10:04:23] - Epoch 4 - Score: 18.7025
[2021-11-29 10:04:23] - Epoch 4 - Save Best Score: 18.7025 Model
[2021-11-29 10:04:25] - Loss decreased 18.79505 -> 18.70246
[2021-11-29 10:08:37] - Epoch 5 - avg_train_loss: 0.6318  avg_val_loss: 0.6549  time: 251s, lr: 0.00009
[2021-11-29 10:08:37] - Epoch 5 - Score: 19.1881
[2021-11-29 10:12:49] - Epoch 6 - avg_train_loss: 0.6255  avg_val_loss: 0.6733  time: 252s, lr: 0.00009
[2021-11-29 10:12:49] - Epoch 6 - Score: 20.8012
[2021-11-29 10:17:01] - Epoch 7 - avg_train_loss: 0.6193  avg_val_loss: 0.6610  time: 252s, lr: 0.00008
[2021-11-29 10:17:01] - Epoch 7 - Score: 19.8045
[2021-11-29 10:21:12] - Epoch 8 - avg_train_loss: 0.6094  avg_val_loss: 0.6600  time: 251s, lr: 0.00007
[2021-11-29 10:21:12] - Epoch 8 - Score: 19.5815
[2021-11-29 10:21:12] - Early stop!!
[2021-11-29 10:21:12] - ========== fold: 1 result ==========
[2021-11-29 10:21:12] - Score: 18.7025
[2021-11-29 10:21:12] - ========== fold: 2 training ==========
[2021-11-29 10:25:25] - Epoch 1 - avg_train_loss: 0.6572  avg_val_loss: 0.6519  time: 251s, lr: 0.00010
[2021-11-29 10:25:25] - Epoch 1 - Score: 19.0797
[2021-11-29 10:25:25] - Epoch 1 - Save Best Score: 19.0797 Model
[2021-11-29 10:29:39] - Epoch 2 - avg_train_loss: 0.6495  avg_val_loss: 0.6497  time: 251s, lr: 0.00010
[2021-11-29 10:29:39] - Epoch 2 - Score: 18.8154
[2021-11-29 10:29:39] - Epoch 2 - Save Best Score: 18.8154 Model
[2021-11-29 10:29:40] - Loss decreased 19.07970 -> 18.81542
[2021-11-29 10:33:52] - Epoch 3 - avg_train_loss: 0.6432  avg_val_loss: 0.6501  time: 250s, lr: 0.00010
[2021-11-29 10:33:52] - Epoch 3 - Score: 18.8300
[2021-11-29 10:38:03] - Epoch 4 - avg_train_loss: 0.6416  avg_val_loss: 0.6594  time: 251s, lr: 0.00009
[2021-11-29 10:38:03] - Epoch 4 - Score: 19.8950
[2021-11-29 10:42:15] - Epoch 5 - avg_train_loss: 0.6357  avg_val_loss: 0.6527  time: 252s, lr: 0.00009
[2021-11-29 10:42:15] - Epoch 5 - Score: 19.1782
[2021-11-29 10:46:27] - Epoch 6 - avg_train_loss: 0.6282  avg_val_loss: 0.6511  time: 252s, lr: 0.00009
[2021-11-29 10:46:27] - Epoch 6 - Score: 18.9535
[2021-11-29 10:46:27] - Early stop!!
[2021-11-29 10:46:28] - ========== fold: 2 result ==========
[2021-11-29 10:46:28] - Score: 18.8154
[2021-11-29 10:46:28] - ========== fold: 3 training ==========
[2021-11-29 10:50:39] - Epoch 1 - avg_train_loss: 0.6570  avg_val_loss: 0.6505  time: 250s, lr: 0.00010
[2021-11-29 10:50:39] - Epoch 1 - Score: 18.8052
[2021-11-29 10:50:39] - Epoch 1 - Save Best Score: 18.8052 Model
[2021-11-29 10:54:54] - Epoch 2 - avg_train_loss: 0.6478  avg_val_loss: 0.6484  time: 251s, lr: 0.00010
[2021-11-29 10:54:54] - Epoch 2 - Score: 18.5647
[2021-11-29 10:54:54] - Epoch 2 - Save Best Score: 18.5647 Model
[2021-11-29 10:54:55] - Loss decreased 18.80519 -> 18.56466
[2021-11-29 10:59:09] - Epoch 3 - avg_train_loss: 0.6444  avg_val_loss: 0.6463  time: 252s, lr: 0.00010
[2021-11-29 10:59:09] - Epoch 3 - Score: 18.2711
[2021-11-29 10:59:09] - Epoch 3 - Save Best Score: 18.2711 Model
[2021-11-29 10:59:10] - Loss decreased 18.56466 -> 18.27113
[2021-11-29 11:03:24] - Epoch 4 - avg_train_loss: 0.6376  avg_val_loss: 0.6454  time: 252s, lr: 0.00009
[2021-11-29 11:03:24] - Epoch 4 - Score: 18.1696
[2021-11-29 11:03:24] - Epoch 4 - Save Best Score: 18.1696 Model
[2021-11-29 11:03:25] - Loss decreased 18.27113 -> 18.16959
[2021-11-29 11:07:39] - Epoch 5 - avg_train_loss: 0.6333  avg_val_loss: 0.6530  time: 252s, lr: 0.00009
[2021-11-29 11:07:39] - Epoch 5 - Score: 18.9748
[2021-11-29 11:11:51] - Epoch 6 - avg_train_loss: 0.6262  avg_val_loss: 0.6598  time: 252s, lr: 0.00009
[2021-11-29 11:11:51] - Epoch 6 - Score: 19.5570
[2021-11-29 11:16:03] - Epoch 7 - avg_train_loss: 0.6199  avg_val_loss: 0.6491  time: 252s, lr: 0.00008
[2021-11-29 11:16:03] - Epoch 7 - Score: 18.5911
[2021-11-29 11:20:16] - Epoch 8 - avg_train_loss: 0.6133  avg_val_loss: 0.6493  time: 253s, lr: 0.00007
[2021-11-29 11:20:16] - Epoch 8 - Score: 18.5125
[2021-11-29 11:20:16] - Early stop!!
[2021-11-29 11:20:17] - ========== fold: 3 result ==========
[2021-11-29 11:20:17] - Score: 18.1696
[2021-11-29 11:20:17] - ========== fold: 4 training ==========
[2021-11-29 11:24:31] - Epoch 1 - avg_train_loss: 0.6587  avg_val_loss: 0.6484  time: 253s, lr: 0.00010
[2021-11-29 11:24:31] - Epoch 1 - Score: 18.6556
[2021-11-29 11:24:31] - Epoch 1 - Save Best Score: 18.6556 Model
[2021-11-29 11:28:47] - Epoch 2 - avg_train_loss: 0.6503  avg_val_loss: 0.6457  time: 253s, lr: 0.00010
[2021-11-29 11:28:47] - Epoch 2 - Score: 18.3184
[2021-11-29 11:28:47] - Epoch 2 - Save Best Score: 18.3184 Model
[2021-11-29 11:28:49] - Loss decreased 18.65561 -> 18.31841
[2021-11-29 11:33:03] - Epoch 3 - avg_train_loss: 0.6442  avg_val_loss: 0.6475  time: 252s, lr: 0.00010
[2021-11-29 11:33:03] - Epoch 3 - Score: 18.5394
[2021-11-29 11:37:15] - Epoch 4 - avg_train_loss: 0.6399  avg_val_loss: 0.6462  time: 252s, lr: 0.00009
[2021-11-29 11:37:15] - Epoch 4 - Score: 18.3800
[2021-11-29 11:41:27] - Epoch 5 - avg_train_loss: 0.6338  avg_val_loss: 0.6467  time: 252s, lr: 0.00009
[2021-11-29 11:41:27] - Epoch 5 - Score: 18.4014
[2021-11-29 11:45:40] - Epoch 6 - avg_train_loss: 0.6274  avg_val_loss: 0.6482  time: 252s, lr: 0.00009
[2021-11-29 11:45:40] - Epoch 6 - Score: 18.5949
[2021-11-29 11:45:40] - Early stop!!
[2021-11-29 11:45:40] - ========== fold: 4 result ==========
[2021-11-29 11:45:40] - Score: 18.3184
[2021-11-29 11:45:40] - ========== CV ==========
[2021-11-29 11:45:40] - Score: 18.4477
