[2021-11-29 15:40:34] - ========== fold: 0 training ==========
[2021-11-29 15:56:31] - Epoch 1 - avg_train_loss: 0.6595  avg_val_loss: 0.6502  time: 912s, lr: 0.00010
[2021-11-29 15:56:31] - Epoch 1 - Score: 18.8185
[2021-11-29 15:56:31] - Epoch 1 - Save Best Score: 18.8185 Model
[2021-11-29 16:00:53] - Epoch 2 - avg_train_loss: 0.6536  avg_val_loss: 0.6554  time: 253s, lr: 0.00010
[2021-11-29 16:00:53] - Epoch 2 - Score: 19.4710
[2021-11-29 16:05:03] - Epoch 3 - avg_train_loss: 0.6531  avg_val_loss: 0.6467  time: 250s, lr: 0.00010
[2021-11-29 16:05:03] - Epoch 3 - Score: 18.3867
[2021-11-29 16:05:03] - Epoch 3 - Save Best Score: 18.3867 Model
[2021-11-29 16:05:04] - Loss decreased 18.81847 -> 18.38672
[2021-11-29 16:09:17] - Epoch 4 - avg_train_loss: 0.6491  avg_val_loss: 0.6530  time: 251s, lr: 0.00009
[2021-11-29 16:09:17] - Epoch 4 - Score: 19.1740
[2021-11-29 16:13:30] - Epoch 5 - avg_train_loss: 0.6457  avg_val_loss: 0.6550  time: 253s, lr: 0.00009
[2021-11-29 16:13:30] - Epoch 5 - Score: 19.3757
[2021-11-29 16:17:41] - Epoch 6 - avg_train_loss: 0.6441  avg_val_loss: 0.6464  time: 251s, lr: 0.00009
[2021-11-29 16:17:41] - Epoch 6 - Score: 18.3428
[2021-11-29 16:17:41] - Epoch 6 - Save Best Score: 18.3428 Model
[2021-11-29 16:17:42] - Loss decreased 18.38672 -> 18.34277
[2021-11-29 16:21:54] - Epoch 7 - avg_train_loss: 0.6392  avg_val_loss: 0.6468  time: 250s, lr: 0.00008
[2021-11-29 16:21:54] - Epoch 7 - Score: 18.3719
[2021-11-29 16:26:04] - Epoch 8 - avg_train_loss: 0.6349  avg_val_loss: 0.6521  time: 250s, lr: 0.00007
[2021-11-29 16:26:04] - Epoch 8 - Score: 18.9363
[2021-11-29 16:30:16] - Epoch 9 - avg_train_loss: 0.6300  avg_val_loss: 0.6547  time: 251s, lr: 0.00007
[2021-11-29 16:30:16] - Epoch 9 - Score: 19.2390
[2021-11-29 16:34:27] - Epoch 10 - avg_train_loss: 0.6271  avg_val_loss: 0.6590  time: 251s, lr: 0.00006
[2021-11-29 16:34:27] - Epoch 10 - Score: 19.7073
[2021-11-29 16:34:27] - Early stop!!
[2021-11-29 16:34:27] - ========== fold: 0 result ==========
[2021-11-29 16:34:27] - Score: 18.3428
[2021-11-29 16:34:27] - ========== fold: 1 training ==========
[2021-11-29 16:38:41] - Epoch 1 - avg_train_loss: 0.6587  avg_val_loss: 0.6508  time: 251s, lr: 0.00010
[2021-11-29 16:38:41] - Epoch 1 - Score: 18.9158
[2021-11-29 16:38:41] - Epoch 1 - Save Best Score: 18.9158 Model
[2021-11-29 16:43:00] - Epoch 2 - avg_train_loss: 0.6541  avg_val_loss: 0.6469  time: 251s, lr: 0.00010
[2021-11-29 16:43:00] - Epoch 2 - Score: 18.4265
[2021-11-29 16:43:00] - Epoch 2 - Save Best Score: 18.4265 Model
[2021-11-29 16:43:01] - Loss decreased 18.91585 -> 18.42648
[2021-11-29 16:47:14] - Epoch 3 - avg_train_loss: 0.6508  avg_val_loss: 0.6515  time: 251s, lr: 0.00010
[2021-11-29 16:47:14] - Epoch 3 - Score: 19.0015
[2021-11-29 16:51:24] - Epoch 4 - avg_train_loss: 0.6469  avg_val_loss: 0.6523  time: 251s, lr: 0.00009
[2021-11-29 16:51:24] - Epoch 4 - Score: 19.0784
[2021-11-29 16:55:35] - Epoch 5 - avg_train_loss: 0.6442  avg_val_loss: 0.6502  time: 251s, lr: 0.00009
[2021-11-29 16:55:35] - Epoch 5 - Score: 18.8203
[2021-11-29 16:59:46] - Epoch 6 - avg_train_loss: 0.6422  avg_val_loss: 0.6518  time: 251s, lr: 0.00009
[2021-11-29 16:59:46] - Epoch 6 - Score: 19.0217
[2021-11-29 16:59:46] - Early stop!!
[2021-11-29 16:59:46] - ========== fold: 1 result ==========
[2021-11-29 16:59:46] - Score: 18.4265
[2021-11-29 16:59:46] - ========== fold: 2 training ==========
[2021-11-29 17:03:58] - Epoch 1 - avg_train_loss: 0.6603  avg_val_loss: 0.6538  time: 250s, lr: 0.00010
[2021-11-29 17:03:58] - Epoch 1 - Score: 19.2756
[2021-11-29 17:03:58] - Epoch 1 - Save Best Score: 19.2756 Model
[2021-11-29 17:08:16] - Epoch 2 - avg_train_loss: 0.6539  avg_val_loss: 0.6458  time: 252s, lr: 0.00010
[2021-11-29 17:08:16] - Epoch 2 - Score: 18.3017
[2021-11-29 17:08:16] - Epoch 2 - Save Best Score: 18.3017 Model
[2021-11-29 17:08:18] - Loss decreased 19.27557 -> 18.30167
[2021-11-29 17:12:31] - Epoch 3 - avg_train_loss: 0.6519  avg_val_loss: 0.6457  time: 252s, lr: 0.00010
[2021-11-29 17:12:31] - Epoch 3 - Score: 18.2887
[2021-11-29 17:12:31] - Epoch 3 - Save Best Score: 18.2887 Model
[2021-11-29 17:12:33] - Loss decreased 18.30167 -> 18.28870
[2021-11-29 17:16:46] - Epoch 4 - avg_train_loss: 0.6472  avg_val_loss: 0.6465  time: 252s, lr: 0.00009
[2021-11-29 17:16:46] - Epoch 4 - Score: 18.3871
[2021-11-29 17:20:58] - Epoch 5 - avg_train_loss: 0.6448  avg_val_loss: 0.6470  time: 252s, lr: 0.00009
[2021-11-29 17:20:58] - Epoch 5 - Score: 18.4483
[2021-11-29 17:25:10] - Epoch 6 - avg_train_loss: 0.6410  avg_val_loss: 0.6497  time: 252s, lr: 0.00009
[2021-11-29 17:25:10] - Epoch 6 - Score: 18.8022
[2021-11-29 17:29:22] - Epoch 7 - avg_train_loss: 0.6367  avg_val_loss: 0.6477  time: 252s, lr: 0.00008
[2021-11-29 17:29:22] - Epoch 7 - Score: 18.4813
[2021-11-29 17:29:22] - Early stop!!
[2021-11-29 17:29:23] - ========== fold: 2 result ==========
[2021-11-29 17:29:23] - Score: 18.2887
[2021-11-29 17:29:23] - ========== fold: 3 training ==========
[2021-11-29 17:33:37] - Epoch 1 - avg_train_loss: 0.6599  avg_val_loss: 0.6513  time: 252s, lr: 0.00010
[2021-11-29 17:33:37] - Epoch 1 - Score: 18.9140
[2021-11-29 17:33:37] - Epoch 1 - Save Best Score: 18.9140 Model
[2021-11-29 17:37:57] - Epoch 2 - avg_train_loss: 0.6529  avg_val_loss: 0.6483  time: 252s, lr: 0.00010
[2021-11-29 17:37:57] - Epoch 2 - Score: 18.5394
[2021-11-29 17:37:57] - Epoch 2 - Save Best Score: 18.5394 Model
[2021-11-29 17:37:58] - Loss decreased 18.91400 -> 18.53940
[2021-11-29 17:42:13] - Epoch 3 - avg_train_loss: 0.6501  avg_val_loss: 0.6433  time: 253s, lr: 0.00010
[2021-11-29 17:42:13] - Epoch 3 - Score: 17.9001
[2021-11-29 17:42:13] - Epoch 3 - Save Best Score: 17.9001 Model
[2021-11-29 17:42:14] - Loss decreased 18.53940 -> 17.90014
[2021-11-29 17:46:30] - Epoch 4 - avg_train_loss: 0.6480  avg_val_loss: 0.6466  time: 254s, lr: 0.00009
[2021-11-29 17:46:30] - Epoch 4 - Score: 18.3289
[2021-11-29 17:50:41] - Epoch 5 - avg_train_loss: 0.6456  avg_val_loss: 0.6511  time: 252s, lr: 0.00009
[2021-11-29 17:50:41] - Epoch 5 - Score: 18.7891
[2021-11-29 17:54:53] - Epoch 6 - avg_train_loss: 0.6408  avg_val_loss: 0.6544  time: 252s, lr: 0.00009
[2021-11-29 17:54:53] - Epoch 6 - Score: 19.2143
[2021-11-29 17:59:05] - Epoch 7 - avg_train_loss: 0.6358  avg_val_loss: 0.6535  time: 252s, lr: 0.00008
[2021-11-29 17:59:05] - Epoch 7 - Score: 19.1377
[2021-11-29 17:59:05] - Early stop!!
[2021-11-29 17:59:06] - ========== fold: 3 result ==========
[2021-11-29 17:59:06] - Score: 17.9001
[2021-11-29 17:59:06] - ========== fold: 4 training ==========
[2021-11-29 18:03:20] - Epoch 1 - avg_train_loss: 0.6620  avg_val_loss: 0.6493  time: 252s, lr: 0.00010
[2021-11-29 18:03:20] - Epoch 1 - Score: 18.7634
[2021-11-29 18:03:20] - Epoch 1 - Save Best Score: 18.7634 Model
[2021-11-29 18:07:35] - Epoch 2 - avg_train_loss: 0.6546  avg_val_loss: 0.6506  time: 253s, lr: 0.00010
[2021-11-29 18:07:35] - Epoch 2 - Score: 18.7942
[2021-11-29 18:11:48] - Epoch 3 - avg_train_loss: 0.6519  avg_val_loss: 0.6458  time: 252s, lr: 0.00010
[2021-11-29 18:11:48] - Epoch 3 - Score: 18.3122
[2021-11-29 18:11:48] - Epoch 3 - Save Best Score: 18.3122 Model
[2021-11-29 18:11:49] - Loss decreased 18.76340 -> 18.31221
[2021-11-29 18:16:03] - Epoch 4 - avg_train_loss: 0.6487  avg_val_loss: 0.6472  time: 253s, lr: 0.00009
[2021-11-29 18:16:03] - Epoch 4 - Score: 18.4120
[2021-11-29 18:20:16] - Epoch 5 - avg_train_loss: 0.6472  avg_val_loss: 0.6465  time: 252s, lr: 0.00009
[2021-11-29 18:20:16] - Epoch 5 - Score: 18.3444
[2021-11-29 18:24:29] - Epoch 6 - avg_train_loss: 0.6432  avg_val_loss: 0.6453  time: 253s, lr: 0.00009
[2021-11-29 18:24:29] - Epoch 6 - Score: 18.2771
[2021-11-29 18:24:29] - Epoch 6 - Save Best Score: 18.2771 Model
[2021-11-29 18:24:30] - Loss decreased 18.31221 -> 18.27705
[2021-11-29 18:28:43] - Epoch 7 - avg_train_loss: 0.6394  avg_val_loss: 0.6485  time: 252s, lr: 0.00008
[2021-11-29 18:28:43] - Epoch 7 - Score: 18.6178
[2021-11-29 18:32:55] - Epoch 8 - avg_train_loss: 0.6359  avg_val_loss: 0.6514  time: 251s, lr: 0.00007
[2021-11-29 18:32:55] - Epoch 8 - Score: 18.9761
[2021-11-29 18:37:07] - Epoch 9 - avg_train_loss: 0.6323  avg_val_loss: 0.6498  time: 252s, lr: 0.00007
[2021-11-29 18:37:07] - Epoch 9 - Score: 18.7949
[2021-11-29 18:41:19] - Epoch 10 - avg_train_loss: 0.6289  avg_val_loss: 0.6484  time: 252s, lr: 0.00006
[2021-11-29 18:41:19] - Epoch 10 - Score: 18.6158
[2021-11-29 18:41:19] - Early stop!!
[2021-11-29 18:41:19] - ========== fold: 4 result ==========
[2021-11-29 18:41:19] - Score: 18.2771
[2021-11-29 18:41:19] - ========== CV ==========
[2021-11-29 18:41:19] - Score: 18.2480
