[2021-11-30 11:05:02] - ========== fold: 0 training ==========
[2021-11-30 11:15:56] - Epoch 1 - avg_train_loss: 0.6598  avg_val_loss: 0.6506  time: 624s, lr: 0.00010
[2021-11-30 11:15:56] - Epoch 1 - Score: 18.8764
[2021-11-30 11:15:56] - Epoch 1 - Save Best Score: 18.8764 Model
[2021-11-30 11:20:10] - Epoch 2 - avg_train_loss: 0.6528  avg_val_loss: 0.6509  time: 252s, lr: 0.00010
[2021-11-30 11:20:10] - Epoch 2 - Score: 18.9082
[2021-11-30 11:24:20] - Epoch 3 - avg_train_loss: 0.6504  avg_val_loss: 0.6488  time: 250s, lr: 0.00010
[2021-11-30 11:24:20] - Epoch 3 - Score: 18.6550
[2021-11-30 11:24:20] - Epoch 3 - Save Best Score: 18.6550 Model
[2021-11-30 11:24:22] - Loss decreased 18.87638 -> 18.65503
[2021-11-30 11:28:33] - Epoch 4 - avg_train_loss: 0.6473  avg_val_loss: 0.6502  time: 250s, lr: 0.00009
[2021-11-30 11:28:33] - Epoch 4 - Score: 18.8321
[2021-11-30 11:32:43] - Epoch 5 - avg_train_loss: 0.6454  avg_val_loss: 0.6556  time: 250s, lr: 0.00009
[2021-11-30 11:32:43] - Epoch 5 - Score: 19.4925
[2021-11-30 11:36:53] - Epoch 6 - avg_train_loss: 0.6438  avg_val_loss: 0.6485  time: 250s, lr: 0.00009
[2021-11-30 11:36:53] - Epoch 6 - Score: 18.6103
[2021-11-30 11:36:53] - Epoch 6 - Save Best Score: 18.6103 Model
[2021-11-30 11:36:54] - Loss decreased 18.65503 -> 18.61032
[2021-11-30 11:41:06] - Epoch 7 - avg_train_loss: 0.6380  avg_val_loss: 0.6502  time: 251s, lr: 0.00008
[2021-11-30 11:41:06] - Epoch 7 - Score: 18.8141
[2021-11-30 11:45:16] - Epoch 8 - avg_train_loss: 0.6353  avg_val_loss: 0.6539  time: 250s, lr: 0.00007
[2021-11-30 11:45:16] - Epoch 8 - Score: 19.2170
[2021-11-30 11:49:26] - Epoch 9 - avg_train_loss: 0.6285  avg_val_loss: 0.6586  time: 250s, lr: 0.00007
[2021-11-30 11:49:26] - Epoch 9 - Score: 19.6360
[2021-11-30 11:53:36] - Epoch 10 - avg_train_loss: 0.6284  avg_val_loss: 0.6567  time: 250s, lr: 0.00006
[2021-11-30 11:53:36] - Epoch 10 - Score: 19.4179
[2021-11-30 11:53:36] - Early stop!!
[2021-11-30 11:53:37] - ========== fold: 0 result ==========
[2021-11-30 11:53:37] - Score: 18.6103
[2021-11-30 11:53:37] - ========== fold: 1 training ==========
[2021-11-30 11:57:51] - Epoch 1 - avg_train_loss: 0.6586  avg_val_loss: 0.6511  time: 251s, lr: 0.00010
[2021-11-30 11:57:51] - Epoch 1 - Score: 18.9447
[2021-11-30 11:57:51] - Epoch 1 - Save Best Score: 18.9447 Model
[2021-11-30 12:02:05] - Epoch 2 - avg_train_loss: 0.6551  avg_val_loss: 0.6504  time: 252s, lr: 0.00010
[2021-11-30 12:02:05] - Epoch 2 - Score: 18.8551
[2021-11-30 12:02:05] - Epoch 2 - Save Best Score: 18.8551 Model
[2021-11-30 12:02:07] - Loss decreased 18.94474 -> 18.85506
[2021-11-30 12:06:19] - Epoch 3 - avg_train_loss: 0.6512  avg_val_loss: 0.6533  time: 251s, lr: 0.00010
[2021-11-30 12:06:19] - Epoch 3 - Score: 19.2327
[2021-11-30 12:10:30] - Epoch 4 - avg_train_loss: 0.6487  avg_val_loss: 0.6598  time: 250s, lr: 0.00009
[2021-11-30 12:10:30] - Epoch 4 - Score: 19.8923
[2021-11-30 12:14:41] - Epoch 5 - avg_train_loss: 0.6448  avg_val_loss: 0.6532  time: 251s, lr: 0.00009
[2021-11-30 12:14:41] - Epoch 5 - Score: 19.1865
[2021-11-30 12:18:52] - Epoch 6 - avg_train_loss: 0.6438  avg_val_loss: 0.6485  time: 251s, lr: 0.00009
[2021-11-30 12:18:52] - Epoch 6 - Score: 18.6159
[2021-11-30 12:18:52] - Epoch 6 - Save Best Score: 18.6159 Model
[2021-11-30 12:18:53] - Loss decreased 18.85506 -> 18.61591
[2021-11-30 12:23:06] - Epoch 7 - avg_train_loss: 0.6399  avg_val_loss: 0.6546  time: 251s, lr: 0.00008
[2021-11-30 12:23:06] - Epoch 7 - Score: 19.3776
[2021-11-30 12:27:17] - Epoch 8 - avg_train_loss: 0.6415  avg_val_loss: 0.6616  time: 251s, lr: 0.00007
[2021-11-30 12:27:17] - Epoch 8 - Score: 19.8008
[2021-11-30 12:31:29] - Epoch 9 - avg_train_loss: 0.6344  avg_val_loss: 0.6527  time: 251s, lr: 0.00007
[2021-11-30 12:31:29] - Epoch 9 - Score: 19.0746
[2021-11-30 12:35:40] - Epoch 10 - avg_train_loss: 0.6304  avg_val_loss: 0.6559  time: 251s, lr: 0.00006
[2021-11-30 12:35:40] - Epoch 10 - Score: 19.3140
[2021-11-30 12:35:40] - Early stop!!
[2021-11-30 12:35:40] - ========== fold: 1 result ==========
[2021-11-30 12:35:40] - Score: 18.6159
[2021-11-30 12:35:40] - ========== fold: 2 training ==========
[2021-11-30 12:39:53] - Epoch 1 - avg_train_loss: 0.6599  avg_val_loss: 0.6504  time: 251s, lr: 0.00010
[2021-11-30 12:39:53] - Epoch 1 - Score: 18.8814
[2021-11-30 12:39:53] - Epoch 1 - Save Best Score: 18.8814 Model
[2021-11-30 12:44:08] - Epoch 2 - avg_train_loss: 0.6538  avg_val_loss: 0.6510  time: 252s, lr: 0.00010
[2021-11-30 12:44:08] - Epoch 2 - Score: 18.9783
[2021-11-30 12:48:20] - Epoch 3 - avg_train_loss: 0.6516  avg_val_loss: 0.6444  time: 252s, lr: 0.00010
[2021-11-30 12:48:20] - Epoch 3 - Score: 18.1259
[2021-11-30 12:48:20] - Epoch 3 - Save Best Score: 18.1259 Model
[2021-11-30 12:48:22] - Loss decreased 18.88142 -> 18.12589
[2021-11-30 12:52:35] - Epoch 4 - avg_train_loss: 0.6479  avg_val_loss: 0.6468  time: 252s, lr: 0.00009
[2021-11-30 12:52:35] - Epoch 4 - Score: 18.4310
[2021-11-30 12:56:47] - Epoch 5 - avg_train_loss: 0.6452  avg_val_loss: 0.6472  time: 252s, lr: 0.00009
[2021-11-30 12:56:47] - Epoch 5 - Score: 18.4953
[2021-11-30 13:00:59] - Epoch 6 - avg_train_loss: 0.6477  avg_val_loss: 0.6504  time: 252s, lr: 0.00009
[2021-11-30 13:00:59] - Epoch 6 - Score: 18.8544
[2021-11-30 13:05:11] - Epoch 7 - avg_train_loss: 0.6417  avg_val_loss: 0.6487  time: 252s, lr: 0.00008
[2021-11-30 13:05:11] - Epoch 7 - Score: 18.6869
[2021-11-30 13:05:11] - Early stop!!
[2021-11-30 13:05:12] - ========== fold: 2 result ==========
[2021-11-30 13:05:12] - Score: 18.1259
[2021-11-30 13:05:12] - ========== fold: 3 training ==========
[2021-11-30 13:09:25] - Epoch 1 - avg_train_loss: 0.6626  avg_val_loss: 0.6501  time: 252s, lr: 0.00010
[2021-11-30 13:09:25] - Epoch 1 - Score: 18.7518
[2021-11-30 13:09:25] - Epoch 1 - Save Best Score: 18.7518 Model
[2021-11-30 13:13:41] - Epoch 2 - avg_train_loss: 0.6567  avg_val_loss: 0.6513  time: 252s, lr: 0.00010
[2021-11-30 13:13:41] - Epoch 2 - Score: 18.9158
[2021-11-30 13:17:53] - Epoch 3 - avg_train_loss: 0.6532  avg_val_loss: 0.6484  time: 252s, lr: 0.00010
[2021-11-30 13:17:53] - Epoch 3 - Score: 18.5668
[2021-11-30 13:17:53] - Epoch 3 - Save Best Score: 18.5668 Model
[2021-11-30 13:17:54] - Loss decreased 18.75185 -> 18.56681
[2021-11-30 13:22:07] - Epoch 4 - avg_train_loss: 0.6515  avg_val_loss: 0.6486  time: 252s, lr: 0.00009
[2021-11-30 13:22:07] - Epoch 4 - Score: 18.5793
[2021-11-30 13:26:18] - Epoch 5 - avg_train_loss: 0.6483  avg_val_loss: 0.6460  time: 251s, lr: 0.00009
[2021-11-30 13:26:18] - Epoch 5 - Score: 18.2391
[2021-11-30 13:26:18] - Epoch 5 - Save Best Score: 18.2391 Model
[2021-11-30 13:26:20] - Loss decreased 18.56681 -> 18.23909
[2021-11-30 13:30:33] - Epoch 6 - avg_train_loss: 0.6471  avg_val_loss: 0.6463  time: 251s, lr: 0.00009
[2021-11-30 13:30:33] - Epoch 6 - Score: 18.2774
[2021-11-30 13:34:44] - Epoch 7 - avg_train_loss: 0.6432  avg_val_loss: 0.6477  time: 251s, lr: 0.00008
[2021-11-30 13:34:44] - Epoch 7 - Score: 18.4070
[2021-11-30 13:38:55] - Epoch 8 - avg_train_loss: 0.6407  avg_val_loss: 0.6509  time: 252s, lr: 0.00007
[2021-11-30 13:38:55] - Epoch 8 - Score: 18.8066
[2021-11-30 13:43:07] - Epoch 9 - avg_train_loss: 0.6384  avg_val_loss: 0.6562  time: 252s, lr: 0.00007
[2021-11-30 13:43:07] - Epoch 9 - Score: 19.3081
[2021-11-30 13:43:07] - Early stop!!
[2021-11-30 13:43:08] - ========== fold: 3 result ==========
[2021-11-30 13:43:08] - Score: 18.2391
[2021-11-30 13:43:08] - ========== fold: 4 training ==========
[2021-11-30 13:47:22] - Epoch 1 - avg_train_loss: 0.6603  avg_val_loss: 0.6512  time: 252s, lr: 0.00010
[2021-11-30 13:47:22] - Epoch 1 - Score: 18.9831
[2021-11-30 13:47:22] - Epoch 1 - Save Best Score: 18.9831 Model
[2021-11-30 13:51:38] - Epoch 2 - avg_train_loss: 0.6545  avg_val_loss: 0.6468  time: 253s, lr: 0.00010
[2021-11-30 13:51:38] - Epoch 2 - Score: 18.4620
[2021-11-30 13:51:38] - Epoch 2 - Save Best Score: 18.4620 Model
[2021-11-30 13:51:39] - Loss decreased 18.98308 -> 18.46204
[2021-11-30 13:55:52] - Epoch 3 - avg_train_loss: 0.6533  avg_val_loss: 0.6504  time: 251s, lr: 0.00010
[2021-11-30 13:55:52] - Epoch 3 - Score: 18.8911
[2021-11-30 14:00:03] - Epoch 4 - avg_train_loss: 0.6513  avg_val_loss: 0.6504  time: 251s, lr: 0.00009
[2021-11-30 14:00:03] - Epoch 4 - Score: 18.9194
[2021-11-30 14:04:15] - Epoch 5 - avg_train_loss: 0.6472  avg_val_loss: 0.6485  time: 252s, lr: 0.00009
[2021-11-30 14:04:15] - Epoch 5 - Score: 18.6774
[2021-11-30 14:08:26] - Epoch 6 - avg_train_loss: 0.6451  avg_val_loss: 0.6453  time: 251s, lr: 0.00009
[2021-11-30 14:08:26] - Epoch 6 - Score: 18.2511
[2021-11-30 14:08:26] - Epoch 6 - Save Best Score: 18.2511 Model
[2021-11-30 14:08:28] - Loss decreased 18.46204 -> 18.25112
[2021-11-30 14:12:41] - Epoch 7 - avg_train_loss: 0.6397  avg_val_loss: 0.6459  time: 252s, lr: 0.00008
[2021-11-30 14:12:41] - Epoch 7 - Score: 18.3044
[2021-11-30 14:16:53] - Epoch 8 - avg_train_loss: 0.6367  avg_val_loss: 0.6486  time: 252s, lr: 0.00007
[2021-11-30 14:16:53] - Epoch 8 - Score: 18.5764
[2021-11-30 14:21:04] - Epoch 9 - avg_train_loss: 0.6326  avg_val_loss: 0.6531  time: 252s, lr: 0.00007
[2021-11-30 14:21:04] - Epoch 9 - Score: 18.9678
