[2021-11-30 07:34:39] - ========== fold: 0 training ==========
[2021-11-30 07:46:56] - Epoch 1 - avg_train_loss: 0.6602  avg_val_loss: 0.6494  time: 686s, lr: 0.00010
[2021-11-30 07:46:57] - Epoch 1 - Score: 18.7284
[2021-11-30 07:46:57] - Epoch 1 - Save Best Score: 18.7284 Model
[2021-11-30 07:51:14] - Epoch 2 - avg_train_loss: 0.6516  avg_val_loss: 0.6522  time: 255s, lr: 0.00010
[2021-11-30 07:51:14] - Epoch 2 - Score: 19.0823
[2021-11-30 07:55:28] - Epoch 3 - avg_train_loss: 0.6499  avg_val_loss: 0.6487  time: 254s, lr: 0.00010
[2021-11-30 07:55:28] - Epoch 3 - Score: 18.6198
[2021-11-30 07:55:28] - Epoch 3 - Save Best Score: 18.6198 Model
[2021-11-30 07:55:29] - Loss decreased 18.72837 -> 18.61978
[2021-11-30 07:59:44] - Epoch 4 - avg_train_loss: 0.6451  avg_val_loss: 0.6496  time: 254s, lr: 0.00009
[2021-11-30 07:59:44] - Epoch 4 - Score: 18.7426
[2021-11-30 08:03:58] - Epoch 5 - avg_train_loss: 0.6420  avg_val_loss: 0.6591  time: 253s, lr: 0.00009
[2021-11-30 08:03:58] - Epoch 5 - Score: 19.8028
[2021-11-30 08:08:11] - Epoch 6 - avg_train_loss: 0.6398  avg_val_loss: 0.6491  time: 254s, lr: 0.00009
[2021-11-30 08:08:11] - Epoch 6 - Score: 18.6791
[2021-11-30 08:12:25] - Epoch 7 - avg_train_loss: 0.6330  avg_val_loss: 0.6539  time: 254s, lr: 0.00008
[2021-11-30 08:12:25] - Epoch 7 - Score: 19.0897
[2021-11-30 08:12:25] - Early stop!!
[2021-11-30 08:12:26] - ========== fold: 0 result ==========
[2021-11-30 08:12:26] - Score: 18.6198
[2021-11-30 08:12:26] - ========== fold: 1 training ==========
[2021-11-30 08:16:42] - Epoch 1 - avg_train_loss: 0.6606  avg_val_loss: 0.6514  time: 254s, lr: 0.00010
[2021-11-30 08:16:42] - Epoch 1 - Score: 18.9904
[2021-11-30 08:16:42] - Epoch 1 - Save Best Score: 18.9904 Model
[2021-11-30 08:20:57] - Epoch 2 - avg_train_loss: 0.6528  avg_val_loss: 0.6481  time: 252s, lr: 0.00010
[2021-11-30 08:20:57] - Epoch 2 - Score: 18.5641
[2021-11-30 08:20:57] - Epoch 2 - Save Best Score: 18.5641 Model
[2021-11-30 08:20:59] - Loss decreased 18.99041 -> 18.56407
[2021-11-30 08:25:12] - Epoch 3 - avg_train_loss: 0.6513  avg_val_loss: 0.6463  time: 251s, lr: 0.00010
[2021-11-30 08:25:12] - Epoch 3 - Score: 18.3355
[2021-11-30 08:25:12] - Epoch 3 - Save Best Score: 18.3355 Model
[2021-11-30 08:25:13] - Loss decreased 18.56407 -> 18.33547
[2021-11-30 08:29:27] - Epoch 4 - avg_train_loss: 0.6452  avg_val_loss: 0.6516  time: 252s, lr: 0.00009
[2021-11-30 08:29:27] - Epoch 4 - Score: 18.9915
[2021-11-30 08:33:40] - Epoch 5 - avg_train_loss: 0.6434  avg_val_loss: 0.6521  time: 253s, lr: 0.00009
[2021-11-30 08:33:40] - Epoch 5 - Score: 18.9389
[2021-11-30 08:37:53] - Epoch 6 - avg_train_loss: 0.6411  avg_val_loss: 0.6543  time: 253s, lr: 0.00009
[2021-11-30 08:37:53] - Epoch 6 - Score: 19.1996
[2021-11-30 08:42:07] - Epoch 7 - avg_train_loss: 0.6353  avg_val_loss: 0.6564  time: 254s, lr: 0.00008
[2021-11-30 08:42:07] - Epoch 7 - Score: 19.3697
[2021-11-30 08:42:07] - Early stop!!
[2021-11-30 08:42:07] - ========== fold: 1 result ==========
[2021-11-30 08:42:07] - Score: 18.3355
[2021-11-30 08:42:07] - ========== fold: 2 training ==========
[2021-11-30 08:46:23] - Epoch 1 - avg_train_loss: 0.6585  avg_val_loss: 0.6491  time: 254s, lr: 0.00010
[2021-11-30 08:46:23] - Epoch 1 - Score: 18.7243
[2021-11-30 08:46:23] - Epoch 1 - Save Best Score: 18.7243 Model
[2021-11-30 08:50:40] - Epoch 2 - avg_train_loss: 0.6537  avg_val_loss: 0.6478  time: 255s, lr: 0.00010
[2021-11-30 08:50:40] - Epoch 2 - Score: 18.5613
[2021-11-30 08:50:40] - Epoch 2 - Save Best Score: 18.5613 Model
[2021-11-30 08:50:42] - Loss decreased 18.72432 -> 18.56127
[2021-11-30 08:55:00] - Epoch 3 - avg_train_loss: 0.6500  avg_val_loss: 0.6511  time: 256s, lr: 0.00010
[2021-11-30 08:55:00] - Epoch 3 - Score: 18.9250
[2021-11-30 08:59:16] - Epoch 4 - avg_train_loss: 0.6464  avg_val_loss: 0.6459  time: 256s, lr: 0.00009
[2021-11-30 08:59:16] - Epoch 4 - Score: 18.3025
[2021-11-30 08:59:16] - Epoch 4 - Save Best Score: 18.3025 Model
[2021-11-30 08:59:18] - Loss decreased 18.56127 -> 18.30253
[2021-11-30 09:03:36] - Epoch 5 - avg_train_loss: 0.6432  avg_val_loss: 0.6462  time: 257s, lr: 0.00009
[2021-11-30 09:03:36] - Epoch 5 - Score: 18.3501
[2021-11-30 09:07:52] - Epoch 6 - avg_train_loss: 0.6376  avg_val_loss: 0.6470  time: 256s, lr: 0.00009
[2021-11-30 09:07:52] - Epoch 6 - Score: 18.4259
[2021-11-30 09:12:08] - Epoch 7 - avg_train_loss: 0.6331  avg_val_loss: 0.6469  time: 256s, lr: 0.00008
[2021-11-30 09:12:08] - Epoch 7 - Score: 18.4211
[2021-11-30 09:16:24] - Epoch 8 - avg_train_loss: 0.6291  avg_val_loss: 0.6474  time: 257s, lr: 0.00007
[2021-11-30 09:16:24] - Epoch 8 - Score: 18.5171
[2021-11-30 09:16:24] - Early stop!!
[2021-11-30 09:16:25] - ========== fold: 2 result ==========
[2021-11-30 09:16:25] - Score: 18.3025
[2021-11-30 09:16:25] - ========== fold: 3 training ==========
[2021-11-30 09:20:43] - Epoch 1 - avg_train_loss: 0.6614  avg_val_loss: 0.6539  time: 257s, lr: 0.00010
[2021-11-30 09:20:43] - Epoch 1 - Score: 19.2338
[2021-11-30 09:20:43] - Epoch 1 - Save Best Score: 19.2338 Model
[2021-11-30 09:25:04] - Epoch 2 - avg_train_loss: 0.6546  avg_val_loss: 0.6494  time: 258s, lr: 0.00010
[2021-11-30 09:25:04] - Epoch 2 - Score: 18.6741
[2021-11-30 09:25:04] - Epoch 2 - Save Best Score: 18.6741 Model
[2021-11-30 09:25:06] - Loss decreased 19.23377 -> 18.67410
[2021-11-30 09:29:24] - Epoch 3 - avg_train_loss: 0.6488  avg_val_loss: 0.6491  time: 257s, lr: 0.00010
[2021-11-30 09:29:24] - Epoch 3 - Score: 18.6327
[2021-11-30 09:29:24] - Epoch 3 - Save Best Score: 18.6327 Model
[2021-11-30 09:29:25] - Loss decreased 18.67410 -> 18.63270
[2021-11-30 09:33:44] - Epoch 4 - avg_train_loss: 0.6484  avg_val_loss: 0.6439  time: 257s, lr: 0.00009
[2021-11-30 09:33:44] - Epoch 4 - Score: 17.9777
[2021-11-30 09:33:44] - Epoch 4 - Save Best Score: 17.9777 Model
[2021-11-30 09:33:46] - Loss decreased 18.63270 -> 17.97774
[2021-11-30 09:38:04] - Epoch 5 - avg_train_loss: 0.6446  avg_val_loss: 0.6433  time: 257s, lr: 0.00009
[2021-11-30 09:38:04] - Epoch 5 - Score: 17.8983
[2021-11-30 09:38:04] - Epoch 5 - Save Best Score: 17.8983 Model
[2021-11-30 09:38:06] - Loss decreased 17.97774 -> 17.89833
[2021-11-30 09:42:24] - Epoch 6 - avg_train_loss: 0.6425  avg_val_loss: 0.6465  time: 257s, lr: 0.00009
[2021-11-30 09:42:24] - Epoch 6 - Score: 18.2598
[2021-11-30 09:46:40] - Epoch 7 - avg_train_loss: 0.6352  avg_val_loss: 0.6608  time: 256s, lr: 0.00008
[2021-11-30 09:46:40] - Epoch 7 - Score: 19.8410
[2021-11-30 09:50:57] - Epoch 8 - avg_train_loss: 0.6301  avg_val_loss: 0.6502  time: 257s, lr: 0.00007
[2021-11-30 09:50:57] - Epoch 8 - Score: 18.6295
[2021-11-30 09:55:13] - Epoch 9 - avg_train_loss: 0.6262  avg_val_loss: 0.6581  time: 257s, lr: 0.00007
[2021-11-30 09:55:13] - Epoch 9 - Score: 19.5510
[2021-11-30 09:55:13] - Early stop!!
[2021-11-30 09:55:14] - ========== fold: 3 result ==========
[2021-11-30 09:55:14] - Score: 17.8983
[2021-11-30 09:55:14] - ========== fold: 4 training ==========
[2021-11-30 09:59:32] - Epoch 1 - avg_train_loss: 0.6586  avg_val_loss: 0.6467  time: 256s, lr: 0.00010
[2021-11-30 09:59:32] - Epoch 1 - Score: 18.3949
[2021-11-30 09:59:32] - Epoch 1 - Save Best Score: 18.3949 Model
[2021-11-30 10:03:52] - Epoch 2 - avg_train_loss: 0.6535  avg_val_loss: 0.6449  time: 257s, lr: 0.00010
[2021-11-30 10:03:52] - Epoch 2 - Score: 18.1915
[2021-11-30 10:03:52] - Epoch 2 - Save Best Score: 18.1915 Model
[2021-11-30 10:03:54] - Loss decreased 18.39488 -> 18.19152
[2021-11-30 10:08:12] - Epoch 3 - avg_train_loss: 0.6511  avg_val_loss: 0.6474  time: 257s, lr: 0.00010
[2021-11-30 10:08:12] - Epoch 3 - Score: 18.4681
[2021-11-30 10:12:29] - Epoch 4 - avg_train_loss: 0.6471  avg_val_loss: 0.6485  time: 257s, lr: 0.00009
[2021-11-30 10:12:29] - Epoch 4 - Score: 18.5806
[2021-11-30 10:16:46] - Epoch 5 - avg_train_loss: 0.6451  avg_val_loss: 0.6465  time: 257s, lr: 0.00009
[2021-11-30 10:16:46] - Epoch 5 - Score: 18.4073
[2021-11-30 10:21:04] - Epoch 6 - avg_train_loss: 0.6406  avg_val_loss: 0.6537  time: 257s, lr: 0.00009
[2021-11-30 10:21:04] - Epoch 6 - Score: 19.1544
[2021-11-30 10:21:04] - Early stop!!
[2021-11-30 10:21:04] - ========== fold: 4 result ==========
[2021-11-30 10:21:04] - Score: 18.1915
[2021-11-30 10:21:04] - ========== CV ==========
[2021-11-30 10:21:04] - Score: 18.2711
