[2021-12-04 08:14:17] - ========== fold: 0 training ==========
[2021-12-04 08:36:18] - Epoch 1 - avg_train_loss: 0.7919  avg_val_loss: 0.6683  time: 1305s, lr: 0.00010
[2021-12-04 08:36:18] - Epoch 1 - Score: 20.9693
[2021-12-04 08:36:18] - Epoch 1 - Save Best Score: 20.9693 Model
[2021-12-04 08:41:34] - Epoch 2 - avg_train_loss: 0.6794  avg_val_loss: 0.6718  time: 313s, lr: 0.00010
[2021-12-04 08:41:34] - Epoch 2 - Score: 21.4009
[2021-12-04 08:46:50] - Epoch 3 - avg_train_loss: 0.6739  avg_val_loss: 0.6639  time: 316s, lr: 0.00010
[2021-12-04 08:46:50] - Epoch 3 - Score: 20.4834
[2021-12-04 08:46:50] - Epoch 3 - Save Best Score: 20.4834 Model
[2021-12-04 08:46:52] - Loss decreased 20.96927 -> 20.48342
[2021-12-04 08:52:09] - Epoch 4 - avg_train_loss: 0.6710  avg_val_loss: 0.6639  time: 316s, lr: 0.00009
[2021-12-04 08:52:09] - Epoch 4 - Score: 20.4835
[2021-12-04 08:57:25] - Epoch 5 - avg_train_loss: 0.6712  avg_val_loss: 0.6635  time: 316s, lr: 0.00009
[2021-12-04 08:57:25] - Epoch 5 - Score: 20.4417
[2021-12-04 08:57:25] - Epoch 5 - Save Best Score: 20.4417 Model
[2021-12-04 08:57:26] - Loss decreased 20.48342 -> 20.44172
[2021-12-04 09:02:43] - Epoch 6 - avg_train_loss: 0.6695  avg_val_loss: 0.6692  time: 315s, lr: 0.00009
[2021-12-04 09:02:43] - Epoch 6 - Score: 21.1072
[2021-12-04 09:07:58] - Epoch 7 - avg_train_loss: 0.6699  avg_val_loss: 0.6638  time: 315s, lr: 0.00008
[2021-12-04 09:07:58] - Epoch 7 - Score: 20.4753
[2021-12-04 09:13:14] - Epoch 8 - avg_train_loss: 0.6696  avg_val_loss: 0.6650  time: 316s, lr: 0.00007
[2021-12-04 09:13:14] - Epoch 8 - Score: 20.6193
[2021-12-04 09:20:51] - ========== fold: 0 training ==========
[2021-12-04 09:25:55] - Epoch 1 - avg_train_loss: 0.7151  avg_val_loss: 0.6729  time: 294s, lr: 0.00010
[2021-12-04 09:25:55] - Epoch 1 - Score: 21.5347
[2021-12-04 09:25:55] - Epoch 1 - Save Best Score: 21.5347 Model
[2021-12-04 09:30:54] - Epoch 2 - avg_train_loss: 0.6755  avg_val_loss: 0.6641  time: 286s, lr: 0.00010
[2021-12-04 09:30:54] - Epoch 2 - Score: 20.5098
[2021-12-04 09:30:54] - Epoch 2 - Save Best Score: 20.5098 Model
[2021-12-04 09:31:00] - Loss decreased 21.53470 -> 20.50982
[2021-12-04 09:35:53] - Epoch 3 - avg_train_loss: 0.6733  avg_val_loss: 0.6643  time: 284s, lr: 0.00010
[2021-12-04 09:35:53] - Epoch 3 - Score: 20.5328
[2021-12-04 09:40:36] - Epoch 4 - avg_train_loss: 0.6705  avg_val_loss: 0.6656  time: 283s, lr: 0.00009
[2021-12-04 09:40:36] - Epoch 4 - Score: 20.6775
[2021-12-04 09:45:19] - Epoch 5 - avg_train_loss: 0.6695  avg_val_loss: 0.6650  time: 283s, lr: 0.00009
[2021-12-04 09:45:19] - Epoch 5 - Score: 20.6129
[2021-12-04 09:48:34] - ========== fold: 0 training ==========
[2021-12-04 10:47:11] - Epoch 1 - avg_train_loss: 0.6600  avg_val_loss: 0.6512  time: 3509s, lr: 0.00010
[2021-12-04 10:47:11] - Epoch 1 - Score: 18.9446
[2021-12-04 10:47:11] - Epoch 1 - Save Best Score: 18.9446 Model
[2021-12-04 10:53:20] - Epoch 2 - avg_train_loss: 0.6515  avg_val_loss: 0.6508  time: 366s, lr: 0.00010
[2021-12-04 10:53:20] - Epoch 2 - Score: 18.8988
[2021-12-04 10:53:20] - Epoch 2 - Save Best Score: 18.8988 Model
[2021-12-04 10:53:22] - Loss decreased 18.94462 -> 18.89880
[2021-12-04 10:59:29] - Epoch 3 - avg_train_loss: 0.6500  avg_val_loss: 0.6500  time: 366s, lr: 0.00010
[2021-12-04 10:59:29] - Epoch 3 - Score: 18.8198
[2021-12-04 10:59:29] - Epoch 3 - Save Best Score: 18.8198 Model
[2021-12-04 10:59:31] - Loss decreased 18.89880 -> 18.81975
[2021-12-04 11:05:39] - Epoch 4 - avg_train_loss: 0.6474  avg_val_loss: 0.6503  time: 367s, lr: 0.00009
[2021-12-04 11:05:39] - Epoch 4 - Score: 18.8515
[2021-12-04 11:11:46] - Epoch 5 - avg_train_loss: 0.6451  avg_val_loss: 0.6558  time: 367s, lr: 0.00009
[2021-12-04 11:11:46] - Epoch 5 - Score: 19.4974
[2021-12-04 11:17:54] - Epoch 6 - avg_train_loss: 0.6443  avg_val_loss: 0.6487  time: 367s, lr: 0.00009
[2021-12-04 11:17:54] - Epoch 6 - Score: 18.6349
[2021-12-04 11:17:54] - Epoch 6 - Save Best Score: 18.6349 Model
[2021-12-04 11:17:55] - Loss decreased 18.81975 -> 18.63490
[2021-12-04 11:24:04] - Epoch 7 - avg_train_loss: 0.6399  avg_val_loss: 0.6498  time: 367s, lr: 0.00008
[2021-12-04 11:24:04] - Epoch 7 - Score: 18.7358
[2021-12-04 11:30:12] - Epoch 8 - avg_train_loss: 0.6360  avg_val_loss: 0.6558  time: 368s, lr: 0.00007
[2021-12-04 11:30:12] - Epoch 8 - Score: 19.3777
[2021-12-04 11:36:19] - Epoch 9 - avg_train_loss: 0.6295  avg_val_loss: 0.6568  time: 367s, lr: 0.00007
[2021-12-04 11:36:19] - Epoch 9 - Score: 19.3937
[2021-12-04 11:42:26] - Epoch 10 - avg_train_loss: 0.6273  avg_val_loss: 0.6544  time: 367s, lr: 0.00006
[2021-12-04 11:42:26] - Epoch 10 - Score: 19.0949
[2021-12-04 11:42:26] - Early stop!!
[2021-12-04 11:42:27] - ========== fold: 0 result ==========
[2021-12-04 11:42:27] - Score: 18.6349
[2021-12-04 11:42:27] - ========== fold: 1 training ==========
[2021-12-04 11:48:38] - Epoch 1 - avg_train_loss: 0.6572  avg_val_loss: 0.6493  time: 368s, lr: 0.00010
[2021-12-04 11:48:38] - Epoch 1 - Score: 18.7145
[2021-12-04 11:48:38] - Epoch 1 - Save Best Score: 18.7145 Model
[2021-12-04 11:54:48] - Epoch 2 - avg_train_loss: 0.6528  avg_val_loss: 0.6495  time: 367s, lr: 0.00010
[2021-12-04 11:54:48] - Epoch 2 - Score: 18.7327
[2021-12-04 12:00:56] - Epoch 3 - avg_train_loss: 0.6515  avg_val_loss: 0.6484  time: 368s, lr: 0.00010
[2021-12-04 12:00:56] - Epoch 3 - Score: 18.6109
[2021-12-04 12:00:56] - Epoch 3 - Save Best Score: 18.6109 Model
[2021-12-04 12:00:57] - Loss decreased 18.71445 -> 18.61086
[2021-12-04 12:07:07] - Epoch 4 - avg_train_loss: 0.6477  avg_val_loss: 0.6544  time: 368s, lr: 0.00009
[2021-12-04 12:07:07] - Epoch 4 - Score: 19.2495
[2021-12-04 12:13:16] - Epoch 5 - avg_train_loss: 0.6449  avg_val_loss: 0.6493  time: 369s, lr: 0.00009
[2021-12-04 12:13:16] - Epoch 5 - Score: 18.6987
[2021-12-04 12:19:24] - Epoch 6 - avg_train_loss: 0.6425  avg_val_loss: 0.6543  time: 369s, lr: 0.00009
[2021-12-04 12:19:24] - Epoch 6 - Score: 19.2004
[2021-12-04 12:25:33] - Epoch 7 - avg_train_loss: 0.6381  avg_val_loss: 0.6498  time: 369s, lr: 0.00008
[2021-12-04 12:25:33] - Epoch 7 - Score: 18.7680
[2021-12-04 12:25:33] - Early stop!!
[2021-12-04 12:25:34] - ========== fold: 1 result ==========
[2021-12-04 12:25:34] - Score: 18.6109
[2021-12-04 12:25:34] - ========== fold: 2 training ==========
[2021-12-04 12:31:44] - Epoch 1 - avg_train_loss: 0.6604  avg_val_loss: 0.6472  time: 369s, lr: 0.00010
[2021-12-04 12:31:44] - Epoch 1 - Score: 18.4758
[2021-12-04 12:31:44] - Epoch 1 - Save Best Score: 18.4758 Model
[2021-12-04 12:37:55] - Epoch 2 - avg_train_loss: 0.6551  avg_val_loss: 0.6456  time: 368s, lr: 0.00010
[2021-12-04 12:37:55] - Epoch 2 - Score: 18.2709
[2021-12-04 12:37:55] - Epoch 2 - Save Best Score: 18.2709 Model
[2021-12-04 12:37:56] - Loss decreased 18.47584 -> 18.27092
[2021-12-04 12:44:06] - Epoch 3 - avg_train_loss: 0.6525  avg_val_loss: 0.6450  time: 368s, lr: 0.00010
[2021-12-04 12:44:06] - Epoch 3 - Score: 18.2102
[2021-12-04 12:44:06] - Epoch 3 - Save Best Score: 18.2102 Model
[2021-12-04 12:44:08] - Loss decreased 18.27092 -> 18.21015
[2021-12-04 12:50:18] - Epoch 4 - avg_train_loss: 0.6493  avg_val_loss: 0.6469  time: 369s, lr: 0.00009
[2021-12-04 12:50:18] - Epoch 4 - Score: 18.4157
[2021-12-04 12:56:26] - Epoch 5 - avg_train_loss: 0.6465  avg_val_loss: 0.6483  time: 368s, lr: 0.00009
[2021-12-04 12:56:26] - Epoch 5 - Score: 18.6400
[2021-12-04 13:02:35] - Epoch 6 - avg_train_loss: 0.6417  avg_val_loss: 0.6466  time: 369s, lr: 0.00009
[2021-12-04 13:02:35] - Epoch 6 - Score: 18.4129
[2021-12-04 13:08:44] - Epoch 7 - avg_train_loss: 0.6378  avg_val_loss: 0.6518  time: 369s, lr: 0.00008
[2021-12-04 13:08:44] - Epoch 7 - Score: 19.0346
[2021-12-04 13:08:44] - Early stop!!
[2021-12-04 13:08:45] - ========== fold: 2 result ==========
[2021-12-04 13:08:45] - Score: 18.2102
[2021-12-04 13:08:45] - ========== fold: 3 training ==========
[2021-12-04 13:14:55] - Epoch 1 - avg_train_loss: 0.6584  avg_val_loss: 0.6486  time: 369s, lr: 0.00010
[2021-12-04 13:14:55] - Epoch 1 - Score: 18.5814
[2021-12-04 13:14:55] - Epoch 1 - Save Best Score: 18.5814 Model
[2021-12-04 13:21:07] - Epoch 2 - avg_train_loss: 0.6519  avg_val_loss: 0.6449  time: 369s, lr: 0.00010
[2021-12-04 13:21:07] - Epoch 2 - Score: 18.1026
[2021-12-04 13:21:07] - Epoch 2 - Save Best Score: 18.1026 Model
[2021-12-04 13:21:08] - Loss decreased 18.58139 -> 18.10257
[2021-12-04 13:27:18] - Epoch 3 - avg_train_loss: 0.6509  avg_val_loss: 0.6450  time: 368s, lr: 0.00010
[2021-12-04 13:27:18] - Epoch 3 - Score: 18.1029
[2021-12-04 13:33:25] - Epoch 4 - avg_train_loss: 0.6477  avg_val_loss: 0.6478  time: 368s, lr: 0.00009
[2021-12-04 13:33:25] - Epoch 4 - Score: 18.3928
[2021-12-04 13:39:33] - Epoch 5 - avg_train_loss: 0.6463  avg_val_loss: 0.6577  time: 368s, lr: 0.00009
[2021-12-04 13:39:33] - Epoch 5 - Score: 19.6343
[2021-12-04 13:45:41] - Epoch 6 - avg_train_loss: 0.6408  avg_val_loss: 0.6508  time: 368s, lr: 0.00009
[2021-12-04 13:45:41] - Epoch 6 - Score: 18.8091
[2021-12-04 13:45:41] - Early stop!!
[2021-12-04 13:45:42] - ========== fold: 3 result ==========
[2021-12-04 13:45:42] - Score: 18.1026
[2021-12-04 13:45:42] - ========== fold: 4 training ==========
[2021-12-04 13:51:52] - Epoch 1 - avg_train_loss: 0.6605  avg_val_loss: 0.6475  time: 368s, lr: 0.00010
[2021-12-04 13:51:52] - Epoch 1 - Score: 18.5368
[2021-12-04 13:51:52] - Epoch 1 - Save Best Score: 18.5368 Model
[2021-12-04 13:58:02] - Epoch 2 - avg_train_loss: 0.6535  avg_val_loss: 0.6456  time: 367s, lr: 0.00010
[2021-12-04 13:58:02] - Epoch 2 - Score: 18.2159
[2021-12-04 13:58:02] - Epoch 2 - Save Best Score: 18.2159 Model
[2021-12-04 13:58:04] - Loss decreased 18.53683 -> 18.21589
[2021-12-04 14:04:14] - Epoch 3 - avg_train_loss: 0.6514  avg_val_loss: 0.6472  time: 369s, lr: 0.00010
[2021-12-04 14:04:14] - Epoch 3 - Score: 18.5065
[2021-12-04 14:10:22] - Epoch 4 - avg_train_loss: 0.6494  avg_val_loss: 0.6575  time: 368s, lr: 0.00009
[2021-12-04 14:10:22] - Epoch 4 - Score: 19.7572
[2021-12-04 14:16:31] - Epoch 5 - avg_train_loss: 0.6475  avg_val_loss: 0.6507  time: 369s, lr: 0.00009
[2021-12-04 14:16:31] - Epoch 5 - Score: 18.9015
[2021-12-04 14:22:41] - Epoch 6 - avg_train_loss: 0.6434  avg_val_loss: 0.6460  time: 369s, lr: 0.00009
[2021-12-04 14:22:41] - Epoch 6 - Score: 18.3633
[2021-12-04 14:22:41] - Early stop!!
[2021-12-04 14:22:41] - ========== fold: 4 result ==========
[2021-12-04 14:22:41] - Score: 18.2159
[2021-12-04 14:22:41] - ========== CV ==========
[2021-12-04 14:22:41] - Score: 18.3563
